1574999263,642,642
1574999263,329,329
1574999263,336,336
1574999263,350,350
1574999263,642,642
1574999263,369,369
1574999263,377,377
1574999263,411,411
1574999263,608,608
1574999263,367,367
1574999263,378,378
1574999263,407,407
1574999263,592,592
1574999263,394,394
1574999263,368,368
1574999263,387,387
1574999263,371,371
1574999263,648,648
1574999263,396,396
1574999263,388,388
1574999263,535,535
1574999263,514,514
1574999263,393,393
1574999263,503,503
1574999263,381,381
1574999263,515,515
1574999263,389,389
1574999263,372,372
1574999263,382,382
1574999263,365,365
1574999263,380,380
1574999263,366,366
1574999263,376,376
1574999263,399,399
1574999263,382,382
1574999263,400,400
1574999263,367,367
1574999263,392,392
1574999263,385,385
1574999263,416,416
1574999263,394,394
1574999263,384,384
1574999263,371,371
1574999263,398,398
1574999263,399,399
1574999263,411,411
1574999263,406,406
1574999263,386,386
1574999263,393,393
1574999263,408,407
1574999263,541,541
1574999263,395,395
1574999263,381,381
1574999263,371,371
1574999263,403,403
1574999263,401,401
1574999263,400,400
1574999263,413,413
1574999263,374,374
1574999263,405,405
1574999263,310,310
1574999263,295,295
1574999263,290,290
1574999263,291,291
1574999263,288,288
1574999263,287,287
1574999263,288,288
1574999263,287,287
1574999263,288,288
1574999263,292,292
1574999263,292,292
1574999263,292,292
1574999263,295,295
1574999263,291,291
1574999263,292,292
1574999263,287,287
1574999263,286,286
1574999263,287,287
1574999263,291,291
1574999263,292,292
1574999263,288,288
1574999263,291,291
1574999263,289,289
1574999263,288,288
1574999263,286,286
1574999263,290,290
1574999263,294,294
1574999263,290,290
1574999263,301,301
1574999263,288,288
1574999263,287,287
1574999263,290,290
1574999263,288,288
1574999263,287,287
1574999263,280,280
1574999263,291,291
1574999263,361,361
1574999263,291,291
1574999263,302,302
1574999263,303,303
1574999263,298,298
1574999263,305,305
1574999263,298,298
1574999263,295,295
1574999263,300,300
1574999263,315,315
1574999263,319,319
1574999263,323,323
1574999263,311,311
1574999263,305,305
1574999263,299,299
1574999263,301,301
1574999263,309,309
1574999263,299,299
1574999263,320,319
1574999263,311,310
1574999263,297,296
1574999263,303,302
1574999263,300,299
1574999263,297,296
1574999263,305,304
1574999263,299,298
1574999263,423,422
1574999263,368,367
1574999263,299,298
1574999263,295,294
1574999263,303,302
1574999263,326,325
1574999263,332,331
1574999263,359,358
1574999263,358,357
1574999263,340,339
1574999263,335,334
1574999263,337,336
1574999263,343,342
1574999263,332,331
1574999263,332,331
1574999263,313,312
1574999263,320,319
1574999263,311,310
1574999263,310,309
1574999263,300,299
1574999263,323,322
1574999263,268,267
1574999263,274,273
1574999263,277,276
1574999263,290,289
1574999263,292,291
1574999263,293,292
1574999263,270,269
1574999263,270,269
1574999263,271,270
1574999263,272,271
1574999263,277,276
1574999263,288,287
1574999263,271,270
1574999263,269,268
1574999263,270,269
1574999263,271,270
1574999263,277,276
1574999263,274,273
1574999263,272,271
1574999263,602,601
1574999263,579,578
1574999263,328,327
1574999263,364,363
1574999263,284,283
1574999263,281,280
1574999263,286,285
1574999263,287,286
1574999263,286,285
1574999263,349,348
1574999263,281,280
1574999263,267,266
1574999263,389,388
1574999263,260,259
1574999263,258,257
1574999263,269,268
1574999263,277,276
1574999263,277,276
1574999263,282,281
1574999263,278,277
1574999263,291,290
1574999263,294,293
1574999263,282,281
1574999263,288,287
1574999263,543,542
1574999263,343,342
1574999263,62,62
1574999263,2396,2396
1574999263,653,653
1574999263,735,735
1574999263,183,183
1574999263,136,136
1574999263,29,29
1574999263,24,24
1574999263,24,24
1574999263,22,22
1574999263,22,22
1574999263,22,22
1574999263,22,22
1574999263,22,22
1574999263,22,22
1574999263,22,22
1574999263,22,22
1574999263,24,24
1574999263,22,22
1574999263,22,22
1574999263,22,22
1574999263,25,25
1574999263,25,25
1574999263,22,22
1574999263,26,26
1574999263,22,22
1574999263,24,24
1574999263,17208,17208
1574999263,8400,8400
1574999263,335,335
1574999263,308,308
1574999263,305,305
1574999263,331,331
1574999263,265,265
1574999263,312,312
1574999263,414,343
1574999263,282,282
1574999263,307,307
1574999263,255,255
1574999263,218,218
1574999263,152,152
1574999263,46,46
1574999263,6079,6079
1574999263,238,238
1574999263,253,253
1574999263,268,268
1574999263,285,285
1574999263,293,293
1574999263,303,303
1574999263,287,287
1574999263,273,273
1574999263,249,249
1574999263,239,239
1574999263,208,208
1574999263,146,146
1574999263,46,46
1574999263,7511,7511
1574999263,200,200
1574999263,217,217
1574999263,280,280
1574999263,253,253
1574999263,224,224
1574999263,277,277
1574999263,219,219
1574999263,267,267
1574999263,244,244
1574999263,243,243
1574999263,293,293
1574999263,466,466
1574999263,59,59
1574999263,12780,12780
1574999263,1640,1640
1574999263,1736,1736
1574999263,2192,2192
1574999263,2377,2377
1574999263,2313,2313
1574999263,2161,2161
1574999263,2133,2133
1574999263,2225,2154
1574999263,2039,2039
1574999263,1733,1733
1574999263,79,79
1574999263,11038,11038
1574999263,1858,1858
1574999263,1798,1798
1574999263,310,309
1574999263,296,295
1574999263,294,293
1574999263,295,294
1574999263,291,290
1574999263,291,290
1574999263,305,304
1574999263,283,282
1574999263,293,292
1574999263,310,309
1574999263,315,314
1574999263,298,297
1574999263,430,429
1574999263,414,413
1574999263,278,277
1574999263,287,286
1574999263,275,274
1574999263,277,276
1574999263,274,273
1574999263,283,282
1574999263,295,294
1574999263,289,288
1574999263,370,369
1574999263,273,272
1574999263,318,317
1574999263,266,265
1574999263,271,270
1574999263,261,260
1574999263,280,279
1574999263,296,295
1574999263,274,273
1574999263,283,282
1574999263,281,280
1574999263,292,291
1574999263,285,284
1574999263,318,317
1574999263,316,315
1574999263,317,316
1574999263,308,307
1574999263,301,300
1574999263,296,295
1574999263,301,300
1574999263,294,293
1574999263,289,288
1574999263,275,274
1574999263,280,279
1574999263,288,287
1574999263,273,272
1574999263,282,281
1574999263,294,293
1574999263,276,275
1574999263,287,286
1574999263,295,294
1574999263,305,304
1574999263,301,300
1574999263,298,297
1574999263,280,279
1574999263,288,287
1574999263,278,277
1574999263,278,277
1574999263,274,273
1574999263,276,275
1574999263,279,278
1574999263,278,277
1574999263,285,284
1574999263,282,281
1574999263,279,278
1574999263,277,276
1574999263,284,283
1574999263,276,275
1574999263,272,271
1574999263,288,287
1574999263,407,406
1574999263,285,284
1574999263,287,286
1574999263,286,285
1574999263,285,284
1574999263,294,293
1574999263,289,288
1574999263,289,288
1574999263,289,288
1574999263,290,289
1574999263,295,294
1574999263,287,286
1574999263,301,300
1574999263,299,298
1574999263,305,304
1574999263,299,298
1574999263,287,286
1574999263,315,314
1574999263,288,287
1574999263,298,297
1574999263,300,299
1574999263,306,305
1574999263,305,304
1574999263,311,310
1574999263,303,302
1574999263,310,309
1574999263,305,304
1574999263,316,315
1574999263,431,430
1574999263,309,308
1574999263,310,309
1574999263,305,304
1574999263,300,299
1574999263,293,292
1574999263,292,291
1574999263,291,290
1574999263,276,275
1574999263,292,291
1574999263,281,280
1574999263,293,292
1574999263,277,276
1574999263,281,280
1574999263,301,300
1574999263,293,292
1574999263,294,293
1574999263,297,296
1574999263,293,292
1574999263,291,290
1574999263,294,293
1574999263,291,290
1574999263,292,291
1574999263,290,289
1574999263,298,297
1574999263,520,519
1574999263,283,282
1574999263,288,287
1574999263,287,286
1574999263,311,310
1574999263,339,338
1574999263,335,334
1574999263,392,391
1574999263,284,283
1574999263,290,289
1574999263,278,277
1574999263,291,290
1574999263,279,278
1574999263,290,289
1574999263,298,297
1574999263,290,289
1574999263,290,289
1574999263,288,287
1574999263,287,286
1574999263,286,285
1574999263,301,300
1574999263,293,292
1574999263,288,287
1574999263,534,533
1574999263,277,276
1574999263,269,268
1574999263,256,255
1574999263,281,280
1574999263,275,274
1574999263,286,285
1574999263,271,270
1574999263,281,280
1574999263,285,284
1574999263,289,288
1574999263,268,267
1574999263,264,263
1574999263,387,386
1574999263,412,411
1574999263,336,335
1574999263,271,270
1574999263,272,271
1574999263,309,308
1574999263,467,466
1574999263,317,316
1574999263,323,322
1574999263,327,326
1574999263,329,328
1574999263,332,331
1574999263,332,331
1574999263,316,315
1574999263,314,313
1574999263,311,310
1574999263,302,301
1574999263,300,299
1574999263,304,303
1574999263,299,298
1574999263,305,304
1574999263,295,294
1574999263,286,285
1574999263,294,293
1574999263,288,287
1574999263,284,283
1574999263,279,278
1574999263,296,295
1574999263,282,281
1574999263,300,299
1574999263,294,293
1574999263,270,269
1574999263,288,287
1574999263,274,273
1574999263,283,282
1574999263,319,318
1574999263,308,307
1574999263,320,319
1574999263,320,319
1574999263,311,310
1574999263,317,316
1574999263,305,304
1574999263,328,327
1574999263,318,317
1574999263,322,321
1574999263,304,303
1574999263,305,304
1574999263,371,370
1574999263,304,303
1574999263,297,296
1574999263,275,274
1574999263,285,284
1574999263,1935,1935
1574999263,1812,1741
1574999263,1637,1566
1574999263,1659,1588
1574999263,1578,1507
1574999263,1559,1488
1574999263,1607,1536
1574999263,1219,1148
1574999263,134,63
1574999263,11045,10974
1574999263,1771,1700
1574999263,1877,1806
1574999263,1901,1830
1574999263,2123,2052
1574999263,2255,2184
1574999263,2119,2048
1574999263,1961,1890
1574999263,1845,1774
1574999263,1558,1487
1574999263,111,40
1574999263,11215,11144
1574999263,2333,2262
1574999263,2424,2353
1574999263,2543,2472
1574999263,2732,2661
1574999263,2622,2551
1574999263,2670,2599
1574999263,2796,2725
1574999263,2851,2780
1574999263,2867,2796
1574999263,2792,2721
1574999263,2094,2023
1574999263,109,38
1574999265,14350,14350
1574999265,15582,15582
1574999265,2594,2594
1574999265,2408,2408
1574999265,1961,1961
1574999265,1952,1952
1574999265,1749,1749
1574999265,1695,1695
1574999265,1466,1466
1574999265,1250,1250
1574999265,1131,1131
1574999265,827,827
1574999265,53,53
1574999265,12680,12680
1574999265,1446,1446
1574999265,1422,1422
1574999265,1408,1408
1574999265,1386,1386
1574999265,1479,1479
1574999265,1386,1386
1574999265,1579,1579
1574999265,1378,1378
1574999265,1262,1262
1574999265,1083,1083
1574999265,46,46
1574999265,14481,14481
1574999265,1662,1662
1574999265,1725,1725
1574999265,1697,1697
1574999265,1733,1733
1574999265,1669,1669
1574999265,1585,1585
1574999265,1694,1694
1574999265,1616,1616
1574999265,1493,1493
1574999265,1144,1144
1574999265,47,47
1574999265,12319,12319
1574999265,1648,1648
1574999265,1703,1632
1574999265,1749,1678
1574999265,1850,1779
1574999265,1778,1707
1574999265,1617,1546
1574999265,1628,1557
1574999265,1510,1439
1574999265,1149,1078
1574999265,779,708
1574999265,115,44
1574999265,10925,10854
1574999265,1333,1262
1574999265,1357,1286
1574999265,1430,1359
1574999265,1477,1406
1574999265,1672,1601
1574999265,1694,1623
1574999265,1826,1755
1574999265,1753,1682
1574999265,1670,1599
1574999265,1295,1224
1574999265,113,42
1574999265,9689,9618
1574999265,1666,1595
1574999265,1506,1435
1574999265,1503,1432
1574999265,1441,1370
1574999265,1380,1309
1574999265,1464,1393
1574999265,1338,1267
1574999265,1287,1216
1574999265,1134,1063
1574999265,981,910
1574999265,113,42
1574999265,9946,9875
1574999265,1448,1377
1574999265,1452,1381
1574999265,1424,1353
1574999265,1404,1333
1574999265,1519,1448
1574999265,1739,1668
1574999265,1627,1556
1574999265,1550,1479
1574999265,1329,1258
1574999265,1040,969
1574999265,117,46
1574999265,7698,7627
1574999266,285,284
1574999266,289,288
1574999266,286,285
1574999266,284,283
1574999266,284,283
1574999266,475,474
1574999266,326,325
1574999266,437,436
1574999266,275,274
1574999266,286,285
1574999266,293,292
1574999266,297,296
1574999266,292,291
1574999266,287,286
1574999266,287,286
1574999266,287,286
1574999266,281,280
1574999266,289,288
1574999266,283,282
1574999266,449,448
1574999266,268,267
1574999266,283,282
1574999266,286,285
1574999266,286,285
1574999266,293,292
1574999266,287,286
1574999266,285,284
1574999266,286,285
1574999266,291,290
1574999266,291,290
1574999266,290,289
1574999266,290,289
1574999266,295,294
1574999266,309,308
1574999266,301,300
1574999266,295,294
1574999266,290,289
1574999266,291,290
1574999266,292,291
1574999266,286,285
1574999266,290,289
1574999266,289,288
1574999266,294,293
1574999266,284,283
1574999266,292,291
1574999266,304,303
1574999266,299,298
1574999266,609,608
1574999266,352,351
1574999266,294,293
1574999266,305,304
1574999266,635,634
1574999266,308,307
1574999266,312,311
1574999266,305,304
1574999266,379,378
1574999266,362,361
1574999266,290,289
1574999266,298,297
1574999266,290,289
1574999266,507,506
1574999266,295,294
1574999266,293,292
1574999266,292,291
1574999266,401,400
1574999266,302,301
1574999266,294,293
1574999266,297,296
1574999266,540,539
1574999266,289,288
1574999266,292,291
1574999266,289,288
1574999266,577,576
1574999266,285,284
1574999266,290,289
1574999266,288,287
1574999266,280,279
1574999266,287,286
1574999266,281,280
1574999266,288,287
1574999266,580,579
1574999266,476,475
1574999266,270,269
1574999266,282,281
1574999266,264,263
1574999266,380,379
1574999266,270,269
1574999266,279,278
1574999266,272,271
1574999266,291,290
1574999266,282,281
1574999266,288,287
1574999266,276,275
1574999266,301,300
1574999266,488,487
1574999266,288,287
1574999266,302,301
1574999266,428,427
1574999266,295,294
1574999266,622,621
1574999266,480,479
1574999266,501,500
1574999266,279,278
1574999266,280,279
1574999266,297,296
1574999266,285,284
1574999266,287,286
1574999266,281,280
1574999266,285,284
1574999266,355,354
1574999266,324,323
1574999266,427,426
1574999266,403,402
1574999266,486,485
1574999266,274,273
1574999266,280,279
1574999266,287,286
1574999266,282,281
1574999266,282,281
1574999266,281,280
1574999266,266,265
1574999266,286,285
1574999266,287,286
1574999266,293,292
1574999266,294,293
1574999266,302,301
1574999266,313,312
1574999266,307,306
1574999266,301,300
1574999266,306,305
1574999266,303,302
1574999266,295,294
1574999266,294,293
1574999266,446,445
1574999266,467,466
1574999266,336,335
1574999266,632,631
1574999266,497,496
1574999266,606,605
1574999266,415,414
1574999266,537,536
1574999266,528,527
1574999266,553,552
1574999266,479,478
1574999266,500,499
1574999266,359,358
1574999266,437,436
1574999266,303,302
1574999266,293,292
1574999266,414,413
1574999266,268,267
1574999266,272,271
1574999266,277,276
1574999266,274,273
1574999266,280,279
1574999266,288,287
1574999266,280,279
1574999266,278,277
1574999266,287,286
1574999266,295,294
1574999266,298,297
1574999266,335,334
1574999266,332,331
1574999266,320,319
1574999266,314,313
1574999266,321,320
1574999266,320,319
1574999266,320,319
1574999266,316,315
1574999266,309,308
1574999266,293,292
1574999266,307,306
1574999266,312,311
1574999266,307,306
1574999266,301,300
1574999266,313,312
1574999266,295,294
1574999266,297,296
1574999266,308,307
1574999266,308,307
1574999266,301,300
1574999266,304,303
1574999266,300,299
1574999266,283,282
1574999266,261,260
1574999266,276,275
1574999266,282,281
1574999266,288,287
1574999266,278,277
1574999266,278,277
1574999266,284,283
1574999266,293,292
1574999266,289,288
1574999266,288,287
1574999266,288,287
1574999266,282,281
1574999266,281,280
1574999266,284,283
1574999266,283,282
1574999266,274,273
1574999266,277,276
1574999266,278,277
1574999266,268,267
1574999266,255,254
1574999266,266,265
1574999266,261,260
1574999266,242,241
1574999266,255,254
1574999266,248,247
1574999266,260,259
1574999266,404,403
1574999266,404,403
1574999266,285,284
1574999266,267,266
1574999266,353,352
1574999266,273,272
1574999266,265,264
1574999266,302,301
1574999266,248,247
1574999266,266,265
1574999266,251,250
1574999266,246,245
1574999266,247,246
1574999266,271,270
1574999266,247,246
1574999266,240,239
1574999266,263,262
1574999266,265,264
1574999266,260,259
1574999266,267,266
1574999266,263,262
1574999266,264,263
1574999266,352,351
1574999266,270,269
1574999266,274,273
1574999266,284,283
1574999266,269,268
1574999266,252,251
1574999266,277,276
1574999266,297,296
1574999266,289,288
1574999266,286,285
1574999266,287,286
1574999266,285,284
1574999266,286,285
1574999266,292,291
1574999266,292,291
1574999266,298,297
1574999266,301,300
1574999266,290,289
1574999266,303,302
1574999266,301,300
1574999266,295,294
1574999266,289,288
1574999266,288,287
1574999266,289,288
1574999266,288,287
1574999266,291,290
1574999266,287,286
1574999266,286,285
1574999266,288,287
1574999266,289,288
1574999266,291,290
1574999266,286,285
1574999266,287,286
1574999266,284,283
1574999266,289,288
1574999266,288,287
1574999266,288,287
1574999266,288,287
1574999266,286,285
1574999266,279,278
1574999266,355,354
1574999266,290,289
1574999266,283,282
1574999266,361,360
1574999266,362,361
1574999266,324,323
1574999266,279,278
1574999266,310,309
1574999266,296,295
1574999266,299,298
1574999266,293,292
1574999266,292,291
1574999266,291,290
1574999266,294,293
1574999266,298,297
1574999266,296,295
1574999266,299,298
1574999266,300,299
1574999266,303,302
1574999266,303,302
1574999266,310,309
1574999266,295,294
1574999266,301,300
1574999266,296,295
1574999266,300,299
1574999266,304,303
1574999266,301,300
1574999266,309,308
1574999266,312,311
1574999266,308,307
1574999266,310,309
1574999266,311,310
1574999266,305,304
1574999266,317,316
1574999266,331,330
1574999266,321,320
1574999266,324,323
1574999266,329,328
1574999266,325,324
1574999266,341,340
1574999266,326,325
1574999266,314,313
1574999266,311,310
1574999266,313,312
1574999266,316,315
1574999266,315,314
1574999266,317,316
1574999266,312,311
1574999266,307,306
1574999266,314,313
1574999266,303,302
1574999266,307,306
1574999266,298,297
1574999266,362,361
1574999266,291,290
1574999267,1239,1168
1574999267,1198,1127
1574999267,1111,1040
1574999267,998,927
1574999267,926,855
1574999267,908,837
1574999267,986,915
1574999267,966,895
1574999267,822,751
1574999267,665,594
1574999267,112,41
1574999267,7345,7274
1574999267,1107,1036
1574999267,1026,955
1574999267,1041,970
1574999267,1008,937
1574999267,1112,1041
1574999267,960,889
1574999267,944,873
1574999267,867,796
1574999267,902,831
1574999267,624,553
1574999267,112,41
1574999267,6031,5960
1574999267,1475,1404
1574999267,1736,1665
1574999267,1671,1600
1574999267,1829,1758
1574999267,1837,1766
1574999267,1572,1501
1574999267,1414,1343
1574999267,1606,1535
1574999267,1283,1212
1574999267,1158,1087
1574999267,1033,962
1574999267,119,48
1574999267,14664,0
1574999267,1305,0
1574999267,1476,0
1574999267,1233,0
1574999267,1255,0
1574999267,1193,0
1574999267,1963,0
1574999267,1439,0
1574999267,1173,0
1574999267,4437,0
1574999267,13550,0
1574999267,1754,0
1574999267,1466,0
1574999267,2144,0
1574999267,2100,0
1574999267,1720,0
1574999267,1595,0
1574999267,1313,0
1574999267,990,0
1574999267,962,0
1574999267,690,0
1574999267,37,0
1574999267,12295,0
1574999267,1474,0
1574999267,1533,0
1574999267,1399,0
1574999267,1264,0
1574999267,1384,0
1574999267,1182,0
1574999267,1176,0
1574999267,1187,0
1574999267,1009,0
1574999267,717,0
1574999267,39,0
1574999267,12002,0
1574999267,1396,0
1574999267,1260,0
1574999267,1153,0
1574999267,1182,0
1574999267,1043,0
1574999267,1049,0
1574999267,1055,0
1574999267,909,0
1574999267,785,0
1574999267,471,0
1574999267,44,0
1574999267,11739,0
1574999267,1085,0
1574999267,1180,0
1574999267,1234,0
1574999267,1423,0
1574999267,1635,0
1574999267,1488,0
1574999267,1669,0
1574999267,1511,0
1574999267,1643,0
1574999267,1408,0
1574999267,44,0
1574999267,8755,0
1574999267,1861,0
1574999267,1711,0
1574999267,1564,0
1574999267,1347,0
1574999267,1084,0
1574999267,883,0
1574999267,703,0
1574999267,554,0
1574999267,375,0
1574999267,45,0
1574999267,459,0
1574999267,639,0
1574999267,606,0
1574999267,640,0
1574999267,584,0
1574999267,17019,0
1574999267,10762,0
1574999267,926,0
1574999267,1004,0
1574999267,1060,0
1574999267,1065,0
1574999267,1067,0
1574999267,1012,0
1574999267,1023,0
1574999267,1006,0
1574999267,909,0
1574999267,577,0
1574999267,46,0
1574999267,10141,0
1574999267,855,0
1574999267,998,0
1574999267,962,0
1574999267,929,0
1574999267,863,0
1574999267,864,0
1574999267,860,0
1574999267,1064,0
1574999267,944,0
1574999267,719,0
1574999267,39,0
1574999267,10823,0
1574999267,936,0
1574999267,1245,0
1574999267,1151,0
1574999267,1110,0
1574999267,1116,0
1574999267,968,0
1574999267,1007,0
1574999267,1206,0
1574999267,1326,0
1574999267,1262,0
1574999267,38,0
1574999267,11992,0
1574999267,2362,0
1574999267,2616,0
1574999267,2662,0
1574999267,2661,0
1574999267,2264,0
1574999267,2075,0
1574999267,1889,0
1574999267,1671,0
1574999267,1346,0
1574999267,46,0
1574999267,1128,0
1574999267,1094,0
1574999267,1059,0
1574999267,905,0
1574999267,819,0
1574999267,909,0
1574999267,302,301
1574999267,310,309
1574999267,292,291
1574999267,289,288
1574999267,308,307
1574999267,289,288
1574999267,292,291
1574999267,288,287
1574999267,292,291
1574999267,285,284
1574999267,277,276
1574999267,271,270
1574999267,283,282
1574999267,283,282
1574999267,272,271
1574999267,287,286
1574999267,306,305
1574999267,307,306
1574999267,285,284
1574999267,301,300
1574999267,302,301
1574999267,315,314
1574999267,308,307
1574999267,315,314
1574999267,311,310
1574999267,318,317
1574999267,313,312
1574999267,314,313
1574999267,316,315
1574999267,330,329
1574999267,307,306
1574999267,310,309
1574999267,434,433
1574999267,308,307
1574999267,296,295
1574999267,287,286
1574999267,294,293
1574999267,280,279
1574999267,283,282
1574999267,285,284
1574999267,442,441
1574999267,282,281
1574999267,287,286
1574999267,298,297
1574999267,291,290
1574999267,290,289
1574999267,297,296
1574999267,285,284
1574999267,296,295
1574999267,292,291
1574999267,272,271
1574999267,284,283
1574999267,286,285
1574999267,285,284
1574999267,301,300
1574999267,306,305
1574999267,310,309
1574999267,313,312
1574999267,310,309
1574999267,323,322
1574999267,420,419
1574999267,301,300
1574999267,321,320
1574999267,326,325
1574999267,316,315
1574999267,318,317
1574999267,314,313
1574999267,328,327
1574999267,311,310
1574999267,317,316
1574999267,332,331
1574999267,314,313
1574999267,311,310
1574999267,313,312
1574999267,318,317
1574999267,308,307
1574999267,434,433
1574999267,287,286
1574999267,287,286
1574999267,284,283
1574999267,291,290
1574999267,297,296
1574999267,286,285
1574999267,305,304
1574999267,303,302
1574999267,300,299
1574999267,298,297
1574999267,294,293
1574999267,310,309
1574999267,304,303
1574999267,300,299
1574999267,298,297
1574999267,297,296
1574999267,310,309
1574999267,288,287
1574999267,293,292
1574999267,289,288
1574999267,312,311
1574999267,469,468
1574999267,326,325
1574999267,319,318
1574999267,329,328
1574999267,327,326
1574999267,328,327
1574999267,328,327
1574999267,328,327
1574999267,322,321
1574999267,317,316
1574999267,312,311
1574999267,303,302
1574999267,342,341
1574999267,303,302
1574999267,292,291
1574999267,293,292
1574999267,294,293
1574999267,283,282
1574999267,301,300
1574999267,299,298
1574999267,276,275
1574999267,279,278
1574999267,283,282
1574999267,304,303
1574999267,310,309
1574999267,318,317
1574999267,316,315
1574999267,308,307
1574999267,299,298
1574999267,287,286
1574999267,287,286
1574999267,274,273
1574999267,266,265
1574999267,281,280
1574999267,267,266
1574999267,330,329
1574999267,257,256
1574999267,337,336
1574999267,263,262
1574999267,284,283
1574999267,295,294
1574999267,336,335
1574999267,296,295
1574999267,292,291
1574999267,283,282
1574999267,414,413
1574999267,269,268
1574999267,266,265
1574999267,282,281
1574999267,296,295
1574999267,277,276
1574999267,290,289
1574999267,295,294
1574999267,285,284
1574999267,393,392
1574999267,307,306
1574999267,383,382
1574999267,302,301
1574999267,305,304
1574999267,298,297
1574999267,284,283
1574999267,286,285
1574999267,292,291
1574999267,298,297
1574999267,367,366
1574999267,288,287
1574999267,292,291
1574999267,297,296
1574999267,288,287
1574999267,292,291
1574999267,300,299
1574999267,297,296
1574999267,303,302
1574999267,308,307
1574999267,300,299
1574999267,298,297
1574999267,281,280
1574999267,293,292
1574999267,304,303
1574999267,301,300
1574999267,288,287
1574999267,290,289
1574999267,292,291
1574999267,286,285
1574999267,301,300
1574999267,301,300
1574999267,299,298
1574999267,304,303
1574999267,303,302
1574999267,300,299
1574999267,303,302
1574999267,307,306
1574999267,303,302
1574999267,291,290
1574999267,289,288
1574999267,297,296
1574999267,292,291
1574999267,291,290
1574999267,291,290
1574999267,290,289
1574999267,296,295
1574999267,297,296
1574999267,351,350
1574999267,287,286
1574999267,285,284
1574999267,288,287
1574999267,281,280
1574999267,290,289
1574999267,302,301
1574999267,299,298
1574999267,301,300
1574999267,288,287
1574999267,303,302
1574999267,295,294
1574999267,291,290
1574999267,299,298
1574999267,319,318
1574999267,329,328
1574999267,342,341
1574999267,338,337
1574999267,330,329
1574999267,323,322
1574999267,325,324
1574999267,327,326
1574999267,319,318
1574999267,321,320
1574999267,328,327
1574999267,322,321
1574999267,327,326
1574999267,324,323
1574999267,323,322
1574999267,331,330
1574999267,330,329
1574999267,319,318
1574999267,326,325
1574999267,337,336
1574999267,310,309
1574999267,314,313
1574999267,303,302
1574999267,301,300
1574999267,280,279
1574999267,281,280
1574999267,304,303
1574999267,297,296
1574999267,285,284
1574999267,288,287
1574999267,302,301
1574999267,321,320
1574999267,326,325
1574999267,341,340
1574999267,338,337
1574999267,335,334
1574999267,311,310
1574999267,305,304
1574999267,312,311
1574999267,312,311
1574999267,315,314
1574999267,322,321
1574999267,322,321
1574999267,320,319
1574999267,314,313
1574999267,312,311
1574999267,318,317
1574999267,301,300
1574999267,301,300
1574999267,310,309
1574999267,313,312
1574999267,312,311
1574999267,307,306
1574999267,309,308
1574999267,311,310
1574999267,310,309
1574999267,317,316
1574999267,314,313
1574999267,336,335
1574999267,308,307
1574999267,310,309
1574999267,308,307
1574999267,317,316
1574999267,314,313
1574999267,312,311
1574999267,445,444
1574999267,286,285
1574999267,306,305
1574999267,314,313
1574999267,302,301
1574999267,301,300
1574999267,313,312
1574999267,313,312
1574999267,321,320
1574999267,321,320
1574999267,322,321
1574999267,319,318
1574999267,314,313
1574999267,322,321
1574999267,321,320
1574999267,311,310
1574999267,307,306
1574999267,304,303
1574999267,300,299
1574999267,297,296
1574999267,305,304
1574999267,300,299
1574999267,301,300
1574999267,310,309
1574999267,316,315
1574999267,308,307
1574999267,308,307
1574999267,309,308
1574999267,308,307
1574999267,313,312
1574999267,305,304
1574999267,309,308
1574999267,304,303
1574999267,311,310
1574999267,304,303
1574999267,307,306
1574999267,300,299
1574999267,297,296
1574999267,287,286
1574999267,288,287
1574999267,289,288
1574999267,510,509
1574999267,441,440
1574999267,279,278
1574999267,288,287
1574999267,285,284
1574999267,286,285
1574999267,288,287
1574999267,297,296
1574999267,305,304
1574999267,300,299
1574999267,309,308
1574999267,315,314
1574999267,318,317
1574999267,324,323
1574999267,311,310
1574999267,305,304
1574999267,295,294
1574999267,295,294
1574999267,294,293
1574999267,289,288
1574999267,291,290
1574999267,289,288
1574999267,294,293
1574999267,291,290
1574999267,289,288
1574999267,297,296
1574999267,292,291
1574999267,299,298
1574999267,300,299
1574999267,303,302
1574999267,304,303
1574999267,307,306
1574999267,415,414
1574999267,375,374
1574999267,307,306
1574999267,304,303
1574999267,303,302
1574999267,296,295
1574999267,293,292
1574999267,295,294
1574999267,309,308
1574999267,285,284
1574999267,289,288
1574999267,291,290
1574999267,285,284
1574999267,281,280
1574999267,281,280
1574999267,282,281
1574999267,284,283
1574999267,440,439
1574999267,285,284
1574999267,278,277
1574999267,282,281
1574999267,276,275
1574999267,286,285
1574999267,287,286
1574999267,286,285
1574999267,288,287
1574999267,287,286
1574999267,275,274
1574999267,291,290
1574999267,285,284
1574999267,264,263
1574999267,263,262
1574999267,273,272
1574999267,264,263
1574999267,278,277
1574999267,273,272
1574999267,265,264
1574999267,266,265
1574999267,271,270
1574999267,269,268
1574999267,280,279
1574999267,283,282
1574999267,287,286
1574999267,283,282
1574999267,300,299
1574999267,287,286
1574999267,283,282
1574999267,280,279
1574999267,274,273
1574999267,279,278
1574999267,290,289
1574999267,287,286
1574999267,470,469
1574999267,264,263
1574999267,269,268
1574999267,290,289
1574999267,277,276
1574999267,269,268
1574999267,279,278
1574999267,285,284
1574999267,287,286
1574999267,288,287
1574999267,287,286
1574999267,289,288
1574999267,290,289
1574999267,289,288
1574999267,290,289
1574999267,291,290
1574999267,290,289
1574999267,286,285
1574999267,278,277
1574999267,276,275
1574999267,277,276
1574999267,274,273
1574999267,280,279
1574999267,283,282
1574999267,285,284
1574999267,275,274
1574999267,285,284
1574999267,258,257
1574999267,275,274
1574999267,281,280
1574999267,283,282
1574999267,374,373
1574999267,276,275
1574999267,286,285
1574999267,280,279
1574999267,284,283
1574999267,276,275
1574999267,278,277
1574999267,272,271
1574999267,276,275
1574999267,275,274
1574999267,276,275
1574999267,280,279
1574999267,282,281
1574999267,393,392
1574999267,288,287
1574999267,297,296
1574999267,289,288
1574999267,289,288
1574999267,293,292
1574999267,290,289
1574999267,293,292
1574999267,290,289
1574999267,286,285
1574999267,281,280
1574999267,296,295
1574999267,292,291
1574999267,297,296
1574999267,294,293
1574999267,297,296
1574999267,298,297
1574999267,305,304
1574999267,305,304
1574999267,297,296
1574999267,299,298
1574999267,295,294
1574999267,326,325
1574999267,324,323
1574999267,316,315
1574999267,303,302
1574999267,313,312
1574999267,319,318
1574999267,313,312
1574999267,307,306
1574999267,300,299
1574999267,291,290
1574999267,282,281
1574999267,288,287
1574999267,275,274
1574999267,284,283
1574999267,292,291
1574999267,285,284
1574999267,275,274
1574999267,284,283
1574999267,288,287
1574999267,292,291
1574999267,286,285
1574999267,286,285
1574999267,276,275
1574999267,281,280
1574999267,290,289
1574999267,297,296
1574999267,313,312
1574999267,319,318
1574999267,322,321
1574999267,309,308
1574999267,307,306
1574999267,303,302
1574999267,297,296
1574999267,291,290
1574999267,295,294
1574999267,296,295
1574999267,294,293
1574999267,288,287
1574999267,287,286
1574999267,281,280
1574999267,286,285
1574999267,291,290
1574999267,284,283
1574999267,280,279
1574999267,285,284
1574999267,288,287
1574999267,283,282
1574999267,280,279
1574999267,274,273
1574999267,273,272
1574999267,287,286
1574999267,284,283
1574999267,274,273
1574999267,278,277
1574999267,271,270
1574999267,269,268
1574999267,254,253
1574999267,267,266
1574999267,271,270
1574999267,259,258
1574999267,269,268
1574999267,271,270
1574999267,257,256
1574999267,266,265
1574999267,255,254
1574999267,262,261
1574999267,273,272
1574999267,276,275
1574999267,276,275
1574999267,302,301
1574999267,290,289
1574999267,286,285
1574999267,292,291
1574999267,293,292
1574999267,286,285
1574999267,287,286
1574999267,300,299
1574999267,299,298
1574999267,285,284
1574999267,297,296
1574999267,283,282
1574999267,307,306
1574999267,280,279
1574999267,298,297
1574999267,307,306
1574999267,302,301
1574999267,309,308
1574999267,304,303
1574999267,320,319
1574999267,317,316
1574999267,323,322
1574999267,311,310
1574999267,331,330
1574999267,330,329
1574999267,327,326
1574999267,320,319
1574999267,304,303
1574999267,286,285
1574999267,308,307
1574999267,294,293
1574999267,295,294
1574999267,297,296
1574999267,281,280
1574999267,290,289
1574999267,279,278
1574999267,280,279
1574999267,281,280
1574999267,280,279
1574999267,285,284
1574999267,286,285
1574999267,301,300
1574999267,302,301
1574999267,289,288
1574999267,297,296
1574999267,307,306
1574999267,310,309
1574999267,306,305
1574999267,305,304
1574999267,414,413
1574999267,291,290
1574999267,281,280
1574999267,277,276
1574999267,287,286
1574999267,293,292
1574999267,312,311
1574999267,455,454
1574999267,336,335
1574999267,323,322
1574999267,317,316
1574999267,326,325
1574999267,333,332
1574999267,337,336
1574999267,338,337
1574999267,317,316
1574999267,311,310
1574999267,311,310
1574999267,338,337
1574999267,280,279
1574999267,365,364
1574999267,335,334
1574999267,265,264
1574999267,301,300
1574999267,287,286
1574999267,271,270
1574999267,282,281
1574999267,290,289
1574999267,289,288
1574999267,273,272
1574999267,280,279
1574999267,272,271
1574999267,255,254
1574999267,263,262
1574999267,266,265
1574999267,260,259
1574999267,279,278
1574999267,286,285
1574999267,276,275
1574999267,280,279
1574999267,269,268
1574999267,333,332
1574999267,289,288
1574999267,292,291
1574999267,285,284
1574999267,424,423
1574999267,391,390
1574999267,453,452
1574999267,483,482
1574999267,613,612
1574999267,360,359
1574999267,328,327
1574999267,328,327
1574999267,288,287
1574999267,296,295
1574999267,456,455
1574999267,316,315
1574999269,8918,8918
1574999269,1614,1614
1574999269,1687,1687
1574999269,1596,1596
1574999269,1708,1708
1574999269,1761,1761
1574999269,1712,1712
1574999269,1895,1895
1574999269,1794,1794
1574999269,6608,6608
1574999269,7434,7434
1574999269,496,496
1574999269,505,505
1574999269,568,568
1574999269,604,604
1574999269,571,571
1574999269,608,608
1574999269,636,636
1574999269,752,752
1574999269,701,701
1574999269,607,607
1574999269,47,47
1574999269,9073,9073
1574999269,947,947
1574999269,1044,1044
1574999269,1177,1177
1574999269,1290,1290
1574999269,1326,1326
1574999269,1386,1386
1574999269,1513,1513
1574999269,1408,1408
1574999269,1577,1577
1574999269,1356,1356
1574999269,42,42
1574999269,11005,11005
1574999269,1420,1420
1574999269,1359,1359
1574999269,1226,1226
1574999269,1230,1230
1574999269,1081,1081
1574999269,976,976
1574999269,956,956
1574999269,1437,1437
1574999269,1517,1517
1574999269,1482,1482
1574999269,43,43
1574999269,16893,16893
1574999269,2344,2344
1574999269,2600,2600
1574999269,2449,2449
1574999269,2580,2580
1574999269,2561,2561
1574999269,2508,2508
1574999269,2434,2434
1574999269,2331,2331
1574999269,2198,2198
1574999269,1864,1864
1574999269,37,37
1574999269,17413,17342
1574999269,2115,2115
1574999269,1874,1874
1574999269,691,691
1574999269,763,763
1574999269,743,743
1574999269,920,920
1574999269,957,957
1574999269,1009,1009
1574999269,1025,954
1574999269,714,714
1574999269,44,44
1574999269,9583,9583
1574999269,983,983
1574999269,839,839
1574999269,882,882
1574999269,831,831
1574999269,878,878
1574999269,898,898
1574999269,838,838
1574999269,880,880
1574999269,774,774
1574999269,605,605
1574999269,45,45
1574999269,7826,7826
1574999269,932,932
1574999269,987,987
1574999269,1047,1047
1574999269,968,968
1574999269,1006,1006
1574999269,1064,1064
1574999269,1100,1100
1574999269,1290,1219
1574999269,1316,1316
1574999269,1305,1305
1574999269,51,51
1574999269,7696,7696
1574999269,2158,2158
1574999269,2598,2598
1574999269,2459,2459
1574999269,2185,2185
1574999269,3217,3217
1574999269,2185,2185
1574999269,2133,2062
1574999269,1765,1765
1574999269,1650,1650
1574999269,1414,1414
1574999269,67,67
1574999269,6783,6712
1574999269,1977,1906
1574999269,2262,2191
1574999269,2644,2573
1574999269,2593,2522
1574999269,2461,2390
1574999269,2398,2327
1574999269,2450,2379
1574999269,2226,2155
1574999269,1740,1669
1574999269,114,43
1574999269,6802,6731
1574999269,2519,2448
1574999269,2192,2121
1574999269,2019,1948
1574999269,1959,1888
1574999269,1719,1648
1574999269,1624,1553
1574999269,1550,1479
1574999269,1648,1577
1574999269,1515,1444
1574999269,122,51
1574999270,10480,10480
1574999270,14762,14762
1574999270,3358,3358
1574999270,3174,3174
1574999270,3435,3435
1574999270,3220,3220
1574999270,2923,2923
1574999270,3674,3674
1574999270,3507,3507
1574999270,3892,3892
1574999270,3529,3529
1574999270,2743,2672
1574999270,44,44
1574999270,12803,12803
1574999270,2336,2336
1574999270,2202,2202
1574999270,2109,2109
1574999270,2348,2348
1574999270,2303,2303
1574999270,2104,2104
1574999270,2567,2567
1574999270,2766,2766
1574999270,2448,2448
1574999270,2006,2006
1574999270,40,40
1574999270,5522,5522
1574999270,2727,2727
1574999270,2792,2792
1574999270,2808,2808
1574999270,2944,2944
1574999270,3044,3044
1574999270,2947,2947
1574999270,2758,2758
1574999270,2626,2626
1574999270,2282,2282
1574999270,2279,2279
1574999270,1727,1727
1574999270,1700,1700
1574999270,1588,1588
1574999270,52,52
1574999270,9344,9344
1574999270,8151,8151
1574999270,1111,1111
1574999270,1091,1091
1574999270,1088,1088
1574999270,1124,1124
1574999270,1066,1066
1574999270,1126,1126
1574999270,1141,1141
1574999270,1137,1137
1574999270,1172,1172
1574999270,884,884
1574999270,41,41
1574999270,10309,10309
1574999270,1339,1339
1574999270,1103,1103
1574999270,1128,1128
1574999270,996,996
1574999270,968,968
1574999270,977,977
1574999270,946,946
1574999270,872,872
1574999270,830,830
1574999270,604,604
1574999270,36,36
1574999270,6800,6800
1574999270,906,906
1574999270,990,990
1574999270,968,968
1574999270,932,932
1574999270,955,955
1574999270,1101,1101
1574999270,1185,1185
1574999270,1092,1092
1574999270,401,401
1574999270,97,97
1574999270,5063,5063
1574999270,783,783
1574999270,555,555
1574999270,610,610
1574999270,714,714
1574999270,608,608
1574999270,569,569
1574999270,532,532
1574999270,412,412
1574999270,281,281
1574999270,46,46
1574999270,5603,5603
1574999270,7415,7415
1574999270,646,646
1574999270,651,651
1574999270,699,699
1574999270,620,620
1574999270,644,644
1574999270,590,590
1574999270,495,495
1574999270,468,468
1574999270,458,458
1574999270,392,392
1574999270,58,58
1574999270,6385,6385
1574999270,615,615
1574999270,621,621
1574999270,606,606
1574999270,620,620
1574999270,635,635
1574999270,649,649
1574999270,603,603
1574999270,471,471
1574999270,361,361
1574999270,43,43
1574999270,3034,3034
1574999270,488,488
1574999270,541,470
1574999270,550,479
1574999270,651,580
1574999270,722,651
1574999270,735,664
1574999270,768,697
1574999270,673,602
1574999270,640,569
1574999270,526,455
1574999270,463,392
1574999270,111,40
1574999273,11646,11646
1574999273,8226,8226
1574999273,781,781
1574999273,767,767
1574999273,768,768
1574999273,716,716
1574999273,573,573
1574999273,414,414
1574999273,306,306
1574999273,179,179
1574999273,118,118
1574999273,39,39
1574999273,152,152
1574999273,205,205
1574999273,258,258
1574999273,254,254
1574999273,209,209
1574999273,186,186
1574999273,145,145
1574999273,63,63
1574999273,9082,9082
1574999273,1716,1716
1574999273,282,282
1574999273,285,285
1574999273,286,286
1574999273,284,284
1574999273,292,292
1574999273,347,347
1574999273,322,322
1574999273,373,373
1574999273,312,312
1574999273,291,291
1574999273,257,257
1574999273,172,172
1574999273,30,30
1574999273,2274,2274
1574999273,205,205
1574999273,229,229
1574999273,250,250
1574999273,227,227
1574999273,179,179
1574999273,156,156
1574999273,180,180
1574999273,195,195
1574999273,254,254
1574999273,267,267
1574999273,314,314
1574999273,228,228
1574999273,33,33
1574999273,2185,2185
1574999273,124,124
1574999273,95,95
1574999273,87,87
1574999273,76,76
1574999273,67,67
1574999273,65,65
1574999273,50,50
1574999273,64,64
1574999273,50,50
1574999273,52,52
1574999273,39,39
1574999273,36,36
1574999273,27,27
1574999273,1344,1344
1574999273,46,46
1574999273,74,74
1574999273,128,128
1574999273,148,148
1574999273,139,139
1574999273,133,133
1574999273,221,221
1574999273,312,312
1574999273,160,160
1574999273,66,66
1574999273,47,47
1574999273,31,31
1574999273,27,27
1574999273,1297,1297
1574999273,153,153
1574999273,216,216
1574999273,249,249
1574999273,226,226
1574999273,213,213
1574999273,165,165
1574999273,147,147
1574999273,119,119
1574999273,95,95
1574999273,33,33
1574999273,117,117
1574999273,114,114
1574999273,96,96
1574999273,99,99
1574999273,8677,8677
1574999273,12529,12529
1574999273,1054,1054
1574999273,1593,1593
1574999273,2122,2122
1574999273,2384,2384
1574999273,2576,2576
1574999273,2250,2250
1574999273,1840,1840
1574999273,1209,1209
1574999273,697,697
1574999273,50,50
1574999273,6042,6042
1574999273,932,932
1574999273,970,970
1574999273,969,898
1574999273,999,999
1574999273,1478,1478
1574999273,1718,1718
1574999273,1940,1940
1574999273,2085,2085
1574999273,2307,2307
1574999273,1915,1915
1574999273,1358,1358
1574999273,41,41
1574999273,21389,21389
1574999273,15207,15207
1574999273,1591,1591
1574999273,1444,1444
1574999273,1454,1454
1574999273,1532,1532
1574999273,1664,1664
1574999273,1777,1777
1574999273,1621,1621
1574999273,1479,1479
1574999273,1478,1478
1574999273,1348,1348
1574999273,123,52
1574999273,20397,20397
1574999273,1765,1765
1574999273,1662,1662
1574999273,1589,1589
1574999273,1539,1539
1574999273,1601,1601
1574999273,1423,1423
1574999273,1387,1387
1574999273,1343,1343
1574999273,1322,1322
1574999273,1152,1152
1574999273,43,43
1574999273,10389,10389
1574999273,1100,1100
1574999273,1056,1056
1574999273,1025,1025
1574999273,963,963
1574999273,335,335
1574999273,214,214
1574999273,193,193
1574999273,209,209
1574999273,178,178
1574999273,81,81
1574999273,35,35
1574999273,2006,2006
1574999273,334,334
1574999273,324,324
1574999273,361,361
1574999273,343,343
1574999273,304,304
1574999273,290,290
1574999273,289,289
1574999273,254,254
1574999273,226,226
1574999273,117,117
1574999273,39,39
1574999273,1633,1633
1574999273,331,331
1574999273,343,343
1574999273,284,284
1574999273,260,260
1574999273,233,233
1574999273,225,225
1574999273,217,217
1574999273,121,121
1574999273,40,40
1574999273,14223,14223
1574999273,3995,3995
1574999273,2108,2108
1574999273,1605,1605
1574999273,1524,1524
1574999273,1555,1555
1574999273,1636,1636
1574999273,1674,1674
1574999273,1657,1657
1574999273,1894,1894
1574999273,1541,1541
1574999273,1111,1111
1574999273,765,765
1574999273,741,741
1574999273,780,780
1574999273,57,57
1574999273,9633,9633
1574999273,7370,7370
1574999273,1091,1091
1574999273,1267,1267
1574999273,1443,1443
1574999273,1465,1465
1574999273,1481,1481
1574999273,1404,1404
1574999273,1114,1114
1574999273,1128,1128
1574999273,1151,1080
1574999273,1194,1123
1574999273,118,47
1574999273,7337,7266
1574999273,1252,1181
1574999273,1368,1297
1574999273,1299,1228
1574999273,1027,956
1574999273,1006,935
1574999273,1011,940
1574999273,953,882
1574999273,748,677
1574999273,705,634
1574999273,120,49
1574999273,1081,1010
1574999273,1244,1173
1574999273,1324,1253
1574999273,1397,1326
1574999273,1265,1194
1574999273,1163,1092
1574999273,1043,972
1574999273,16895,16824
1574999273,10515,10444
1574999273,744,673
1574999273,542,471
1574999273,509,438
1574999273,513,442
1574999273,547,476
1574999273,514,443
1574999273,526,455
1574999273,374,303
1574999273,431,360
1574999273,563,492
1574999273,557,486
1574999273,500,429
1574999273,117,46
1574999273,8827,8756
1574999273,671,600
1574999273,667,596
1574999273,699,628
1574999273,572,501
1574999273,645,574
1574999273,601,530
1574999273,520,449
1574999273,481,410
1574999273,472,401
1574999273,455,384
1574999273,437,366
1574999273,294,223
1574999273,126,55
1574999273,7251,7180
1574999273,723,652
1574999273,737,666
1574999273,800,729
1574999273,872,801
1574999273,807,736
1574999273,838,767
1574999273,1035,964
1574999273,1016,945
1574999273,1147,1076
1574999273,1272,1201
1574999273,1171,1100
1574999273,1282,1211
1574999273,200,129
1574999273,2324,2253
1574999273,1433,1362
1574999273,1461,1390
1574999273,1478,1407
1574999273,778,707
1574999273,420,349
1574999273,382,311
1574999273,487,416
1574999273,398,327
1574999273,403,332
1574999273,372,301
1574999273,222,151
1574999273,157,86
1574999273,167,96
1574999273,12880,12809
1574999273,931,860
1574999273,1112,1041
1574999273,1328,1257
1574999273,1667,1596
1574999273,1375,1304
1574999273,1270,1199
1574999273,1164,1093
1574999273,1132,1061
1574999273,1044,973
1574999273,762,691
1574999273,108,37
1574999273,16014,15943
1574999273,1721,1650
1574999273,1841,1770
1574999273,1902,1831
1574999273,1980,1909
1574999273,1958,1887
1574999273,2063,1992
1574999273,1966,1895
1574999273,1724,1653
1574999273,1314,1243
1574999273,112,41
1574999273,11284,11213
1574999273,1639,1568
1574999273,1554,1483
1574999273,1634,1563
1574999273,1680,1609
1574999273,1670,1599
1574999273,1592,1521
1574999273,1623,1552
1574999273,1609,1538
1574999273,1219,1148
1574999273,113,42
1574999273,11900,0
1574999273,17168,0
1574999273,2901,0
1574999273,3249,0
1574999273,3580,0
1574999273,3724,0
1574999273,3774,0
1574999273,3946,0
1574999273,3829,0
1574999273,3534,0
1574999273,3074,0
1574999273,46,0
1574999273,3026,0
1574999273,2560,0
1574999273,2202,0
1574999273,1360,0
1574999273,721,0
1574999273,928,0
1574999273,1524,0
1574999273,1047,0
1574999273,18433,0
1574999273,15628,0
1574999273,1489,0
1574999273,1462,0
1574999273,1664,0
1574999273,1635,0
1574999273,1845,0
1574999273,1692,0
1574999273,1848,0
1574999273,1809,0
1574999273,1493,0
1574999273,1038,0
1574999273,45,0
1574999273,14172,0
1574999273,1661,0
1574999273,1566,0
1574999273,1440,0
1574999273,1367,0
1574999273,1227,0
1574999273,1200,0
1574999273,1123,0
1574999273,1077,0
1574999273,948,0
1574999273,618,0
1574999273,42,0
1574999273,12142,0
1574999273,954,0
1574999273,897,0
1574999273,848,0
1574999273,812,0
1574999273,770,0
1574999273,752,0
1574999273,677,0
1574999273,579,0
1574999273,416,0
1574999273,39,0
1574999273,604,0
1574999273,762,0
1574999273,744,0
1574999273,771,0
1574999273,681,0
1574999273,731,0
1574999273,714,0
1574999273,9342,0
1574999273,7884,0
1574999273,1028,0
1574999273,1037,0
1574999273,1031,0
1574999273,1026,0
1574999273,881,0
1574999273,806,0
1574999273,710,0
1574999273,670,0
1574999273,621,0
1574999273,414,0
1574999273,60,0
1574999273,9029,0
1574999273,1162,0
1574999273,953,0
1574999273,1076,0
1574999273,838,0
1574999273,784,0
1574999273,661,0
1574999273,654,0
1574999273,659,0
1574999273,618,0
1574999273,559,0
1574999273,613,0
1574999273,1128,0
1574999273,952,0
1574999273,567,0
1574999273,50,0
1574999273,10028,0
1574999273,749,0
1574999273,691,0
1574999273,935,0
1574999273,1185,0
1574999273,1420,0
1574999273,1325,0
1574999273,871,0
1574999273,949,0
1574999273,999,0
1574999273,858,0
1574999273,768,0
1574999273,794,0
1574999273,643,0
1574999273,431,0
1574999273,42,0
1574999273,8627,0
1574999273,746,0
1574999273,784,0
1574999273,771,0
1574999273,739,0
1574999273,787,0
1574999273,766,0
1574999273,678,0
1574999273,674,0
1574999273,678,0
1574999273,599,0
1574999273,398,0
1574999273,206,0
1574999273,38,0
1574999273,5243,0
1574999273,388,0
1574999273,390,0
1574999273,375,0
1574999273,338,0
1574999273,334,0
1574999273,319,0
1574999273,279,0
1574999273,226,0
1574999273,147,0
1574999273,40,0
1574999273,176,0
1574999273,382,0
1574999273,1038,0
1574999273,2014,0
1574999273,1164,0
1574999273,1154,0
1574999273,11049,0
1574999273,7638,0
1574999273,1248,0
1574999273,1226,0
1574999273,1068,0
1574999273,938,0
1574999273,919,0
1574999273,817,0
1574999273,663,0
1574999273,505,0
1574999273,380,0
1574999273,246,0
1574999273,44,0
1574999273,17189,0
1574999273,377,0
1574999273,280,0
1574999273,257,0
1574999273,232,0
1574999273,299,0
1574999273,260,0
1574999273,252,0
1574999273,606,0
1574999273,350,0
1574999273,390,0
1574999273,347,0
1574999273,268,0
1574999273,32,0
1574999273,6617,0
1574999273,330,0
1574999273,321,0
1574999273,295,0
1574999273,315,0
1574999273,327,0
1574999273,277,0
1574999273,329,0
1574999273,326,0
1574999273,323,0
1574999273,297,0
1574999273,214,0
1574999273,184,0
1574999273,38,0
1574999273,6151,0
1574999273,310,0
1574999273,283,0
1574999273,283,0
1574999273,252,0
1574999273,274,0
1574999273,268,0
1574999273,232,0
1574999273,201,0
1574999273,230,0
1574999273,188,0
1574999273,178,0
1574999273,154,0
1574999273,41,0
1574999273,4190,0
1574999273,214,0
1574999273,204,0
1574999273,188,0
1574999273,203,0
1574999273,195,0
1574999273,163,0
1574999273,145,0
1574999273,147,0
1574999273,130,0
1574999273,134,0
1574999273,109,0
1574999273,104,0
1574999273,35,0
1574999273,2953,0
1574999273,135,0
1574999273,138,0
1574999273,141,0
1574999273,143,0
1574999273,141,0
1574999273,132,0
1574999273,112,0
1574999273,119,0
1574999273,135,0
1574999273,96,0
1574999273,93,0
1574999273,71,0
1574999273,37,0
1574999273,1782,0
1574999273,115,0
1574999273,119,0
1574999273,88,0
1574999273,99,0
1574999273,79,0
1574999273,108,0
1574999273,102,0
1574999273,93,0
1574999273,101,0
1574999273,92,0
1574999273,82,0
1574999273,64,0
1574999273,32,0
1574999273,1265,0
1574999273,81,0
1574999273,84,0
1574999273,108,0
1574999273,85,0
1574999273,69,0
1574999273,92,0
1574999273,85,0
1574999273,57,0
1574999273,92,0
1574999273,76,0
1574999273,67,0
1574999273,52,0
1574999273,34,0
1574999273,844,0
1574999273,66,0
1574999273,67,0
1574999273,81,0
1574999273,94,0
1574999273,81,0
1574999273,80,0
1574999273,67,0
1574999273,75,0
1574999273,57,0
1574999273,37,0
1574999273,86,0
1574999273,67,0
1574999273,68,0
1574999273,66,0
1574999273,89,0
1574999273,11996,0
1574999273,56,0
1574999273,34,0
1574999273,54,0
1574999273,60,0
1574999273,54,0
1574999273,63,0
1574999273,297,296
1574999273,448,447
1574999273,343,342
1574999273,300,299
1574999273,299,298
1574999273,634,633
1574999273,476,475
1574999273,457,456
1574999273,493,492
1574999273,570,569
1574999273,340,339
1574999273,373,372
1574999273,313,312
1574999273,632,631
1574999273,302,301
1574999273,590,589
1574999273,467,466
1574999273,315,314
1574999273,314,313
1574999273,314,313
1574999273,324,323
1574999273,325,324
1574999273,317,316
1574999273,326,325
1574999273,523,522
1574999273,316,315
1574999273,591,590
1574999273,522,521
1574999273,399,398
1574999273,527,526
1574999273,449,448
1574999273,281,280
1574999273,284,283
1574999273,294,293
1574999273,280,279
1574999273,279,278
1574999273,289,288
1574999273,280,279
1574999273,277,276
1574999273,277,276
1574999273,283,282
1574999273,265,264
1574999273,287,286
1574999273,319,318
1574999273,293,292
1574999273,277,276
1574999273,508,507
1574999273,289,288
1574999273,267,266
1574999273,283,282
1574999273,295,294
1574999273,288,287
1574999273,311,310
1574999273,288,287
1574999273,278,277
1574999273,360,359
1574999273,444,443
1574999273,467,466
1574999273,389,388
1574999273,295,294
1574999273,349,348
1574999273,552,551
1574999273,448,447
1574999273,397,396
1574999273,341,340
1574999273,348,347
1574999273,553,552
1574999273,356,355
1574999273,282,281
1574999273,393,392
1574999273,244,243
1574999273,284,283
1574999273,262,261
1574999273,372,371
1574999273,336,335
1574999273,377,376
1574999273,315,314
1574999273,287,286
1574999273,285,284
1574999273,379,378
1574999273,341,340
1574999273,614,613
1574999273,274,273
1574999273,492,491
1574999273,284,283
1574999273,412,411
1574999273,304,303
1574999273,247,246
1574999273,275,274
1574999273,253,252
1574999273,250,249
1574999273,265,264
1574999273,283,282
1574999273,278,277
1574999273,268,267
1574999273,275,274
1574999273,280,279
1574999273,471,470
1574999273,408,407
1574999273,273,272
1574999273,502,501
1574999273,448,447
1574999273,464,463
1574999273,279,278
1574999273,334,333
1574999273,473,472
1574999273,415,414
1574999273,353,352
1574999273,376,375
1574999273,473,472
1574999273,397,396
1574999273,288,287
1574999273,445,444
1574999273,335,334
1574999273,292,291
1574999273,305,304
1574999273,340,339
1574999273,335,334
1574999273,416,415
1574999273,296,295
1574999273,416,415
1574999273,302,301
1574999273,299,298
1574999273,299,298
1574999273,283,282
1574999273,274,273
1574999273,252,251
1574999273,230,229
1574999273,239,238
1574999273,239,238
1574999273,239,238
1574999273,235,234
1574999273,262,261
1574999273,253,252
1574999273,254,253
1574999273,276,275
1574999273,299,298
1574999273,303,302
1574999273,302,301
1574999273,295,294
1574999273,339,338
1574999273,304,303
1574999273,294,293
1574999273,302,301
1574999273,300,299
1574999273,305,304
1574999273,316,315
1574999273,312,311
1574999273,317,316
1574999273,309,308
1574999273,302,301
1574999273,292,291
1574999273,289,288
1574999273,297,296
1574999273,286,285
1574999273,289,288
1574999273,297,296
1574999273,286,285
1574999273,289,288
1574999273,295,294
1574999273,286,285
1574999273,287,286
1574999273,285,284
1574999273,278,277
1574999273,275,274
1574999273,294,293
1574999273,285,284
1574999273,294,293
1574999273,282,281
1574999273,276,275
1574999273,286,285
1574999273,284,283
1574999273,290,289
1574999273,302,301
1574999273,299,298
1574999273,293,292
1574999273,292,291
1574999273,296,295
1574999273,287,286
1574999273,289,288
1574999273,290,289
1574999273,288,287
1574999273,280,279
1574999273,284,283
1574999273,286,285
1574999273,281,280
1574999273,286,285
1574999273,275,274
1574999273,282,281
1574999273,281,280
1574999273,272,271
1574999273,277,276
1574999273,279,278
1574999273,274,273
1574999273,281,280
1574999273,273,272
1574999273,280,279
1574999273,282,281
1574999273,282,281
1574999273,282,281
1574999273,279,278
1574999273,286,285
1574999273,277,276
1574999273,273,272
1574999273,257,256
1574999273,245,244
1574999273,245,244
1574999273,248,247
1574999273,274,273
1574999273,290,289
1574999273,279,278
1574999273,283,282
1574999273,286,285
1574999273,282,281
1574999273,297,296
1574999273,276,275
1574999273,281,280
1574999273,270,269
1574999273,276,275
1574999273,271,270
1574999273,296,295
1574999273,292,291
1574999273,294,293
1574999273,293,292
1574999273,295,294
1574999273,301,300
1574999273,286,285
1574999273,288,287
1574999273,299,298
1574999273,304,303
1574999273,296,295
1574999273,301,300
1574999273,305,304
1574999273,309,308
1574999273,314,313
1574999273,304,303
1574999273,312,311
1574999273,302,301
1574999273,297,296
1574999273,305,304
1574999273,321,320
1574999273,328,327
1574999273,310,309
1574999273,305,304
1574999273,309,308
1574999273,310,309
1574999273,299,298
1574999273,314,313
1574999273,304,303
1574999273,308,307
1574999273,301,300
1574999273,311,310
1574999273,302,301
1574999273,311,310
1574999273,307,306
1574999273,306,305
1574999273,306,305
1574999273,303,302
1574999273,304,303
1574999273,302,301
1574999273,299,298
1574999273,296,295
1574999273,289,288
1574999273,292,291
1574999273,292,291
1574999273,294,293
1574999273,293,292
1574999273,295,294
1574999273,291,290
1574999273,296,295
1574999273,293,292
1574999273,295,294
1574999273,294,293
1574999273,295,294
1574999273,303,302
1574999273,315,314
1574999273,308,307
1574999273,311,310
1574999273,303,302
1574999273,312,311
1574999273,310,309
1574999273,297,296
1574999273,303,302
1574999273,302,301
1574999273,299,298
1574999273,301,300
1574999273,298,297
1574999273,304,303
1574999273,291,290
1574999273,285,284
1574999273,292,291
1574999273,288,287
1574999273,289,288
1574999273,281,280
1574999273,268,267
1574999273,264,263
1574999273,261,260
1574999273,272,271
1574999273,265,264
1574999273,272,271
1574999273,280,279
1574999273,270,269
1574999273,279,278
1574999273,273,272
1574999273,280,279
1574999273,278,277
1574999273,264,263
1574999273,265,264
1574999273,263,262
1574999273,258,257
1574999273,270,269
1574999273,287,286
1574999273,278,277
1574999273,303,302
1574999273,302,301
1574999273,289,288
1574999273,286,285
1574999273,285,284
1574999273,284,283
1574999273,283,282
1574999273,267,266
1574999273,288,287
1574999273,291,290
1574999273,295,294
1574999273,287,286
1574999273,284,283
1574999273,294,293
1574999273,294,293
1574999273,289,288
1574999273,290,289
1574999273,278,277
1574999273,278,277
1574999273,272,271
1574999273,258,257
1574999273,261,260
1574999273,274,273
1574999273,280,279
1574999273,277,276
1574999273,276,275
1574999273,279,278
1574999273,285,284
1574999273,277,276
1574999273,285,284
1574999273,286,285
1574999273,279,278
1574999273,281,280
1574999273,293,292
1574999273,292,291
1574999273,292,291
1574999273,287,286
1574999273,289,288
1574999273,288,287
1574999273,298,297
1574999273,283,282
1574999273,295,294
1574999273,286,285
1574999273,308,307
1574999273,310,309
1574999273,301,300
1574999273,296,295
1574999273,305,304
1574999273,286,285
1574999273,280,279
1574999273,294,293
1574999273,306,305
1574999273,307,306
1574999273,302,301
1574999273,293,292
1574999273,282,281
1574999273,290,289
1574999273,302,301
1574999273,300,299
1574999273,303,302
1574999273,297,296
1574999273,285,284
1574999273,304,303
1574999273,294,293
1574999273,288,287
1574999273,293,292
1574999273,288,287
1574999273,299,298
1574999273,300,299
1574999273,315,314
1574999273,321,320
1574999273,318,317
1574999273,311,310
1574999273,307,306
1574999273,299,298
1574999273,297,296
1574999273,301,300
1574999273,313,312
1574999273,311,310
1574999273,310,309
1574999273,309,308
1574999273,313,312
1574999273,411,410
1574999273,315,314
1574999273,314,313
1574999273,303,302
1574999273,305,304
1574999273,299,298
1574999273,289,288
1574999273,279,278
1574999273,300,299
1574999273,299,298
1574999273,294,293
1574999273,278,277
1574999273,277,276
1574999273,298,297
1574999273,281,280
1574999273,285,284
1574999273,264,263
1574999273,268,267
1574999273,272,271
1574999273,302,301
1574999273,282,281
1574999273,282,281
1574999273,284,283
1574999273,279,278
1574999273,278,277
1574999273,285,284
1574999273,279,278
1574999273,285,284
1574999273,278,277
1574999273,264,263
1574999273,282,281
1574999273,274,273
1574999273,296,295
1574999273,280,279
1574999273,269,268
1574999273,265,264
1574999273,282,281
1574999273,295,294
1574999273,295,294
1574999273,304,303
1574999273,290,289
1574999273,280,279
1574999273,283,282
1574999273,278,277
1574999273,276,275
1574999273,292,291
1574999273,282,281
1574999273,274,273
1574999273,285,284
1574999273,287,286
1574999273,281,280
1574999273,274,273
1574999273,267,266
1574999273,250,249
1574999273,268,267
1574999273,263,262
1574999273,268,267
1574999273,274,273
1574999273,282,281
1574999273,268,267
1574999273,270,269
1574999273,268,267
1574999273,273,272
1574999273,272,271
1574999273,277,276
1574999273,286,285
1574999273,284,283
1574999273,264,263
1574999273,289,288
1574999273,277,276
1574999273,272,271
1574999273,273,272
1574999273,268,267
1574999273,281,280
1574999273,283,282
1574999273,276,275
1574999273,299,298
1574999273,295,294
1574999273,289,288
1574999273,291,290
1574999273,298,297
1574999273,271,270
1574999273,258,257
1574999273,279,278
1574999273,286,285
1574999273,283,282
1574999273,286,285
1574999273,286,285
1574999273,300,299
1574999273,294,293
1574999273,290,289
1574999273,282,281
1574999273,289,288
1574999273,303,302
1574999273,304,303
1574999273,300,299
1574999273,292,291
1574999273,293,292
1574999273,335,334
1574999273,273,272
1574999273,279,278
1574999273,286,285
1574999273,458,457
1574999273,328,327
1574999273,285,284
1574999273,285,284
1574999273,289,288
1574999273,287,286
1574999273,287,286
1574999273,288,287
1574999273,288,287
1574999273,293,292
1574999273,293,292
1574999273,288,287
1574999273,289,288
1574999273,294,293
1574999273,301,300
1574999273,298,297
1574999273,301,300
1574999273,296,295
1574999273,297,296
1574999273,298,297
1574999273,294,293
1574999273,293,292
1574999273,299,298
1574999273,295,294
1574999273,297,296
1574999273,289,288
1574999273,298,297
1574999273,302,301
1574999273,307,306
1574999273,304,303
1574999273,301,300
1574999273,299,298
1574999273,300,299
1574999273,300,299
1574999273,296,295
1574999273,292,291
1574999273,291,290
1574999273,289,288
1574999273,292,291
1574999273,292,291
1574999273,292,291
1574999273,290,289
1574999273,290,289
1574999273,289,288
1574999273,289,288
1574999273,287,286
1574999273,287,286
1574999273,288,287
1574999273,293,292
1574999273,289,288
1574999273,288,287
1574999273,289,288
1574999273,294,293
1574999273,294,293
1574999273,292,291
1574999273,291,290
1574999273,304,303
1574999273,298,297
1574999273,295,294
1574999273,298,297
1574999273,303,302
1574999273,304,303
1574999273,301,300
1574999273,304,303
1574999273,294,293
1574999273,298,297
1574999273,297,296
1574999273,309,308
1574999273,304,303
1574999273,296,295
1574999273,294,293
1574999273,276,275
1574999273,292,291
1574999273,283,282
1574999273,287,286
1574999273,293,292
1574999273,287,286
1574999273,282,281
1574999273,292,291
1574999273,300,299
1574999273,293,292
1574999273,298,297
1574999273,301,300
1574999273,301,300
1574999273,300,299
1574999273,299,298
1574999273,301,300
1574999273,302,301
1574999273,301,300
1574999273,294,293
1574999273,297,296
1574999273,407,406
1574999273,286,285
1574999273,377,376
1574999273,265,264
1574999273,273,272
1574999273,255,254
1574999273,274,273
1574999273,265,264
1574999273,266,265
1574999273,281,280
1574999273,281,280
1574999273,278,277
1574999273,278,277
1574999273,282,281
1574999273,279,278
1574999273,275,274
1574999273,285,284
1574999273,277,276
1574999273,267,266
1574999273,280,279
1574999273,260,259
1574999273,273,272
1574999273,273,272
1574999273,270,269
1574999273,255,254
1574999273,276,275
1574999273,287,286
1574999273,280,279
1574999273,287,286
1574999273,288,287
1574999273,285,284
1574999273,286,285
1574999273,279,278
1574999273,288,287
1574999273,275,274
1574999273,285,284
1574999273,281,280
1574999273,290,289
1574999273,300,299
1574999279,303,303
1574999279,287,286
1574999279,294,294
1574999279,299,299
1574999279,303,303
1574999279,310,310
1574999279,301,301
1574999279,290,290
1574999279,288,288
1574999279,303,303
1574999279,300,300
1574999279,313,313
1574999279,318,318
1574999279,307,307
1574999279,311,311
1574999279,306,306
1574999279,289,289
1574999279,292,292
1574999279,299,299
1574999279,300,300
1574999279,293,293
1574999279,296,296
1574999279,286,286
1574999279,287,287
1574999279,284,284
1574999279,282,282
1574999279,281,281
1574999279,288,288
1574999279,290,290
1574999279,304,304
1574999279,304,304
1574999279,301,301
1574999279,290,290
1574999279,295,295
1574999279,301,301
1574999279,311,311
1574999279,334,334
1574999279,340,340
1574999279,341,341
1574999279,350,350
1574999279,355,355
1574999279,357,357
1574999279,345,345
1574999279,346,346
1574999279,339,339
1574999279,329,329
1574999279,347,347
1574999279,325,325
1574999279,330,330
1574999279,340,340
1574999279,337,337
1574999279,321,321
1574999279,313,313
1574999279,312,312
1574999279,300,300
1574999279,309,309
1574999279,316,316
1574999279,302,302
1574999279,303,303
1574999279,299,299
1574999279,308,308
1574999279,304,304
1574999279,328,328
1574999279,333,333
1574999279,320,320
1574999279,319,319
1574999279,329,329
1574999279,341,341
1574999279,334,334
1574999279,331,331
1574999279,317,317
1574999279,316,316
1574999279,320,320
1574999279,327,327
1574999279,337,337
1574999279,331,331
1574999279,337,337
1574999279,344,344
1574999279,338,338
1574999279,337,337
1574999279,333,333
1574999279,332,332
1574999279,312,312
1574999279,305,305
1574999279,309,309
1574999279,315,315
1574999279,324,324
1574999279,315,315
1574999279,308,308
1574999279,303,303
1574999279,295,295
1574999279,473,473
1574999279,267,267
1574999279,287,287
1574999279,263,263
1574999279,277,277
1574999279,277,277
1574999279,281,281
1574999279,287,287
1574999279,298,298
1574999279,291,291
1574999279,291,291
1574999279,287,287
1574999279,300,300
1574999279,308,308
1574999279,313,313
1574999279,313,313
1574999279,305,305
1574999279,327,327
1574999279,313,313
1574999279,318,318
1574999279,318,318
1574999279,534,534
1574999279,310,310
1574999279,288,288
1574999279,277,277
1574999279,284,284
1574999279,290,290
1574999279,286,286
1574999279,308,308
1574999279,306,306
1574999279,295,295
1574999279,288,288
1574999279,283,283
1574999279,293,293
1574999279,291,291
1574999279,300,300
1574999279,297,297
1574999279,293,293
1574999279,293,293
1574999279,301,301
1574999279,312,312
1574999279,293,293
1574999279,292,292
1574999279,289,289
1574999279,297,297
1574999279,304,304
1574999279,298,298
1574999279,342,342
1574999279,288,288
1574999279,311,311
1574999279,324,324
1574999279,319,319
1574999279,310,310
1574999279,326,326
1574999279,323,323
1574999279,312,312
1574999279,311,311
1574999279,309,309
1574999279,318,318
1574999279,331,330
1574999279,610,609
1574999279,305,304
1574999279,311,310
1574999279,297,296
1574999279,300,299
1574999279,296,295
1574999279,314,313
1574999279,317,316
1574999279,315,314
1574999279,309,308
1574999279,310,309
1574999279,304,303
1574999279,315,314
1574999279,311,310
1574999279,304,303
1574999279,305,304
1574999279,299,298
1574999279,290,289
1574999279,293,292
1574999279,291,290
1574999279,286,285
1574999279,284,283
1574999279,296,295
1574999279,295,294
1574999279,301,300
1574999279,298,297
1574999279,307,306
1574999279,309,308
1574999279,305,304
1574999279,302,301
1574999279,304,303
1574999279,296,295
1574999279,304,303
1574999279,298,297
1574999279,293,292
1574999279,297,296
1574999279,295,294
1574999279,309,308
1574999279,311,310
1574999279,295,294
1574999279,304,303
1574999279,302,301
1574999279,283,282
1574999279,276,275
1574999279,262,261
1574999279,277,276
1574999279,270,269
1574999279,270,269
1574999279,265,264
1574999279,263,262
1574999279,310,309
1574999279,547,546
1574999279,433,432
1574999279,264,263
1574999279,280,279
1574999279,276,275
1574999279,283,282
1574999279,286,285
1574999279,298,297
1574999279,291,290
1574999279,316,315
1574999279,304,303
1574999279,318,317
1574999279,319,318
1574999279,310,309
1574999279,307,306
1574999279,306,305
1574999279,303,302
1574999279,296,295
1574999279,304,303
1574999279,298,297
1574999279,297,296
1574999279,295,294
1574999279,296,295
1574999279,305,304
1574999279,311,310
1574999279,299,298
1574999279,297,296
1574999279,304,303
1574999279,294,293
1574999279,293,292
1574999279,289,288
1574999279,288,287
1574999279,274,273
1574999279,359,358
1574999279,388,387
1574999279,313,312
1574999279,309,308
1574999279,212,211
1574999279,218,217
1574999279,222,221
1574999279,242,241
1574999279,268,267
1574999279,279,278
1574999279,290,289
1574999279,280,279
1574999279,281,280
1574999279,291,290
1574999279,322,321
1574999279,308,307
1574999279,298,297
1574999279,304,303
1574999279,306,305
1574999279,306,305
1574999279,296,295
1574999279,295,294
1574999279,297,296
1574999279,301,300
1574999279,294,293
1574999279,289,288
1574999279,288,287
1574999279,287,286
1574999279,296,295
1574999279,301,300
1574999279,294,293
1574999279,295,294
1574999279,289,288
1574999279,294,293
1574999279,281,280
1574999279,306,305
1574999279,286,285
1574999279,277,276
1574999279,278,277
1574999279,277,276
1574999279,291,290
1574999279,288,287
1574999279,309,308
1574999279,602,601
1574999279,405,404
1574999279,270,269
1574999279,273,272
1574999279,286,285
1574999279,285,284
1574999279,287,286
1574999279,288,287
1574999279,291,290
1574999279,303,302
1574999279,302,301
1574999279,310,309
1574999279,317,316
1574999279,310,309
1574999279,303,302
1574999279,298,297
1574999279,314,313
1574999279,308,307
1574999279,299,298
1574999279,317,316
1574999279,313,312
1574999279,322,321
1574999279,333,332
1574999279,326,325
1574999279,327,326
1574999279,342,341
1574999279,325,324
1574999279,323,322
1574999279,323,322
1574999279,333,332
1574999279,332,331
1574999279,324,323
1574999279,325,324
1574999279,320,319
1574999279,328,327
1574999279,339,338
1574999279,331,330
1574999279,347,346
1574999279,335,334
1574999279,329,328
1574999279,327,326
1574999279,335,334
1574999279,338,337
1574999279,336,335
1574999279,350,349
1574999279,356,355
1574999279,352,351
1574999279,339,338
1574999279,340,339
1574999279,355,354
1574999279,343,342
1574999279,356,355
1574999279,356,355
1574999279,350,349
1574999279,347,346
1574999279,344,343
1574999279,348,347
1574999279,353,352
1574999279,353,352
1574999279,330,329
1574999279,344,343
1574999279,349,348
1574999279,342,341
1574999279,347,346
1574999279,350,349
1574999279,366,365
1574999279,353,352
1574999279,362,361
1574999279,361,360
1574999279,356,355
1574999279,346,345
1574999279,353,352
1574999279,365,364
1574999279,360,359
1574999279,356,355
1574999279,347,346
1574999279,348,347
1574999279,358,357
1574999279,500,499
1574999279,507,506
1574999279,362,361
1574999279,383,382
1574999279,381,380
1574999279,378,377
1574999279,387,386
1574999279,379,378
1574999279,395,394
1574999279,376,375
1574999279,374,373
1574999279,378,377
1574999279,379,378
1574999279,365,364
1574999279,370,369
1574999279,365,364
1574999279,373,372
1574999279,363,362
1574999279,371,370
1574999279,355,354
1574999279,346,345
1574999279,347,346
1574999279,340,339
1574999279,342,341
1574999279,346,345
1574999279,337,336
1574999279,344,343
1574999279,353,352
1574999279,365,364
1574999279,360,359
1574999279,368,367
1574999279,374,373
1574999279,363,362
1574999279,365,364
1574999279,359,358
1574999279,369,368
1574999279,516,515
1574999279,380,379
1574999279,368,367
1574999279,362,361
1574999279,373,372
1574999279,371,370
1574999279,364,363
1574999279,362,361
1574999279,357,356
1574999279,355,354
1574999279,352,351
1574999279,351,350
1574999279,340,339
1574999279,356,355
1574999279,360,359
1574999279,345,344
1574999279,344,343
1574999279,483,482
1574999279,336,335
1574999279,351,350
1574999279,364,363
1574999279,353,352
1574999279,505,504
1574999279,502,501
1574999279,348,347
1574999279,358,357
1574999279,338,337
1574999279,334,333
1574999279,338,337
1574999279,338,337
1574999279,335,334
1574999279,341,340
1574999279,357,356
1574999279,356,355
1574999279,368,367
1574999279,362,361
1574999279,356,355
1574999279,373,372
1574999279,372,371
1574999279,370,369
1574999279,375,374
1574999279,362,361
1574999279,351,350
1574999279,362,361
1574999279,360,359
1574999279,365,364
1574999279,378,377
1574999279,380,379
1574999279,510,509
1574999279,529,528
1574999279,537,536
1574999279,405,404
1574999279,535,534
1574999279,382,381
1574999279,381,380
1574999279,514,513
1574999279,358,357
1574999279,344,343
1574999279,357,356
1574999279,355,354
1574999279,342,341
1574999279,353,352
1574999279,356,355
1574999279,341,340
1574999279,491,490
1574999279,343,342
1574999279,336,335
1574999279,356,355
1574999279,364,363
1574999279,355,354
1574999279,502,501
1574999279,373,372
1574999279,366,365
1574999279,503,502
1574999279,348,347
1574999279,348,347
1574999279,357,356
1574999279,357,356
1574999279,360,359
1574999279,347,346
1574999279,357,356
1574999279,351,350
1574999279,350,349
1574999279,335,334
1574999279,345,344
1574999279,344,343
1574999279,349,348
1574999279,351,350
1574999279,353,352
1574999279,351,350
1574999279,353,352
1574999279,346,345
1574999279,351,350
1574999279,350,349
1574999279,337,336
1574999279,334,333
1574999279,335,334
1574999279,341,340
1574999279,344,343
1574999279,329,328
1574999279,325,324
1574999279,323,322
1574999279,353,352
1574999279,347,346
1574999279,343,342
1574999279,335,334
1574999279,318,317
1574999279,308,307
1574999279,303,302
1574999279,324,323
1574999279,335,334
1574999279,326,325
1574999279,319,318
1574999279,287,286
1574999279,320,319
1574999279,313,312
1574999279,325,324
1574999279,319,318
1574999279,320,319
1574999279,310,309
1574999279,333,332
1574999279,338,337
1574999279,326,325
1574999279,300,299
1574999279,308,307
1574999279,542,542
1574999323,28267,28267
1574999323,2744,2744
1574999323,82,82
1574999323,102,102
1574999323,108,108
1574999323,128,128
1574999323,113,113
1574999323,146,146
1574999323,127,127
1574999323,101,101
1574999323,83,83
1574999323,85,85
1574999323,83,83
1574999323,59,59
1574999323,32,32
1574999323,2852,2852
1574999323,273,273
1574999323,232,232
1574999323,168,168
1574999323,115,115
1574999323,100,100
1574999323,93,93
1574999323,85,85
1574999323,90,90
1574999323,83,83
1574999323,69,69
1574999323,77,77
1574999323,53,53
1574999323,30,30
1574999323,1586,1586
1574999323,71,71
1574999323,93,93
1574999323,93,93
1574999323,79,79
1574999323,84,84
1574999323,108,108
1574999323,98,98
1574999323,77,77
1574999323,90,90
1574999323,86,86
1574999323,76,76
1574999323,53,53
1574999323,30,30
1574999323,2904,2904
1574999323,92,92
1574999323,160,160
1574999323,118,118
1574999323,79,79
1574999323,104,104
1574999323,101,101
1574999323,85,85
1574999323,80,80
1574999323,74,74
1574999323,37,37
1574999323,1975,1975
1574999323,156,156
1574999323,162,162
1574999323,164,164
1574999323,181,181
1574999323,189,189
1574999323,218,218
1574999323,159,159
1574999323,101,101
1574999323,31,31
1574999323,3,3
1574999323,621,621
1574999323,473,473
1574999323,390,390
1574999323,497,497
1574999323,319,319
1574999323,413,413
1574999323,622,622
1574999323,410,410
1574999323,294,294
1574999323,299,299
1574999323,296,296
1574999323,299,299
1574999323,471,471
1574999323,281,281
1574999323,274,274
1574999323,271,271
1574999323,273,273
1574999323,259,259
1574999323,267,267
1574999323,315,315
1574999323,376,376
1574999323,400,400
1574999323,325,325
1574999323,368,368
1574999323,398,398
1574999323,396,396
1574999323,369,369
1574999323,323,323
1574999323,288,288
1574999323,287,287
1574999323,333,333
1574999323,368,368
1574999323,392,392
1574999323,339,339
1574999323,376,376
1574999323,478,478
1574999323,301,301
1574999323,464,464
1574999323,350,350
1574999323,240,240
1574999323,217,217
1574999323,332,332
1574999323,217,217
1574999323,357,357
1574999323,290,290
1574999323,374,374
1574999323,303,303
1574999323,368,368
1574999323,231,231
1574999323,249,249
1574999323,323,323
1574999323,336,336
1574999323,374,374
1574999323,481,481
1574999323,289,289
1574999323,565,565
1574999323,418,418
1574999323,367,367
1574999323,314,314
1574999323,284,284
1574999323,515,515
1574999323,558,558
1574999323,301,301
1574999323,290,290
1574999323,349,349
1574999323,348,348
1574999323,294,293
1574999323,326,325
1574999323,372,371
1574999323,220,219
1574999323,286,285
1574999323,357,356
1574999323,232,231
1574999323,263,262
1574999323,375,374
1574999323,435,434
1574999323,282,281
1574999323,268,267
1574999323,258,257
1574999323,278,277
1574999323,443,442
1574999323,346,345
1574999323,425,424
1574999323,322,321
1574999323,255,254
1574999323,323,322
1574999323,423,422
1574999323,549,548
1574999323,403,402
1574999323,230,229
1574999323,234,233
1574999323,230,229
1574999323,226,225
1574999323,333,332
1574999323,465,464
1574999323,459,458
1574999323,244,243
1574999323,260,259
1574999323,254,253
1574999323,337,336
1574999323,291,290
1574999323,272,271
1574999323,407,406
1574999323,316,315
1574999323,296,295
1574999323,290,289
1574999323,301,300
1574999323,286,285
1574999323,298,297
1574999323,301,300
1574999323,410,409
1574999323,285,284
1574999323,308,307
1574999323,569,568
1574999323,307,306
1574999323,327,326
1574999323,319,318
1574999323,324,323
1574999323,325,324
1574999323,326,325
1574999323,310,309
1574999323,320,319
1574999323,351,350
1574999323,347,346
1574999323,316,315
1574999323,594,593
1574999323,382,381
1574999323,326,325
1574999323,374,373
1574999323,431,430
1574999323,353,352
1574999323,418,417
1574999323,352,351
1574999323,355,354
1574999323,360,359
1574999323,476,475
1574999323,283,282
1574999323,316,315
1574999323,447,446
1574999323,286,285
1574999323,364,363
1574999323,374,373
1574999323,354,353
1574999323,347,346
1574999323,425,424
1574999323,479,478
1574999323,385,384
1574999323,378,377
1574999323,372,371
1574999323,518,517
1574999323,481,480
1574999323,353,352
1574999323,469,468
1574999323,334,333
1574999323,333,332
1574999323,334,333
1574999323,328,327
1574999323,329,328
1574999323,399,398
1574999323,310,309
1574999323,590,589
1574999323,289,288
1574999323,288,287
1574999323,331,330
1574999323,307,306
1574999323,323,322
1574999323,331,330
1574999323,303,302
1574999323,312,311
1574999323,416,415
1574999323,307,306
1574999323,312,311
1574999323,314,313
1574999323,331,330
1574999323,434,433
1574999323,539,538
1574999323,303,302
1574999323,337,336
1574999323,301,300
1574999323,336,335
1574999323,328,327
1574999323,242,241
1574999323,390,389
1574999323,42751,42751
1574999323,4929,4858
1574999323,216,145
1574999323,197,126
1574999323,224,153
1574999323,220,149
1574999323,216,145
1574999323,220,149
1574999323,172,101
1574999323,172,101
1574999323,175,104
1574999323,169,98
1574999323,533,462
1574999323,325,254
1574999323,221,150
1574999323,146,75
1574999323,106,35
1574999323,4018,3947
1574999323,171,100
1574999323,186,115
1574999323,196,125
1574999323,175,104
1574999323,164,93
1574999323,165,94
1574999323,192,121
1574999323,178,107
1574999323,184,113
1574999323,175,104
1574999323,176,105
1574999323,144,73
1574999323,107,36
1574999323,2074,2003
1574999323,190,119
1574999323,164,93
1574999323,218,147
1574999323,210,139
1574999323,191,120
1574999323,157,86
1574999323,190,119
1574999323,193,122
1574999323,149,78
1574999323,147,76
1574999323,124,53
1574999323,102,31
1574999323,1877,1806
1574999323,198,127
1574999323,189,118
1574999323,195,124
1574999323,192,121
1574999323,250,179
1574999323,238,167
1574999323,205,134
1574999323,226,155
1574999323,178,107
1574999323,171,100
1574999323,155,84
1574999323,129,58
1574999323,105,34
1574999323,258,257
1574999323,335,334
1574999323,338,337
1574999323,326,325
1574999323,368,367
1574999323,247,246
1574999323,269,268
1574999323,301,300
1574999323,579,578
1574999323,427,426
1574999323,269,268
1574999323,313,312
1574999323,472,471
1574999323,329,328
1574999323,341,340
1574999323,576,575
1574999323,271,270
1574999323,402,401
1574999323,309,308
1574999323,309,308
1574999323,323,322
1574999323,312,311
1574999323,453,452
1574999323,290,289
1574999323,315,314
1574999323,556,555
1574999323,282,281
1574999323,235,234
1574999323,247,246
1574999323,305,304
1574999323,236,235
1574999323,231,230
1574999323,273,272
1574999323,228,227
1574999323,295,294
1574999323,253,252
1574999323,309,308
1574999323,274,273
1574999323,281,280
1574999323,287,286
1574999323,302,301
1574999323,296,295
1574999323,310,309
1574999323,294,293
1574999323,352,351
1574999323,410,409
1574999323,466,465
1574999323,419,418
1574999323,330,329
1574999323,359,358
1574999323,305,304
1574999323,285,284
1574999323,288,287
1574999323,284,283
1574999323,282,281
1574999323,472,471
1574999323,336,335
1574999323,370,369
1574999323,362,361
1574999323,351,350
1574999323,335,334
1574999323,326,325
1574999323,323,322
1574999323,339,338
1574999323,348,347
1574999323,341,340
1574999323,339,338
1574999323,335,334
1574999323,365,364
1574999323,382,381
1574999323,314,313
1574999323,323,322
1574999323,343,342
1574999323,326,325
1574999323,295,294
1574999323,278,277
1574999323,362,361
1574999323,314,313
1574999323,361,360
1574999323,449,448
1574999323,375,374
1574999323,286,285
1574999323,469,468
1574999323,250,249
1574999323,246,245
1574999323,226,225
1574999323,266,265
1574999323,317,316
1574999323,274,273
1574999323,260,259
1574999323,249,248
1574999323,303,302
1574999323,352,351
1574999323,334,333
1574999323,496,495
1574999323,423,422
1574999323,435,434
1574999323,301,300
1574999323,336,335
1574999323,542,541
1574999323,460,459
1574999323,560,559
1574999323,427,426
1574999323,373,372
1574999323,264,263
1574999323,285,284
1574999323,270,269
1574999323,286,285
1574999323,368,367
1574999323,340,339
1574999323,291,290
1574999323,403,402
1574999323,485,484
1574999323,529,528
1574999323,468,467
1574999323,366,365
1574999323,606,605
1574999323,525,524
1574999323,441,440
1574999323,515,514
1574999323,267,266
1574999323,268,267
1574999323,594,593
1574999323,258,257
1574999323,457,456
1574999323,262,261
1574999323,363,362
1574999323,286,285
1574999323,396,395
1574999323,409,408
1574999323,317,316
1574999323,298,297
1574999323,356,355
1574999323,336,335
1574999323,323,322
1574999323,312,311
1574999323,474,473
1574999323,368,367
1574999323,343,342
1574999323,422,421
1574999323,339,338
1574999323,312,311
1574999323,416,415
1574999323,250,249
1574999323,365,364
1574999323,237,236
1574999323,290,289
1574999323,267,266
1574999323,299,298
1574999323,388,387
1574999323,287,286
1574999323,278,277
1574999323,268,267
1574999323,264,263
1574999323,454,453
1574999323,347,346
1574999323,270,269
1574999323,263,262
1574999323,265,264
1574999323,277,276
1574999323,243,242
1574999323,546,545
1574999323,460,459
1574999323,325,324
1574999323,324,323
1574999323,258,257
1574999323,526,525
1574999323,604,603
1574999323,257,256
1574999323,490,489
1574999323,293,292
1574999323,355,354
1574999323,278,277
1574999323,331,330
1574999323,469,468
1574999323,348,347
1574999323,461,460
1574999323,306,305
1574999323,300,299
1574999323,296,295
1574999323,423,422
1574999323,280,279
1574999323,242,241
1574999323,247,246
1574999323,237,236
1574999323,228,227
1574999323,356,355
1574999323,285,284
1574999323,257,256
1574999323,236,235
1574999323,309,308
1574999323,336,335
1574999324,21945,21945
1574999324,3049,3049
1574999324,195,195
1574999324,180,180
1574999324,225,154
1574999324,230,159
1574999324,198,127
1574999324,261,190
1574999324,212,141
1574999324,236,165
1574999324,257,186
1574999324,223,152
1574999324,181,110
1574999324,150,79
1574999324,109,38
1574999324,8068,7997
1574999324,225,154
1574999324,262,191
1574999324,305,234
1574999324,328,257
1574999324,377,306
1574999324,674,603
1574999324,549,478
1574999324,371,300
1574999324,316,245
1574999324,301,230
1574999324,228,157
1574999324,165,94
1574999324,105,34
1574999324,5593,5522
1574999324,280,209
1574999324,273,202
1574999324,272,201
1574999324,246,175
1574999324,264,193
1574999324,237,166
1574999324,285,214
1574999324,240,169
1574999324,226,155
1574999324,233,162
1574999324,230,159
1574999324,206,135
1574999324,109,38
1574999324,7994,7923
1574999324,304,233
1574999324,372,301
1574999324,338,267
1574999324,432,361
1574999324,355,284
1574999324,402,331
1574999324,363,292
1574999324,373,302
1574999324,324,253
1574999324,296,225
1574999324,251,180
1574999324,190,119
1574999324,106,35
1574999324,9474,9403
1574999324,327,256
1574999324,365,294
1574999324,416,345
1574999324,407,336
1574999324,366,295
1574999324,386,315
1574999324,384,313
1574999324,552,481
1574999324,508,437
1574999324,396,325
1574999324,392,321
1574999324,268,197
1574999324,111,40
1574999324,10072,10001
1574999324,392,321
1574999324,403,332
1574999324,347,276
1574999324,345,274
1574999324,380,309
1574999324,352,281
1574999324,568,497
1574999324,645,574
1574999324,397,326
1574999324,534,463
1574999324,580,509
1574999324,435,364
1574999324,118,47
1574999324,9877,9806
1574999324,743,672
1574999324,638,567
1574999324,764,693
1574999324,603,532
1574999324,559,488
1574999324,533,462
1574999324,547,476
1574999324,535,464
1574999324,680,609
1574999324,588,517
1574999324,491,420
1574999324,373,302
1574999324,113,42
1574999324,7490,7419
1574999324,446,375
1574999324,445,374
1574999324,525,454
1574999324,401,330
1574999324,461,390
1574999324,511,440
1574999324,433,362
1574999324,472,401
1574999324,584,513
1574999324,485,414
1574999324,371,300
1574999324,304,233
1574999324,120,49
1574999324,326,325
1574999324,308,307
1574999324,299,298
1574999324,301,300
1574999324,280,279
1574999324,544,543
1574999324,315,314
1574999324,275,274
1574999324,448,447
1574999324,330,329
1574999324,383,382
1574999324,257,256
1574999324,298,297
1574999324,273,272
1574999324,261,260
1574999324,257,256
1574999324,245,244
1574999324,267,266
1574999324,258,257
1574999324,274,273
1574999324,275,274
1574999324,307,306
1574999324,313,312
1574999324,294,293
1574999324,290,289
1574999324,292,291
1574999324,287,286
1574999324,291,290
1574999324,291,290
1574999324,289,288
1574999324,288,287
1574999324,289,288
1574999324,290,289
1574999324,280,279
1574999324,277,276
1574999324,287,286
1574999324,283,282
1574999324,268,267
1574999324,516,515
1574999324,423,422
1574999324,418,417
1574999324,253,252
1574999324,256,255
1574999324,243,242
1574999324,231,230
1574999324,237,236
1574999324,310,309
1574999324,309,308
1574999324,361,360
1574999324,273,272
1574999324,236,235
1574999324,455,454
1574999324,262,261
1574999324,404,403
1574999324,337,336
1574999324,397,396
1574999324,269,268
1574999324,277,276
1574999324,280,279
1574999324,280,279
1574999324,284,283
1574999324,465,464
1574999324,451,450
1574999324,335,334
1574999324,348,347
1574999324,294,293
1574999324,312,311
1574999324,217,216
1574999324,232,231
1574999324,225,224
1574999324,395,394
1574999324,414,413
1574999324,307,306
1574999324,350,349
1574999324,387,386
1574999324,278,277
1574999324,320,319
1574999324,257,256
1574999324,494,493
1574999324,407,406
1574999324,367,366
1574999324,331,330
1574999324,369,368
1574999324,368,367
1574999324,280,279
1574999324,344,343
1574999324,358,357
1574999324,367,366
1574999324,300,299
1574999324,269,268
1574999324,288,287
1574999324,347,346
1574999324,291,290
1574999324,386,385
1574999324,517,516
1574999324,281,280
1574999324,289,288
1574999324,290,289
1574999324,473,472
1574999324,343,342
1574999324,455,454
1574999324,284,283
1574999324,249,248
1574999324,247,246
1574999324,254,253
1574999324,268,267
1574999324,230,229
1574999324,355,354
1574999324,268,267
1574999324,304,303
1574999324,283,282
1574999324,338,337
1574999324,295,294
1574999324,244,243
1574999324,600,599
1574999324,367,366
1574999324,307,306
1574999324,324,323
1574999324,392,391
1574999324,300,299
1574999324,299,298
1574999324,286,285
1574999324,316,315
1574999324,428,427
1574999324,633,632
1574999324,526,525
1574999324,518,517
1574999324,297,296
1574999324,396,395
1574999324,346,345
1574999324,360,359
1574999324,348,347
1574999324,341,340
1574999324,345,344
1574999324,354,353
1574999324,397,396
1574999324,570,569
1574999324,634,633
1574999324,569,568
1574999324,462,461
1574999324,290,289
1574999324,268,267
1574999324,281,280
1574999324,299,298
1574999324,347,346
1574999324,339,338
1574999324,360,359
1574999324,281,280
1574999324,391,390
1574999324,416,415
1574999324,397,396
1574999324,389,388
1574999324,299,298
1574999324,515,514
1574999324,470,469
1574999324,440,439
1574999324,515,514
1574999324,526,525
1574999324,508,507
1574999324,353,352
1574999324,373,372
1574999324,290,289
1574999324,288,287
1574999324,393,392
1574999324,512,511
1574999324,304,303
1574999324,351,350
1574999324,404,403
1574999324,465,464
1574999324,344,343
1574999324,326,325
1574999324,341,340
1574999324,385,384
1574999324,635,634
1574999324,313,312
1574999324,345,344
1574999324,274,273
1574999324,405,404
1574999324,416,415
1574999324,366,365
1574999324,378,377
1574999324,315,314
1574999324,367,366
1574999324,390,389
1574999324,440,439
1574999324,503,502
1574999324,466,465
1574999324,351,350
1574999324,348,347
1574999324,449,448
1574999324,313,312
1574999324,335,334
1574999324,370,369
1574999324,465,464
1574999324,332,331
1574999324,310,309
1574999324,313,312
1574999324,380,379
1574999324,376,375
1574999324,352,351
1574999324,320,319
1574999324,293,292
1574999324,284,283
1574999324,320,319
1574999324,305,304
1574999324,297,296
1574999324,323,322
1574999324,276,275
1574999324,343,342
1574999324,266,265
1574999324,572,571
1574999324,572,571
1574999324,293,292
1574999324,347,346
1574999324,374,373
1574999324,277,276
1574999324,570,569
1574999324,605,604
1574999324,292,291
1574999324,290,289
1574999324,355,354
1574999324,280,279
1574999324,476,475
1574999324,449,448
1574999324,302,301
1574999324,308,307
1574999324,611,610
1574999324,594,593
1574999324,284,283
1574999324,287,286
1574999324,271,270
1574999324,268,267
1574999324,258,257
1574999324,246,245
1574999324,293,292
1574999324,392,391
1574999324,372,371
1574999324,231,230
1574999324,329,328
1574999324,217,216
1574999324,302,301
1574999324,296,295
1574999324,358,357
1574999324,345,344
1574999324,288,287
1574999324,291,290
1574999324,259,258
1574999324,273,272
1574999324,302,301
1574999324,312,311
1574999324,314,313
1574999324,314,313
1574999324,284,283
1574999324,270,269
1574999324,257,256
1574999324,246,245
1574999324,301,300
1574999324,242,241
1574999324,354,353
1574999324,342,341
1574999324,287,286
1574999324,304,303
1574999324,271,270
1574999324,291,290
1574999324,370,369
1574999324,303,302
1574999324,301,300
1574999324,333,332
1574999324,324,323
1574999324,293,292
1574999324,267,266
1574999324,401,400
1574999324,247,246
1574999324,228,227
1574999324,598,597
1574999324,395,394
1574999324,341,340
1574999324,264,263
1574999324,408,407
1574999324,579,578
1574999324,443,442
1574999324,364,363
1574999324,372,371
1574999324,292,291
1574999324,380,379
1574999324,271,270
1574999324,396,395
1574999324,286,285
1574999324,266,265
1574999324,442,441
1574999324,239,238
1574999324,284,283
1574999324,286,285
1574999324,417,416
1574999324,388,387
1574999324,261,260
1574999324,250,249
1574999324,240,239
1574999324,246,245
1574999324,350,349
1574999324,334,333
1574999324,305,304
1574999324,357,356
1574999324,431,430
1574999324,276,275
1574999324,425,424
1574999324,331,330
1574999324,324,323
1574999324,357,356
1574999324,332,331
1574999324,387,386
1574999324,352,351
1574999324,235,234
1574999324,319,318
1574999324,328,327
1574999324,243,242
1574999324,259,258
1574999324,253,252
1574999324,253,252
1574999324,250,249
1574999324,225,224
1574999324,237,236
1574999324,239,238
1574999324,222,221
1574999324,255,254
1574999324,275,274
1574999324,279,278
1574999324,268,267
1574999324,375,374
1574999324,325,324
1574999324,242,241
1574999324,255,254
1574999324,341,340
1574999324,345,344
1574999324,278,277
1574999324,290,289
1574999324,284,283
1574999324,436,435
1574999324,378,377
1574999324,315,314
1574999324,280,279
1574999324,293,292
1574999324,310,309
1574999324,284,283
1574999324,285,284
1574999324,279,278
1574999324,295,294
1574999324,288,287
1574999324,286,285
1574999324,290,289
1574999324,275,274
1574999324,286,285
1574999324,323,322
1574999324,287,286
1574999324,349,348
1574999324,418,417
1574999324,441,440
1574999324,337,336
1574999324,264,263
1574999324,324,323
1574999324,265,264
1574999324,344,343
1574999324,360,359
1574999324,252,251
1574999325,260,259
1574999325,426,425
1574999325,326,325
1574999325,236,235
1574999325,462,461
1574999325,448,447
1574999325,318,317
1574999325,299,298
1574999325,562,561
1574999325,237,236
1574999325,613,612
1574999325,554,554
1574999325,6065,5994
1574999325,405,334
1574999325,506,435
1574999325,548,477
1574999325,609,538
1574999325,560,489
1574999325,528,457
1574999325,410,339
1574999325,295,224
1574999325,259,188
1574999325,109,38
1574999325,405,334
1574999325,723,652
1574999325,870,799
1574999325,749,678
1574999325,883,812
1574999325,713,642
1574999325,786,715
1574999325,30488,30417
1574999325,6056,5985
1574999325,361,290
1574999325,348,277
1574999325,366,295
1574999325,424,353
1574999325,372,301
1574999325,355,284
1574999325,290,219
1574999325,305,234
1574999325,286,215
1574999325,231,160
1574999325,245,174
1574999325,185,114
1574999325,108,37
1574999325,10254,10183
1574999325,340,269
1574999325,368,297
1574999325,376,305
1574999325,358,287
1574999325,380,309
1574999325,616,545
1574999325,530,459
1574999325,837,766
1574999325,608,537
1574999325,772,701
1574999325,582,511
1574999325,203,132
1574999325,109,38
1574999325,5818,5747
1574999325,506,435
1574999325,627,556
1574999325,544,473
1574999325,430,359
1574999325,368,297
1574999325,409,338
1574999325,391,320
1574999325,302,231
1574999325,249,178
1574999325,237,166
1574999325,159,88
1574999325,135,64
1574999325,111,40
1574999325,3190,3119
1574999325,183,112
1574999325,233,162
1574999325,164,93
1574999325,179,108
1574999325,211,140
1574999325,246,175
1574999325,197,126
1574999325,175,104
1574999325,151,80
1574999325,134,63
1574999325,130,59
1574999325,148,77
1574999325,107,36
1574999325,1915,1844
1574999325,169,98
1574999325,152,81
1574999325,111,40
1574999325,126,55
1574999325,125,54
1574999325,128,57
1574999325,112,41
1574999325,113,42
1574999325,110,39
1574999325,122,51
1574999325,116,45
1574999325,155,84
1574999325,106,35
1574999325,2575,2504
1574999325,460,389
1574999325,417,346
1574999325,349,278
1574999325,419,348
1574999325,394,323
1574999325,401,330
1574999325,433,362
1574999325,247,176
1574999325,200,129
1574999325,172,101
1574999325,128,57
1574999325,113,42
1574999325,104,33
1574999325,1447,1376
1574999325,324,253
1574999325,221,150
1574999325,182,111
1574999325,144,73
1574999325,131,60
1574999325,108,37
1574999325,108,37
1574999325,111,40
1574999325,107,36
1574999325,107,36
1574999325,298,227
1574999325,107,36
1574999325,120,49
1574999325,113,42
1574999325,114,43
1574999325,113,42
1574999325,107,36
1574999325,111,40
1574999325,110,39
1574999325,110,39
1574999325,99,28
1574999348,1443,1443
1574999348,910,910
1574999348,89,89
1574999348,106,106
1574999348,86,86
1574999348,79,79
1574999348,79,79
1574999348,69,69
1574999348,67,67
1574999348,67,67
1574999348,61,61
1574999348,57,57
1574999348,52,52
1574999348,632,632
1574999348,61,61
1574999348,74,74
1574999348,50,50
1574999348,68,68
1574999348,68,68
1574999348,70,70
1574999348,73,73
1574999348,66,66
1574999348,60,60
1574999348,51,51
1574999348,59,59
1574999348,99,99
1574999348,47,47
1574999348,2798,2727
1574999348,236,236
1574999348,291,291
1574999348,300,300
1574999348,323,323
1574999348,476,476
1574999348,565,565
1574999348,345,345
1574999348,333,333
1574999348,366,366
1574999348,299,299
1574999348,55,55
1574999348,1140,1140
1574999348,198,198
1574999348,214,214
1574999348,239,239
1574999348,225,225
1574999348,234,234
1574999348,234,234
1574999348,162,162
1574999348,158,87
1574999348,79,79
1574999348,106,106
1574999348,47,47
1574999348,1996,1996
1574999348,125,125
1574999348,142,142
1574999348,147,147
1574999348,184,184
1574999348,147,147
1574999348,151,151
1574999348,154,154
1574999348,229,158
1574999348,139,139
1574999348,184,184
1574999348,46,46
1574999348,5269,5269
1574999348,274,274
1574999348,296,296
1574999348,300,300
1574999348,307,307
1574999348,321,321
1574999348,323,323
1574999348,320,320
1574999348,305,305
1574999348,328,328
1574999348,362,362
1574999348,432,432
1574999348,347,347
1574999348,51,51
1574999348,3413,3413
1574999348,695,695
1574999348,441,441
1574999348,416,416
1574999348,380,380
1574999348,382,382
1574999348,376,376
1574999348,430,430
1574999348,339,339
1574999348,90,90
1574999348,201,201
1574999348,44,44
1574999348,2969,2969
1574999348,363,363
1574999348,309,309
1574999348,560,560
1574999348,687,687
1574999348,391,391
1574999348,409,409
1574999348,445,445
1574999348,369,369
1574999348,320,320
1574999348,203,203
1574999348,55,55
1574999348,3688,3688
1574999348,378,378
1574999348,535,535
1574999348,947,947
1574999348,964,964
1574999348,822,822
1574999348,853,853
1574999348,905,905
1574999348,1139,1139
1574999348,860,860
1574999348,1048,1048
1574999348,47,47
1574999348,4053,4053
1574999348,859,859
1574999348,904,904
1574999348,1183,1183
1574999348,1464,1464
1574999348,2432,2432
1574999348,2657,2657
1574999348,2185,2185
1574999348,1693,1693
1574999348,1353,1353
1574999348,657,657
1574999348,56,56
1574999348,5819,5819
1574999348,419,419
1574999348,1006,1006
1574999348,1398,1398
1574999348,1233,1233
1574999348,1053,1053
1574999348,834,834
1574999348,739,739
1574999348,663,663
1574999348,414,414
1574999348,299,299
1574999348,55,55
1574999348,4986,4986
1574999348,335,335
1574999348,373,373
1574999348,320,320
1574999348,330,330
1574999348,309,309
1574999348,297,297
1574999348,251,251
1574999348,204,204
1574999348,141,141
1574999348,51,51
1574999348,592,592
1574999348,292,221
1574999348,220,220
1574999348,148,148
1574999348,139,139
1574999348,155,155
1574999348,118,118
1574999348,100,100
1574999348,98,98
1574999348,103,103
1574999348,102,102
1574999348,50,50
1574999348,3,3
1574999348,3,3
1574999348,3,3
1574999348,3,3
1574999348,3,3
1574999348,3,3
1574999348,3,3
1574999348,3,3
1574999348,3,3
1574999348,3,3
1574999348,3,3
1574999348,607,607
1574999348,311,311
1574999348,313,313
1574999348,315,315
1574999348,310,310
1574999348,313,313
1574999348,306,306
1574999348,310,310
1574999348,313,313
1574999348,305,305
1574999348,301,301
1574999348,297,297
1574999348,298,298
1574999348,286,286
1574999348,285,285
1574999348,275,275
1574999348,277,277
1574999348,271,271
1574999348,255,255
1574999348,246,246
1574999348,240,240
1574999348,237,237
1574999348,238,238
1574999348,242,242
1574999348,240,240
1574999348,235,235
1574999348,236,236
1574999348,229,229
1574999348,238,238
1574999348,244,244
1574999348,235,235
1574999348,241,241
1574999348,234,234
1574999348,235,235
1574999348,238,238
1574999348,232,232
1574999348,231,231
1574999348,237,237
1574999348,237,237
1574999348,232,232
1574999348,234,234
1574999348,225,225
1574999348,226,226
1574999348,226,226
1574999348,220,220
1574999348,220,220
1574999348,228,228
1574999348,225,225
1574999348,237,237
1574999348,240,240
1574999348,240,240
1574999348,244,244
1574999348,246,246
1574999348,243,243
1574999348,240,240
1574999348,236,236
1574999348,235,235
1574999348,239,239
1574999348,243,243
1574999348,240,240
1574999348,234,234
1574999348,236,236
1574999348,249,249
1574999348,241,241
1574999348,243,243
1574999348,253,253
1574999348,262,262
1574999348,267,267
1574999348,265,265
1574999348,267,267
1574999348,262,262
1574999348,254,254
1574999348,244,244
1574999348,259,259
1574999348,255,255
1574999348,260,260
1574999348,258,258
1574999348,255,255
1574999348,260,260
1574999348,262,262
1574999348,266,266
1574999348,276,276
1574999348,278,278
1574999348,283,283
1574999348,277,277
1574999348,285,285
1574999348,287,287
1574999348,289,289
1574999348,278,278
1574999348,276,276
1574999348,241,241
1574999348,239,239
1574999348,240,240
1574999348,234,234
1574999348,290,290
1574999348,231,231
1574999348,240,240
1574999348,242,242
1574999348,241,241
1574999348,248,248
1574999348,238,238
1574999348,377,377
1574999348,267,267
1574999348,248,248
1574999348,246,246
1574999348,232,232
1574999348,242,242
1574999348,245,245
1574999348,375,375
1574999348,252,252
1574999348,256,256
1574999348,252,252
1574999348,250,250
1574999348,378,378
1574999348,264,264
1574999348,260,260
1574999348,248,248
1574999348,243,243
1574999348,238,238
1574999348,235,235
1574999348,224,224
1574999348,224,224
1574999348,218,218
1574999348,370,370
1574999348,264,264
1574999348,251,251
1574999348,242,242
1574999348,277,277
1574999348,240,240
1574999348,239,239
1574999348,238,238
1574999348,264,264
1574999348,268,268
1574999348,392,392
1574999348,258,258
1574999348,245,245
1574999348,292,292
1574999348,342,342
1574999348,291,291
1574999348,221,221
1574999348,389,389
1574999348,324,324
1574999348,251,251
1574999348,240,240
1574999348,222,222
1574999348,225,225
1574999348,256,256
1574999348,266,266
1574999348,269,269
1574999348,307,307
1574999348,285,285
1574999348,474,474
1574999348,224,224
1574999348,238,238
1574999348,242,242
1574999348,262,262
1574999348,257,257
1574999348,266,266
1574999348,265,265
1574999348,263,263
1574999348,263,263
1574999348,265,265
1574999348,333,333
1574999348,294,294
1574999348,221,221
1574999348,225,225
1574999348,233,233
1574999348,260,260
1574999348,228,228
1574999348,233,233
1574999348,244,244
1574999348,243,243
1574999348,255,255
1574999348,283,283
1574999348,262,262
1574999348,295,295
1574999348,239,239
1574999348,230,230
1574999348,243,243
1574999348,246,246
1574999348,239,239
1574999348,251,251
1574999348,252,251
1574999348,252,251
1574999348,254,253
1574999348,257,256
1574999348,306,305
1574999348,427,426
1574999348,238,237
1574999348,234,233
1574999348,249,248
1574999348,261,260
1574999348,281,280
1574999348,267,266
1574999348,266,265
1574999348,275,274
1574999348,288,287
1574999348,271,270
1574999348,464,463
1574999348,232,231
1574999348,240,239
1574999348,243,242
1574999348,266,265
1574999348,254,253
1574999348,242,241
1574999348,251,250
1574999348,248,247
1574999348,263,262
1574999348,260,259
1574999348,251,250
1574999348,245,244
1574999348,237,236
1574999348,226,225
1574999348,228,227
1574999348,237,236
1574999348,232,231
1574999348,239,238
1574999348,233,232
1574999348,241,240
1574999348,246,245
1574999348,242,241
1574999348,263,262
1574999348,284,283
1574999348,283,282
1574999348,276,275
1574999348,269,268
1574999348,277,276
1574999348,279,278
1574999348,279,278
1574999348,271,270
1574999348,267,266
1574999348,269,268
1574999348,270,269
1574999348,288,287
1574999348,249,248
1574999348,251,250
1574999348,249,248
1574999348,234,233
1574999348,232,231
1574999348,233,232
1574999348,242,241
1574999348,239,238
1574999348,236,235
