1575003326,5362,5362
1575003326,5226,5226
1575003326,34,34
1575003326,62,62
1575003326,63,63
1575003326,77,77
1575003326,279,279
1575003326,549,549
1575003326,755,755
1575003326,853,782
1575003326,599,599
1575003326,526,455
1575003326,277,277
1575003326,235,235
1575003326,40,40
1575003326,3533,3533
1575003326,128,128
1575003326,131,131
1575003326,128,128
1575003326,95,95
1575003326,101,101
1575003326,105,105
1575003326,92,92
1575003326,99,99
1575003326,103,103
1575003326,88,88
1575003326,82,82
1575003326,71,71
1575003326,34,34
1575003326,1993,1993
1575003326,61,61
1575003326,51,51
1575003326,52,52
1575003326,54,54
1575003326,70,70
1575003326,62,62
1575003326,68,68
1575003326,69,69
1575003326,69,69
1575003326,63,63
1575003326,64,64
1575003326,56,56
1575003326,41,41
1575003326,4155,4155
1575003326,158,158
1575003326,188,188
1575003326,151,151
1575003326,152,152
1575003326,140,140
1575003326,196,196
1575003326,174,174
1575003326,190,190
1575003326,173,173
1575003326,130,130
1575003326,116,116
1575003326,66,66
1575003326,43,43
1575003326,1830,1830
1575003326,164,93
1575003326,177,106
1575003326,173,102
1575003326,182,111
1575003326,176,105
1575003326,209,138
1575003326,234,163
1575003326,279,208
1575003326,521,450
1575003326,440,369
1575003326,385,314
1575003326,155,84
1575003326,111,40
1575003326,1002,931
1575003326,210,139
1575003326,189,118
1575003326,192,121
1575003326,169,98
1575003326,151,80
1575003326,151,80
1575003326,123,52
1575003326,129,58
1575003326,132,61
1575003326,121,50
1575003326,118,47
1575003326,113,42
1575003326,108,37
1575003326,2647,2576
1575003326,116,45
1575003326,117,46
1575003326,118,47
1575003326,134,63
1575003326,124,53
1575003326,258,187
1575003326,238,167
1575003326,193,122
1575003326,167,96
1575003326,107,36
1575003326,362,291
1575003326,653,582
1575003326,714,643
1575003326,655,584
1575003326,483,412
1575003326,582,511
1575003326,652,581
1575003326,833,762
1575003326,997,926
1575003326,22121,0
1575003326,4394,0
1575003326,51,0
1575003326,52,0
1575003326,69,0
1575003326,74,0
1575003326,107,0
1575003326,107,0
1575003326,92,0
1575003326,100,0
1575003326,77,0
1575003326,69,0
1575003326,59,0
1575003326,55,0
1575003326,49,0
1575003326,48,0
1575003326,36,0
1575003326,3776,0
1575003326,208,0
1575003326,188,0
1575003326,129,0
1575003326,103,0
1575003326,127,0
1575003326,80,0
1575003326,73,0
1575003326,85,0
1575003326,72,0
1575003326,65,0
1575003326,65,0
1575003326,54,0
1575003326,33,0
1575003326,3386,0
1575003326,78,0
1575003326,108,0
1575003326,112,0
1575003326,97,0
1575003326,90,0
1575003326,92,0
1575003326,70,0
1575003326,66,0
1575003326,52,0
1575003326,33,0
1575003326,1937,0
1575003326,80,0
1575003326,89,0
1575003326,117,0
1575003326,144,0
1575003326,108,0
1575003326,91,0
1575003326,89,0
1575003326,100,0
1575003326,93,0
1575003326,74,0
1575003326,60,0
1575003326,36,0
1575003326,3,3
1575003326,623,623
1575003326,611,611
1575003326,425,425
1575003326,313,313
1575003326,307,307
1575003326,299,299
1575003326,298,298
1575003326,294,294
1575003326,293,293
1575003326,292,292
1575003326,287,287
1575003326,286,286
1575003326,304,304
1575003326,316,316
1575003326,290,290
1575003326,271,271
1575003326,276,276
1575003326,263,263
1575003326,249,249
1575003326,388,388
1575003326,369,369
1575003326,354,354
1575003326,228,228
1575003326,216,216
1575003326,217,217
1575003326,216,216
1575003326,215,215
1575003326,215,215
1575003326,216,216
1575003326,214,214
1575003326,227,227
1575003326,231,231
1575003326,221,221
1575003326,212,212
1575003326,214,214
1575003326,234,234
1575003326,243,243
1575003326,248,248
1575003326,241,241
1575003326,251,251
1575003326,240,240
1575003326,262,262
1575003326,238,238
1575003326,249,248
1575003326,241,241
1575003326,252,252
1575003326,255,255
1575003326,256,256
1575003326,258,258
1575003326,266,266
1575003326,253,253
1575003326,245,245
1575003326,264,264
1575003326,274,274
1575003326,282,282
1575003326,328,328
1575003326,465,465
1575003326,429,429
1575003326,221,221
1575003326,194,194
1575003326,197,197
1575003326,203,203
1575003326,199,199
1575003326,189,189
1575003326,206,206
1575003326,192,192
1575003326,194,194
1575003326,199,199
1575003326,214,214
1575003326,243,243
1575003326,479,478
1575003326,466,466
1575003326,378,378
1575003326,230,230
1575003326,257,257
1575003326,253,253
1575003326,273,273
1575003326,291,291
1575003326,264,264
1575003326,265,265
1575003326,263,263
1575003326,287,287
1575003326,274,274
1575003326,448,448
1575003326,303,303
1575003326,322,322
1575003326,262,262
1575003326,338,338
1575003326,246,246
1575003326,248,248
1575003326,237,237
1575003326,251,251
1575003326,251,251
1575003326,246,246
1575003326,226,226
1575003326,224,224
1575003326,235,235
1575003326,218,218
1575003326,226,226
1575003326,218,218
1575003326,224,224
1575003326,230,230
1575003326,230,230
1575003326,229,229
1575003326,235,235
1575003326,225,225
1575003326,224,224
1575003326,217,217
1575003326,214,214
1575003326,217,217
1575003326,221,221
1575003326,222,222
1575003326,216,216
1575003326,216,216
1575003326,217,217
1575003326,216,216
1575003326,357,357
1575003326,389,389
1575003326,212,212
1575003326,215,215
1575003326,224,224
1575003326,223,223
1575003326,223,223
1575003326,222,222
1575003326,216,216
1575003326,229,229
1575003326,216,216
1575003326,214,214
1575003326,219,219
1575003326,234,234
1575003326,217,217
1575003326,215,215
1575003326,243,243
1575003326,264,264
1575003326,272,272
1575003326,244,244
1575003326,236,236
1575003326,234,234
1575003326,236,236
1575003326,222,222
1575003326,224,224
1575003326,222,222
1575003326,225,225
1575003326,224,224
1575003326,231,231
1575003326,238,238
1575003326,233,233
1575003326,248,248
1575003326,227,227
1575003326,227,227
1575003326,230,230
1575003326,225,224
1575003326,218,218
1575003326,227,227
1575003326,213,213
1575003326,223,223
1575003326,220,220
1575003326,223,223
1575003326,218,218
1575003326,215,215
1575003326,217,217
1575003326,216,216
1575003326,227,227
1575003326,223,223
1575003326,224,224
1575003326,223,223
1575003326,230,230
1575003326,232,232
1575003326,230,230
1575003326,219,219
1575003326,215,215
1575003326,216,216
1575003326,215,215
1575003326,215,215
1575003326,214,214
1575003326,215,215
1575003326,215,215
1575003326,217,217
1575003326,217,217
1575003326,216,216
1575003326,215,215
1575003326,215,215
1575003326,215,215
1575003326,219,219
1575003326,236,236
1575003326,246,246
1575003326,236,236
1575003326,239,239
1575003326,393,393
1575003326,257,257
1575003326,251,251
1575003326,254,254
1575003326,264,264
1575003326,262,262
1575003326,238,238
1575003326,252,252
1575003326,263,263
1575003326,241,241
1575003326,248,248
1575003326,255,255
1575003326,258,258
1575003326,252,252
1575003326,275,275
1575003326,297,297
1575003326,264,264
1575003326,259,259
1575003326,269,269
1575003326,260,260
1575003326,273,273
1575003326,294,294
1575003326,271,271
1575003326,268,268
1575003326,285,285
1575003326,313,312
1575003326,289,289
1575003326,280,280
1575003326,289,289
1575003326,284,284
1575003326,272,272
1575003326,282,282
1575003326,269,269
1575003326,278,278
1575003326,258,258
1575003326,261,261
1575003326,246,246
1575003326,241,241
1575003326,245,245
1575003326,260,260
1575003326,260,260
1575003326,260,260
1575003326,275,275
1575003326,285,285
1575003326,277,277
1575003326,273,273
1575003326,276,276
1575003326,281,281
1575003326,278,278
1575003326,280,280
1575003326,278,277
1575003326,271,270
1575003326,271,270
1575003326,283,282
1575003326,281,280
1575003326,281,280
1575003326,279,278
1575003326,278,277
1575003326,279,278
1575003327,293,292
1575003327,287,286
1575003327,292,291
1575003327,289,288
1575003327,283,282
1575003327,292,291
1575003327,277,276
1575003327,296,295
1575003327,290,289
1575003327,307,306
1575003327,300,299
1575003327,298,297
1575003327,298,297
1575003327,302,301
1575003327,300,299
1575003327,289,288
1575003327,287,286
1575003327,297,296
1575003327,278,277
1575003327,287,286
1575003327,397,396
1575003327,282,281
1575003327,284,283
1575003327,374,373
1575003327,314,313
1575003327,281,280
1575003327,279,278
1575003327,355,354
1575003327,279,278
1575003327,285,284
1575003327,279,278
1575003327,303,302
1575003327,328,327
1575003327,457,456
1575003327,278,277
1575003327,270,269
1575003327,274,273
1575003327,269,268
1575003327,270,269
1575003327,320,319
1575003327,323,322
1575003327,263,262
1575003327,383,382
1575003327,282,281
1575003327,275,274
1575003327,270,269
1575003327,515,514
1575003327,498,497
1575003327,335,334
1575003327,279,278
1575003327,282,281
1575003327,273,272
1575003327,279,278
1575003327,283,282
1575003327,281,280
1575003327,280,279
1575003327,283,282
1575003327,565,564
1575003327,288,287
1575003327,291,290
1575003327,296,295
1575003327,289,288
1575003327,295,294
1575003327,294,293
1575003327,286,285
1575003327,273,272
1575003327,283,282
1575003327,287,286
1575003327,284,283
1575003327,291,290
1575003327,276,275
1575003327,297,296
1575003327,282,281
1575003327,295,294
1575003327,304,303
1575003327,301,300
1575003327,299,298
1575003327,293,292
1575003327,282,281
1575003327,282,281
1575003327,278,277
1575003327,292,291
1575003327,286,285
1575003327,285,284
1575003327,294,293
1575003327,295,294
1575003327,290,289
1575003327,289,288
1575003327,275,274
1575003327,270,269
1575003327,273,272
1575003327,280,279
1575003327,279,278
1575003327,279,278
1575003327,277,276
1575003327,268,267
1575003327,261,260
1575003327,272,271
1575003327,259,258
1575003327,261,260
1575003327,268,267
1575003327,284,283
1575003327,295,294
1575003327,285,284
1575003327,279,278
1575003327,303,302
1575003327,284,283
1575003327,281,280
1575003327,292,291
1575003327,287,286
1575003327,283,282
1575003327,275,274
1575003327,277,276
1575003327,263,262
1575003327,257,256
1575003327,248,247
1575003327,259,258
1575003327,276,275
1575003327,288,287
1575003327,271,270
1575003327,273,272
1575003327,276,275
1575003327,275,274
1575003327,447,446
1575003327,268,267
1575003327,269,268
1575003327,272,271
1575003327,280,279
1575003327,281,280
1575003327,393,392
1575003327,279,278
1575003327,285,284
1575003327,274,273
1575003327,280,279
1575003327,272,271
1575003327,270,269
1575003327,268,267
1575003327,278,277
1575003327,276,275
1575003327,275,274
1575003327,285,284
1575003327,289,288
1575003327,281,280
1575003327,276,275
1575003327,252,251
1575003327,274,273
1575003327,283,282
1575003327,298,297
1575003327,287,286
1575003327,298,297
1575003327,330,329
1575003327,284,283
1575003327,287,286
1575003327,290,289
1575003327,292,291
1575003327,292,291
1575003327,285,284
1575003327,291,290
1575003327,296,295
1575003327,446,445
1575003327,410,409
1575003327,267,266
1575003327,263,262
1575003327,278,277
1575003327,280,279
1575003327,263,262
1575003327,381,380
1575003327,429,428
1575003327,273,272
1575003327,278,277
1575003327,277,276
1575003327,295,294
1575003327,598,597
1575003327,438,437
1575003327,275,274
1575003327,286,285
1575003327,285,284
1575003327,278,277
1575003327,283,282
1575003327,337,336
1575003327,275,274
1575003327,286,285
1575003327,292,291
1575003327,350,349
1575003327,280,279
1575003327,279,278
1575003327,280,279
1575003327,289,288
1575003327,290,289
1575003327,285,284
1575003327,295,294
1575003327,289,288
1575003327,293,292
1575003327,290,289
1575003327,295,294
1575003327,282,281
1575003327,280,279
1575003327,569,568
1575003327,249,248
1575003327,241,240
1575003327,240,239
1575003327,245,244
1575003327,237,236
1575003327,234,233
1575003327,259,258
1575003327,436,435
1575003327,404,403
1575003327,251,250
1575003327,318,317
1575003327,256,255
1575003327,262,261
1575003327,416,415
1575003327,262,261
1575003327,481,480
1575003327,364,363
1575003327,364,363
1575003327,324,323
1575003327,247,246
1575003327,257,256
1575003327,268,267
1575003327,269,268
1575003327,606,605
1575003327,296,295
1575003327,295,294
1575003327,328,327
1575003327,269,268
1575003327,271,270
1575003327,474,473
1575003327,273,272
1575003327,272,271
1575003327,279,278
1575003327,288,287
1575003327,292,291
1575003327,292,291
1575003327,292,291
1575003327,283,282
1575003327,281,280
1575003328,21712,0
1575003328,3416,0
1575003328,110,0
1575003328,109,0
1575003328,136,0
1575003328,164,0
1575003328,172,0
1575003328,179,0
1575003328,166,0
1575003328,143,0
1575003328,110,0
1575003328,98,0
1575003328,90,0
1575003328,68,0
1575003328,34,0
1575003328,4901,0
1575003328,100,0
1575003328,120,0
1575003328,183,0
1575003328,164,0
1575003328,137,0
1575003328,151,0
1575003328,128,0
1575003328,135,0
1575003328,107,0
1575003328,98,0
1575003328,91,0
1575003328,65,0
1575003328,36,0
1575003328,5361,0
1575003328,113,0
1575003328,139,0
1575003328,198,0
1575003328,163,0
1575003328,164,0
1575003328,143,0
1575003328,150,0
1575003328,144,0
1575003328,134,0
1575003328,108,0
1575003328,109,0
1575003328,81,0
1575003328,38,0
1575003328,5860,0
1575003328,154,0
1575003328,184,0
1575003328,209,0
1575003328,213,0
1575003328,210,0
1575003328,154,0
1575003328,201,0
1575003328,184,0
1575003328,155,0
1575003328,133,0
1575003328,127,0
1575003328,91,0
1575003328,34,0
1575003328,7114,0
1575003328,247,0
1575003328,284,0
1575003328,387,0
1575003328,479,0
1575003328,432,0
1575003328,440,0
1575003328,468,0
1575003328,459,0
1575003328,426,0
1575003328,482,0
1575003328,445,0
1575003328,379,0
1575003328,44,0
1575003328,7627,0
1575003328,550,0
1575003328,556,0
1575003328,599,0
1575003328,587,0
1575003328,589,0
1575003328,572,0
1575003328,498,0
1575003328,456,0
1575003328,410,0
1575003328,372,0
1575003328,288,0
1575003328,199,0
1575003328,41,0
1575003328,6313,0
1575003328,214,0
1575003328,254,0
1575003328,246,0
1575003328,261,0
1575003328,285,0
1575003328,231,0
1575003328,229,0
1575003328,195,0
1575003328,193,0
1575003328,146,0
1575003328,124,0
1575003328,146,0
1575003328,39,0
1575003328,6055,0
1575003328,259,0
1575003328,344,0
1575003328,410,0
1575003328,459,0
1575003328,331,0
1575003328,647,0
1575003328,595,0
1575003328,634,0
1575003328,632,0
1575003328,611,0
1575003328,461,0
1575003328,349,0
1575003328,38,0
1575003328,5439,0
1575003328,406,0
1575003328,394,0
1575003328,401,0
1575003328,353,0
1575003328,385,0
1575003328,287,0
1575003328,294,0
1575003328,280,0
1575003328,324,0
1575003328,338,0
1575003328,271,0
1575003328,177,0
1575003328,40,0
1575003328,3983,0
1575003328,235,0
1575003328,278,0
1575003328,288,0
1575003328,250,0
1575003328,235,0
1575003328,230,0
1575003328,202,0
1575003328,150,0
1575003328,110,0
1575003328,39,0
1575003328,2815,0
1575003328,228,0
1575003328,302,0
1575003328,275,0
1575003328,187,0
1575003328,187,0
1575003328,147,0
1575003328,158,0
1575003328,151,0
1575003328,137,0
1575003328,108,0
1575003328,38,0
1575003328,12763,0
1575003328,6863,0
1575003328,521,0
1575003328,581,0
1575003328,617,0
1575003328,610,0
1575003328,459,0
1575003328,540,0
1575003328,478,0
1575003328,489,0
1575003328,416,0
1575003328,380,0
1575003328,284,0
1575003328,159,0
1575003328,54,0
1575003328,7156,0
1575003328,266,0
1575003328,253,0
1575003328,377,0
1575003328,430,0
1575003328,360,0
1575003328,390,0
1575003328,344,0
1575003328,430,0
1575003328,348,0
1575003328,390,0
1575003328,223,0
1575003328,135,0
1575003328,47,0
1575003328,5022,0
1575003328,160,0
1575003328,198,0
1575003328,235,0
1575003328,352,0
1575003328,228,0
1575003328,219,0
1575003328,173,0
1575003328,139,0
1575003328,180,0
1575003328,143,0
1575003328,167,0
1575003328,108,0
1575003328,44,0
1575003328,4509,0
1575003328,128,0
1575003328,134,0
1575003328,179,0
1575003328,192,0
1575003328,207,0
1575003328,139,0
1575003328,129,0
1575003328,251,0
1575003328,114,0
1575003328,139,0
1575003328,107,0
1575003328,78,0
1575003328,40,0
1575003328,4366,0
1575003328,309,0
1575003328,174,0
1575003328,165,0
1575003328,278,0
1575003328,187,0
1575003328,178,0
1575003328,174,0
1575003328,279,0
1575003328,234,0
1575003328,203,0
1575003328,160,0
1575003328,96,0
1575003328,46,0
1575003328,4379,0
1575003328,335,0
1575003328,332,0
1575003328,352,0
1575003328,362,0
1575003328,398,0
1575003328,395,0
1575003328,320,0
1575003328,313,0
1575003328,224,0
1575003328,159,0
1575003328,154,0
1575003328,90,0
1575003328,39,0
1575003328,4821,0
1575003328,86,0
1575003328,188,0
1575003328,182,0
1575003328,112,0
1575003328,150,0
1575003328,116,0
1575003328,125,0
1575003328,126,0
1575003328,142,0
1575003328,98,0
1575003328,89,0
1575003328,83,0
1575003328,40,0
1575003328,4679,0
1575003328,129,0
1575003328,178,0
1575003328,217,0
1575003328,246,0
1575003328,228,0
1575003328,267,0
1575003328,275,0
1575003328,239,0
1575003328,227,0
1575003328,177,0
1575003328,145,0
1575003328,108,0
1575003328,38,0
1575003328,5335,0
1575003328,227,0
1575003328,333,0
1575003328,360,0
1575003328,361,0
1575003328,409,0
1575003328,341,0
1575003328,326,0
1575003328,278,0
1575003328,227,0
1575003328,205,0
1575003328,172,0
1575003328,120,0
1575003328,43,0
1575003328,4324,0
1575003328,246,0
1575003328,259,0
1575003328,215,0
1575003328,193,0
1575003328,168,0
1575003328,186,0
1575003328,157,0
1575003328,90,0
1575003328,77,0
1575003328,42,0
1575003328,4074,0
1575003328,215,0
1575003328,233,0
1575003328,249,0
1575003328,233,0
1575003328,238,0
1575003328,244,0
1575003328,195,0
1575003328,115,0
1575003328,166,0
1575003328,95,0
1575003328,47,0
1575003328,9807,0
1575003328,5837,0
1575003328,290,0
1575003328,317,0
1575003328,373,0
1575003328,415,0
1575003328,509,0
1575003328,458,0
1575003328,477,0
1575003328,383,0
1575003328,273,0
1575003328,51,0
1575003328,4667,0
1575003328,521,0
1575003328,407,0
1575003328,394,0
1575003328,449,0
1575003328,502,0
1575003328,506,0
1575003328,392,0
1575003328,363,0
1575003328,270,0
1575003328,210,0
1575003328,152,0
1575003328,46,0
1575003328,11059,0
1575003328,2542,0
1575003328,189,0
1575003328,169,0
1575003328,144,0
1575003328,154,0
1575003328,121,0
1575003328,144,0
1575003328,131,0
1575003328,125,0
1575003328,145,0
1575003328,154,0
1575003328,172,0
1575003328,197,0
1575003328,153,0
1575003328,137,0
1575003328,47,0
1575003328,2870,0
1575003328,213,0
1575003328,236,0
1575003328,297,0
1575003328,355,0
1575003328,323,0
1575003328,273,0
1575003328,244,0
1575003328,222,0
1575003328,240,0
1575003328,257,0
1575003328,171,0
1575003328,128,0
1575003328,35,0
1575003328,4352,0
1575003328,255,0
1575003328,349,0
1575003328,459,0
1575003328,418,0
1575003328,577,0
1575003328,548,0
1575003328,585,0
1575003328,628,0
1575003328,605,0
1575003328,526,0
1575003328,485,0
1575003328,406,0
1575003328,44,0
1575003328,5360,0
1575003328,797,0
1575003328,790,0
1575003328,734,0
1575003328,666,0
1575003328,478,0
1575003328,533,0
1575003328,451,0
1575003328,477,0
1575003328,435,0
1575003328,420,0
1575003328,274,0
1575003328,186,0
1575003328,38,0
1575003328,5201,0
1575003328,515,0
1575003328,1091,0
1575003328,1048,0
1575003328,999,0
1575003328,1090,0
1575003328,927,0
1575003328,806,0
1575003328,697,0
1575003328,592,0
1575003328,424,0
1575003328,292,0
1575003328,166,0
1575003328,38,0
1575003328,4620,0
1575003328,348,0
1575003328,312,0
1575003328,373,0
1575003328,405,0
1575003328,364,0
1575003328,454,0
1575003328,413,0
1575003328,438,0
1575003328,338,0
1575003328,336,0
1575003328,303,0
1575003328,173,0
1575003328,44,0
1575003328,4025,0
1575003328,515,0
1575003328,483,0
1575003328,502,0
1575003328,501,0
1575003328,493,0
1575003328,460,0
1575003328,386,0
1575003328,396,0
1575003328,359,0
1575003328,404,0
1575003328,379,0
1575003328,279,0
1575003328,45,0
1575003328,6004,0
1575003328,541,0
1575003328,555,0
1575003328,590,0
1575003328,976,0
1575003328,1031,0
1575003328,1150,0
1575003328,1337,0
1575003328,1249,0
1575003328,1154,0
1575003328,938,0
1575003328,54,0
1575003328,6337,0
1575003328,1378,0
1575003328,1066,0
1575003328,1339,0
1575003328,1227,0
1575003328,280,279
1575003328,278,277
1575003328,272,271
1575003328,277,276
1575003328,288,287
1575003328,294,293
1575003328,293,292
1575003328,289,288
1575003328,281,280
1575003328,278,277
1575003328,276,275
1575003328,279,278
1575003328,291,290
1575003328,284,283
1575003328,278,277
1575003328,280,279
1575003328,290,289
1575003328,295,294
1575003328,296,295
1575003328,319,318
1575003328,322,321
1575003328,306,305
1575003328,304,303
1575003328,309,308
1575003328,303,302
1575003328,287,286
1575003328,290,289
1575003328,294,293
1575003328,292,291
1575003328,295,294
1575003328,305,304
1575003328,304,303
1575003328,299,298
1575003328,294,293
1575003328,289,288
1575003328,294,293
1575003328,300,299
1575003328,297,296
1575003328,305,304
1575003328,297,296
1575003328,292,291
1575003328,293,292
1575003328,299,298
1575003328,281,280
1575003328,332,331
1575003328,339,338
1575003328,282,281
1575003328,279,278
1575003328,291,290
1575003328,285,284
1575003328,285,284
1575003328,295,294
1575003328,301,300
1575003328,288,287
1575003328,292,291
1575003328,296,295
1575003328,291,290
1575003328,293,292
1575003328,284,283
1575003328,420,419
1575003328,282,281
1575003328,281,280
1575003328,284,283
1575003328,286,285
1575003328,286,285
1575003328,286,285
1575003328,282,281
1575003328,403,402
1575003328,282,281
1575003328,295,294
1575003328,287,286
1575003328,299,298
1575003328,291,290
1575003328,287,286
1575003328,291,290
1575003328,295,294
1575003328,293,292
1575003328,296,295
1575003328,283,282
1575003328,314,313
1575003328,289,288
1575003328,301,300
1575003328,296,295
1575003328,284,283
1575003328,289,288
1575003328,295,294
1575003328,294,293
1575003328,294,293
1575003328,295,294
1575003328,303,302
1575003328,309,308
1575003328,311,310
1575003328,310,309
1575003328,480,479
1575003328,249,248
1575003328,234,233
1575003328,250,249
1575003328,266,265
1575003328,250,249
1575003328,265,264
1575003328,257,256
1575003328,254,253
1575003328,249,248
1575003328,257,256
1575003328,276,275
1575003328,274,273
1575003328,280,279
1575003328,272,271
1575003328,278,277
1575003328,293,292
1575003328,288,287
1575003328,284,283
1575003328,288,287
1575003328,281,280
1575003328,296,295
1575003328,544,543
1575003328,307,306
1575003328,296,295
1575003328,294,293
1575003328,306,305
1575003328,310,309
1575003328,298,297
1575003328,292,291
1575003328,284,283
1575003328,291,290
1575003328,285,284
1575003328,284,283
1575003328,288,287
1575003328,288,287
1575003328,294,293
1575003328,344,343
1575003328,291,290
1575003328,278,277
1575003328,278,277
1575003328,272,271
1575003328,282,281
1575003328,296,295
1575003328,298,297
1575003328,299,298
1575003328,299,298
1575003328,298,297
1575003328,288,287
1575003328,410,409
1575003328,308,307
1575003328,331,330
1575003328,317,316
1575003328,303,302
1575003328,303,302
1575003328,308,307
1575003328,286,285
1575003328,288,287
1575003328,285,284
1575003328,299,298
1575003328,289,288
1575003328,287,286
1575003328,283,282
1575003328,270,269
1575003328,273,272
1575003328,268,267
1575003328,275,274
1575003328,268,267
1575003328,263,262
1575003328,276,275
1575003328,272,271
1575003328,273,272
1575003328,280,279
1575003328,275,274
1575003328,277,276
1575003328,281,280
1575003328,294,293
1575003328,302,301
1575003328,284,283
1575003328,285,284
1575003328,282,281
1575003328,282,281
1575003328,289,288
1575003328,284,283
1575003328,317,316
1575003328,294,293
1575003328,283,282
1575003328,302,301
1575003328,302,301
1575003328,295,294
1575003328,285,284
1575003328,285,284
1575003328,287,286
1575003328,374,373
1575003328,290,289
1575003328,291,290
1575003328,289,288
1575003328,295,294
1575003328,299,298
1575003328,300,299
1575003328,308,307
1575003328,313,312
1575003328,309,308
1575003328,308,307
1575003328,308,307
1575003328,310,309
1575003328,319,318
1575003328,307,306
1575003328,301,300
1575003328,288,287
1575003328,291,290
1575003328,293,292
1575003328,294,293
1575003328,302,301
1575003328,301,300
1575003328,298,297
1575003328,297,296
1575003328,301,300
1575003328,301,300
1575003328,303,302
1575003328,309,308
1575003328,317,316
1575003328,302,301
1575003328,299,298
1575003328,463,462
1575003328,310,309
1575003328,312,311
1575003328,315,314
1575003328,319,318
1575003328,320,319
1575003328,308,307
1575003328,295,294
1575003328,300,299
1575003328,307,306
1575003328,302,301
1575003328,301,300
1575003328,296,295
1575003328,292,291
1575003328,300,299
1575003328,353,352
1575003328,320,319
1575003328,318,317
1575003328,307,306
1575003328,297,296
1575003328,302,301
1575003328,309,308
1575003328,320,319
1575003328,312,311
1575003328,355,354
1575003328,304,303
1575003328,304,303
1575003328,318,317
1575003328,311,310
1575003328,349,348
1575003328,297,296
1575003328,288,287
1575003328,290,289
1575003328,296,295
1575003328,291,290
1575003328,293,292
1575003328,291,290
1575003328,298,297
1575003328,290,289
1575003328,292,291
1575003328,464,463
1575003328,322,321
1575003328,309,308
1575003328,316,315
1575003328,322,321
1575003328,327,326
1575003328,316,315
1575003328,313,312
1575003328,304,303
1575003328,317,316
1575003328,320,319
1575003328,292,291
1575003328,293,292
1575003328,295,294
1575003328,286,285
1575003328,361,360
1575003328,317,316
1575003328,300,299
1575003328,294,293
1575003328,298,297
1575003328,443,442
1575003328,319,318
1575003328,322,321
1575003328,306,305
1575003328,341,340
1575003328,298,297
1575003328,293,292
1575003328,321,320
1575003328,310,309
1575003328,301,300
1575003328,295,294
1575003328,290,289
1575003328,298,297
1575003328,301,300
1575003328,289,288
1575003328,295,294
1575003328,298,297
1575003328,319,318
1575003328,339,338
1575003328,352,351
1575003328,284,283
1575003328,289,288
1575003328,295,294
1575003328,297,296
1575003328,293,292
1575003328,285,284
1575003328,279,278
1575003328,277,276
1575003328,280,279
1575003328,268,267
1575003328,264,263
1575003328,271,270
1575003328,273,272
1575003328,269,268
1575003328,268,267
1575003328,268,267
1575003328,265,264
1575003328,272,271
1575003328,270,269
1575003328,287,286
1575003328,279,278
1575003328,267,266
1575003328,268,267
1575003328,273,272
1575003328,276,275
1575003328,281,280
1575003328,264,263
1575003328,262,261
1575003328,250,249
1575003328,253,252
1575003328,261,260
1575003328,259,258
1575003328,253,252
1575003328,258,257
1575003328,255,254
1575003328,260,259
1575003328,264,263
1575003328,276,275
1575003328,247,246
1575003328,253,252
1575003328,260,259
1575003328,279,278
1575003328,254,253
1575003328,280,279
1575003328,260,259
1575003328,264,263
1575003328,265,264
1575003328,269,268
1575003328,284,283
1575003328,294,293
1575003328,272,271
1575003328,265,264
1575003328,257,256
1575003328,255,254
1575003328,272,271
1575003328,263,262
1575003328,243,242
1575003328,230,229
1575003328,251,250
1575003328,231,230
1575003328,231,230
1575003328,225,224
1575003328,232,231
1575003328,224,223
1575003328,221,220
1575003328,245,244
1575003328,238,237
1575003328,233,232
1575003328,228,227
1575003328,226,225
1575003328,241,240
1575003328,229,228
1575003328,221,220
1575003328,235,234
1575003328,225,224
1575003328,233,232
1575003328,227,226
1575003328,217,216
1575003328,222,221
1575003328,217,216
1575003328,229,228
1575003328,218,217
1575003328,247,246
1575003328,220,219
1575003328,247,246
1575003328,224,223
1575003328,216,215
1575003328,216,215
1575003328,220,219
1575003328,273,272
1575003328,230,229
1575003328,315,314
1575003328,225,224
1575003328,220,219
1575003328,231,230
1575003328,228,227
1575003328,224,223
1575003328,217,216
1575003328,218,217
1575003328,331,330
1575003328,217,216
1575003328,226,225
1575003328,223,222
1575003328,219,218
1575003328,221,220
1575003328,224,223
1575003328,226,225
1575003328,325,324
1575003328,225,224
1575003328,220,219
1575003328,219,218
1575003328,222,221
1575003328,226,225
1575003328,230,229
1575003328,231,230
1575003328,225,224
1575003328,222,221
1575003328,219,218
1575003328,224,223
1575003328,227,226
1575003328,244,243
1575003328,253,252
1575003328,251,250
1575003328,249,248
1575003328,263,262
1575003328,306,305
1575003328,242,241
1575003328,246,245
1575003328,234,233
1575003328,225,224
1575003328,227,226
1575003328,220,219
1575003328,223,222
1575003328,220,219
1575003328,223,222
1575003328,218,217
1575003328,227,226
1575003328,235,234
1575003328,238,237
1575003328,247,246
1575003328,258,257
1575003328,241,240
1575003328,239,238
1575003328,228,227
1575003328,229,228
1575003328,231,230
1575003328,236,235
1575003328,238,237
1575003328,226,225
1575003328,228,227
1575003328,230,229
1575003328,242,241
1575003328,223,222
1575003328,216,215
1575003328,235,234
1575003328,239,238
1575003328,263,262
1575003328,240,239
1575003328,281,280
1575003328,246,245
1575003328,251,250
1575003328,263,262
1575003328,263,262
1575003328,261,260
1575003328,259,258
1575003328,253,252
1575003328,261,260
1575003328,288,287
1575003328,277,276
1575003328,288,287
1575003328,274,273
1575003328,317,316
1575003328,292,291
1575003328,286,285
1575003328,553,552
1575003328,291,290
1575003328,298,297
1575003328,351,350
1575003328,294,293
1575003328,286,285
1575003328,288,287
1575003328,287,286
1575003328,289,288
1575003328,291,290
1575003328,289,288
1575003328,292,291
1575003328,284,283
1575003328,291,290
1575003328,288,287
1575003328,288,287
1575003328,338,337
1575003328,279,278
1575003328,286,285
1575003328,354,353
1575003333,1320,0
1575003333,1847,0
1575003333,1797,0
1575003333,1727,0
1575003333,1793,0
1575003333,1815,0
1575003333,72,0
1575003333,5333,0
1575003333,2700,0
1575003333,2350,0
1575003333,1886,0
1575003333,2007,0
1575003333,1759,0
1575003333,1926,0
1575003333,1490,0
1575003333,1771,0
1575003333,2345,0
1575003333,2144,0
1575003333,2007,0
1575003333,2075,0
1575003333,43,0
1575003333,2739,0
1575003333,7878,0
1575003333,1858,0
1575003333,1278,0
1575003333,1341,0
1575003333,1000,0
1575003333,800,0
1575003333,645,0
1575003333,497,0
1575003333,445,0
1575003333,493,0
1575003333,324,0
1575003333,341,0
1575003333,67,0
1575003333,4744,0
1575003333,9563,0
1575003333,1962,0
1575003333,1823,0
1575003333,1926,0
1575003333,1372,0
1575003333,1281,0
1575003333,1252,0
1575003333,1085,0
1575003333,1002,0
1575003333,923,0
1575003333,694,0
1575003333,43,0
1575003333,10593,0
1575003333,1101,0
1575003333,1054,0
1575003333,1117,0
1575003333,1374,0
1575003333,1562,0
1575003333,1172,0
1575003333,1261,0
1575003333,1171,0
1575003333,1007,0
1575003333,833,0
1575003333,50,0
1575003333,8256,0
1575003333,947,0
1575003333,1000,0
1575003333,906,0
1575003333,855,0
1575003333,851,0
1575003333,772,0
1575003333,638,0
1575003333,489,0
1575003333,412,0
1575003333,40,0
1575003333,4292,0
1575003333,2157,0
1575003333,1920,0
1575003333,1956,0
1575003333,1511,0
1575003333,1728,0
1575003333,1803,0
1575003333,1793,0
1575003333,1408,0
1575003333,47,0
1575003333,7548,0
1575003333,11221,0
1575003333,1489,0
1575003333,1364,0
1575003333,944,0
1575003333,1067,0
1575003333,799,0
1575003333,681,0
1575003333,609,0
1575003333,594,0
1575003333,479,0
1575003333,311,0
1575003333,41,0
1575003333,9549,0
1575003333,700,0
1575003333,660,0
1575003333,835,0
1575003333,763,0
1575003333,750,0
1575003333,576,0
1575003333,498,0
1575003333,401,0
1575003333,332,0
1575003333,281,0
1575003333,37,0
1575003333,4552,0
1575003333,666,0
1575003333,632,0
1575003333,735,0
1575003333,938,0
1575003333,745,0
1575003333,865,0
1575003333,1045,0
1575003333,1046,0
1575003333,878,0
1575003333,1598,0
1575003333,1242,0
1575003333,42,0
1575003333,9516,0
1575003333,9166,0
1575003333,1231,0
1575003333,1190,0
1575003333,1105,0
1575003333,1209,0
1575003333,990,0
1575003333,822,0
1575003333,748,0
1575003333,658,0
1575003333,426,0
1575003333,42,0
1575003333,831,0
1575003333,1318,0
1575003333,1074,0
1575003333,1288,0
1575003333,1004,0
1575003333,1426,0
1575003333,1041,0
1575003333,1214,0
1575003333,7474,0
1575003333,5782,0
1575003333,745,0
1575003333,800,0
1575003333,713,0
1575003333,771,0
1575003333,1020,0
1575003333,1382,0
1575003333,1268,0
1575003333,1275,0
1575003333,940,0
1575003333,722,0
1575003333,39,0
1575003333,12053,0
1575003333,7651,0
1575003333,943,0
1575003333,772,0
1575003333,568,0
1575003333,613,0
1575003333,567,0
1575003333,753,0
1575003333,369,0
1575003333,322,0
1575003333,313,0
1575003333,276,0
1575003333,476,0
1575003333,530,0
1575003333,57,0
1575003333,11043,0
1575003333,1172,0
1575003333,1682,0
1575003333,1601,0
1575003333,1479,0
1575003333,1572,0
1575003333,1537,0
1575003333,1777,0
1575003333,1878,0
1575003333,1632,0
1575003333,1353,0
1575003333,48,0
1575003333,11426,0
1575003333,1592,0
1575003333,1456,0
1575003333,1334,0
1575003333,1265,0
1575003333,1082,0
1575003333,1116,0
1575003333,1029,0
1575003333,903,0
1575003333,718,0
1575003333,434,0
1575003333,44,0
1575003333,6754,0
1575003333,1037,0
1575003333,1027,0
1575003333,879,0
1575003333,905,0
1575003333,787,0
1575003333,727,0
1575003333,616,0
1575003333,562,0
1575003333,315,0
1575003333,43,0
1575003333,2694,0
1575003333,999,0
1575003333,910,0
1575003333,914,0
1575003333,1434,0
1575003333,1161,0
1575003333,962,0
1575003333,637,0
1575003333,627,0
1575003333,47,0
1575003333,5104,0
1575003333,9937,0
1575003333,1388,0
1575003333,1151,0
1575003333,930,0
1575003333,782,0
1575003333,659,0
1575003333,636,0
1575003333,525,0
1575003333,698,0
1575003333,568,0
1575003333,566,0
1575003333,61,0
1575003333,6792,0
1575003333,948,0
1575003333,897,0
1575003333,900,0
1575003333,764,0
1575003333,753,0
1575003333,646,0
1575003333,1554,0
1575003333,1759,0
1575003333,1500,0
1575003333,1037,0
1575003333,52,0
1575003333,12057,0
1575003333,1220,0
1575003333,1138,0
1575003333,1787,0
1575003333,1345,0
1575003333,1511,0
1575003333,1494,0
1575003333,1399,0
1575003333,1183,0
1575003333,1116,0
1575003333,883,0
1575003333,44,0
1575003333,10240,0
1575003333,1718,0
1575003333,1579,0
1575003333,1607,0
1575003333,1518,0
1575003333,1395,0
1575003333,1305,0
1575003333,1192,0
1575003333,998,0
1575003333,735,0
1575003333,370,0
1575003333,43,0
1575003333,5762,0
1575003333,587,0
1575003333,542,0
1575003333,555,0
1575003333,508,0
1575003333,556,0
1575003333,817,0
1575003333,800,0
1575003333,1340,0
1575003333,1153,0
1575003333,1073,0
1575003333,42,0
1575003333,9187,0
1575003333,1626,0
1575003333,1657,0
1575003333,2048,0
1575003333,2121,0
1575003333,2065,0
1575003333,1837,0
1575003333,1641,0
1575003333,1667,0
1575003333,1489,0
1575003333,1125,0
1575003333,42,0
1575003333,6940,0
1575003333,1347,0
1575003333,1264,0
1575003333,1214,0
1575003333,1341,0
1575003333,1333,0
1575003333,1169,0
1575003333,1165,0
1575003333,1137,0
1575003333,1083,0
1575003333,41,0
1575003333,5641,0
1575003333,1818,0
1575003333,2020,0
1575003333,2188,0
1575003333,1959,0
1575003333,1478,0
1575003333,1563,0
1575003333,1271,0
1575003333,1163,0
1575003333,1106,0
1575003333,1010,0
1575003333,1067,0
1575003333,43,0
1575003333,6695,0
1575003333,7066,0
1575003333,2616,0
1575003333,2282,0
1575003333,1864,0
1575003333,1824,0
1575003333,1630,0
1575003333,1295,0
1575003333,1355,0
1575003333,1236,0
1575003333,1279,0
1575003333,1625,0
1575003333,1555,0
1575003333,46,0
1575003333,8225,0
1575003333,6328,0
1575003333,2087,0
1575003333,1888,0
1575003333,1548,0
1575003333,1537,0
1575003333,1827,0
1575003333,1885,0
1575003333,1455,0
1575003333,1425,0
1575003333,1265,0
1575003333,1181,0
1575003333,1443,0
1575003333,1458,0
1575003333,1213,0
1575003333,46,0
1575003333,4382,0
1575003333,1664,0
1575003333,1583,0
1575003333,9141,0
1575003333,7708,0
1575003333,1567,0
1575003333,1220,0
1575003333,771,0
1575003333,412,0
1575003333,338,0
1575003333,150,0
1575003333,167,0
1575003333,155,0
1575003333,136,0
1575003333,86,0
1575003333,43,0
1575003333,10254,0
1575003333,162,0
1575003333,171,0
1575003333,530,0
1575003333,889,0
1575003333,1029,0
1575003333,1105,0
1575003333,1001,0
1575003333,915,0
1575003333,932,0
1575003333,691,0
1575003333,1090,0
1575003333,739,0
1575003333,48,0
1575003333,11659,0
1575003333,1088,0
1575003333,1106,0
1575003333,1121,0
1575003333,1277,0
1575003333,1403,0
1575003333,1350,0
1575003333,846,0
1575003333,582,0
1575003333,410,0
1575003333,195,0
1575003333,36,0
1575003333,4894,0
1575003333,496,0
1575003333,481,0
1575003333,496,0
1575003333,493,0
1575003333,769,0
1575003333,823,0
1575003333,789,0
1575003333,812,0
1575003333,714,0
1575003333,39,0
1575003333,3664,0
1575003333,856,0
1575003333,853,0
1575003333,824,0
1575003333,767,0
1575003333,818,0
1575003333,764,0
1575003333,806,0
1575003333,827,0
1575003333,833,0
1575003333,880,0
1575003333,53,0
1575003333,7588,0
1575003333,6817,0
1575003333,1025,0
1575003333,1435,0
1575003333,1129,0
1575003333,1407,0
1575003333,1611,0
1575003333,1526,0
1575003333,1468,0
1575003333,1374,0
1575003333,984,0
1575003333,50,0
1575003333,5459,0
1575003333,1715,0
1575003333,1617,0
1575003333,1521,0
1575003333,1551,0
1575003333,900,0
1575003333,1196,0
1575003333,859,0
1575003333,1147,0
1575003333,45,0
1575003333,6180,0
1575003333,6225,0
1575003333,1275,0
1575003333,904,0
1575003333,844,0
1575003333,850,0
1575003333,717,0
1575003333,467,0
1575003333,426,0
1575003333,431,0
1575003333,381,0
1575003333,324,0
1575003333,245,0
1575003333,37,0
1575003333,7901,0
1575003333,1206,0
1575003333,1481,0
1575003333,1391,0
1575003333,1273,0
1575003333,7185,0
1575003333,1400,0
1575003333,1291,0
1575003333,1114,0
1575003333,970,0
1575003333,827,0
1575003333,819,0
1575003333,282,281
1575003333,277,276
1575003333,280,279
1575003333,281,280
1575003333,279,278
1575003333,273,272
1575003333,270,269
1575003333,266,265
1575003333,274,273
1575003333,276,275
1575003333,289,288
1575003333,290,289
1575003333,288,287
1575003333,290,289
1575003333,288,287
1575003333,286,285
1575003333,287,286
1575003333,277,276
1575003333,291,290
1575003333,289,288
1575003333,288,287
1575003333,287,286
1575003333,288,287
1575003333,288,287
1575003333,295,294
1575003333,297,296
1575003333,297,296
1575003333,297,296
1575003333,298,297
1575003333,299,298
1575003333,302,301
1575003333,303,302
1575003333,299,298
1575003333,300,299
1575003333,297,296
1575003333,300,299
1575003333,298,297
1575003333,296,295
1575003333,301,300
1575003333,301,300
1575003333,306,305
1575003333,310,309
1575003333,306,305
1575003333,302,301
1575003333,304,303
1575003333,316,315
1575003333,307,306
1575003333,305,304
1575003333,301,300
1575003333,296,295
1575003333,304,303
1575003333,305,304
1575003333,311,310
1575003333,302,301
1575003333,299,298
1575003333,308,307
1575003333,307,306
1575003333,307,306
1575003333,304,303
1575003333,302,301
1575003333,299,298
1575003333,298,297
1575003333,299,298
1575003333,305,304
1575003333,359,358
1575003333,285,284
1575003333,287,286
1575003333,283,282
1575003333,285,284
1575003333,280,279
1575003333,283,282
1575003333,290,289
1575003333,292,291
1575003333,300,299
1575003333,297,296
1575003333,310,309
1575003333,300,299
1575003333,303,302
1575003333,309,308
1575003333,306,305
1575003333,302,301
1575003333,303,302
1575003333,302,301
1575003333,295,294
1575003333,296,295
1575003333,293,292
1575003333,288,287
1575003333,305,304
1575003333,305,304
1575003333,317,316
1575003333,316,315
1575003333,313,312
1575003333,310,309
1575003333,304,303
1575003333,306,305
1575003333,305,304
1575003333,307,306
1575003333,310,309
1575003333,307,306
1575003333,307,306
1575003333,312,311
1575003333,311,310
1575003333,309,308
1575003333,302,301
1575003333,300,299
1575003333,291,290
1575003333,292,291
1575003333,303,302
1575003333,310,309
1575003333,368,367
1575003333,303,302
1575003333,346,345
1575003333,293,292
1575003333,292,291
1575003333,381,380
1575003333,360,359
1575003333,300,299
1575003333,299,298
1575003333,293,292
1575003333,305,304
1575003333,302,301
1575003333,314,313
1575003333,321,320
1575003333,317,316
1575003333,313,312
1575003333,317,316
1575003333,315,314
1575003333,315,314
1575003333,313,312
1575003333,309,308
1575003333,350,349
1575003333,295,294
1575003333,295,294
1575003333,292,291
1575003333,300,299
1575003333,307,306
1575003333,303,302
1575003333,304,303
1575003333,312,311
1575003333,319,318
1575003333,319,318
1575003333,314,313
1575003333,315,314
1575003333,309,308
1575003333,310,309
1575003333,314,313
1575003333,322,321
1575003333,328,327
1575003333,333,332
1575003333,346,345
1575003333,396,395
1575003333,337,336
1575003333,327,326
1575003333,331,330
1575003333,334,333
1575003333,328,327
1575003333,322,321
1575003333,366,365
1575003333,313,312
1575003333,309,308
1575003333,307,306
1575003333,316,315
1575003333,332,331
1575003333,319,318
1575003333,308,307
1575003333,302,301
1575003333,297,296
1575003333,285,284
1575003333,282,281
1575003333,287,286
1575003333,297,296
1575003333,295,294
1575003333,293,292
1575003333,296,295
1575003333,297,296
1575003333,298,297
1575003333,300,299
1575003333,298,297
1575003333,297,296
1575003333,298,297
1575003333,326,325
1575003333,319,318
1575003333,307,306
1575003333,355,354
1575003333,292,291
1575003333,305,304
1575003333,316,315
1575003333,309,308
1575003333,305,304
1575003333,305,304
1575003333,435,434
1575003333,298,297
1575003333,612,611
1575003333,277,276
1575003333,280,279
1575003333,268,267
1575003333,289,288
1575003333,292,291
1575003333,369,368
1575003333,281,280
1575003333,288,287
1575003333,283,282
1575003333,285,284
1575003333,281,280
1575003333,284,283
1575003333,442,441
1575003333,463,462
1575003333,282,281
1575003333,284,283
1575003333,288,287
1575003333,302,301
1575003333,300,299
1575003333,305,304
1575003333,303,302
1575003333,320,319
1575003333,314,313
1575003333,346,345
1575003333,309,308
1575003333,302,301
1575003333,306,305
1575003333,314,313
1575003333,321,320
1575003333,317,316
1575003333,377,376
1575003333,311,310
1575003333,307,306
1575003333,307,306
1575003333,318,317
1575003333,317,316
1575003333,311,310
1575003333,303,302
1575003333,298,297
1575003333,301,300
1575003333,293,292
1575003333,336,335
1575003333,290,289
1575003333,292,291
1575003333,456,455
1575003333,380,379
1575003333,321,320
1575003333,295,294
1575003333,291,290
1575003333,291,290
1575003333,355,354
1575003333,287,286
1575003333,288,287
1575003333,282,281
1575003333,284,283
1575003333,281,280
1575003333,290,289
1575003333,295,294
1575003333,296,295
1575003333,296,295
1575003333,292,291
1575003333,287,286
1575003333,285,284
1575003333,289,288
1575003333,282,281
1575003333,281,280
1575003333,285,284
1575003333,290,289
1575003333,287,286
1575003333,297,296
1575003333,295,294
1575003333,299,298
1575003333,301,300
1575003333,302,301
1575003333,293,292
1575003333,328,327
1575003333,290,289
1575003333,291,290
1575003333,282,281
1575003333,286,285
1575003333,412,411
1575003333,274,273
1575003333,294,293
1575003333,449,448
1575003333,284,283
1575003333,291,290
1575003333,284,283
1575003333,279,278
1575003333,279,278
1575003333,291,290
1575003333,292,291
1575003333,290,289
1575003333,292,291
1575003333,296,295
1575003333,298,297
1575003333,291,290
1575003333,288,287
1575003333,298,297
1575003333,284,283
1575003333,334,333
1575003333,279,278
1575003333,467,466
1575003333,333,332
1575003333,282,281
1575003333,287,286
1575003333,286,285
1575003333,271,270
1575003333,280,279
1575003333,278,277
1575003333,281,280
1575003333,279,278
1575003333,288,287
1575003333,385,384
1575003333,304,303
1575003333,399,398
1575003333,484,483
1575003333,389,388
1575003333,283,282
1575003333,298,297
1575003333,283,282
1575003333,426,425
1575003333,278,277
1575003333,351,350
1575003333,282,281
1575003333,290,289
1575003333,285,284
1575003333,285,284
1575003333,291,290
1575003333,299,298
1575003333,295,294
1575003333,289,288
1575003333,291,290
1575003333,299,298
1575003333,301,300
1575003333,304,303
1575003333,301,300
1575003333,355,354
1575003333,303,302
1575003333,299,298
1575003333,363,362
1575003333,387,386
1575003333,345,344
1575003333,284,283
1575003333,289,288
1575003333,284,283
1575003333,285,284
1575003333,287,286
1575003333,291,290
1575003333,289,288
1575003333,292,291
1575003333,290,289
1575003333,287,286
1575003333,286,285
1575003333,287,286
1575003333,297,296
1575003333,297,296
1575003333,296,295
1575003333,298,297
1575003333,297,296
1575003333,291,290
1575003333,292,291
1575003333,302,301
1575003333,300,299
1575003333,295,294
1575003333,292,291
1575003333,295,294
1575003333,292,291
1575003333,293,292
1575003333,297,296
1575003333,299,298
1575003333,301,300
1575003333,306,305
1575003333,313,312
1575003333,312,311
1575003333,310,309
1575003333,313,312
1575003333,307,306
1575003333,306,305
1575003333,306,305
1575003333,306,305
1575003333,308,307
1575003333,321,320
1575003333,311,310
1575003333,310,309
1575003333,304,303
1575003333,303,302
1575003333,296,295
1575003333,294,293
1575003333,292,291
1575003333,296,295
1575003333,289,288
1575003333,293,292
1575003333,295,294
1575003333,291,290
1575003333,290,289
1575003333,300,299
1575003333,312,311
1575003333,313,312
1575003333,299,298
1575003333,293,292
1575003333,478,477
1575003333,416,415
1575003333,291,290
1575003333,301,300
1575003333,292,291
1575003333,295,294
1575003333,290,289
1575003333,325,324
1575003333,290,289
1575003333,287,286
1575003333,301,300
1575003333,300,299
1575003333,300,299
1575003333,299,298
1575003333,299,298
1575003333,298,297
1575003333,295,294
1575003333,301,300
1575003333,301,300
1575003333,299,298
1575003333,312,311
1575003333,424,423
1575003333,311,310
1575003333,305,304
1575003333,300,299
1575003333,303,302
1575003333,304,303
1575003333,391,390
1575003333,311,310
1575003333,468,467
1575003333,356,355
1575003333,301,300
1575003333,300,299
1575003333,307,306
1575003333,309,308
1575003333,300,299
1575003333,301,300
1575003333,302,301
1575003333,298,297
1575003333,297,296
1575003333,300,299
1575003333,301,300
1575003333,302,301
1575003333,303,302
1575003333,296,295
1575003333,298,297
1575003333,296,295
1575003333,294,293
1575003333,293,292
1575003333,291,290
1575003333,288,287
1575003333,291,290
1575003333,294,293
1575003333,302,301
1575003333,298,297
1575003333,300,299
1575003333,298,297
1575003333,332,331
1575003333,293,292
1575003333,293,292
1575003333,296,295
1575003333,296,295
1575003333,320,319
1575003333,285,284
1575003333,286,285
1575003333,290,289
1575003333,306,305
1575003333,311,310
1575003333,311,310
1575003333,310,309
1575003333,308,307
1575003333,307,306
1575003333,311,310
1575003333,308,307
1575003333,311,310
1575003333,305,304
1575003333,305,304
1575003333,316,315
1575003333,309,308
1575003333,306,305
1575003333,302,301
1575003333,294,293
1575003333,299,298
1575003333,295,294
1575003333,300,299
1575003333,292,291
1575003333,290,289
1575003333,295,294
1575003333,290,289
1575003333,297,296
1575003333,290,289
1575003333,290,289
1575003333,285,284
1575003333,284,283
1575003333,285,284
1575003333,284,283
1575003333,374,373
1575003333,284,283
1575003333,285,284
1575003333,292,291
1575003333,297,296
1575003333,293,292
1575003333,296,295
1575003333,293,292
1575003333,299,298
1575003333,309,308
1575003333,306,305
1575003333,304,303
1575003333,299,298
1575003333,299,298
1575003333,311,310
1575003333,309,308
1575003333,312,311
1575003333,309,308
1575003333,317,316
1575003333,315,314
1575003333,312,311
1575003333,313,312
1575003333,309,308
1575003333,321,320
1575003333,321,320
1575003333,318,317
1575003333,317,316
1575003333,322,321
1575003333,320,319
1575003333,316,315
1575003333,311,310
1575003333,310,309
1575003333,305,304
1575003333,307,306
1575003333,306,305
1575003337,304,304
1575003337,304,303
1575003337,298,298
1575003337,297,297
1575003337,299,299
1575003337,296,296
1575003337,302,302
1575003337,307,307
1575003337,302,302
1575003337,305,305
1575003337,304,304
1575003337,300,300
1575003337,306,306
1575003337,298,298
1575003337,302,302
1575003337,308,308
1575003337,305,305
1575003337,299,299
1575003337,297,297
1575003337,295,295
1575003337,289,289
1575003337,297,297
1575003337,297,297
1575003337,293,293
1575003337,288,288
1575003337,284,284
1575003337,287,287
1575003337,284,284
1575003337,279,279
1575003337,284,284
1575003337,294,294
1575003337,280,280
1575003337,279,279
1575003337,284,284
1575003337,284,284
1575003337,283,283
1575003337,287,287
1575003337,299,299
1575003337,299,299
1575003337,299,299
1575003337,301,301
1575003337,295,295
1575003337,297,297
1575003337,305,305
1575003337,305,305
1575003337,472,472
1575003337,526,526
1575003337,295,295
1575003337,375,375
1575003337,307,307
1575003337,304,304
1575003337,444,444
1575003337,280,280
1575003337,325,325
1575003337,278,278
1575003337,301,301
1575003337,306,306
1575003337,302,302
1575003337,292,292
1575003337,292,292
1575003337,315,315
1575003337,308,308
1575003337,298,298
1575003337,318,318
1575003337,309,309
1575003337,314,314
1575003337,308,308
1575003337,307,307
1575003337,315,315
1575003337,317,317
1575003337,312,312
1575003337,573,573
1575003337,300,300
1575003337,294,294
1575003337,291,291
1575003337,288,288
1575003337,290,290
1575003337,294,294
1575003337,301,301
1575003337,295,295
1575003337,304,304
1575003337,297,297
1575003337,297,297
1575003337,303,303
1575003337,300,300
1575003337,298,298
1575003337,298,298
1575003337,293,293
1575003337,292,292
1575003337,287,287
1575003337,291,291
1575003337,332,332
1575003337,296,296
1575003337,297,297
1575003337,302,302
1575003337,301,301
1575003337,299,299
1575003337,467,467
1575003337,329,329
1575003337,296,296
1575003337,297,297
1575003337,413,413
1575003337,424,424
1575003337,307,307
1575003337,475,475
1575003337,327,327
1575003337,300,300
1575003337,623,623
1575003337,291,291
1575003337,295,295
1575003337,293,293
1575003337,292,292
1575003337,289,289
1575003337,283,283
1575003337,288,288
1575003337,296,296
1575003337,300,300
1575003337,307,307
1575003337,312,312
1575003337,306,306
1575003337,300,300
1575003337,299,299
1575003337,295,295
1575003337,294,294
1575003337,275,275
1575003337,363,363
1575003337,323,323
1575003337,276,276
1575003337,279,279
1575003337,286,286
1575003337,401,401
1575003337,280,280
1575003337,287,287
1575003337,282,282
1575003337,288,288
1575003337,288,288
1575003337,306,306
1575003337,316,316
1575003337,323,323
1575003337,333,333
1575003337,313,313
1575003337,325,325
1575003337,320,320
1575003337,311,311
1575003337,297,297
1575003337,294,293
1575003337,287,287
1575003337,289,289
1575003337,292,292
1575003337,290,290
1575003337,450,450
1575003337,293,293
1575003337,291,291
1575003337,286,286
1575003337,292,292
1575003337,290,290
1575003337,291,291
1575003337,457,457
1575003337,287,287
1575003337,288,288
1575003337,297,297
1575003337,297,297
1575003337,294,294
1575003337,292,292
1575003337,421,421
1575003337,288,288
1575003337,287,287
1575003337,285,285
1575003337,287,287
1575003337,288,288
1575003337,445,445
1575003337,298,298
1575003337,301,301
1575003337,298,298
1575003337,301,301
1575003337,313,313
1575003337,310,310
1575003337,625,625
1575003337,294,294
1575003337,291,291
1575003337,289,289
1575003337,288,288
1575003337,305,305
1575003337,297,297
1575003337,293,293
1575003337,295,295
1575003337,297,297
1575003337,293,293
1575003337,290,290
1575003337,289,289
1575003337,290,290
1575003337,286,286
1575003337,286,286
1575003337,280,280
1575003337,288,288
1575003337,293,293
1575003337,290,290
1575003337,310,310
1575003337,321,321
1575003337,323,323
1575003337,321,321
1575003337,315,315
1575003337,316,315
1575003337,309,309
1575003337,306,306
1575003337,300,300
1575003337,303,303
1575003337,303,303
1575003337,313,313
1575003337,320,320
1575003337,316,316
1575003337,304,304
1575003337,303,303
1575003337,305,305
1575003337,307,307
1575003337,311,311
1575003337,303,303
1575003337,285,285
1575003337,295,295
1575003337,296,296
1575003337,303,303
1575003337,459,459
1575003337,290,290
1575003337,293,293
1575003337,286,286
1575003337,286,286
1575003337,282,282
1575003337,305,305
1575003337,311,311
1575003337,311,311
1575003337,307,307
1575003337,306,306
1575003337,312,312
1575003337,302,302
1575003337,306,306
1575003337,304,304
1575003337,307,307
1575003337,303,303
1575003337,311,311
1575003337,306,306
1575003337,364,364
1575003337,337,337
1575003337,312,312
1575003337,627,627
1575003337,296,296
1575003337,294,294
1575003337,290,290
1575003337,291,291
1575003337,303,303
1575003337,297,297
1575003337,306,306
1575003337,308,308
1575003337,296,296
1575003337,300,300
1575003337,297,297
1575003337,296,296
1575003337,309,309
1575003337,303,303
1575003337,304,304
1575003337,300,300
1575003337,305,305
1575003337,304,304
1575003337,321,321
1575003337,322,322
1575003337,325,325
1575003337,315,315
1575003337,315,314
1575003337,309,309
1575003337,306,306
1575003337,317,317
1575003337,318,318
1575003337,321,321
1575003337,315,315
1575003337,314,314
1575003337,316,316
1575003337,315,315
1575003337,316,316
1575003337,323,323
1575003337,328,328
1575003337,321,321
1575003337,358,358
1575003337,318,318
1575003337,313,313
1575003337,632,632
1575003337,311,311
1575003337,304,304
1575003337,300,300
1575003337,298,298
1575003337,299,299
1575003337,296,296
1575003337,305,305
1575003337,306,306
1575003337,301,301
1575003337,306,306
1575003337,304,304
1575003337,303,303
1575003337,309,309
1575003337,306,306
1575003337,306,306
1575003337,299,299
1575003337,297,297
1575003337,292,292
1575003337,295,295
1575003337,292,292
1575003337,291,291
1575003337,290,290
1575003337,288,288
1575003337,288,288
1575003337,292,292
1575003337,288,288
1575003337,288,288
1575003337,286,286
1575003337,289,289
1575003337,285,285
1575003337,296,296
1575003337,304,304
1575003337,300,300
1575003337,300,300
1575003337,294,294
1575003337,298,298
1575003337,294,294
1575003337,296,296
1575003337,301,301
1575003337,305,305
1575003337,305,305
1575003337,306,306
1575003337,301,301
1575003337,297,297
1575003337,295,295
1575003337,292,292
1575003337,290,290
1575003337,287,287
1575003337,288,288
1575003337,286,286
1575003337,286,286
1575003337,287,287
1575003337,349,349
1575003337,261,261
1575003337,281,281
1575003337,273,273
1575003337,280,280
1575003337,283,283
1575003337,276,276
1575003337,272,272
1575003337,271,271
1575003337,273,273
1575003337,272,272
1575003337,253,253
1575003337,269,269
1575003337,296,296
1575003337,304,304
1575003337,287,287
1575003337,287,287
1575003337,268,268
1575003337,287,287
1575003337,276,276
1575003337,273,273
1575003337,260,260
1575003337,276,276
1575003337,294,294
1575003337,306,306
1575003337,297,297
1575003337,302,302
1575003337,307,307
1575003337,304,304
1575003337,305,305
1575003337,308,308
1575003337,308,308
1575003337,418,418
1575003337,309,309
1575003337,302,302
1575003337,305,305
1575003337,298,298
1575003337,306,306
1575003337,304,304
1575003337,306,306
1575003337,295,295
1575003337,298,298
1575003337,287,287
1575003337,271,270
1575003337,282,281
1575003337,272,271
1575003337,284,283
1575003337,281,280
1575003337,273,272
1575003337,278,277
1575003337,291,290
1575003337,284,283
1575003337,292,291
1575003337,271,270
1575003337,289,288
1575003337,294,293
1575003337,366,365
1575003337,276,275
1575003337,301,300
1575003337,305,304
1575003337,295,294
1575003337,282,281
1575003337,287,286
1575003337,380,379
1575003337,298,297
1575003337,354,353
1575003337,284,283
1575003337,287,286
1575003337,277,276
1575003337,287,286
1575003337,295,294
1575003337,469,468
1575003337,327,326
1575003337,310,309
1575003337,314,313
1575003337,389,388
1575003337,283,282
1575003337,283,282
1575003337,297,296
1575003337,294,293
1575003337,292,291
1575003337,275,274
1575003337,625,624
1575003337,304,303
1575003337,297,296
1575003337,290,289
1575003337,297,296
1575003337,363,362
1575003337,301,300
1575003337,295,294
1575003337,282,281
1575003337,289,288
1575003337,282,281
1575003337,285,284
1575003337,274,273
1575003337,299,298
1575003337,276,275
1575003337,285,284
1575003337,283,282
1575003337,274,273
1575003337,283,282
1575003337,310,309
1575003337,317,316
1575003337,316,315
1575003337,330,329
1575003337,316,315
1575003337,311,310
1575003337,361,360
1575003337,335,334
1575003337,307,306
1575003337,328,327
1575003337,307,306
1575003337,287,286
1575003337,290,289
1575003337,278,277
1575003337,277,276
1575003337,544,543
1575003337,314,313
1575003337,315,314
1575003337,322,321
1575003337,315,314
1575003337,312,311
1575003337,340,339
1575003337,291,290
1575003337,289,288
1575003337,296,295
1575003337,309,308
1575003337,302,301
1575003337,296,295
1575003337,311,310
1575003337,297,296
1575003337,289,288
1575003337,289,288
1575003337,280,279
1575003337,258,257
1575003337,261,260
1575003337,274,273
1575003337,243,242
1575003337,268,267
1575003337,260,259
1575003337,256,255
1575003337,265,264
1575003337,268,267
1575003337,258,257
1575003337,270,269
1575003337,282,281
1575003337,404,403
1575003337,271,270
1575003337,271,270
1575003337,272,271
1575003337,266,265
1575003337,398,397
1575003337,263,262
1575003337,289,288
1575003337,280,279
1575003337,288,287
1575003337,288,287
1575003337,299,298
1575003337,285,284
1575003337,293,292
1575003337,292,291
1575003337,300,299
1575003337,295,294
1575003337,304,303
1575003337,383,382
1575003337,561,560
1575003337,340,339
1575003337,512,511
1575003337,386,385
1575003337,299,298
1575003337,301,300
1575003337,289,288
1575003337,603,602
1575003337,295,294
1575003337,283,282
1575003337,292,291
1575003337,277,276
1575003337,280,279
1575003337,274,273
1575003337,278,277
1575003337,272,271
1575003337,265,264
1575003337,253,252
1575003337,258,257
1575003337,252,251
1575003337,473,472
1575003337,278,277
1575003337,264,263
1575003337,261,260
1575003337,290,289
1575003337,266,265
1575003337,263,262
1575003337,264,263
1575003337,272,271
1575003337,252,251
1575003337,301,300
1575003337,279,278
1575003337,257,256
1575003337,253,252
1575003337,272,271
1575003337,275,274
1575003337,240,239
1575003337,250,249
1575003337,358,357
1575003337,314,313
1575003337,273,272
1575003337,257,256
1575003337,254,253
1575003337,286,285
1575003337,277,276
1575003337,294,293
1575003337,297,296
1575003337,264,263
1575003337,256,255
1575003337,268,267
1575003337,248,247
1575003337,228,227
1575003337,236,235
1575003337,241,240
1575003337,256,255
1575003337,252,251
1575003337,253,252
1575003337,245,244
1575003337,263,262
1575003337,255,254
1575003337,247,246
1575003337,294,293
1575003337,229,228
1575003337,239,238
1575003337,240,239
1575003337,227,226
1575003337,238,237
1575003337,230,229
1575003337,231,230
1575003337,235,234
1575003337,340,339
1575003337,263,262
1575003337,293,292
1575003337,275,274
1575003337,253,252
1575003337,262,261
1575003337,254,253
1575003337,248,247
1575003337,257,256
1575003337,268,267
1575003337,248,247
1575003337,260,259
1575003337,263,262
1575003337,273,272
1575003337,269,268
1575003337,264,263
1575003337,258,257
1575003337,262,261
1575003337,279,278
1575003337,250,249
1575003337,250,249
1575003337,247,246
1575003337,238,237
1575003337,249,248
1575003337,255,254
1575003337,251,250
1575003337,244,243
1575003337,258,257
1575003337,229,228
1575003337,218,217
1575003337,244,243
1575003337,232,231
1575003337,236,235
1575003337,240,239
1575003337,243,242
1575003337,251,250
1575003337,311,310
1575003337,253,252
1575003337,266,265
1575003337,235,234
1575003337,306,305
1575003337,245,244
1575003337,234,233
1575003337,253,252
1575003337,239,238
1575003337,230,229
1575003337,244,243
1575003337,242,241
1575003337,244,243
1575003337,345,344
1575003337,242,241
1575003337,252,251
1575003337,251,250
1575003337,279,278
1575003337,277,276
1575003337,348,347
1575003337,252,251
1575003337,252,251
1575003337,262,261
1575003337,269,268
1575003337,325,324
1575003337,384,383
1575003337,354,353
1575003337,286,285
1575003337,294,293
1575003337,363,362
1575003337,289,288
1575003337,298,297
1575003337,294,293
1575003337,295,294
1575003337,284,283
1575003337,290,289
1575003337,289,288
1575003337,294,293
1575003337,296,295
1575003337,292,291
1575003337,293,292
1575003337,298,297
1575003337,297,296
1575003337,294,293
1575003337,299,298
1575003337,306,305
1575003337,300,299
1575003337,307,306
1575003337,297,296
1575003337,290,289
1575003337,288,287
1575003337,286,285
1575003337,296,295
1575003337,295,294
1575003337,296,295
1575003337,298,297
1575003337,298,297
1575003337,303,302
1575003337,314,313
1575003337,308,307
1575003337,309,308
1575003337,310,309
1575003337,307,306
1575003337,302,301
1575003337,300,299
1575003337,293,292
1575003337,281,280
1575003337,284,283
1575003337,297,296
1575003337,286,285
1575003337,519,518
1575003337,244,243
1575003337,264,263
1575003337,256,255
1575003337,251,250
1575003337,251,250
1575003337,258,257
1575003337,249,248
1575003337,241,240
1575003337,263,262
1575003337,262,261
1575003337,266,265
1575003337,282,281
1575003337,259,258
1575003337,263,262
1575003337,241,240
1575003337,253,252
1575003337,276,275
1575003337,256,255
1575003337,239,238
1575003337,234,233
1575003337,250,249
1575003337,273,272
1575003337,269,268
1575003337,278,277
1575003337,281,280
1575003337,288,287
1575003337,279,278
1575003337,282,281
1575003337,282,281
1575003337,284,283
1575003337,286,285
1575003337,282,281
1575003337,277,276
1575003337,289,288
1575003337,286,285
1575003337,271,270
1575003337,274,273
1575003337,289,288
1575003337,284,283
1575003337,277,276
1575003337,278,277
1575003337,276,275
1575003337,264,263
1575003337,269,268
1575003337,259,258
1575003337,260,259
1575003337,271,270
1575003337,262,261
1575003337,263,262
1575003337,281,280
1575003337,261,260
1575003337,262,261
1575003337,274,273
1575003337,269,268
1575003337,265,264
1575003337,264,263
1575003337,291,290
1575003337,270,269
1575003337,272,271
1575003337,269,268
1575003337,261,260
1575003337,266,265
1575003337,278,277
1575003337,456,455
1575003337,434,433
1575003337,275,274
1575003337,273,272
1575003337,258,257
1575003337,260,259
1575003337,265,264
1575003337,263,262
1575003337,260,259
1575003337,274,273
1575003337,274,273
1575003337,282,281
1575003337,268,267
1575003337,268,267
1575003337,264,263
1575003337,266,265
1575003337,280,279
1575003337,272,271
1575003337,258,257
1575003337,262,261
1575003337,274,273
1575003337,273,272
1575003337,256,255
1575003337,258,257
1575003337,244,243
1575003337,252,251
1575003337,240,239
1575003337,248,247
1575003337,247,246
1575003337,264,263
1575003337,263,262
1575003337,248,247
1575003337,268,267
1575003337,254,253
1575003337,252,251
1575003337,248,247
1575003337,277,276
1575003337,266,265
1575003337,262,261
1575003337,251,250
1575003337,270,269
1575003337,279,278
1575003337,269,268
1575003337,284,283
1575003337,259,258
1575003337,267,266
1575003337,257,256
1575003337,261,260
1575003337,256,255
1575003337,256,255
1575003337,260,259
1575003337,236,235
1575003337,263,262
1575003337,247,246
1575003337,232,231
1575003337,255,254
1575003337,261,260
1575003337,243,242
1575003337,248,247
1575003337,250,249
1575003337,237,236
1575003337,260,259
1575003337,245,244
1575003337,244,243
1575003337,252,251
1575003337,254,253
1575003337,252,251
1575003337,255,254
1575003337,246,245
1575003337,263,262
1575003337,254,253
1575003337,266,265
1575003337,256,255
1575003337,252,251
1575003337,251,250
1575003337,248,247
1575003337,252,251
1575003337,247,246
1575003337,261,260
1575003337,248,247
1575003337,240,239
1575003337,264,263
1575003337,244,243
1575003337,247,246
1575003337,246,245
1575003337,236,235
1575003337,248,247
1575003337,250,249
1575003337,253,252
1575003337,250,249
1575003337,237,236
1575003337,248,247
1575003337,258,257
1575003337,256,255
1575003337,248,247
1575003337,247,246
1575003337,247,246
1575003337,253,252
1575003337,268,267
1575003337,267,266
1575003337,256,255
1575003337,254,253
1575003337,257,256
1575003337,259,258
1575003337,272,271
1575003337,258,257
1575003337,255,254
1575003337,247,246
1575003337,260,259
1575003337,255,254
1575003337,247,246
1575003337,250,249
1575003337,246,245
1575003337,269,268
1575003337,249,248
1575003337,237,236
1575003337,252,251
1575003337,254,253
1575003337,262,261
1575003337,261,260
1575003337,247,246
1575003337,266,265
1575003337,243,242
1575003337,265,264
1575003337,255,254
1575003337,245,244
1575003337,237,236
1575003337,245,244
1575003337,254,253
1575003337,253,252
1575003337,257,256
1575003337,246,245
1575003337,235,234
1575003337,244,243
1575003337,259,258
1575003337,238,237
1575003337,246,245
1575003337,247,246
1575003337,241,240
1575003337,249,248
1575003337,252,251
1575003337,230,229
1575003337,242,241
1575003337,246,245
1575003337,253,252
1575003337,244,243
1575003337,245,244
1575003337,238,237
1575003337,231,230
1575003337,241,240
1575003337,242,241
1575003337,236,235
1575003337,236,235
1575003337,257,256
1575003337,253,252
1575003337,245,244
1575003337,250,249
1575003337,230,229
1575003337,236,235
1575003337,238,237
1575003337,247,246
1575003337,229,228
1575003337,253,252
1575003337,241,240
1575003337,242,241
1575003337,249,248
1575003337,248,247
1575003337,250,249
1575003337,259,258
1575003337,247,246
1575003337,242,241
1575003337,247,246
1575003337,239,238
1575003337,252,251
1575003337,254,253
1575003337,244,243
1575003337,229,228
1575003337,235,234
1575003337,231,230
1575003337,245,244
1575003337,240,239
1575003337,241,240
1575003337,259,258
1575003337,249,248
1575003337,260,259
1575003337,247,246
1575003337,257,256
1575003337,252,251
1575003337,270,269
1575003337,260,259
1575003337,241,240
1575003337,243,242
1575003337,246,245
1575003337,242,241
1575003337,253,252
1575003337,242,241
1575003337,259,258
1575003337,243,242
1575003337,250,249
1575003337,244,243
1575003337,246,245
1575003337,254,253
1575003337,268,267
1575003337,251,250
1575003337,251,250
1575003337,257,256
1575003337,246,245
1575003337,258,257
1575003337,249,248
1575003337,259,258
1575003337,260,259
1575003337,245,244
1575003337,266,265
1575003337,262,261
1575003337,257,256
1575003337,258,257
1575003337,245,244
1575003337,248,247
1575003337,252,251
1575003337,264,263
1575003337,255,254
1575003337,257,256
1575003337,245,244
1575003337,248,247
1575003337,276,275
1575003337,250,249
1575003337,264,263
1575003337,249,248
1575003337,253,252
1575003337,248,247
1575003337,264,263
1575003337,253,252
1575003337,250,249
1575003337,258,257
1575003337,250,249
1575003337,261,260
1575003337,256,255
1575003337,252,251
1575003337,248,247
1575003337,253,252
1575003337,250,249
1575003337,250,249
1575003337,246,245
1575003337,241,240
1575003337,243,242
1575003337,258,257
1575003337,241,240
1575003337,241,240
1575003337,254,253
1575003337,259,258
1575003337,236,235
1575003337,248,247
1575003337,253,252
1575003337,241,240
1575003337,259,258
1575003337,253,252
1575003337,248,247
1575003337,234,233
1575003337,259,258
1575003337,242,241
1575003337,244,243
1575003337,254,253
1575003337,238,237
1575003337,230,229
1575003337,233,232
1575003337,234,233
1575003337,238,237
1575003337,248,247
1575003337,242,241
1575003337,243,242
1575003337,242,241
1575003337,243,242
1575003337,233,232
1575003337,234,233
1575003337,241,240
1575003337,243,242
1575003337,225,224
1575003337,240,239
1575003337,231,230
1575003337,243,242
1575003337,238,237
1575003337,230,229
1575003337,228,227
1575003337,233,232
1575003337,225,224
1575003337,241,240
1575003337,416,415
1575003337,502,502
1575003339,16734,16734
1575003339,11551,11551
1575003339,567,567
1575003339,596,596
1575003339,573,573
1575003339,541,541
1575003339,516,516
1575003339,475,475
1575003339,420,420
1575003339,354,354
1575003339,307,307
1575003339,215,215
1575003339,155,155
1575003339,102,102
1575003339,40,40
1575003339,8930,8930
1575003339,283,283
1575003339,327,327
1575003339,281,281
1575003339,54,54
1575003339,297,297
1575003339,257,257
1575003339,252,252
1575003339,241,241
1575003339,183,183
1575003339,144,144
1575003339,130,130
1575003339,68,68
1575003339,37,37
1575003339,8409,8409
1575003339,261,190
1575003339,201,201
1575003339,236,236
1575003339,273,273
1575003339,177,177
1575003339,198,198
1575003339,200,200
1575003339,163,163
1575003339,130,130
1575003339,109,109
1575003339,75,75
1575003339,64,64
1575003339,39,39
1575003339,7234,7234
1575003339,101,101
1575003339,98,98
1575003339,128,128
1575003339,95,95
1575003339,101,101
1575003339,87,87
1575003339,85,85
1575003339,89,89
1575003339,72,72
1575003339,66,66
1575003339,54,54
1575003339,51,51
1575003339,35,35
1575003339,6047,6047
1575003339,76,76
1575003339,73,73
1575003339,93,93
1575003339,94,94
1575003339,65,65
1575003339,72,72
1575003339,64,64
1575003339,68,68
1575003339,56,56
1575003339,52,52
1575003339,49,49
1575003339,47,47
1575003339,34,34
1575003339,54,54
1575003339,57,57
1575003339,52,52
1575003339,74,74
1575003339,80,80
1575003339,95,95
1575003339,76,76
1575003339,98,98
1575003339,118,118
1575003339,136,136
1575003339,119,119
1575003339,125,125
1575003339,133,133
1575003339,130,130
1575003339,1793,1793
1575003339,48,48
1575003339,63,63
1575003339,88,88
1575003339,86,86
1575003339,95,95
1575003339,114,114
1575003339,99,99
1575003339,160,160
1575003339,114,114
1575003339,109,109
1575003339,138,138
1575003339,185,114
1575003339,215,144
1575003339,216,145
1575003339,217,146
1575003339,186,115
1575003339,217,146
1575003339,217,146
1575003339,207,136
1575003339,226,155
1575003339,270,199
1575003339,193,122
1575003339,211,140
1575003339,195,124
1575003339,227,156
1575003339,226,155
1575003339,209,138
1575003339,233,162
1575003339,200,129
1575003339,253,182
1575003339,198,127
1575003339,238,167
1575003339,191,120
1575003339,162,91
1575003339,206,135
1575003339,210,139
1575003339,193,122
1575003339,250,179
1575003339,194,123
1575003339,218,147
1575003339,205,134
1575003339,238,167
1575003339,189,118
1575003339,212,141
1575003339,181,110
1575003339,207,136
1575003339,194,123
1575003339,169,98
1575003339,209,138
1575003339,253,182
1575003339,182,111
1575003339,207,136
1575003339,199,128
1575003339,174,103
1575003339,209,138
1575003339,190,119
1575003339,173,102
1575003339,185,114
1575003339,241,170
1575003339,202,131
1575003339,179,108
1575003339,171,100
1575003339,185,114
1575003339,194,123
1575003339,171,100
1575003339,196,125
1575003339,223,152
1575003339,190,119
1575003339,212,141
1575003339,158,87
1575003339,173,102
1575003339,212,141
1575003339,180,109
1575003339,181,110
1575003339,194,123
1575003339,40745,40674
1575003339,106,35
1575003339,113,42
1575003339,128,57
1575003339,122,51
1575003339,139,68
1575003339,151,80
1575003339,145,74
1575003339,137,66
1575003339,145,74
1575003339,146,75
1575003339,155,84
1575003339,166,95
1575003339,155,84
1575003339,147,76
1575003339,165,94
1575003339,151,80
1575003339,171,100
1575003339,172,101
1575003339,163,92
1575003339,169,98
1575003339,163,92
1575003339,141,70
1575003339,152,81
1575003339,155,84
1575003339,137,66
1575003339,175,104
1575003339,138,67
1575003339,165,94
1575003339,179,108
1575003339,148,77
1575003339,179,108
1575003339,161,90
1575003339,159,88
1575003339,185,114
1575003339,139,68
1575003339,139,68
1575003339,171,100
1575003339,187,116
1575003339,164,93
1575003339,158,87
1575003339,146,75
1575003339,155,84
1575003339,152,81
1575003339,151,80
1575003339,176,105
1575003339,174,103
1575003339,169,98
1575003339,170,99
1575003339,150,79
1575003339,172,101
1575003339,147,76
1575003339,129,58
1575003339,157,86
1575003339,145,74
1575003339,141,70
1575003339,124,53
1575003339,60,0
1575003339,27,0
1575003339,25,0
1575003339,24,0
1575003339,24,0
1575003339,22,0
1575003339,464,0
1575003339,470,0
1575003339,2099,0
1575003339,9222,0
1575003339,1060,0
1575003339,1141,0
1575003339,1193,0
1575003339,1298,0
1575003339,1824,0
1575003339,1692,0
1575003339,1870,0
1575003339,1964,0
1575003339,2238,0
1575003339,1951,0
1575003339,39,0
1575003339,14212,0
1575003339,2661,0
1575003339,2677,0
1575003339,2675,0
1575003339,2601,0
1575003339,2517,0
1575003339,2475,0
1575003339,2358,0
1575003339,2166,0
1575003339,1948,0
1575003339,1395,0
1575003339,56,0
1575003339,13472,0
1575003339,2026,0
1575003339,2009,0
1575003339,1710,0
1575003339,1747,0
1575003339,1629,0
1575003339,1587,0
1575003339,1484,0
1575003339,1185,0
1575003339,861,0
1575003339,632,0
1575003339,61,0
1575003339,10793,0
1575003339,1172,0
1575003339,1124,0
1575003339,982,0
1575003339,911,0
1575003339,937,0
1575003339,835,0
1575003339,768,0
1575003339,689,0
1575003339,595,0
1575003339,514,0
1575003339,370,0
1575003339,286,0
1575003339,48,0
1575003339,7742,0
1575003339,419,0
1575003339,409,0
1575003339,390,0
1575003339,360,0
1575003339,366,0
1575003339,316,0
1575003339,268,0
1575003339,234,0
1575003339,206,0
1575003339,199,0
1575003339,139,0
1575003339,100,0
1575003339,38,0
1575003339,4083,0
1575003339,140,0
1575003339,151,0
1575003339,130,0
1575003339,141,0
1575003339,101,0
1575003339,118,0
1575003339,102,0
1575003339,87,0
1575003339,63,0
1575003339,55,0
1575003339,57,0
1575003339,49,0
1575003339,38,0
1575003339,2535,0
1575003339,82,0
1575003339,90,0
1575003339,87,0
1575003339,52,0
1575003339,69,0
1575003339,75,0
1575003339,72,0
1575003339,62,0
1575003339,47,0
1575003339,54,0
1575003339,43,0
1575003339,35,0
1575003339,16233,0
1575003339,3635,0
1575003339,46,0
1575003339,77,0
1575003339,63,0
1575003339,63,0
1575003339,65,0
1575003339,64,0
1575003339,83,0
1575003339,82,0
1575003339,58,0
1575003339,50,0
1575003339,50,0
1575003339,39,0
1575003339,31,0
1575003339,4572,0
1575003339,50,0
1575003339,47,0
1575003339,54,0
1575003339,55,0
1575003339,59,0
1575003339,51,0
1575003339,59,0
1575003339,52,0
1575003339,39,0
1575003339,42,0
1575003339,36,0
1575003339,32,0
1575003339,28,0
1575003339,5099,0
1575003339,43,0
1575003339,58,0
1575003339,44,0
1575003339,36,0
1575003339,45,0
1575003339,51,0
1575003339,51,0
1575003339,43,0
1575003339,41,0
1575003339,33,0
1575003339,37,0
1575003339,31,0
1575003339,27,0
1575003339,4842,0
1575003339,36,0
1575003339,48,0
1575003339,58,0
1575003339,47,0
1575003339,51,0
1575003339,47,0
1575003339,44,0
1575003339,42,0
1575003339,52,0
1575003339,38,0
1575003339,36,0
1575003339,38,0
1575003339,30,0
1575003339,4828,0
1575003339,46,0
1575003339,45,0
1575003339,68,0
1575003339,36,0
1575003339,57,0
1575003339,67,0
1575003339,59,0
1575003339,63,0
1575003339,47,0
1575003339,36,0
1575003339,39,0
1575003339,36,0
1575003339,29,0
1575003339,4511,0
1575003339,42,0
1575003339,66,0
1575003339,62,0
1575003339,60,0
1575003339,67,0
1575003339,71,0
1575003339,78,0
1575003339,48,0
1575003339,44,0
1575003339,44,0
1575003339,40,0
1575003339,35,0
1575003339,30,0
1575003339,4374,0
1575003339,55,0
1575003339,64,0
1575003339,68,0
1575003339,57,0
1575003339,65,0
1575003339,63,0
1575003339,55,0
1575003339,56,0
1575003339,52,0
1575003339,45,0
1575003339,39,0
1575003339,32,0
1575003339,30,0
1575003339,4090,0
1575003339,62,0
1575003339,80,0
1575003339,79,0
1575003339,70,0
1575003339,97,0
1575003339,79,0
1575003339,88,0
1575003339,61,0
1575003339,77,0
1575003339,44,0
1575003339,45,0
1575003339,36,0
1575003339,30,0
1575003339,3505,0
1575003339,46,0
1575003339,89,0
1575003339,65,0
1575003339,64,0
1575003339,54,0
1575003339,67,0
1575003339,53,0
1575003339,50,0
1575003339,51,0
1575003339,37,0
1575003339,38,0
1575003339,39,0
1575003339,29,0
1575003339,44,0
1575003339,52,0
1575003339,63,0
1575003339,75,0
1575003339,84,0
1575003339,75,0
1575003339,92,0
1575003339,122,0
1575003339,97,0
1575003339,68,0
1575003339,141,0
1575003339,1459,0
1575003339,40,0
1575003339,57,0
1575003339,50,0
1575003339,94,0
1575003339,55,0
1575003386,3,3
1575003386,3,3
1575003386,4,3
1575003386,4,3
1575003386,4,3
1575003386,4,3
1575003386,612,611
1575003386,469,468
1575003386,397,396
1575003386,306,305
1575003386,302,301
1575003386,302,301
1575003386,303,302
1575003386,302,301
1575003386,304,303
1575003386,307,306
1575003386,310,309
1575003386,309,308
1575003386,307,306
1575003386,315,314
1575003386,313,312
1575003386,369,368
1575003386,318,317
1575003386,321,320
1575003386,322,321
1575003386,326,325
1575003386,521,520
1575003386,318,317
1575003386,321,320
1575003386,320,319
1575003386,311,310
1575003386,306,305
1575003386,305,304
1575003386,315,314
1575003386,313,312
1575003386,314,313
1575003386,308,307
1575003386,308,307
1575003386,305,304
1575003386,310,309
1575003386,312,311
1575003386,311,310
1575003386,309,308
1575003386,308,307
1575003386,304,303
1575003386,307,306
1575003386,308,307
1575003386,307,306
1575003386,305,304
1575003386,301,300
1575003386,308,307
1575003386,314,313
1575003386,312,311
1575003386,309,308
1575003386,318,317
1575003386,320,319
1575003386,318,317
1575003386,325,324
1575003386,338,337
1575003386,338,337
1575003386,349,348
1575003386,356,355
1575003386,348,347
1575003386,342,341
1575003386,332,331
1575003386,562,561
1575003386,322,321
1575003386,316,315
1575003386,311,310
1575003386,312,311
1575003386,311,310
1575003386,306,305
1575003386,302,301
1575003386,301,300
1575003386,306,305
1575003386,314,313
1575003386,322,321
1575003386,323,322
1575003386,335,334
1575003386,327,326
1575003386,325,324
1575003386,328,327
1575003386,324,323
1575003386,319,318
1575003386,313,312
1575003386,308,307
1575003386,345,344
1575003386,296,295
1575003386,299,298
1575003386,424,423
1575003386,295,294
1575003386,588,587
1575003386,517,516
1575003386,393,392
1575003386,262,261
1575003386,505,504
1575003386,413,412
1575003386,354,353
1575003386,367,366
1575003386,286,285
1575003386,287,286
1575003386,301,300
1575003386,275,274
1575003386,291,290
1575003386,258,257
1575003386,291,290
1575003386,287,286
1575003386,287,286
1575003386,288,287
1575003386,362,361
1575003386,294,293
1575003386,285,284
1575003386,323,322
1575003386,304,303
1575003386,282,281
1575003386,333,332
1575003386,316,315
1575003386,309,308
1575003386,606,605
1575003386,307,306
1575003386,396,395
1575003386,310,309
1575003386,344,343
1575003386,289,288
1575003386,288,287
1575003386,317,316
1575003386,310,309
1575003386,434,433
1575003386,305,304
1575003386,383,382
1575003386,431,430
1575003386,282,281
1575003386,291,290
1575003386,294,293
1575003386,464,463
1575003386,290,289
1575003386,328,327
1575003386,292,291
1575003386,274,273
1575003386,381,380
1575003386,282,281
1575003386,364,363
1575003386,287,286
1575003386,302,301
1575003386,267,266
1575003386,266,265
1575003386,249,248
1575003386,303,302
1575003386,346,345
1575003386,461,460
1575003386,311,310
1575003386,299,298
1575003386,351,350
1575003386,424,423
1575003386,445,444
1575003386,520,519
1575003386,294,293
1575003386,295,294
1575003386,294,293
1575003386,296,295
1575003386,294,293
1575003386,425,424
1575003386,297,296
1575003386,306,305
1575003386,312,311
1575003386,299,298
1575003386,329,328
1575003386,339,338
1575003386,318,317
1575003386,397,396
1575003386,413,412
1575003386,356,355
1575003386,287,286
1575003386,300,299
1575003386,328,327
1575003386,285,284
1575003386,327,326
1575003386,304,303
1575003386,352,351
1575003386,351,350
1575003386,260,259
1575003386,269,268
1575003386,326,325
1575003386,281,280
1575003386,301,300
1575003386,295,294
1575003386,285,284
1575003386,282,281
1575003386,310,309
1575003386,310,309
1575003386,305,304
1575003386,298,297
1575003386,322,321
1575003386,333,332
1575003386,319,318
1575003386,319,318
1575003386,361,360
1575003386,326,325
1575003386,433,432
1575003386,289,288
1575003386,5350,5350
1575003386,77,77
1575003386,311,311
1575003386,1232,1232
1575003386,4880,4809
1575003386,17259,17259
1575003386,451,451
1575003386,382,382
1575003386,237,237
1575003386,118,118
1575003386,125,125
1575003386,142,142
1575003386,141,141
1575003386,97,97
1575003386,96,96
1575003386,70,70
1575003386,34,34
1575003386,8963,8963
1575003386,976,976
1575003386,159,159
1575003386,151,151
1575003386,163,163
1575003386,157,157
1575003386,283,283
1575003386,139,139
1575003386,137,137
1575003386,2541,2541
1575003386,570,570
1575003386,37,37
1575003386,12093,12093
1575003386,736,736
1575003386,1303,1303
1575003386,1564,1564
1575003386,1248,1248
1575003386,1397,1397
1575003386,1212,1212
1575003386,1261,1261
1575003386,2636,2636
1575003386,3225,3225
1575003386,2100,2100
1575003386,38,38
1575003386,13066,13066
1575003387,2210,2210
1575003387,4238,4167
1575003387,3369,3298
1575003387,2349,2278
1575003387,1347,1276
1575003387,1177,1106
1575003387,937,866
1575003387,593,522
1575003387,466,395
1575003387,114,43
1575003387,1074,1003
1575003387,1381,1310
1575003387,1747,1676
1575003387,2770,2699
1575003387,3699,3628
1575003387,4455,4384
1575003387,13387,13316
1575003387,12618,12547
1575003387,650,579
1575003387,871,800
1575003387,1016,945
1575003387,1000,929
1575003387,837,766
1575003387,560,489
1575003387,531,460
1575003387,356,285
1575003387,342,271
1575003387,260,189
1575003387,145,74
1575003387,9718,9647
1575003387,1035,964
1575003387,853,782
1575003387,814,743
1575003387,643,572
1575003387,677,606
1575003387,617,546
1575003387,583,512
1575003387,630,559
1575003387,701,630
1575003387,558,487
1575003387,526,455
1575003387,603,532
1575003387,706,635
1575003387,593,522
1575003387,130,59
1575003387,5259,5188
1575003387,814,743
1575003387,291,290
1575003387,292,291
1575003387,294,293
1575003387,288,287
1575003387,447,446
1575003387,290,289
1575003387,301,300
1575003387,284,283
1575003387,305,304
1575003387,298,297
1575003387,303,302
1575003387,305,304
1575003387,297,296
1575003387,300,299
1575003387,316,315
1575003387,312,311
1575003387,307,306
1575003387,282,281
1575003387,279,278
1575003387,277,276
1575003387,286,285
1575003387,287,286
1575003387,332,331
1575003387,325,324
1575003387,320,319
1575003387,314,313
1575003387,311,310
1575003387,295,294
1575003387,301,300
1575003387,266,265
1575003387,266,265
1575003387,272,271
1575003387,294,293
1575003387,330,329
1575003387,291,290
1575003387,315,314
1575003387,308,307
1575003387,285,284
1575003387,285,284
1575003387,282,281
1575003387,522,521
1575003387,269,268
1575003387,313,312
1575003387,313,312
1575003387,301,300
1575003387,287,286
1575003387,275,274
1575003387,378,377
1575003387,280,279
1575003387,279,278
1575003387,275,274
1575003387,279,278
1575003387,273,272
1575003387,342,341
1575003387,274,273
1575003387,288,287
1575003387,287,286
1575003387,293,292
1575003387,298,297
1575003387,299,298
1575003387,349,348
1575003387,298,297
1575003387,294,293
1575003387,293,292
1575003387,292,291
1575003387,297,296
1575003387,396,395
1575003387,312,311
1575003387,281,280
1575003387,311,310
1575003387,281,280
1575003387,281,280
1575003387,270,269
1575003387,265,264
1575003387,276,275
1575003387,273,272
1575003387,273,272
1575003387,279,278
1575003387,294,293
1575003387,287,286
1575003387,282,281
1575003387,287,286
1575003387,278,277
1575003387,293,292
1575003387,290,289
1575003387,282,281
1575003387,321,320
1575003387,286,285
1575003387,281,280
1575003387,286,285
1575003387,284,283
1575003387,277,276
1575003387,382,381
1575003387,276,275
1575003387,284,283
1575003387,285,284
1575003387,290,289
1575003387,271,270
1575003387,277,276
1575003387,357,356
1575003387,278,277
1575003387,261,260
1575003387,302,301
1575003387,298,297
1575003387,325,324
1575003387,327,326
1575003387,265,264
1575003387,292,291
1575003387,304,303
1575003387,292,291
1575003387,364,363
1575003387,499,498
1575003387,262,261
1575003387,272,271
1575003387,282,281
1575003387,277,276
1575003387,279,278
1575003387,287,286
1575003387,270,269
1575003387,284,283
1575003387,280,279
1575003387,288,287
1575003387,294,293
1575003387,287,286
1575003387,286,285
1575003387,290,289
1575003387,321,320
1575003387,321,320
1575003387,308,307
1575003387,301,300
1575003387,289,288
1575003387,314,313
1575003387,288,287
1575003387,289,288
1575003387,288,287
1575003387,289,288
1575003387,293,292
1575003387,298,297
1575003387,292,291
1575003387,282,281
1575003387,298,297
1575003387,292,291
1575003387,289,288
1575003387,286,285
1575003387,288,287
1575003387,287,286
1575003387,287,286
1575003387,279,278
1575003387,287,286
1575003387,323,322
1575003387,310,309
1575003387,293,292
1575003387,285,284
1575003387,331,330
1575003387,279,278
1575003387,278,277
1575003387,286,285
1575003387,280,279
1575003387,276,275
1575003387,280,279
1575003387,278,277
1575003387,272,271
1575003387,317,316
1575003387,325,324
1575003387,307,306
1575003387,304,303
1575003387,290,289
1575003387,293,292
1575003387,307,306
1575003387,315,314
1575003387,343,342
1575003387,347,346
1575003387,335,334
1575003387,317,316
1575003387,308,307
1575003387,296,295
1575003387,469,468
1575003387,275,274
1575003387,380,379
1575003387,328,327
1575003387,291,290
1575003387,302,301
1575003387,302,301
1575003387,317,316
1575003387,308,307
1575003387,316,315
1575003387,306,305
1575003387,310,309
1575003387,305,304
1575003387,292,291
1575003387,299,298
1575003387,293,292
1575003387,292,291
1575003387,292,291
1575003387,303,302
1575003387,298,297
1575003387,306,305
1575003387,265,264
1575003387,258,257
1575003387,261,260
1575003387,264,263
1575003387,288,287
1575003387,271,270
1575003387,292,291
1575003387,299,298
1575003387,288,287
1575003387,289,288
1575003387,423,422
1575003387,285,284
1575003387,278,277
1575003387,270,269
1575003387,289,288
1575003387,299,298
1575003387,293,292
1575003387,290,289
1575003387,1009,938
1575003387,1008,937
1575003387,990,919
1575003387,985,914
1575003387,853,782
1575003387,829,758
1575003387,743,672
1575003387,588,517
1575003387,502,431
1575003387,324,253
1575003387,106,35
1575003387,12923,12852
1575003387,5267,5196
1575003387,1013,942
1575003387,970,899
1575003387,803,732
1575003387,785,714
1575003387,464,393
1575003387,592,521
1575003387,660,589
1575003387,578,507
1575003387,531,460
1575003387,505,434
1575003387,455,384
1575003387,284,213
1575003387,116,45
1575003387,6168,6097
1575003387,518,447
1575003387,537,466
1575003387,501,430
1575003387,500,429
1575003387,577,506
1575003387,834,763
1575003387,999,928
1575003387,959,888
1575003387,844,773
1575003387,634,563
1575003387,705,634
1575003387,364,293
1575003387,117,46
1575003387,4396,4325
1575003387,661,590
1575003387,681,610
1575003387,754,683
1575003387,686,615
1575003387,624,553
1575003387,796,725
1575003387,673,602
1575003387,562,491
1575003387,399,328
1575003387,115,44
1575003387,593,522
1575003387,887,816
1575003387,1018,947
1575003387,979,908
1575003387,807,736
1575003387,795,724
1575003387,30837,30766
1575003387,11588,11517
1575003387,287,216
1575003387,372,301
1575003387,316,245
1575003387,421,350
1575003387,194,123
1575003387,188,117
1575003387,186,115
1575003387,165,94
1575003387,396,325
1575003387,104,33
1575003387,995,924
1575003387,1433,1362
1575003387,1554,1483
1575003387,1676,1605
1575003387,1801,1730
1575003387,1172,1101
1575003387,1092,1021
1575003387,2859,2788
1575003387,2873,2802
1575003388,547,546
1575003388,274,273
1575003388,301,300
1575003388,296,295
1575003388,289,288
1575003388,426,425
1575003388,274,273
1575003388,283,282
1575003388,281,280
1575003388,341,340
1575003388,552,551
1575003388,400,399
1575003388,358,357
1575003388,399,398
1575003388,328,327
1575003388,286,285
1575003388,285,284
1575003388,272,271
1575003388,267,266
1575003388,271,270
1575003388,402,401
1575003388,280,279
1575003388,278,277
1575003388,285,284
1575003388,283,282
1575003388,283,282
1575003388,274,273
1575003388,282,281
1575003388,279,278
1575003388,280,279
1575003388,270,269
1575003388,267,266
1575003388,265,264
1575003388,286,285
1575003388,274,273
1575003388,276,275
1575003388,275,274
1575003388,274,273
1575003388,267,266
1575003388,288,287
1575003388,283,282
1575003388,291,290
1575003388,312,311
1575003388,310,309
1575003388,307,306
1575003388,296,295
1575003388,324,323
1575003388,278,277
1575003388,280,279
1575003388,273,272
1575003388,288,287
1575003388,285,284
1575003388,289,288
1575003388,295,294
1575003388,284,283
1575003388,288,287
1575003388,281,280
1575003388,293,292
1575003388,351,350
1575003388,389,388
1575003388,285,284
1575003388,283,282
1575003388,295,294
1575003388,282,281
1575003388,295,294
1575003388,283,282
1575003388,288,287
1575003388,298,297
1575003388,299,298
1575003388,317,316
1575003388,331,330
1575003388,376,375
1575003388,344,343
1575003388,330,329
1575003388,320,319
1575003388,312,311
1575003388,299,298
1575003388,291,290
1575003388,286,285
1575003388,274,273
1575003388,282,281
1575003388,280,279
1575003388,283,282
1575003388,284,283
1575003388,282,281
1575003388,287,286
1575003388,283,282
1575003388,286,285
1575003388,288,287
1575003388,286,285
1575003388,289,288
1575003388,293,292
1575003388,301,300
1575003388,286,285
1575003388,342,341
1575003388,376,375
1575003388,289,288
1575003388,301,300
1575003388,257,256
1575003388,237,236
1575003388,263,262
1575003388,280,279
1575003388,279,278
1575003388,290,289
1575003388,513,512
1575003388,289,288
1575003388,291,290
1575003388,352,351
1575003388,285,284
1575003388,288,287
1575003388,286,285
1575003388,388,387
1575003388,282,281
1575003388,280,279
1575003388,290,289
1575003388,292,291
1575003388,295,294
1575003388,304,303
1575003388,257,256
1575003388,277,276
1575003388,293,292
1575003388,299,298
1575003388,335,334
1575003388,316,315
1575003388,306,305
1575003388,536,535
1575003388,586,585
1575003388,277,276
1575003388,276,275
1575003388,273,272
1575003388,281,280
1575003388,288,287
1575003388,386,385
1575003388,350,349
1575003388,277,276
1575003388,314,313
1575003388,312,311
1575003388,396,395
1575003388,280,279
1575003388,282,281
1575003388,284,283
1575003388,276,275
1575003388,288,287
1575003388,329,328
1575003388,284,283
1575003388,273,272
1575003388,291,290
1575003388,290,289
1575003388,548,547
1575003388,286,285
1575003388,287,286
1575003388,280,279
1575003388,286,285
1575003388,297,296
1575003388,287,286
1575003388,294,293
1575003388,310,309
1575003388,248,247
1575003388,234,233
1575003388,262,261
1575003388,346,345
1575003388,274,273
1575003388,294,293
1575003388,289,288
1575003388,297,296
1575003388,290,289
1575003388,294,293
1575003388,448,447
1575003388,297,296
1575003388,270,269
1575003388,261,260
1575003388,296,295
1575003388,245,244
1575003388,227,226
1575003388,266,265
1575003388,268,267
1575003388,471,470
1575003388,281,280
1575003388,287,286
1575003388,270,269
1575003388,275,274
1575003388,289,288
1575003388,280,279
1575003388,284,283
1575003388,281,280
1575003388,275,274
1575003388,287,286
1575003388,291,290
1575003388,299,298
1575003388,441,440
1575003388,292,291
1575003388,294,293
1575003388,289,288
1575003388,286,285
1575003388,280,279
1575003388,450,449
1575003388,268,267
1575003388,274,273
1575003388,289,288
1575003388,288,287
1575003388,280,279
1575003388,290,289
1575003388,348,347
1575003388,285,284
1575003388,284,283
1575003388,286,285
1575003388,290,289
1575003388,280,279
1575003388,431,430
1575003388,281,280
1575003388,288,287
1575003388,285,284
1575003388,294,293
1575003388,292,291
1575003388,299,298
1575003388,358,357
1575003388,274,273
1575003388,287,286
1575003388,284,283
1575003388,286,285
1575003388,288,287
1575003388,293,292
1575003388,301,300
1575003388,306,305
1575003388,304,303
1575003388,317,316
1575003388,319,318
1575003388,299,298
1575003388,304,303
1575003388,325,324
1575003388,328,327
1575003388,309,308
1575003388,300,299
1575003388,397,396
1575003388,389,388
1575003388,231,230
1575003388,235,234
1575003388,241,240
1575003388,234,233
1575003388,238,237
1575003388,241,240
1575003388,237,236
1575003388,239,238
1575003388,241,240
1575003388,241,240
1575003388,248,247
1575003388,231,230
1575003388,232,231
1575003388,241,240
1575003388,236,235
1575003388,242,241
1575003388,247,246
1575003388,441,440
1575003388,583,582
1575003388,287,286
1575003388,288,287
1575003388,288,287
1575003388,288,287
1575003388,287,286
1575003388,287,286
1575003388,288,287
1575003388,301,300
1575003388,317,316
1575003388,316,315
1575003388,316,315
1575003388,313,312
1575003388,311,310
1575003388,311,310
1575003388,304,303
1575003388,306,305
1575003388,308,307
1575003388,305,304
1575003388,305,304
1575003388,306,305
1575003388,304,303
1575003388,307,306
1575003388,306,305
1575003388,308,307
1575003388,302,301
1575003388,302,301
1575003388,303,302
1575003388,300,299
1575003388,299,298
1575003388,302,301
1575003388,302,301
1575003388,305,304
1575003388,295,294
1575003388,297,296
1575003388,303,302
1575003388,299,298
1575003388,298,297
1575003388,293,292
1575003388,301,300
1575003388,306,305
1575003388,291,290
1575003388,290,289
1575003388,292,291
1575003388,305,304
1575003388,296,295
1575003388,303,302
1575003388,310,309
1575003388,307,306
1575003388,293,292
1575003388,297,296
1575003388,318,317
1575003388,294,293
1575003388,292,291
1575003388,271,270
1575003388,255,254
1575003388,357,357
1575003388,11612,0
1575003388,30736,0
1575003388,2955,0
1575003388,2995,0
1575003388,3000,0
1575003388,2059,0
1575003388,1702,0
1575003388,946,0
1575003388,981,0
1575003388,687,0
1575003388,872,0
1575003388,435,0
1575003388,38,0
1575003388,14031,0
1575003388,379,0
1575003388,384,0
1575003388,671,0
1575003388,475,0
1575003388,523,0
1575003388,480,0
1575003388,629,0
1575003388,406,0
1575003388,394,0
1575003388,359,0
1575003388,386,0
1575003388,291,0
1575003388,247,0
1575003388,183,0
1575003388,37,0
1575003388,12029,0
1575003388,339,0
1575003388,371,0
1575003388,359,0
1575003388,240,0
1575003388,305,0
1575003388,278,0
1575003388,164,0
1575003388,119,0
1575003388,63,0
1575003388,38,0
1575003388,7836,0
1575003388,251,0
1575003388,306,0
1575003388,259,0
1575003388,286,0
1575003388,215,0
1575003388,232,0
1575003388,152,0
1575003388,114,0
1575003388,53,0
1575003388,37,0
1575003388,18027,0
1575003388,6088,0
1575003388,171,0
1575003388,188,0
1575003388,190,0
1575003388,183,0
1575003388,251,0
1575003388,163,0
1575003388,109,0
1575003388,88,0
1575003388,73,0
1575003388,54,0
1575003388,72,0
1575003388,114,0
1575003388,149,0
1575003388,155,0
1575003388,185,0
1575003388,196,0
1575003388,20204,0
1575003388,3602,0
1575003388,85,0
1575003388,100,0
1575003388,115,0
1575003388,81,0
1575003388,109,0
1575003388,98,0
1575003388,89,0
1575003388,68,0
1575003388,53,0
1575003388,29,0
1575003388,57,0
1575003388,74,0
1575003388,70,0
1575003388,103,0
1575003388,117,0
1575003388,119,0
1575003388,136,0
1575003388,23351,0
1575003388,1997,0
1575003388,105,0
1575003388,101,0
1575003388,86,0
1575003388,91,0
1575003388,110,0
1575003388,96,0
1575003388,109,0
1575003388,67,0
1575003388,69,0
1575003388,39,0
1575003388,69,0
1575003388,60,0
1575003388,85,0
1575003388,72,0
1575003388,81,0
1575003388,94,0
1575003388,101,0
1575003388,23488,0
1575003388,982,0
1575003388,56,0
1575003388,55,0
1575003388,60,0
1575003388,63,0
1575003388,54,0
1575003388,53,0
1575003388,58,0
1575003388,46,0
1575003388,47,0
1575003388,44,0
1575003388,53,0
1575003388,60,0
1575003388,57,0
1575003388,55,0
1575003388,51,0
1575003388,57,0
1575003388,18850,0
1575003388,1415,0
1575003388,81,0
1575003388,65,0
1575003388,72,0
1575003388,88,0
1575003388,84,0
1575003388,96,0
1575003388,102,0
1575003388,90,0
1575003388,79,0
1575003388,74,0
1575003388,62,0
1575003388,61,0
1575003388,60,0
1575003388,492,0
1575003388,55,0
1575003388,63,0
1575003388,77,0
1575003388,77,0
1575003388,78,0
1575003388,76,0
1575003388,71,0
1575003388,72,0
1575003388,67,0
1575003388,60,0
1575003388,37,0
1575003388,7067,0
1575003388,1103,0
1575003388,80,0
1575003388,81,0
1575003388,83,0
1575003388,88,0
1575003388,83,0
1575003388,98,0
1575003388,79,0
1575003388,77,0
1575003388,73,0
1575003388,61,0
1575003388,56,0
1575003388,41,0
1575003388,31,0
1575003388,832,0
1575003388,71,0
1575003388,76,0
1575003388,93,0
1575003388,65,0
1575003388,63,0
1575003388,62,0
1575003388,62,0
1575003388,55,0
1575003388,51,0
1575003388,47,0
1575003388,41,0
1575003388,31,0
1575003411,51000,51000
1575003411,13150,13150
1575003411,307,307
1575003411,101,101
1575003411,396,396
1575003411,420,420
1575003411,142,142
1575003411,506,506
1575003411,131,131
1575003411,518,518
1575003411,415,415
1575003411,170,170
1575003411,404,404
1575003411,110,110
1575003411,33,33
1575003411,10048,10048
1575003411,152,152
1575003411,457,457
1575003411,477,477
1575003411,142,142
1575003411,379,379
1575003411,161,161
1575003411,492,492
1575003411,459,459
1575003411,117,117
1575003411,303,303
1575003411,54,54
1575003411,242,242
1575003411,36,36
1575003411,9324,9324
1575003411,446,446
1575003411,87,87
1575003411,615,544
1575003411,415,415
1575003411,71,71
1575003411,437,437
1575003411,58,58
1575003411,388,388
1575003411,360,360
1575003411,53,53
1575003411,323,323
1575003411,58,58
1575003411,108,37
1575003411,622,622
1575003411,288,288
1575003411,294,294
1575003411,292,292
1575003411,292,292
1575003411,287,287
1575003411,288,288
1575003411,292,292
1575003411,290,290
1575003411,286,286
1575003411,289,288
1575003411,290,290
1575003411,288,288
1575003411,296,296
1575003411,293,293
1575003411,293,293
1575003411,441,441
1575003411,283,283
1575003411,294,294
1575003411,304,304
1575003411,307,307
1575003411,296,296
1575003411,398,398
1575003411,285,285
1575003411,289,289
1575003411,275,275
1575003411,292,292
1575003411,364,364
1575003411,345,345
1575003411,316,316
1575003411,328,328
1575003411,397,397
1575003411,346,346
1575003411,334,334
1575003411,310,310
1575003411,332,332
1575003411,337,337
1575003411,330,330
1575003411,313,313
1575003411,319,319
1575003411,318,318
1575003411,322,322
1575003411,326,325
1575003411,323,323
1575003411,347,347
1575003411,428,428
1575003411,281,281
1575003411,280,280
1575003411,324,324
1575003411,359,359
1575003411,373,373
1575003411,445,445
1575003411,295,295
1575003411,451,451
1575003411,285,285
1575003411,286,286
1575003411,402,402
1575003411,282,282
1575003411,295,295
1575003411,286,286
1575003411,307,307
1575003411,304,304
1575003411,360,360
1575003411,308,308
1575003411,294,294
1575003411,286,286
1575003411,288,288
1575003411,290,290
1575003411,409,409
1575003411,404,404
1575003411,327,327
1575003411,333,333
1575003411,353,353
1575003411,332,332
1575003411,317,317
1575003411,316,316
1575003411,305,305
1575003411,304,304
1575003411,306,306
1575003411,300,300
1575003411,439,439
1575003411,283,283
1575003411,286,286
1575003411,287,287
1575003411,292,292
1575003411,291,291
1575003411,289,289
1575003411,289,289
1575003411,290,290
1575003411,299,299
1575003411,315,315
1575003411,330,330
1575003411,436,436
1575003411,282,282
1575003411,288,288
1575003411,292,292
1575003411,291,291
1575003411,294,294
1575003411,287,287
1575003411,427,427
1575003411,290,290
1575003411,301,301
1575003411,296,296
1575003411,293,293
1575003411,294,294
1575003411,432,432
1575003411,286,286
1575003411,291,291
1575003411,431,431
1575003411,317,317
1575003411,294,294
1575003411,295,295
1575003411,287,287
1575003411,287,287
1575003411,505,505
1575003411,291,291
1575003411,404,404
1575003411,258,258
1575003411,274,274
1575003411,270,270
1575003411,278,278
1575003411,283,283
1575003411,317,317
1575003411,308,308
1575003411,305,305
1575003411,298,298
1575003411,293,293
1575003411,444,444
1575003411,313,313
1575003411,309,309
1575003411,310,310
1575003411,301,301
1575003411,297,297
1575003411,289,289
1575003411,287,287
1575003411,286,286
1575003411,291,291
1575003411,291,291
1575003411,306,305
1575003411,433,433
1575003411,354,354
1575003411,346,346
1575003411,349,349
1575003411,336,336
1575003411,320,320
1575003411,299,299
1575003411,360,360
1575003411,365,365
1575003411,488,488
1575003411,287,287
1575003411,293,293
1575003411,286,286
1575003411,285,285
1575003411,290,290
1575003411,306,306
1575003411,302,302
1575003411,284,284
1575003411,273,273
1575003411,286,286
1575003411,286,286
1575003411,290,290
1575003411,286,286
1575003411,270,270
1575003411,289,289
1575003411,288,288
1575003411,270,270
1575003411,261,261
1575003411,261,261
1575003411,302,302
1575003411,303,303
1575003411,286,286
1575003411,296,296
1575003411,328,328
1575003411,322,322
1575003411,442,442
1575003411,294,294
1575003411,290,290
1575003411,292,292
1575003411,478,478
1575003411,312,312
1575003411,295,295
1575003411,426,426
1575003411,289,289
1575003411,293,293
1575003411,291,291
1575003411,288,288
1575003411,377,377
1575003411,282,282
1575003411,285,285
1575003411,287,287
1575003411,287,287
1575003411,288,288
1575003411,285,285
1575003411,287,287
1575003411,291,291
1575003411,285,285
1575003411,286,286
1575003411,286,286
1575003411,288,288
1575003411,297,297
1575003411,294,294
1575003411,294,294
