1575004277,3,3
1575004277,623,623
1575004277,611,611
1575004277,425,425
1575004277,313,313
1575004277,307,307
1575004277,299,299
1575004277,298,298
1575004277,294,294
1575004277,293,293
1575004277,292,292
1575004277,287,287
1575004277,286,286
1575004277,304,304
1575004277,316,316
1575004277,290,290
1575004277,271,271
1575004277,276,276
1575004277,263,263
1575004277,249,249
1575004277,388,388
1575004277,369,369
1575004277,354,354
1575004277,228,228
1575004277,216,216
1575004277,217,217
1575004277,216,216
1575004277,215,215
1575004277,215,215
1575004277,216,216
1575004277,214,214
1575004277,227,227
1575004277,231,231
1575004277,221,221
1575004277,212,212
1575004277,214,214
1575004277,234,234
1575004277,243,243
1575004277,248,248
1575004277,241,241
1575004277,251,251
1575004277,240,240
1575004277,262,262
1575004277,238,238
1575004277,249,248
1575004277,241,241
1575004277,252,252
1575004277,255,255
1575004277,256,256
1575004277,258,258
1575004277,266,266
1575004277,253,253
1575004277,245,245
1575004277,264,264
1575004277,274,274
1575004277,282,282
1575004277,328,328
1575004277,465,465
1575004277,429,429
1575004277,221,221
1575004277,194,194
1575004277,197,197
1575004277,203,203
1575004277,199,199
1575004277,189,189
1575004277,206,206
1575004277,192,192
1575004277,194,194
1575004277,199,199
1575004277,214,214
1575004277,243,243
1575004277,479,478
1575004277,466,466
1575004277,378,378
1575004277,230,230
1575004277,257,257
1575004277,253,253
1575004277,273,273
1575004277,291,291
1575004277,264,264
1575004277,265,265
1575004277,263,263
1575004277,287,287
1575004277,274,274
1575004277,448,448
1575004277,303,303
1575004277,322,322
1575004277,262,262
1575004277,338,338
1575004277,246,246
1575004277,248,248
1575004277,237,237
1575004277,251,251
1575004277,251,251
1575004277,246,246
1575004277,226,226
1575004277,224,224
1575004277,235,235
1575004277,218,218
1575004277,226,226
1575004277,218,218
1575004277,224,224
1575004277,230,230
1575004277,230,230
1575004277,229,229
1575004277,235,235
1575004277,225,225
1575004277,224,224
1575004277,217,217
1575004277,214,214
1575004277,217,217
1575004277,221,221
1575004277,222,222
1575004277,216,216
1575004277,216,216
1575004277,217,217
1575004277,216,216
1575004277,357,357
1575004277,389,389
1575004277,212,212
1575004277,215,215
1575004277,224,224
1575004277,223,223
1575004277,223,223
1575004277,222,222
1575004277,216,216
1575004277,229,229
1575004277,216,216
1575004277,214,214
1575004277,219,219
1575004277,234,234
1575004277,217,217
1575004277,215,215
1575004277,243,243
1575004277,264,264
1575004277,272,272
1575004277,244,244
1575004277,236,236
1575004277,234,234
1575004277,236,236
1575004277,222,222
1575004277,224,224
1575004277,222,222
1575004277,225,225
1575004277,224,224
1575004277,231,231
1575004277,238,238
1575004277,233,233
1575004277,248,248
1575004277,227,227
1575004277,227,227
1575004277,230,230
1575004277,225,224
1575004277,218,218
1575004277,227,227
1575004277,213,213
1575004277,223,223
1575004277,220,220
1575004277,223,223
1575004277,218,218
1575004277,215,215
1575004277,217,217
1575004277,216,216
1575004277,227,227
1575004277,223,223
1575004277,224,224
1575004277,223,223
1575004277,230,230
1575004277,232,232
1575004277,230,230
1575004277,219,219
1575004277,215,215
1575004277,216,216
1575004277,215,215
1575004277,215,215
1575004277,214,214
1575004277,215,215
1575004277,215,215
1575004277,217,217
1575004277,217,217
1575004277,216,216
1575004277,215,215
1575004277,215,215
1575004277,215,215
1575004277,219,219
1575004277,236,236
1575004277,246,246
1575004277,236,236
1575004277,239,239
1575004277,393,393
1575004277,257,257
1575004277,251,251
1575004277,254,254
1575004277,264,264
1575004277,262,262
1575004277,238,238
1575004277,252,252
1575004277,263,263
1575004277,241,241
1575004277,248,248
1575004277,255,255
1575004277,258,258
1575004277,252,252
1575004277,275,275
1575004277,297,297
1575004277,264,264
1575004277,259,259
1575004277,269,269
1575004277,260,260
1575004277,273,273
1575004277,294,294
1575004277,271,271
1575004277,268,268
1575004277,285,285
1575004277,313,312
1575004277,289,289
1575004277,280,280
1575004277,289,289
1575004277,284,284
1575004277,272,272
1575004277,282,282
1575004277,269,269
1575004277,278,278
1575004277,258,258
1575004277,261,261
1575004277,246,246
1575004277,241,241
1575004277,245,245
1575004277,260,260
1575004277,260,260
1575004277,260,260
1575004277,275,275
1575004277,285,285
1575004277,277,277
1575004277,273,273
1575004277,276,276
1575004277,281,281
1575004277,278,278
1575004277,280,280
1575004277,278,277
1575004277,271,270
1575004277,271,270
1575004277,283,282
1575004277,281,280
1575004277,281,280
1575004277,279,278
1575004277,278,277
1575004277,279,278
1575004277,5362,5362
1575004277,5226,5226
1575004277,34,34
1575004277,62,62
1575004277,63,63
1575004277,77,77
1575004277,279,279
1575004277,549,549
1575004277,755,755
1575004277,853,782
1575004277,599,599
1575004277,526,455
1575004277,277,277
1575004277,235,235
1575004277,40,40
1575004277,3533,3533
1575004277,128,128
1575004277,131,131
1575004277,128,128
1575004277,95,95
1575004277,101,101
1575004277,105,105
1575004277,92,92
1575004277,99,99
1575004277,103,103
1575004277,88,88
1575004277,82,82
1575004277,71,71
1575004277,34,34
1575004277,1993,1993
1575004277,61,61
1575004277,51,51
1575004277,52,52
1575004277,54,54
1575004277,70,70
1575004277,62,62
1575004277,68,68
1575004277,69,69
1575004277,69,69
1575004277,63,63
1575004277,64,64
1575004277,56,56
1575004277,41,41
1575004277,4155,4155
1575004277,158,158
1575004277,188,188
1575004277,151,151
1575004277,152,152
1575004277,140,140
1575004277,196,196
1575004277,174,174
1575004277,190,190
1575004277,173,173
1575004277,130,130
1575004277,116,116
1575004277,66,66
1575004277,43,43
1575004277,1830,1830
1575004277,164,93
1575004277,177,106
1575004277,173,102
1575004277,182,111
1575004277,176,105
1575004277,209,138
1575004277,234,163
1575004277,279,208
1575004277,521,450
1575004277,440,369
1575004277,385,314
1575004277,155,84
1575004277,111,40
1575004277,1002,931
1575004277,210,139
1575004277,189,118
1575004277,192,121
1575004277,169,98
1575004277,151,80
1575004277,151,80
1575004277,123,52
1575004277,129,58
1575004277,132,61
1575004277,121,50
1575004277,118,47
1575004277,113,42
1575004277,108,37
1575004277,2647,2576
1575004277,116,45
1575004277,117,46
1575004277,118,47
1575004277,134,63
1575004277,124,53
1575004277,258,187
1575004277,238,167
1575004277,193,122
1575004277,167,96
1575004277,107,36
1575004277,362,291
1575004277,653,582
1575004277,714,643
1575004277,655,584
1575004277,483,412
1575004277,582,511
1575004277,652,581
1575004277,833,762
1575004277,997,926
1575004277,22121,0
1575004277,4394,0
1575004277,51,0
1575004277,52,0
1575004277,69,0
1575004277,74,0
1575004277,107,0
1575004277,107,0
1575004277,92,0
1575004277,100,0
1575004277,77,0
1575004277,69,0
1575004277,59,0
1575004277,55,0
1575004277,49,0
1575004277,48,0
1575004277,36,0
1575004277,3776,0
1575004277,208,0
1575004277,188,0
1575004277,129,0
1575004277,103,0
1575004277,127,0
1575004277,80,0
1575004277,73,0
1575004277,85,0
1575004277,72,0
1575004277,65,0
1575004277,65,0
1575004277,54,0
1575004277,33,0
1575004277,3386,0
1575004277,78,0
1575004277,108,0
1575004277,112,0
1575004277,97,0
1575004277,90,0
1575004277,92,0
1575004277,70,0
1575004277,66,0
1575004277,52,0
1575004277,33,0
1575004277,1937,0
1575004277,80,0
1575004277,89,0
1575004277,117,0
1575004277,144,0
1575004277,108,0
1575004277,91,0
1575004277,89,0
1575004277,100,0
1575004277,93,0
1575004277,74,0
1575004277,60,0
1575004277,36,0
1575004278,293,292
1575004278,287,286
1575004278,292,291
1575004278,289,288
1575004278,283,282
1575004278,292,291
1575004278,277,276
1575004278,296,295
1575004278,290,289
1575004278,307,306
1575004278,300,299
1575004278,298,297
1575004278,298,297
1575004278,302,301
1575004278,300,299
1575004278,289,288
1575004278,287,286
1575004278,297,296
1575004278,278,277
1575004278,287,286
1575004278,397,396
1575004278,282,281
1575004278,284,283
1575004278,374,373
1575004278,314,313
1575004278,281,280
1575004278,279,278
1575004278,355,354
1575004278,279,278
1575004278,285,284
1575004278,279,278
1575004278,303,302
1575004278,328,327
1575004278,457,456
1575004278,278,277
1575004278,270,269
1575004278,274,273
1575004278,269,268
1575004278,270,269
1575004278,320,319
1575004278,323,322
1575004278,263,262
1575004278,383,382
1575004278,282,281
1575004278,275,274
1575004278,270,269
1575004278,515,514
1575004278,498,497
1575004278,335,334
1575004278,279,278
1575004278,282,281
1575004278,273,272
1575004278,279,278
1575004278,283,282
1575004278,281,280
1575004278,280,279
1575004278,283,282
1575004278,565,564
1575004278,288,287
1575004278,291,290
1575004278,296,295
1575004278,289,288
1575004278,295,294
1575004278,294,293
1575004278,286,285
1575004278,273,272
1575004278,283,282
1575004278,287,286
1575004278,284,283
1575004278,291,290
1575004278,276,275
1575004278,297,296
1575004278,282,281
1575004278,295,294
1575004278,304,303
1575004278,301,300
1575004278,299,298
1575004278,293,292
1575004278,282,281
1575004278,282,281
1575004278,278,277
1575004278,292,291
1575004278,286,285
1575004278,285,284
1575004278,294,293
1575004278,295,294
1575004278,290,289
1575004278,289,288
1575004278,275,274
1575004278,270,269
1575004278,273,272
1575004278,280,279
1575004278,279,278
1575004278,279,278
1575004278,277,276
1575004278,268,267
1575004278,261,260
1575004278,272,271
1575004278,259,258
1575004278,261,260
1575004278,268,267
1575004278,284,283
1575004278,295,294
1575004278,285,284
1575004278,279,278
1575004278,303,302
1575004278,284,283
1575004278,281,280
1575004278,292,291
1575004278,287,286
1575004278,283,282
1575004278,275,274
1575004278,277,276
1575004278,263,262
1575004278,257,256
1575004278,248,247
1575004278,259,258
1575004278,276,275
1575004278,288,287
1575004278,271,270
1575004278,273,272
1575004278,276,275
1575004278,275,274
1575004278,447,446
1575004278,268,267
1575004278,269,268
1575004278,272,271
1575004278,280,279
1575004278,281,280
1575004278,393,392
1575004278,279,278
1575004278,285,284
1575004278,274,273
1575004278,280,279
1575004278,272,271
1575004278,270,269
1575004278,268,267
1575004278,278,277
1575004278,276,275
1575004278,275,274
1575004278,285,284
1575004278,289,288
1575004278,281,280
1575004278,276,275
1575004278,252,251
1575004278,274,273
1575004278,283,282
1575004278,298,297
1575004278,287,286
1575004278,298,297
1575004278,330,329
1575004278,284,283
1575004278,287,286
1575004278,290,289
1575004278,292,291
1575004278,292,291
1575004278,285,284
1575004278,291,290
1575004278,296,295
1575004278,446,445
1575004278,410,409
1575004278,267,266
1575004278,263,262
1575004278,278,277
1575004278,280,279
1575004278,263,262
1575004278,381,380
1575004278,429,428
1575004278,273,272
1575004278,278,277
1575004278,277,276
1575004278,295,294
1575004278,598,597
1575004278,438,437
1575004278,275,274
1575004278,286,285
1575004278,285,284
1575004278,278,277
1575004278,283,282
1575004278,337,336
1575004278,275,274
1575004278,286,285
1575004278,292,291
1575004278,350,349
1575004278,280,279
1575004278,279,278
1575004278,280,279
1575004278,289,288
1575004278,290,289
1575004278,285,284
1575004278,295,294
1575004278,289,288
1575004278,293,292
1575004278,290,289
1575004278,295,294
1575004278,282,281
1575004278,280,279
1575004278,569,568
1575004278,249,248
1575004278,241,240
1575004278,240,239
1575004278,245,244
1575004278,237,236
1575004278,234,233
1575004278,259,258
1575004278,436,435
1575004278,404,403
1575004278,251,250
1575004278,318,317
1575004278,256,255
1575004278,262,261
1575004278,416,415
1575004278,262,261
1575004278,481,480
1575004278,364,363
1575004278,364,363
1575004278,324,323
1575004278,247,246
1575004278,257,256
1575004278,268,267
1575004278,269,268
1575004278,606,605
1575004278,296,295
1575004278,295,294
1575004278,328,327
1575004278,269,268
1575004278,271,270
1575004278,474,473
1575004278,273,272
1575004278,272,271
1575004278,279,278
1575004278,288,287
1575004278,292,291
1575004278,292,291
1575004278,292,291
1575004278,283,282
1575004278,281,280
1575004279,280,279
1575004279,278,277
1575004279,272,271
1575004279,277,276
1575004279,288,287
1575004279,294,293
1575004279,293,292
1575004279,289,288
1575004279,281,280
1575004279,278,277
1575004279,276,275
1575004279,279,278
1575004279,291,290
1575004279,284,283
1575004279,278,277
1575004279,21712,0
1575004279,3416,0
1575004279,110,0
1575004279,109,0
1575004279,136,0
1575004279,164,0
1575004279,172,0
1575004279,179,0
1575004279,166,0
1575004279,143,0
1575004279,110,0
1575004279,98,0
1575004279,90,0
1575004279,68,0
1575004279,34,0
1575004279,4901,0
1575004279,100,0
1575004279,120,0
1575004279,183,0
1575004279,164,0
1575004279,137,0
1575004279,151,0
1575004279,128,0
1575004279,135,0
1575004279,107,0
1575004279,98,0
1575004279,91,0
1575004279,65,0
1575004279,36,0
1575004279,5361,0
1575004279,113,0
1575004279,139,0
1575004279,198,0
1575004279,163,0
1575004279,164,0
1575004279,143,0
1575004279,150,0
1575004279,144,0
1575004279,134,0
1575004279,108,0
1575004279,109,0
1575004279,81,0
1575004279,38,0
1575004279,5860,0
1575004279,154,0
1575004279,184,0
1575004279,209,0
1575004279,213,0
1575004279,210,0
1575004279,154,0
1575004279,201,0
1575004279,184,0
1575004279,155,0
1575004279,133,0
1575004279,127,0
1575004279,91,0
1575004279,34,0
1575004279,7114,0
1575004279,247,0
1575004279,284,0
1575004279,387,0
1575004279,479,0
1575004279,432,0
1575004279,440,0
1575004279,468,0
1575004279,459,0
1575004279,426,0
1575004279,482,0
1575004279,445,0
1575004279,379,0
1575004279,44,0
1575004279,7627,0
1575004279,550,0
1575004279,556,0
1575004279,599,0
1575004279,587,0
1575004279,589,0
1575004279,572,0
1575004279,498,0
1575004279,456,0
1575004279,410,0
1575004279,372,0
1575004279,288,0
1575004279,199,0
1575004279,41,0
1575004279,6313,0
1575004279,214,0
1575004279,254,0
1575004279,246,0
1575004279,261,0
1575004279,285,0
1575004279,231,0
1575004279,229,0
1575004279,195,0
1575004279,193,0
1575004279,146,0
1575004279,124,0
1575004279,146,0
1575004279,39,0
1575004279,6055,0
1575004279,259,0
1575004279,344,0
1575004279,410,0
1575004279,459,0
1575004279,331,0
1575004279,647,0
1575004279,595,0
1575004279,634,0
1575004279,632,0
1575004279,611,0
1575004279,461,0
1575004279,349,0
1575004279,38,0
1575004279,5439,0
1575004279,406,0
1575004279,394,0
1575004279,401,0
1575004279,353,0
1575004279,385,0
1575004279,287,0
1575004279,294,0
1575004279,280,0
1575004279,324,0
1575004279,338,0
1575004279,271,0
1575004279,177,0
1575004279,40,0
1575004279,3983,0
1575004279,235,0
1575004279,278,0
1575004279,288,0
1575004279,250,0
1575004279,235,0
1575004279,230,0
1575004279,202,0
1575004279,150,0
1575004279,110,0
1575004279,39,0
1575004279,2815,0
1575004279,228,0
1575004279,302,0
1575004279,275,0
1575004279,187,0
1575004279,187,0
1575004279,147,0
1575004279,158,0
1575004279,151,0
1575004279,137,0
1575004279,108,0
1575004279,38,0
1575004279,280,279
1575004279,290,289
1575004279,295,294
1575004279,296,295
1575004279,319,318
1575004279,322,321
1575004279,306,305
1575004279,304,303
1575004279,309,308
1575004279,303,302
1575004279,287,286
1575004279,290,289
1575004279,294,293
1575004279,292,291
1575004279,295,294
1575004279,305,304
1575004279,304,303
1575004279,299,298
1575004279,294,293
1575004279,289,288
1575004279,294,293
1575004279,300,299
1575004279,297,296
1575004279,305,304
1575004279,297,296
1575004279,292,291
1575004279,293,292
1575004279,299,298
1575004279,281,280
1575004279,332,331
1575004279,339,338
1575004279,282,281
1575004279,279,278
1575004279,291,290
1575004279,285,284
1575004279,285,284
1575004279,295,294
1575004279,301,300
1575004279,288,287
1575004279,292,291
1575004279,296,295
1575004279,291,290
1575004279,293,292
1575004279,284,283
1575004279,420,419
1575004279,282,281
1575004279,281,280
1575004279,284,283
1575004279,286,285
1575004279,286,285
1575004279,286,285
1575004279,282,281
1575004279,403,402
1575004279,282,281
1575004279,295,294
1575004279,287,286
1575004279,299,298
1575004279,291,290
1575004279,287,286
1575004279,291,290
1575004279,295,294
1575004279,293,292
1575004279,296,295
1575004279,283,282
1575004279,314,313
1575004279,289,288
1575004279,301,300
1575004279,296,295
1575004279,284,283
1575004279,289,288
1575004279,295,294
1575004279,294,293
1575004279,294,293
1575004279,295,294
1575004279,303,302
1575004279,309,308
1575004279,311,310
1575004279,310,309
1575004279,480,479
1575004279,249,248
1575004279,234,233
1575004279,250,249
1575004279,266,265
1575004279,250,249
1575004279,265,264
1575004279,257,256
1575004279,254,253
1575004279,249,248
1575004279,257,256
1575004279,276,275
1575004279,274,273
1575004279,280,279
1575004279,272,271
1575004279,278,277
1575004279,293,292
1575004279,288,287
1575004279,284,283
1575004279,288,287
1575004279,281,280
1575004279,296,295
1575004279,544,543
1575004279,307,306
1575004279,296,295
1575004279,294,293
1575004279,306,305
1575004279,310,309
1575004279,298,297
1575004279,292,291
1575004279,284,283
1575004279,291,290
1575004279,285,284
1575004279,284,283
1575004279,288,287
1575004279,288,287
1575004279,294,293
1575004279,344,343
1575004279,291,290
1575004279,278,277
1575004279,278,277
1575004279,272,271
1575004279,282,281
1575004279,296,295
1575004279,298,297
1575004279,299,298
1575004279,299,298
1575004279,298,297
1575004279,288,287
1575004279,410,409
1575004279,308,307
1575004279,331,330
1575004279,317,316
1575004279,303,302
1575004279,303,302
1575004279,308,307
1575004279,286,285
1575004279,288,287
1575004279,285,284
1575004279,299,298
1575004279,289,288
1575004279,287,286
1575004279,283,282
1575004279,270,269
1575004279,273,272
1575004279,268,267
1575004279,275,274
1575004279,268,267
1575004279,263,262
1575004279,276,275
1575004279,272,271
1575004279,273,272
1575004279,280,279
1575004279,275,274
1575004279,277,276
1575004279,281,280
1575004279,294,293
1575004279,302,301
1575004279,284,283
1575004279,285,284
1575004279,282,281
1575004279,282,281
1575004279,289,288
1575004279,284,283
1575004279,317,316
1575004279,294,293
1575004279,283,282
1575004279,302,301
1575004279,302,301
1575004279,295,294
1575004279,285,284
1575004279,285,284
1575004279,287,286
1575004279,374,373
1575004279,290,289
1575004279,291,290
1575004279,289,288
1575004279,295,294
1575004279,299,298
1575004279,300,299
1575004279,308,307
1575004279,313,312
1575004279,309,308
1575004279,308,307
1575004279,308,307
1575004279,310,309
1575004279,319,318
1575004279,307,306
1575004279,301,300
1575004279,288,287
1575004279,291,290
1575004279,293,292
1575004279,294,293
1575004279,302,301
1575004279,301,300
1575004279,298,297
1575004279,297,296
1575004279,301,300
1575004279,301,300
1575004279,303,302
1575004279,309,308
1575004279,317,316
1575004279,302,301
1575004279,299,298
1575004279,463,462
1575004279,310,309
1575004279,312,311
1575004279,315,314
1575004279,319,318
1575004279,320,319
1575004279,308,307
1575004279,295,294
1575004279,300,299
1575004279,307,306
1575004279,302,301
1575004279,301,300
1575004279,296,295
1575004279,292,291
1575004279,300,299
1575004279,353,352
1575004279,320,319
1575004279,318,317
1575004279,307,306
1575004279,297,296
1575004279,302,301
1575004279,309,308
1575004279,320,319
1575004279,312,311
1575004279,355,354
1575004279,304,303
1575004279,304,303
1575004279,318,317
1575004279,311,310
1575004279,349,348
1575004279,297,296
1575004279,288,287
1575004279,290,289
1575004279,296,295
1575004279,291,290
1575004279,293,292
1575004279,291,290
1575004279,298,297
1575004279,290,289
1575004279,292,291
1575004279,464,463
1575004279,322,321
1575004279,309,308
1575004279,316,315
1575004279,322,321
1575004279,327,326
1575004279,316,315
1575004279,313,312
1575004279,304,303
1575004279,317,316
1575004279,320,319
1575004279,292,291
1575004279,293,292
1575004279,295,294
1575004279,286,285
1575004279,361,360
1575004279,317,316
1575004279,300,299
1575004279,294,293
1575004279,298,297
1575004279,443,442
1575004279,319,318
1575004279,322,321
1575004279,306,305
1575004279,341,340
1575004279,298,297
1575004279,293,292
1575004279,321,320
1575004279,310,309
1575004279,301,300
1575004279,295,294
1575004279,290,289
1575004279,298,297
1575004279,301,300
1575004279,289,288
1575004279,295,294
1575004279,298,297
1575004279,319,318
1575004279,339,338
1575004279,352,351
1575004279,284,283
1575004279,289,288
1575004279,295,294
1575004279,297,296
1575004279,293,292
1575004279,285,284
1575004279,279,278
1575004279,277,276
1575004279,280,279
1575004279,268,267
1575004279,264,263
1575004279,271,270
1575004279,273,272
1575004279,269,268
1575004279,268,267
1575004279,268,267
1575004279,265,264
1575004279,272,271
1575004279,270,269
1575004279,287,286
1575004279,279,278
1575004279,267,266
1575004279,268,267
1575004279,273,272
1575004279,276,275
1575004279,281,280
1575004279,264,263
1575004279,262,261
1575004279,250,249
1575004279,253,252
1575004279,261,260
1575004279,259,258
1575004279,253,252
1575004279,258,257
1575004279,255,254
1575004279,260,259
1575004279,264,263
1575004279,276,275
1575004279,247,246
1575004279,253,252
1575004279,260,259
1575004279,279,278
1575004279,254,253
1575004279,280,279
1575004279,260,259
1575004279,264,263
1575004279,265,264
1575004279,269,268
1575004279,284,283
1575004279,294,293
1575004279,272,271
1575004279,265,264
1575004279,257,256
1575004279,255,254
1575004279,272,271
1575004279,263,262
1575004279,243,242
1575004279,230,229
1575004279,251,250
1575004279,231,230
1575004279,231,230
1575004279,225,224
1575004279,232,231
1575004279,224,223
1575004279,221,220
1575004279,245,244
1575004279,238,237
1575004279,233,232
1575004279,228,227
1575004279,226,225
1575004279,241,240
1575004279,229,228
1575004279,221,220
1575004279,235,234
1575004279,225,224
1575004279,233,232
1575004279,227,226
1575004279,217,216
1575004279,222,221
1575004279,217,216
1575004279,229,228
1575004279,218,217
1575004279,247,246
1575004279,220,219
1575004279,247,246
1575004279,224,223
1575004279,216,215
1575004279,216,215
1575004279,220,219
1575004279,273,272
1575004279,230,229
1575004279,315,314
1575004279,225,224
1575004279,220,219
1575004279,231,230
1575004279,228,227
1575004279,224,223
1575004279,217,216
1575004279,218,217
1575004279,331,330
1575004279,217,216
1575004279,226,225
1575004279,223,222
1575004279,219,218
1575004279,221,220
1575004279,224,223
1575004279,226,225
1575004279,325,324
1575004279,225,224
1575004279,220,219
1575004279,219,218
1575004279,222,221
1575004279,226,225
1575004279,230,229
1575004279,231,230
1575004279,225,224
1575004279,222,221
1575004279,219,218
1575004279,224,223
1575004279,227,226
1575004279,244,243
1575004279,253,252
1575004279,251,250
1575004279,249,248
1575004279,263,262
1575004279,306,305
1575004279,242,241
1575004279,246,245
1575004279,234,233
1575004279,225,224
1575004279,227,226
1575004279,220,219
1575004279,223,222
1575004279,220,219
1575004279,223,222
1575004279,218,217
1575004279,227,226
1575004279,235,234
1575004279,238,237
1575004279,247,246
1575004279,258,257
1575004279,241,240
1575004279,239,238
1575004279,228,227
1575004279,229,228
1575004279,231,230
1575004279,236,235
1575004279,238,237
1575004279,226,225
1575004279,228,227
1575004279,230,229
1575004279,242,241
1575004279,223,222
1575004279,216,215
1575004279,235,234
1575004279,239,238
1575004279,263,262
1575004279,240,239
1575004279,281,280
1575004279,246,245
1575004279,251,250
1575004279,263,262
1575004279,263,262
1575004279,261,260
1575004279,259,258
1575004279,253,252
1575004279,261,260
1575004279,288,287
1575004279,277,276
1575004279,288,287
1575004279,274,273
1575004279,317,316
1575004279,292,291
1575004279,286,285
1575004279,553,552
1575004279,291,290
1575004279,298,297
1575004279,351,350
1575004279,294,293
1575004279,286,285
1575004279,288,287
1575004279,287,286
1575004279,289,288
1575004279,291,290
1575004279,289,288
1575004279,292,291
1575004279,284,283
1575004279,291,290
1575004279,288,287
1575004279,288,287
1575004279,338,337
1575004279,279,278
1575004279,286,285
1575004279,354,353
1575004279,282,281
1575004279,277,276
1575004279,280,279
1575004279,281,280
1575004279,279,278
1575004279,273,272
1575004279,270,269
1575004279,266,265
1575004279,274,273
1575004279,276,275
1575004279,289,288
1575004279,290,289
1575004279,288,287
1575004279,290,289
1575004279,288,287
1575004279,286,285
1575004279,287,286
1575004279,277,276
1575004279,291,290
1575004279,289,288
1575004279,288,287
1575004279,287,286
1575004279,288,287
1575004279,288,287
1575004279,12763,0
1575004279,6863,0
1575004279,521,0
1575004279,581,0
1575004279,617,0
1575004279,610,0
1575004279,459,0
1575004279,540,0
1575004279,478,0
1575004279,489,0
1575004279,416,0
1575004279,380,0
1575004279,284,0
1575004279,159,0
1575004279,54,0
1575004279,7156,0
1575004279,266,0
1575004279,253,0
1575004279,377,0
1575004279,430,0
1575004279,360,0
1575004279,390,0
1575004279,344,0
1575004279,430,0
1575004279,348,0
1575004279,390,0
1575004279,223,0
1575004279,135,0
1575004279,47,0
1575004279,5022,0
1575004279,160,0
1575004279,198,0
1575004279,235,0
1575004279,352,0
1575004279,228,0
1575004279,219,0
1575004279,173,0
1575004279,139,0
1575004279,180,0
1575004279,143,0
1575004279,167,0
1575004279,108,0
1575004279,44,0
1575004279,4509,0
1575004279,128,0
1575004279,134,0
1575004279,179,0
1575004279,192,0
1575004279,207,0
1575004279,139,0
1575004279,129,0
1575004279,251,0
1575004279,114,0
1575004279,139,0
1575004279,107,0
1575004279,78,0
1575004279,40,0
1575004279,4366,0
1575004279,309,0
1575004279,174,0
1575004279,165,0
1575004279,278,0
1575004279,187,0
1575004279,178,0
1575004279,174,0
1575004279,279,0
1575004279,234,0
1575004279,203,0
1575004279,160,0
1575004279,96,0
1575004279,46,0
1575004279,4379,0
1575004279,335,0
1575004279,332,0
1575004279,352,0
1575004279,362,0
1575004279,398,0
1575004279,395,0
1575004279,320,0
1575004279,313,0
1575004279,224,0
1575004279,159,0
1575004279,154,0
1575004279,90,0
1575004279,39,0
1575004279,4821,0
1575004279,86,0
1575004279,188,0
1575004279,182,0
1575004279,112,0
1575004279,150,0
1575004279,116,0
1575004279,125,0
1575004279,126,0
1575004279,142,0
1575004279,98,0
1575004279,89,0
1575004279,83,0
1575004279,40,0
1575004279,4679,0
1575004279,129,0
1575004279,178,0
1575004279,217,0
1575004279,246,0
1575004279,228,0
1575004279,267,0
1575004279,275,0
1575004279,239,0
1575004279,227,0
1575004279,177,0
1575004279,145,0
1575004279,108,0
1575004279,38,0
1575004279,5335,0
1575004279,227,0
1575004279,333,0
1575004279,360,0
1575004279,361,0
1575004279,409,0
1575004279,341,0
1575004279,326,0
1575004279,278,0
1575004279,227,0
1575004279,205,0
1575004279,172,0
1575004279,120,0
1575004279,43,0
1575004279,4324,0
1575004279,246,0
1575004279,259,0
1575004279,215,0
1575004279,193,0
1575004279,168,0
1575004279,186,0
1575004279,157,0
1575004279,90,0
1575004279,77,0
1575004279,42,0
1575004279,4074,0
1575004279,215,0
1575004279,233,0
1575004279,249,0
1575004279,233,0
1575004279,238,0
1575004279,244,0
1575004279,195,0
1575004279,115,0
1575004279,166,0
1575004279,95,0
1575004279,47,0
1575004279,9807,0
1575004279,5837,0
1575004279,290,0
1575004279,317,0
1575004279,373,0
1575004279,415,0
1575004279,509,0
1575004279,458,0
1575004279,477,0
1575004279,383,0
1575004279,273,0
1575004279,51,0
1575004279,4667,0
1575004279,521,0
1575004279,407,0
1575004279,394,0
1575004279,449,0
1575004279,502,0
1575004279,506,0
1575004279,392,0
1575004279,363,0
1575004279,270,0
1575004279,210,0
1575004279,152,0
1575004279,46,0
1575004279,11059,0
1575004279,2542,0
1575004279,189,0
1575004279,169,0
1575004279,144,0
1575004279,154,0
1575004279,121,0
1575004279,144,0
1575004279,131,0
1575004279,125,0
1575004279,145,0
1575004279,154,0
1575004279,172,0
1575004279,197,0
1575004279,153,0
1575004279,137,0
1575004279,47,0
1575004279,2870,0
1575004279,213,0
1575004279,236,0
1575004279,297,0
1575004279,355,0
1575004279,323,0
1575004279,273,0
1575004279,244,0
1575004279,222,0
1575004279,240,0
1575004279,257,0
1575004279,171,0
1575004279,128,0
1575004279,35,0
1575004279,4352,0
1575004279,255,0
1575004279,349,0
1575004279,459,0
1575004279,418,0
1575004279,577,0
1575004279,548,0
1575004279,585,0
1575004279,628,0
1575004279,605,0
1575004279,526,0
1575004279,485,0
1575004279,406,0
1575004279,44,0
1575004279,5360,0
1575004279,797,0
1575004279,790,0
1575004279,734,0
1575004279,666,0
1575004279,478,0
1575004279,533,0
1575004279,451,0
1575004279,477,0
1575004279,435,0
1575004279,420,0
1575004279,274,0
1575004279,186,0
1575004279,38,0
1575004279,5201,0
1575004279,515,0
1575004279,1091,0
1575004279,1048,0
1575004279,999,0
1575004279,1090,0
1575004279,927,0
1575004279,806,0
1575004279,697,0
1575004279,592,0
1575004279,424,0
1575004279,292,0
1575004279,166,0
1575004279,38,0
1575004279,4620,0
1575004279,348,0
1575004279,312,0
1575004279,373,0
1575004279,405,0
1575004279,364,0
1575004279,454,0
1575004279,413,0
1575004279,438,0
1575004279,338,0
1575004279,336,0
1575004279,303,0
1575004279,173,0
1575004279,44,0
1575004279,4025,0
1575004279,515,0
1575004279,483,0
1575004279,502,0
1575004279,501,0
1575004279,493,0
1575004279,460,0
1575004279,386,0
1575004279,396,0
1575004279,359,0
1575004279,404,0
1575004279,379,0
1575004279,279,0
1575004279,45,0
1575004279,6004,0
1575004279,541,0
1575004279,555,0
1575004279,590,0
1575004279,976,0
1575004279,1031,0
1575004279,1150,0
1575004279,1337,0
1575004279,1249,0
1575004279,1154,0
1575004279,938,0
1575004279,54,0
1575004279,6337,0
1575004279,1378,0
1575004279,1066,0
1575004279,1339,0
1575004279,1227,0
1575004284,294,294
1575004284,296,296
1575004284,296,296
1575004284,296,296
1575004284,297,297
1575004284,298,298
1575004284,301,301
1575004284,302,302
1575004284,298,298
1575004284,299,299
1575004284,296,296
1575004284,299,299
1575004284,297,297
1575004284,295,295
1575004284,300,300
1575004284,300,300
1575004284,305,305
1575004284,309,309
1575004284,305,305
1575004284,301,301
1575004284,303,303
1575004284,315,315
1575004284,306,306
1575004284,304,304
1575004284,300,300
1575004284,295,295
1575004284,303,303
1575004284,304,304
1575004284,310,310
1575004284,301,301
1575004284,298,298
1575004284,307,307
1575004284,306,306
1575004284,306,306
1575004284,303,303
1575004284,301,301
1575004284,298,298
1575004284,297,297
1575004284,298,298
1575004284,304,304
1575004284,358,358
1575004284,284,284
1575004284,286,286
1575004284,282,282
1575004284,284,284
1575004284,279,279
1575004284,282,282
1575004284,289,289
1575004284,291,291
1575004284,299,299
1575004284,296,296
1575004284,309,309
1575004284,299,299
1575004284,302,302
1575004284,308,308
1575004284,305,305
1575004284,301,301
1575004284,302,302
1575004284,301,301
1575004284,294,294
1575004284,295,295
1575004284,292,292
1575004284,287,287
1575004284,304,304
1575004284,304,304
1575004284,316,316
1575004284,315,315
1575004284,312,312
1575004284,309,309
1575004284,303,303
1575004284,305,305
1575004284,304,304
1575004284,306,306
1575004284,309,309
1575004284,306,306
1575004284,306,306
1575004284,311,311
1575004284,310,310
1575004284,309,308
1575004284,302,301
1575004284,300,299
1575004284,291,290
1575004284,292,291
1575004284,303,302
1575004284,310,309
1575004284,368,367
1575004284,303,302
1575004284,346,345
1575004284,293,292
1575004284,292,291
1575004284,381,380
1575004284,360,359
1575004284,300,299
1575004284,299,298
1575004284,293,292
1575004284,305,304
1575004284,302,301
1575004284,314,313
1575004284,321,320
1575004284,317,316
1575004284,313,312
1575004284,317,316
1575004284,315,314
1575004284,315,314
1575004284,313,312
1575004284,309,308
1575004284,350,349
1575004284,295,294
1575004284,295,294
1575004284,292,291
1575004284,300,299
1575004284,307,306
1575004284,303,302
1575004284,304,303
1575004284,312,311
1575004284,319,318
1575004284,319,318
1575004284,314,313
1575004284,315,314
1575004284,309,308
1575004284,310,309
1575004284,314,313
1575004284,322,321
1575004284,328,327
1575004284,333,332
1575004284,346,345
1575004284,396,395
1575004284,337,336
1575004284,327,326
1575004284,331,330
1575004284,334,333
1575004284,328,327
1575004284,322,321
1575004284,366,365
1575004284,313,312
1575004284,309,308
1575004284,307,306
1575004284,316,315
1575004284,332,331
1575004284,319,318
1575004284,308,307
1575004284,302,301
1575004284,297,296
1575004284,285,284
1575004284,282,281
1575004284,287,286
1575004284,297,296
1575004284,295,294
1575004284,293,292
1575004284,296,295
1575004284,297,296
1575004284,298,297
1575004284,300,299
1575004284,298,297
1575004284,297,296
1575004284,298,297
1575004284,326,325
1575004284,319,318
1575004284,307,306
1575004284,355,354
1575004284,292,291
1575004284,305,304
1575004284,316,315
1575004284,309,308
1575004284,305,304
1575004284,305,304
1575004284,435,434
1575004284,298,297
1575004284,612,611
1575004284,277,276
1575004284,280,279
1575004284,268,267
1575004284,289,288
1575004284,292,291
1575004284,369,368
1575004284,281,280
1575004284,288,287
1575004284,283,282
1575004284,285,284
1575004284,281,280
1575004284,284,283
1575004284,442,441
1575004284,463,462
1575004284,282,281
1575004284,284,283
1575004284,288,287
1575004284,302,301
1575004284,300,299
1575004284,305,304
1575004284,303,302
1575004284,320,319
1575004284,314,313
1575004284,346,345
1575004284,309,308
1575004284,302,301
1575004284,306,305
1575004284,314,313
1575004284,321,320
1575004284,317,316
1575004284,377,376
1575004284,311,310
1575004284,307,306
1575004284,307,306
1575004284,318,317
1575004284,317,316
1575004284,311,310
1575004284,303,302
1575004284,298,297
1575004284,301,300
1575004284,293,292
1575004284,336,335
1575004284,290,289
1575004284,292,291
1575004284,456,455
1575004284,380,379
1575004284,321,320
1575004284,295,294
1575004284,291,290
1575004284,291,290
1575004284,355,354
1575004284,287,286
1575004284,288,287
1575004284,282,281
1575004284,284,283
1575004284,281,280
1575004284,290,289
1575004284,295,294
1575004284,296,295
1575004284,296,295
1575004284,292,291
1575004284,287,286
1575004284,285,284
1575004284,289,288
1575004284,282,281
1575004284,281,280
1575004284,285,284
1575004284,290,289
1575004284,287,286
1575004284,297,296
1575004284,295,294
1575004284,299,298
1575004284,301,300
1575004284,302,301
1575004284,293,292
1575004284,328,327
1575004284,290,289
1575004284,291,290
1575004284,282,281
1575004284,286,285
1575004284,412,411
1575004284,274,273
1575004284,294,293
1575004284,449,448
1575004284,284,283
1575004284,291,290
1575004284,284,283
1575004284,279,278
1575004284,279,278
1575004284,291,290
1575004284,292,291
1575004284,290,289
1575004284,292,291
1575004284,296,295
1575004284,298,297
1575004284,291,290
1575004284,288,287
1575004284,298,297
1575004284,284,283
1575004284,334,333
1575004284,279,278
1575004284,467,466
1575004284,333,332
1575004284,282,281
1575004284,287,286
1575004284,286,285
1575004284,271,270
1575004284,280,279
1575004284,278,277
1575004284,281,280
1575004284,279,278
1575004284,288,287
1575004284,385,384
1575004284,304,303
1575004284,399,398
1575004284,484,483
1575004284,389,388
1575004284,283,282
1575004284,298,297
1575004284,283,282
1575004284,426,425
1575004284,278,277
1575004284,351,350
1575004284,282,281
1575004284,290,289
1575004284,285,284
1575004284,285,284
1575004284,291,290
1575004284,299,298
1575004284,295,294
1575004284,289,288
1575004284,291,290
1575004284,299,298
1575004284,301,300
1575004284,304,303
1575004284,301,300
1575004284,355,354
1575004284,303,302
1575004284,299,298
1575004284,363,362
1575004284,387,386
1575004284,345,344
1575004284,284,283
1575004284,289,288
1575004284,284,283
1575004284,285,284
1575004284,287,286
1575004284,291,290
1575004284,289,288
1575004284,292,291
1575004284,290,289
1575004284,287,286
1575004284,286,285
1575004284,287,286
1575004284,297,296
1575004284,297,296
1575004284,296,295
1575004284,298,297
1575004284,297,296
1575004284,291,290
1575004284,292,291
1575004284,302,301
1575004284,300,299
1575004284,295,294
1575004284,292,291
1575004284,295,294
1575004284,292,291
1575004284,293,292
1575004284,297,296
1575004284,299,298
1575004284,301,300
1575004284,306,305
1575004284,313,312
1575004284,312,311
1575004284,310,309
1575004284,313,312
1575004284,307,306
1575004284,306,305
1575004284,306,305
1575004284,306,305
1575004284,308,307
1575004284,321,320
1575004284,311,310
1575004284,310,309
1575004284,304,303
1575004284,303,302
1575004284,296,295
1575004284,294,293
1575004284,292,291
1575004284,296,295
1575004284,289,288
1575004284,293,292
1575004284,295,294
1575004284,291,290
1575004284,290,289
1575004284,300,299
1575004284,312,311
1575004284,313,312
1575004284,299,298
1575004284,293,292
1575004284,478,477
1575004284,416,415
1575004284,291,290
1575004284,301,300
1575004284,292,291
1575004284,295,294
1575004284,290,289
1575004284,325,324
1575004284,290,289
1575004284,287,286
1575004284,301,300
1575004284,300,299
1575004284,300,299
1575004284,299,298
1575004284,299,298
1575004284,298,297
1575004284,295,294
1575004284,301,300
1575004284,301,300
1575004284,299,298
1575004284,312,311
1575004284,424,423
1575004284,311,310
1575004284,305,304
1575004284,300,299
1575004284,303,302
1575004284,304,303
1575004284,391,390
1575004284,311,310
1575004284,468,467
1575004284,356,355
1575004284,301,300
1575004284,300,299
1575004284,307,306
1575004284,309,308
1575004284,300,299
1575004284,301,300
1575004284,302,301
1575004284,298,297
1575004284,297,296
1575004284,300,299
1575004284,301,300
1575004284,302,301
1575004284,303,302
1575004284,296,295
1575004284,298,297
1575004284,296,295
1575004284,294,293
1575004284,293,292
1575004284,291,290
1575004284,288,287
1575004284,291,290
1575004284,294,293
1575004284,302,301
1575004284,298,297
1575004284,300,299
1575004284,298,297
1575004284,332,331
1575004284,293,292
1575004284,293,292
1575004284,296,295
1575004284,296,295
1575004284,320,319
1575004284,285,284
1575004284,286,285
1575004284,290,289
1575004284,306,305
1575004284,311,310
1575004284,311,310
1575004284,310,309
1575004284,308,307
1575004284,307,306
1575004284,311,310
1575004284,308,307
1575004284,311,310
1575004284,305,304
1575004284,305,304
1575004284,316,315
1575004284,309,308
1575004284,306,305
1575004284,302,301
1575004284,294,293
1575004284,299,298
1575004284,295,294
1575004284,300,299
1575004284,292,291
1575004284,290,289
1575004284,295,294
1575004284,290,289
1575004284,297,296
1575004284,290,289
1575004284,290,289
1575004284,285,284
1575004284,284,283
1575004284,285,284
1575004284,284,283
1575004284,374,373
1575004284,284,283
1575004284,285,284
1575004284,292,291
1575004284,297,296
1575004284,293,292
1575004284,296,295
1575004284,293,292
1575004284,299,298
1575004284,309,308
1575004284,306,305
1575004284,304,303
1575004284,299,298
1575004284,299,298
1575004284,311,310
1575004284,309,308
1575004284,312,311
1575004284,309,308
1575004284,317,316
1575004284,315,314
1575004284,312,311
1575004284,313,312
1575004284,309,308
1575004284,321,320
1575004284,321,320
1575004284,318,317
1575004284,317,316
1575004284,322,321
1575004284,320,319
1575004284,316,315
1575004284,311,310
1575004284,310,309
1575004284,305,304
1575004284,307,306
1575004284,306,305
1575004284,1320,0
1575004284,1847,0
1575004284,1797,0
1575004284,1727,0
1575004284,1793,0
1575004284,1815,0
1575004284,72,0
1575004284,5333,0
1575004284,2700,0
1575004284,2350,0
1575004284,1886,0
1575004284,2007,0
1575004284,1759,0
1575004284,1926,0
1575004284,1490,0
1575004284,1771,0
1575004284,2345,0
1575004284,2144,0
1575004284,2007,0
1575004284,2075,0
1575004284,43,0
1575004284,2739,0
1575004284,7878,0
1575004284,1858,0
1575004284,1278,0
1575004284,1341,0
1575004284,1000,0
1575004284,800,0
1575004284,645,0
1575004284,497,0
1575004284,445,0
1575004284,493,0
1575004284,324,0
1575004284,341,0
1575004284,67,0
1575004284,4744,0
1575004284,9563,0
1575004284,1962,0
1575004284,1823,0
1575004284,1926,0
1575004284,1372,0
1575004284,1281,0
1575004284,1252,0
1575004284,1085,0
1575004284,1002,0
1575004284,923,0
1575004284,694,0
1575004284,43,0
1575004284,10593,0
1575004284,1101,0
1575004284,1054,0
1575004284,1117,0
1575004284,1374,0
1575004284,1562,0
1575004284,1172,0
1575004284,1261,0
1575004284,1171,0
1575004284,1007,0
1575004284,833,0
1575004284,50,0
1575004284,8256,0
1575004284,947,0
1575004284,1000,0
1575004284,906,0
1575004284,855,0
1575004284,851,0
1575004284,772,0
1575004284,638,0
1575004284,489,0
1575004284,412,0
1575004284,40,0
1575004284,4292,0
1575004284,2157,0
1575004284,1920,0
1575004284,1956,0
1575004284,1511,0
1575004284,1728,0
1575004284,1803,0
1575004284,1793,0
1575004284,1408,0
1575004284,47,0
1575004284,7548,0
1575004284,11221,0
1575004284,1489,0
1575004284,1364,0
1575004284,944,0
1575004284,1067,0
1575004284,799,0
1575004284,681,0
1575004284,609,0
1575004284,594,0
1575004284,479,0
1575004284,311,0
1575004284,41,0
1575004284,9549,0
1575004284,700,0
1575004284,660,0
1575004284,835,0
1575004284,763,0
1575004284,750,0
1575004284,576,0
1575004284,498,0
1575004284,401,0
1575004284,332,0
1575004284,281,0
1575004284,37,0
1575004284,4552,0
1575004284,666,0
1575004284,632,0
1575004284,735,0
1575004284,938,0
1575004284,745,0
1575004284,865,0
1575004284,1045,0
1575004284,1046,0
1575004284,878,0
1575004284,1598,0
1575004284,1242,0
1575004284,42,0
1575004284,9516,0
1575004284,9166,0
1575004284,1231,0
1575004284,1190,0
1575004284,1105,0
1575004284,1209,0
1575004284,990,0
1575004284,822,0
1575004284,748,0
1575004284,658,0
1575004284,426,0
1575004284,42,0
1575004284,831,0
1575004284,1318,0
1575004284,1074,0
1575004284,1288,0
1575004284,1004,0
1575004284,1426,0
1575004284,1041,0
1575004284,1214,0
1575004284,7474,0
1575004284,5782,0
1575004284,745,0
1575004284,800,0
1575004284,713,0
1575004284,771,0
1575004284,1020,0
1575004284,1382,0
1575004284,1268,0
1575004284,1275,0
1575004284,940,0
1575004284,722,0
1575004284,39,0
1575004284,12053,0
1575004284,7651,0
1575004284,943,0
1575004284,772,0
1575004284,568,0
1575004284,613,0
1575004284,567,0
1575004284,753,0
1575004284,369,0
1575004284,322,0
1575004284,313,0
1575004284,276,0
1575004284,476,0
1575004284,530,0
1575004284,57,0
1575004284,11043,0
1575004284,1172,0
1575004284,1682,0
1575004284,1601,0
1575004284,1479,0
1575004284,1572,0
1575004284,1537,0
1575004284,1777,0
1575004284,1878,0
1575004284,1632,0
1575004284,1353,0
1575004284,48,0
1575004284,11426,0
1575004284,1592,0
1575004284,1456,0
1575004284,1334,0
1575004284,1265,0
1575004284,1082,0
1575004284,1116,0
1575004284,1029,0
1575004284,903,0
1575004284,718,0
1575004284,434,0
1575004284,44,0
1575004284,6754,0
1575004284,1037,0
1575004284,1027,0
1575004284,879,0
1575004284,905,0
1575004284,787,0
1575004284,727,0
1575004284,616,0
1575004284,562,0
1575004284,315,0
1575004284,43,0
1575004284,2694,0
1575004284,999,0
1575004284,910,0
1575004284,914,0
1575004284,1434,0
1575004284,1161,0
1575004284,962,0
1575004284,637,0
1575004284,627,0
1575004284,47,0
1575004284,5104,0
1575004284,9937,0
1575004284,1388,0
1575004284,1151,0
1575004284,930,0
1575004284,782,0
1575004284,659,0
1575004284,636,0
1575004284,525,0
1575004284,698,0
1575004284,568,0
1575004284,566,0
1575004284,61,0
1575004284,6792,0
1575004284,948,0
1575004284,897,0
1575004284,900,0
1575004284,764,0
1575004284,753,0
1575004284,646,0
1575004284,1554,0
1575004284,1759,0
1575004284,1500,0
1575004284,1037,0
1575004284,52,0
1575004284,12057,0
1575004284,1220,0
1575004284,1138,0
1575004284,1787,0
1575004284,1345,0
1575004284,1511,0
1575004284,1494,0
1575004284,1399,0
1575004284,1183,0
1575004284,1116,0
1575004284,883,0
1575004284,44,0
1575004284,10240,0
1575004284,1718,0
1575004284,1579,0
1575004284,1607,0
1575004284,1518,0
1575004284,1395,0
1575004284,1305,0
1575004284,1192,0
1575004284,998,0
1575004284,735,0
1575004284,370,0
1575004284,43,0
1575004284,5762,0
1575004284,587,0
1575004284,542,0
1575004284,555,0
1575004284,508,0
1575004284,556,0
1575004284,817,0
1575004284,800,0
1575004284,1340,0
1575004284,1153,0
1575004284,1073,0
1575004284,42,0
1575004284,9187,0
1575004284,1626,0
1575004284,1657,0
1575004284,2048,0
1575004284,2121,0
1575004284,2065,0
1575004284,1837,0
1575004284,1641,0
1575004284,1667,0
1575004284,1489,0
1575004284,1125,0
1575004284,42,0
1575004284,6940,0
1575004284,1347,0
1575004284,1264,0
1575004284,1214,0
1575004284,1341,0
1575004284,1333,0
1575004284,1169,0
1575004284,1165,0
1575004284,1137,0
1575004284,1083,0
1575004284,41,0
1575004284,5641,0
1575004284,1818,0
1575004284,2020,0
1575004284,2188,0
1575004284,1959,0
1575004284,1478,0
1575004284,1563,0
1575004284,1271,0
1575004284,1163,0
1575004284,1106,0
1575004284,1010,0
1575004284,1067,0
1575004284,43,0
1575004284,6695,0
1575004284,7066,0
1575004284,2616,0
1575004284,2282,0
1575004284,1864,0
1575004284,1824,0
1575004284,1630,0
1575004284,1295,0
1575004284,1355,0
1575004284,1236,0
1575004284,1279,0
1575004284,1625,0
1575004284,1555,0
1575004284,46,0
1575004284,8225,0
1575004284,6328,0
1575004284,2087,0
1575004284,1888,0
1575004284,1548,0
1575004284,1537,0
1575004284,1827,0
1575004284,1885,0
1575004284,1455,0
1575004284,1425,0
1575004284,1265,0
1575004284,1181,0
1575004284,1443,0
1575004284,1458,0
1575004284,1213,0
1575004284,46,0
1575004284,4382,0
1575004284,1664,0
1575004284,1583,0
1575004284,9141,0
1575004284,7708,0
1575004284,1567,0
1575004284,1220,0
1575004284,771,0
1575004284,412,0
1575004284,338,0
1575004284,150,0
1575004284,167,0
1575004284,155,0
1575004284,136,0
1575004284,86,0
1575004284,43,0
1575004284,10254,0
1575004284,162,0
1575004284,171,0
1575004284,530,0
1575004284,889,0
1575004284,1029,0
1575004284,1105,0
1575004284,1001,0
1575004284,915,0
1575004284,932,0
1575004284,691,0
1575004284,1090,0
1575004284,739,0
1575004284,48,0
1575004284,11659,0
1575004284,1088,0
1575004284,1106,0
1575004284,1121,0
1575004284,1277,0
1575004284,1403,0
1575004284,1350,0
1575004284,846,0
1575004284,582,0
1575004284,410,0
1575004284,195,0
1575004284,36,0
1575004284,4894,0
1575004284,496,0
1575004284,481,0
1575004284,496,0
1575004284,493,0
1575004284,769,0
1575004284,823,0
1575004284,789,0
1575004284,812,0
1575004284,714,0
1575004284,39,0
1575004284,3664,0
1575004284,856,0
1575004284,853,0
1575004284,824,0
1575004284,767,0
1575004284,818,0
1575004284,764,0
1575004284,806,0
1575004284,827,0
1575004284,833,0
1575004284,880,0
1575004284,53,0
1575004284,7588,0
1575004284,6817,0
1575004284,1025,0
1575004284,1435,0
1575004284,1129,0
1575004284,1407,0
1575004284,1611,0
1575004284,1526,0
1575004284,1468,0
1575004284,1374,0
1575004284,984,0
1575004284,50,0
1575004284,5459,0
1575004284,1715,0
1575004284,1617,0
1575004284,1521,0
1575004284,1551,0
1575004284,900,0
1575004284,1196,0
1575004284,859,0
1575004284,1147,0
1575004284,45,0
1575004284,6180,0
1575004284,6225,0
1575004284,1275,0
1575004284,904,0
1575004284,844,0
1575004284,850,0
1575004284,717,0
1575004284,467,0
1575004284,426,0
1575004284,431,0
1575004284,381,0
1575004284,324,0
1575004284,245,0
1575004284,37,0
1575004284,7901,0
1575004284,1206,0
1575004284,1481,0
1575004284,1391,0
1575004284,1273,0
1575004284,7185,0
1575004284,1400,0
1575004284,1291,0
1575004284,1114,0
1575004284,970,0
1575004284,827,0
1575004284,819,0
1575004288,304,304
1575004288,304,303
1575004288,298,298
1575004288,297,297
1575004288,299,299
1575004288,296,296
1575004288,302,302
1575004288,307,307
1575004288,302,302
1575004288,305,305
1575004288,304,304
1575004288,300,300
1575004288,306,306
1575004288,298,298
1575004288,302,302
1575004288,308,308
1575004288,305,305
1575004288,299,299
1575004288,297,297
1575004288,295,295
1575004288,289,289
1575004288,297,297
1575004288,297,297
1575004288,293,293
1575004288,288,288
1575004288,284,284
1575004288,287,287
1575004288,284,284
1575004288,279,279
1575004288,284,284
1575004288,294,294
1575004288,280,280
1575004288,279,279
1575004288,284,284
1575004288,284,284
1575004288,283,283
1575004288,287,287
1575004288,299,299
1575004288,299,299
1575004288,299,299
1575004288,301,301
1575004288,295,295
1575004288,297,297
1575004288,305,305
1575004288,305,305
1575004288,472,472
1575004288,526,526
1575004288,295,295
1575004288,375,375
1575004288,307,307
1575004288,304,304
1575004288,444,444
1575004288,280,280
1575004288,325,325
1575004288,278,278
1575004288,301,301
1575004288,306,306
1575004288,302,302
1575004288,292,292
1575004288,292,292
1575004288,315,315
1575004288,308,308
1575004288,298,298
1575004288,318,318
1575004288,309,309
1575004288,314,314
1575004288,308,308
1575004288,307,307
1575004288,315,315
1575004288,317,317
1575004288,312,312
1575004288,573,573
1575004288,300,300
1575004288,294,294
1575004288,291,291
1575004288,288,288
1575004288,290,290
1575004288,294,294
1575004288,301,301
1575004288,295,295
1575004288,304,304
1575004288,297,297
1575004288,297,297
1575004288,303,303
1575004288,300,300
1575004288,298,298
1575004288,298,298
1575004288,293,293
1575004288,292,292
1575004288,287,287
1575004288,291,291
1575004288,332,332
1575004288,296,296
1575004288,297,297
1575004288,302,302
1575004288,301,301
1575004288,299,299
1575004288,467,467
1575004288,329,329
1575004288,296,296
1575004288,297,297
1575004288,413,413
1575004288,424,424
1575004288,307,307
1575004288,475,475
1575004288,327,327
1575004288,300,300
1575004288,623,623
1575004288,291,291
1575004288,295,295
1575004288,293,293
1575004288,292,292
1575004288,289,289
1575004288,283,283
1575004288,288,288
1575004288,296,296
1575004288,300,300
1575004288,307,307
1575004288,312,312
1575004288,306,306
1575004288,300,300
1575004288,299,299
1575004288,295,295
1575004288,294,294
1575004288,275,275
1575004288,363,363
1575004288,323,323
1575004288,276,276
1575004288,279,279
1575004288,286,286
1575004288,401,401
1575004288,280,280
1575004288,287,287
1575004288,282,282
1575004288,288,288
1575004288,288,288
1575004288,306,306
1575004288,316,316
1575004288,323,323
1575004288,333,333
1575004288,313,313
1575004288,325,325
1575004288,320,320
1575004288,311,311
1575004288,297,297
1575004288,294,293
1575004288,287,287
1575004288,289,289
1575004288,292,292
1575004288,290,290
1575004288,450,450
1575004288,293,293
1575004288,291,291
1575004288,286,286
1575004288,292,292
1575004288,290,290
1575004288,291,291
1575004288,457,457
1575004288,287,287
1575004288,288,288
1575004288,297,297
1575004288,297,297
1575004288,294,294
1575004288,292,292
1575004288,421,421
1575004288,288,288
1575004288,287,287
1575004288,285,285
1575004288,287,287
1575004288,288,288
1575004288,445,445
1575004288,298,298
1575004288,301,301
1575004288,298,298
1575004288,301,301
1575004288,313,313
1575004288,310,310
1575004288,625,625
1575004288,294,294
1575004288,291,291
1575004288,289,289
1575004288,288,288
1575004288,305,305
1575004288,297,297
1575004288,293,293
1575004288,295,295
1575004288,297,297
1575004288,293,293
1575004288,290,290
1575004288,289,289
1575004288,290,290
1575004288,286,286
1575004288,286,286
1575004288,280,280
1575004288,288,288
1575004288,293,293
1575004288,290,290
1575004288,310,310
1575004288,321,321
1575004288,323,323
1575004288,321,321
1575004288,315,315
1575004288,316,315
1575004288,309,309
1575004288,306,306
1575004288,300,300
1575004288,303,303
1575004288,303,303
1575004288,313,313
1575004288,320,320
1575004288,316,316
1575004288,304,304
1575004288,303,303
1575004288,305,305
1575004288,307,307
1575004288,311,311
1575004288,303,303
1575004288,285,285
1575004288,295,295
1575004288,296,296
1575004288,303,303
1575004288,459,459
1575004288,290,290
1575004288,293,293
1575004288,286,286
1575004288,286,286
1575004288,282,282
1575004288,305,305
1575004288,311,311
1575004288,311,311
1575004288,307,307
1575004288,306,306
1575004288,312,312
1575004288,302,302
1575004288,306,306
1575004288,304,304
1575004288,307,307
1575004288,303,303
1575004288,311,311
1575004288,306,306
1575004288,364,364
1575004288,337,337
1575004288,312,312
1575004288,627,627
1575004288,296,296
1575004288,294,294
1575004288,290,290
1575004288,291,291
1575004288,303,303
1575004288,297,297
1575004288,306,306
1575004288,308,308
1575004288,296,296
1575004288,300,300
1575004288,297,297
1575004288,296,296
1575004288,309,309
1575004288,303,303
1575004288,304,304
1575004288,300,300
1575004288,305,305
1575004288,304,304
1575004288,321,321
1575004288,322,322
1575004288,325,325
1575004288,315,315
1575004288,315,314
1575004288,309,309
1575004288,306,306
1575004288,317,317
1575004288,318,318
1575004288,321,321
1575004288,315,315
1575004288,314,314
1575004288,316,316
1575004288,315,315
1575004288,316,316
1575004288,323,323
1575004288,328,328
1575004288,321,321
1575004288,358,358
1575004288,318,318
1575004288,313,313
1575004288,632,632
1575004288,311,311
1575004288,304,304
1575004288,300,300
1575004288,298,298
1575004288,299,299
1575004288,296,296
1575004288,305,305
1575004288,306,306
1575004288,301,301
1575004288,306,306
1575004288,304,304
1575004288,303,303
1575004288,309,309
1575004288,306,306
1575004288,306,306
1575004288,299,299
1575004288,297,297
1575004288,292,292
1575004288,295,295
1575004288,292,292
1575004288,291,291
1575004288,290,290
1575004288,288,288
1575004288,288,288
1575004288,292,292
1575004288,288,288
1575004288,288,288
1575004288,286,286
1575004288,289,289
1575004288,285,285
1575004288,296,296
1575004288,304,304
1575004288,300,300
1575004288,300,300
1575004288,294,294
1575004288,298,298
1575004288,294,294
1575004288,296,296
1575004288,301,301
1575004288,305,305
1575004288,305,305
1575004288,306,306
1575004288,301,301
1575004288,297,297
1575004288,295,295
1575004288,292,292
1575004288,290,290
1575004288,287,287
1575004288,288,288
1575004288,286,286
1575004288,286,286
1575004288,287,287
1575004288,349,349
1575004288,261,261
1575004288,281,281
1575004288,273,273
1575004288,280,280
1575004288,283,283
1575004288,276,276
1575004288,272,272
1575004288,271,271
1575004288,273,273
1575004288,272,272
1575004288,253,253
1575004288,269,269
1575004288,296,296
1575004288,304,304
1575004288,287,287
1575004288,287,287
1575004288,268,268
1575004288,287,287
1575004288,276,276
1575004288,273,273
1575004288,260,260
1575004288,276,276
1575004288,294,294
1575004288,306,306
1575004288,297,297
1575004288,302,302
1575004288,307,307
1575004288,304,304
1575004288,305,305
1575004288,308,308
1575004288,308,308
1575004288,418,418
1575004288,309,309
1575004288,302,302
1575004288,305,305
1575004288,298,298
1575004288,306,306
1575004288,304,304
1575004288,306,306
1575004288,295,295
1575004288,298,298
1575004288,287,287
1575004288,271,270
1575004288,282,281
1575004288,272,271
1575004288,284,283
1575004288,281,280
1575004288,273,272
1575004288,278,277
1575004288,291,290
1575004288,284,283
1575004288,292,291
1575004288,271,270
1575004288,289,288
1575004288,294,293
1575004288,366,365
1575004288,276,275
1575004288,301,300
1575004288,305,304
1575004288,295,294
1575004288,282,281
1575004288,287,286
1575004288,380,379
1575004288,298,297
1575004288,354,353
1575004288,284,283
1575004288,287,286
1575004288,277,276
1575004288,287,286
1575004288,295,294
1575004288,469,468
1575004288,327,326
1575004288,310,309
1575004288,314,313
1575004288,389,388
1575004288,283,282
1575004288,283,282
1575004288,297,296
1575004288,294,293
1575004288,292,291
1575004288,275,274
1575004288,625,624
1575004288,304,303
1575004288,297,296
1575004288,290,289
1575004288,297,296
1575004288,363,362
1575004288,301,300
1575004288,295,294
1575004288,282,281
1575004288,289,288
1575004288,282,281
1575004288,285,284
1575004288,274,273
1575004288,299,298
1575004288,276,275
1575004288,285,284
1575004288,283,282
1575004288,274,273
1575004288,283,282
1575004288,310,309
1575004288,317,316
1575004288,316,315
1575004288,330,329
1575004288,316,315
1575004288,311,310
1575004288,361,360
1575004288,335,334
1575004288,307,306
1575004288,328,327
1575004288,307,306
1575004288,287,286
1575004288,290,289
1575004288,278,277
1575004288,277,276
1575004288,544,543
1575004288,314,313
1575004288,315,314
1575004288,322,321
1575004288,315,314
1575004288,312,311
1575004288,340,339
1575004288,291,290
1575004288,289,288
1575004288,296,295
1575004288,309,308
1575004288,302,301
1575004288,296,295
1575004288,311,310
1575004288,297,296
1575004288,289,288
1575004288,289,288
1575004288,280,279
1575004288,258,257
1575004288,261,260
1575004288,274,273
1575004288,243,242
1575004288,268,267
1575004288,260,259
1575004288,256,255
1575004288,265,264
1575004288,268,267
1575004288,258,257
1575004288,270,269
1575004288,282,281
1575004288,404,403
1575004288,271,270
1575004288,271,270
1575004288,272,271
1575004288,266,265
1575004288,398,397
1575004288,263,262
1575004288,289,288
1575004288,280,279
1575004288,288,287
1575004288,288,287
1575004288,299,298
1575004288,285,284
1575004288,293,292
1575004288,292,291
1575004288,300,299
1575004288,295,294
1575004288,304,303
1575004288,383,382
1575004288,561,560
1575004288,340,339
1575004288,512,511
1575004288,386,385
1575004288,299,298
1575004288,301,300
1575004288,289,288
1575004288,603,602
1575004288,295,294
1575004288,283,282
1575004288,292,291
1575004288,277,276
1575004288,280,279
1575004288,274,273
1575004288,278,277
1575004288,272,271
1575004288,265,264
1575004288,253,252
1575004288,258,257
1575004288,252,251
1575004288,473,472
1575004288,278,277
1575004288,264,263
1575004288,261,260
1575004288,290,289
1575004288,266,265
1575004288,263,262
1575004288,264,263
1575004288,272,271
1575004288,252,251
1575004288,301,300
1575004288,279,278
1575004288,257,256
1575004288,253,252
1575004288,272,271
1575004288,275,274
1575004288,240,239
1575004288,250,249
1575004288,358,357
1575004288,314,313
1575004288,273,272
1575004288,257,256
1575004288,254,253
1575004288,286,285
1575004288,277,276
1575004288,294,293
1575004288,297,296
1575004288,264,263
1575004288,256,255
1575004288,268,267
1575004288,248,247
1575004288,228,227
1575004288,236,235
1575004288,241,240
1575004288,256,255
1575004288,252,251
1575004288,253,252
1575004288,245,244
1575004288,263,262
1575004288,255,254
1575004288,247,246
1575004288,294,293
1575004288,229,228
1575004288,239,238
1575004288,240,239
1575004288,227,226
1575004288,238,237
1575004288,230,229
1575004288,231,230
1575004288,235,234
1575004288,340,339
1575004288,263,262
1575004288,293,292
1575004288,275,274
1575004288,253,252
1575004288,262,261
1575004288,254,253
1575004288,248,247
1575004288,257,256
1575004288,268,267
1575004288,248,247
1575004288,260,259
1575004288,263,262
1575004288,273,272
1575004288,269,268
1575004288,264,263
1575004288,258,257
1575004288,262,261
1575004288,279,278
1575004288,250,249
1575004288,250,249
1575004288,247,246
1575004288,238,237
1575004288,249,248
1575004288,255,254
1575004288,251,250
1575004288,244,243
1575004288,258,257
1575004288,229,228
1575004288,218,217
1575004288,244,243
1575004288,232,231
1575004288,236,235
1575004288,240,239
1575004288,243,242
1575004288,251,250
1575004288,311,310
1575004288,253,252
1575004288,266,265
1575004288,235,234
1575004288,306,305
1575004288,245,244
1575004288,234,233
1575004288,253,252
1575004288,239,238
1575004288,230,229
1575004288,244,243
1575004288,242,241
1575004288,244,243
1575004288,345,344
1575004288,242,241
1575004288,252,251
1575004288,251,250
1575004288,279,278
1575004288,277,276
1575004288,348,347
1575004288,252,251
1575004288,252,251
1575004288,262,261
1575004288,269,268
1575004288,325,324
1575004288,384,383
1575004288,354,353
1575004288,286,285
1575004288,294,293
1575004288,363,362
1575004288,289,288
1575004288,298,297
1575004288,294,293
1575004288,295,294
1575004288,284,283
1575004288,290,289
1575004288,289,288
1575004288,294,293
1575004288,296,295
1575004288,292,291
1575004288,293,292
1575004288,298,297
1575004288,297,296
1575004288,294,293
1575004288,299,298
1575004288,306,305
1575004288,300,299
1575004288,307,306
1575004288,297,296
1575004288,290,289
1575004288,288,287
1575004288,286,285
1575004288,296,295
1575004288,295,294
1575004288,296,295
1575004288,298,297
1575004288,298,297
1575004288,303,302
1575004288,314,313
1575004288,308,307
1575004288,309,308
1575004288,310,309
1575004288,307,306
1575004288,302,301
1575004288,300,299
1575004288,293,292
1575004288,281,280
1575004288,284,283
1575004288,297,296
1575004288,286,285
1575004288,519,518
1575004288,244,243
1575004288,264,263
1575004288,256,255
1575004288,251,250
1575004288,251,250
1575004288,258,257
1575004288,249,248
1575004288,241,240
1575004288,263,262
1575004288,262,261
1575004288,266,265
1575004288,282,281
1575004288,259,258
1575004288,263,262
1575004288,241,240
1575004288,253,252
1575004288,276,275
1575004288,256,255
1575004288,239,238
1575004288,234,233
1575004288,250,249
1575004288,273,272
1575004288,269,268
1575004288,278,277
1575004288,281,280
1575004288,288,287
1575004288,279,278
1575004288,282,281
1575004288,282,281
1575004288,284,283
1575004288,286,285
1575004288,282,281
1575004288,277,276
1575004288,289,288
1575004288,286,285
1575004288,271,270
1575004288,274,273
1575004288,289,288
1575004288,284,283
1575004288,277,276
1575004288,278,277
1575004288,276,275
1575004288,264,263
1575004288,269,268
1575004288,259,258
1575004288,260,259
1575004288,271,270
1575004288,262,261
1575004288,263,262
1575004288,281,280
1575004288,261,260
1575004288,262,261
1575004288,274,273
1575004288,269,268
1575004288,265,264
1575004288,264,263
1575004288,291,290
1575004288,270,269
1575004288,272,271
1575004288,269,268
1575004288,261,260
1575004288,266,265
1575004288,278,277
1575004288,456,455
1575004288,434,433
1575004288,275,274
1575004288,273,272
1575004288,258,257
1575004288,260,259
1575004288,265,264
1575004288,263,262
1575004288,260,259
1575004288,274,273
1575004288,274,273
1575004288,282,281
1575004288,268,267
1575004288,268,267
1575004288,264,263
1575004288,266,265
1575004288,280,279
1575004288,272,271
1575004288,258,257
1575004288,262,261
1575004288,274,273
1575004288,273,272
1575004288,256,255
1575004288,258,257
1575004288,244,243
1575004288,252,251
1575004288,240,239
1575004288,248,247
1575004288,247,246
1575004288,264,263
1575004288,263,262
1575004288,248,247
1575004288,268,267
1575004288,254,253
1575004288,252,251
1575004288,248,247
1575004288,277,276
1575004288,266,265
1575004288,262,261
1575004288,251,250
1575004288,270,269
1575004288,279,278
1575004288,269,268
1575004288,284,283
1575004288,259,258
1575004288,267,266
1575004288,257,256
1575004288,261,260
1575004288,256,255
1575004288,256,255
1575004288,260,259
1575004288,236,235
1575004288,263,262
1575004288,247,246
1575004288,232,231
1575004288,255,254
1575004288,261,260
1575004288,243,242
1575004288,248,247
1575004288,250,249
1575004288,237,236
1575004288,260,259
1575004288,245,244
1575004288,244,243
1575004288,252,251
1575004288,254,253
1575004288,252,251
1575004288,255,254
1575004288,246,245
1575004288,263,262
1575004288,254,253
1575004288,266,265
1575004288,256,255
1575004288,252,251
1575004288,251,250
1575004288,248,247
1575004288,252,251
1575004288,247,246
1575004288,261,260
1575004288,248,247
1575004288,240,239
1575004288,264,263
1575004288,244,243
1575004288,247,246
1575004288,246,245
1575004288,236,235
1575004288,248,247
1575004288,250,249
1575004288,253,252
1575004288,250,249
1575004288,237,236
1575004288,248,247
1575004288,258,257
1575004288,256,255
1575004288,248,247
1575004288,247,246
1575004288,247,246
1575004288,253,252
1575004288,268,267
1575004288,267,266
1575004288,256,255
1575004288,254,253
1575004288,257,256
1575004288,259,258
1575004288,272,271
1575004288,258,257
1575004288,255,254
1575004288,247,246
1575004288,260,259
1575004288,255,254
1575004288,247,246
1575004288,250,249
1575004288,246,245
1575004288,269,268
1575004288,249,248
1575004288,237,236
1575004288,252,251
1575004288,254,253
1575004288,262,261
1575004288,261,260
1575004288,247,246
1575004288,266,265
1575004288,243,242
1575004288,265,264
1575004288,255,254
1575004288,245,244
1575004288,237,236
1575004288,245,244
1575004288,254,253
1575004288,253,252
1575004288,257,256
1575004288,246,245
1575004288,235,234
1575004288,244,243
1575004288,259,258
1575004288,238,237
1575004288,246,245
1575004288,247,246
1575004288,241,240
1575004288,249,248
1575004288,252,251
1575004288,230,229
1575004288,242,241
1575004288,246,245
1575004288,253,252
1575004288,244,243
1575004288,245,244
1575004288,238,237
1575004288,231,230
1575004288,241,240
1575004288,242,241
1575004288,236,235
1575004288,236,235
1575004288,257,256
1575004288,253,252
1575004288,245,244
1575004288,250,249
1575004288,230,229
1575004288,236,235
1575004288,238,237
1575004288,247,246
1575004288,229,228
1575004288,253,252
1575004288,241,240
1575004288,242,241
1575004288,249,248
1575004288,248,247
1575004288,250,249
1575004288,259,258
1575004288,247,246
1575004288,242,241
1575004288,247,246
1575004288,239,238
1575004288,252,251
1575004288,254,253
1575004288,244,243
1575004288,229,228
1575004288,235,234
1575004288,231,230
1575004288,245,244
1575004288,240,239
1575004288,241,240
1575004288,259,258
1575004288,249,248
1575004288,260,259
1575004288,247,246
1575004288,257,256
1575004288,252,251
1575004288,270,269
1575004288,260,259
1575004288,241,240
1575004288,243,242
1575004288,246,245
1575004288,242,241
1575004288,253,252
1575004288,242,241
1575004288,259,258
1575004288,243,242
1575004288,250,249
1575004288,244,243
1575004288,246,245
1575004288,254,253
1575004288,268,267
1575004288,251,250
1575004288,251,250
1575004288,257,256
1575004288,246,245
1575004288,258,257
1575004288,249,248
1575004288,259,258
1575004288,260,259
1575004288,245,244
1575004288,266,265
1575004288,262,261
1575004288,257,256
1575004288,258,257
1575004288,245,244
1575004288,248,247
1575004288,252,251
1575004288,264,263
1575004288,255,254
1575004288,257,256
1575004288,245,244
1575004288,248,247
1575004288,276,275
1575004288,250,249
1575004288,264,263
1575004288,249,248
1575004288,253,252
1575004288,248,247
1575004288,264,263
1575004288,253,252
1575004288,250,249
1575004288,258,257
1575004288,250,249
1575004288,261,260
1575004288,256,255
1575004288,252,251
1575004288,248,247
1575004288,253,252
1575004288,250,249
1575004288,250,249
1575004288,246,245
1575004288,241,240
1575004288,243,242
1575004288,258,257
1575004288,241,240
1575004288,241,240
1575004288,254,253
1575004288,259,258
1575004288,236,235
1575004288,248,247
1575004288,253,252
1575004288,241,240
1575004288,259,258
1575004288,253,252
1575004288,248,247
1575004288,234,233
1575004288,259,258
1575004288,242,241
1575004288,244,243
1575004288,254,253
1575004288,238,237
1575004288,230,229
1575004288,233,232
1575004288,234,233
1575004288,238,237
1575004288,248,247
1575004288,242,241
1575004288,243,242
1575004288,242,241
1575004288,243,242
1575004288,233,232
1575004288,234,233
1575004288,241,240
1575004288,243,242
1575004288,225,224
1575004288,240,239
1575004288,231,230
1575004288,243,242
1575004288,238,237
1575004288,230,229
1575004288,228,227
1575004288,233,232
1575004288,225,224
1575004288,241,240
1575004288,416,415
1575004288,502,502
1575004291,16734,16734
1575004291,11551,11551
1575004291,567,567
1575004291,596,596
1575004291,573,573
1575004291,541,541
1575004291,516,516
1575004291,475,475
1575004291,420,420
1575004291,354,354
1575004291,307,307
1575004291,215,215
1575004291,155,155
1575004291,102,102
1575004291,40,40
1575004291,8930,8930
1575004291,283,283
1575004291,327,327
1575004291,281,281
1575004291,54,54
1575004291,297,297
1575004291,257,257
1575004291,252,252
1575004291,241,241
1575004291,183,183
1575004291,144,144
1575004291,130,130
1575004291,68,68
1575004291,37,37
1575004291,8409,8409
1575004291,261,190
1575004291,201,201
1575004291,236,236
1575004291,273,273
1575004291,177,177
1575004291,198,198
1575004291,200,200
1575004291,163,163
1575004291,130,130
1575004291,109,109
1575004291,75,75
1575004291,64,64
1575004291,39,39
1575004291,7234,7234
1575004291,101,101
1575004291,98,98
1575004291,128,128
1575004291,95,95
1575004291,101,101
1575004291,87,87
1575004291,85,85
1575004291,89,89
1575004291,72,72
1575004291,66,66
1575004291,54,54
1575004291,51,51
1575004291,35,35
1575004291,6047,6047
1575004291,76,76
1575004291,73,73
1575004291,93,93
1575004291,94,94
1575004291,65,65
1575004291,72,72
1575004291,64,64
1575004291,68,68
1575004291,56,56
1575004291,52,52
1575004291,49,49
1575004291,47,47
1575004291,34,34
1575004291,54,54
1575004291,57,57
1575004291,52,52
1575004291,74,74
1575004291,80,80
1575004291,95,95
1575004291,76,76
1575004291,98,98
1575004291,118,118
1575004291,136,136
1575004291,119,119
1575004291,125,125
1575004291,133,133
1575004291,130,130
1575004291,1793,1793
1575004291,48,48
1575004291,63,63
1575004291,88,88
1575004291,86,86
1575004291,95,95
1575004291,114,114
1575004291,99,99
1575004291,160,160
1575004291,114,114
1575004291,109,109
1575004291,138,138
1575004291,185,114
1575004291,215,144
1575004291,216,145
1575004291,217,146
1575004291,186,115
1575004291,217,146
1575004291,217,146
1575004291,207,136
1575004291,226,155
1575004291,270,199
1575004291,193,122
1575004291,211,140
1575004291,195,124
1575004291,227,156
1575004291,226,155
1575004291,209,138
1575004291,233,162
1575004291,200,129
1575004291,253,182
1575004291,198,127
1575004291,238,167
1575004291,191,120
1575004291,162,91
1575004291,206,135
1575004291,210,139
1575004291,193,122
1575004291,250,179
1575004291,194,123
1575004291,218,147
1575004291,205,134
1575004291,238,167
1575004291,189,118
1575004291,212,141
1575004291,181,110
1575004291,207,136
1575004291,194,123
1575004291,169,98
1575004291,209,138
1575004291,253,182
1575004291,182,111
1575004291,207,136
1575004291,199,128
1575004291,174,103
1575004291,209,138
1575004291,190,119
1575004291,173,102
1575004291,185,114
1575004291,241,170
1575004291,202,131
1575004291,179,108
1575004291,171,100
1575004291,185,114
1575004291,194,123
1575004291,171,100
1575004291,196,125
1575004291,223,152
1575004291,190,119
1575004291,212,141
1575004291,158,87
1575004291,173,102
1575004291,212,141
1575004291,180,109
1575004291,181,110
1575004291,194,123
1575004291,40745,40674
1575004291,106,35
1575004291,113,42
1575004291,128,57
1575004291,122,51
1575004291,139,68
1575004291,151,80
1575004291,145,74
1575004291,137,66
1575004291,145,74
1575004291,146,75
1575004291,155,84
1575004291,166,95
1575004291,155,84
1575004291,147,76
1575004291,165,94
1575004291,151,80
1575004291,171,100
1575004291,172,101
1575004291,163,92
1575004291,169,98
1575004291,163,92
1575004291,141,70
1575004291,152,81
1575004291,155,84
1575004291,137,66
1575004291,175,104
1575004291,138,67
1575004291,165,94
1575004291,179,108
1575004291,148,77
1575004291,179,108
1575004291,161,90
1575004291,159,88
1575004291,185,114
1575004291,139,68
1575004291,139,68
1575004291,171,100
1575004291,187,116
1575004291,164,93
1575004291,158,87
1575004291,146,75
1575004291,155,84
1575004291,152,81
1575004291,151,80
1575004291,176,105
1575004291,174,103
1575004291,169,98
1575004291,170,99
1575004291,150,79
1575004291,172,101
1575004291,147,76
1575004291,129,58
1575004291,157,86
1575004291,145,74
1575004291,141,70
1575004291,124,53
1575004291,60,0
1575004291,27,0
1575004291,25,0
1575004291,24,0
1575004291,24,0
1575004291,22,0
1575004291,464,0
1575004291,470,0
1575004291,2099,0
1575004291,9222,0
1575004291,1060,0
1575004291,1141,0
1575004291,1193,0
1575004291,1298,0
1575004291,1824,0
1575004291,1692,0
1575004291,1870,0
1575004291,1964,0
1575004291,2238,0
1575004291,1951,0
1575004291,39,0
1575004291,14212,0
1575004291,2661,0
1575004291,2677,0
1575004291,2675,0
1575004291,2601,0
1575004291,2517,0
1575004291,2475,0
1575004291,2358,0
1575004291,2166,0
1575004291,1948,0
1575004291,1395,0
1575004291,56,0
1575004291,13472,0
1575004291,2026,0
1575004291,2009,0
1575004291,1710,0
1575004291,1747,0
1575004291,1629,0
1575004291,1587,0
1575004291,1484,0
1575004291,1185,0
1575004291,861,0
1575004291,632,0
1575004291,61,0
1575004291,10793,0
1575004291,1172,0
1575004291,1124,0
1575004291,982,0
1575004291,911,0
1575004291,937,0
1575004291,835,0
1575004291,768,0
1575004291,689,0
1575004291,595,0
1575004291,514,0
1575004291,370,0
1575004291,286,0
1575004291,48,0
1575004291,7742,0
1575004291,419,0
1575004291,409,0
1575004291,390,0
1575004291,360,0
1575004291,366,0
1575004291,316,0
1575004291,268,0
1575004291,234,0
1575004291,206,0
1575004291,199,0
1575004291,139,0
1575004291,100,0
1575004291,38,0
1575004291,4083,0
1575004291,140,0
1575004291,151,0
1575004291,130,0
1575004291,141,0
1575004291,101,0
1575004291,118,0
1575004291,102,0
1575004291,87,0
1575004291,63,0
1575004291,55,0
1575004291,57,0
1575004291,49,0
1575004291,38,0
1575004291,2535,0
1575004291,82,0
1575004291,90,0
1575004291,87,0
1575004291,52,0
1575004291,69,0
1575004291,75,0
1575004291,72,0
1575004291,62,0
1575004291,47,0
1575004291,54,0
1575004291,43,0
1575004291,35,0
1575004291,16233,0
1575004291,3635,0
1575004291,46,0
1575004291,77,0
1575004291,63,0
1575004291,63,0
1575004291,65,0
1575004291,64,0
1575004291,83,0
1575004291,82,0
1575004291,58,0
1575004291,50,0
1575004291,50,0
1575004291,39,0
1575004291,31,0
1575004291,4572,0
1575004291,50,0
1575004291,47,0
1575004291,54,0
1575004291,55,0
1575004291,59,0
1575004291,51,0
1575004291,59,0
1575004291,52,0
1575004291,39,0
1575004291,42,0
1575004291,36,0
1575004291,32,0
1575004291,28,0
1575004291,5099,0
1575004291,43,0
1575004291,58,0
1575004291,44,0
1575004291,36,0
1575004291,45,0
1575004291,51,0
1575004291,51,0
1575004291,43,0
1575004291,41,0
1575004291,33,0
1575004291,37,0
1575004291,31,0
1575004291,27,0
1575004291,4842,0
1575004291,36,0
1575004291,48,0
1575004291,58,0
1575004291,47,0
1575004291,51,0
1575004291,47,0
1575004291,44,0
1575004291,42,0
1575004291,52,0
1575004291,38,0
1575004291,36,0
1575004291,38,0
1575004291,30,0
1575004291,4828,0
1575004291,46,0
1575004291,45,0
1575004291,68,0
1575004291,36,0
1575004291,57,0
1575004291,67,0
1575004291,59,0
1575004291,63,0
1575004291,47,0
1575004291,36,0
1575004291,39,0
1575004291,36,0
1575004291,29,0
1575004291,4511,0
1575004291,42,0
1575004291,66,0
1575004291,62,0
1575004291,60,0
1575004291,67,0
1575004291,71,0
1575004291,78,0
1575004291,48,0
1575004291,44,0
1575004291,44,0
1575004291,40,0
1575004291,35,0
1575004291,30,0
1575004291,4374,0
1575004291,55,0
1575004291,64,0
1575004291,68,0
1575004291,57,0
1575004291,65,0
1575004291,63,0
1575004291,55,0
1575004291,56,0
1575004291,52,0
1575004291,45,0
1575004291,39,0
1575004291,32,0
1575004291,30,0
1575004291,4090,0
1575004291,62,0
1575004291,80,0
1575004291,79,0
1575004291,70,0
1575004291,97,0
1575004291,79,0
1575004291,88,0
1575004291,61,0
1575004291,77,0
1575004291,44,0
1575004291,45,0
1575004291,36,0
1575004291,30,0
1575004291,3505,0
1575004291,46,0
1575004291,89,0
1575004291,65,0
1575004291,64,0
1575004291,54,0
1575004291,67,0
1575004291,53,0
1575004291,50,0
1575004291,51,0
1575004291,37,0
1575004291,38,0
1575004291,39,0
1575004291,29,0
1575004291,44,0
1575004291,52,0
1575004291,63,0
1575004291,75,0
1575004291,84,0
1575004291,75,0
1575004291,92,0
1575004291,122,0
1575004291,97,0
1575004291,68,0
1575004291,141,0
1575004291,1459,0
1575004291,40,0
1575004291,57,0
1575004291,50,0
1575004291,94,0
1575004291,55,0
1575004337,3,3
1575004337,3,3
1575004337,4,3
1575004337,4,3
1575004337,4,3
1575004337,4,3
1575004337,612,611
1575004337,469,468
1575004337,397,396
1575004337,306,305
1575004337,302,301
1575004337,302,301
1575004337,303,302
1575004337,302,301
1575004337,304,303
1575004337,307,306
1575004337,310,309
1575004337,309,308
1575004337,307,306
1575004337,315,314
1575004337,313,312
1575004337,369,368
1575004337,318,317
1575004337,321,320
1575004337,322,321
1575004337,326,325
1575004337,521,520
1575004337,318,317
1575004337,321,320
1575004337,320,319
1575004337,311,310
1575004337,306,305
1575004337,305,304
1575004337,315,314
1575004337,313,312
1575004337,314,313
1575004337,308,307
1575004337,308,307
1575004337,305,304
1575004337,310,309
1575004337,312,311
1575004337,311,310
1575004337,309,308
1575004337,308,307
1575004337,304,303
1575004337,307,306
1575004337,308,307
1575004337,307,306
1575004337,305,304
1575004337,301,300
1575004337,308,307
1575004337,314,313
1575004337,312,311
1575004337,309,308
1575004337,318,317
1575004337,320,319
1575004337,318,317
1575004337,325,324
1575004337,338,337
1575004337,338,337
1575004337,349,348
1575004337,356,355
1575004337,348,347
1575004337,342,341
1575004337,332,331
1575004337,562,561
1575004337,322,321
1575004337,316,315
1575004337,311,310
1575004337,312,311
1575004337,311,310
1575004337,306,305
1575004337,302,301
1575004337,301,300
1575004337,306,305
1575004337,314,313
1575004337,322,321
1575004337,323,322
1575004337,335,334
1575004337,327,326
1575004337,325,324
1575004337,328,327
1575004337,324,323
1575004337,319,318
1575004337,313,312
1575004337,308,307
1575004337,345,344
1575004337,296,295
1575004337,299,298
1575004337,424,423
1575004337,295,294
1575004337,588,587
1575004337,517,516
1575004337,393,392
1575004337,262,261
1575004337,505,504
1575004337,413,412
1575004337,354,353
1575004337,367,366
1575004337,286,285
1575004337,287,286
1575004337,301,300
1575004337,275,274
1575004337,291,290
1575004337,258,257
1575004337,291,290
1575004337,287,286
1575004337,287,286
1575004337,288,287
1575004337,362,361
1575004337,294,293
1575004337,285,284
1575004337,323,322
1575004337,304,303
1575004337,282,281
1575004337,333,332
1575004337,316,315
1575004337,309,308
1575004337,606,605
1575004337,307,306
1575004337,396,395
1575004337,310,309
1575004337,344,343
1575004337,289,288
1575004337,288,287
1575004337,317,316
1575004337,310,309
1575004337,434,433
1575004337,305,304
1575004337,383,382
1575004337,431,430
1575004337,282,281
1575004337,291,290
1575004337,294,293
1575004337,464,463
1575004337,290,289
1575004337,328,327
1575004337,292,291
1575004337,274,273
1575004337,381,380
1575004337,282,281
1575004337,364,363
1575004337,287,286
1575004337,302,301
1575004337,267,266
1575004337,266,265
1575004337,249,248
1575004337,303,302
1575004337,346,345
1575004337,461,460
1575004337,311,310
1575004337,299,298
1575004337,351,350
1575004337,424,423
1575004337,445,444
1575004337,520,519
1575004337,294,293
1575004337,295,294
1575004337,294,293
1575004337,296,295
1575004337,294,293
1575004337,425,424
1575004337,297,296
1575004337,306,305
1575004337,312,311
1575004337,299,298
1575004337,329,328
1575004337,339,338
1575004337,318,317
1575004337,397,396
1575004337,413,412
1575004337,356,355
1575004337,287,286
1575004337,300,299
1575004337,328,327
1575004337,285,284
1575004337,327,326
1575004337,304,303
1575004337,352,351
1575004337,351,350
1575004337,260,259
1575004337,269,268
1575004337,326,325
1575004337,281,280
1575004337,301,300
1575004337,295,294
1575004337,285,284
1575004337,282,281
1575004337,310,309
1575004337,310,309
1575004337,305,304
1575004337,298,297
1575004337,322,321
1575004337,333,332
1575004337,319,318
1575004337,319,318
1575004337,361,360
1575004337,326,325
1575004337,433,432
1575004337,289,288
1575004337,5350,5350
1575004337,77,77
1575004337,311,311
1575004337,1232,1232
1575004337,4880,4809
1575004337,17259,17259
1575004337,451,451
1575004337,382,382
1575004337,237,237
1575004337,118,118
1575004337,125,125
1575004337,142,142
1575004337,141,141
1575004337,97,97
1575004337,96,96
1575004337,70,70
1575004337,34,34
1575004337,8963,8963
1575004337,976,976
1575004337,159,159
1575004337,151,151
1575004337,163,163
1575004337,157,157
1575004337,283,283
1575004337,139,139
1575004337,137,137
1575004337,2541,2541
1575004337,570,570
1575004337,37,37
1575004337,12093,12093
1575004337,736,736
1575004337,1303,1303
1575004337,1564,1564
1575004337,1248,1248
1575004337,1397,1397
1575004337,1212,1212
1575004337,1261,1261
1575004337,2636,2636
1575004337,3225,3225
1575004337,2100,2100
1575004337,38,38
1575004337,13066,13066
1575004338,2210,2210
1575004338,4238,4167
1575004338,3369,3298
1575004338,2349,2278
1575004338,1347,1276
1575004338,1177,1106
1575004338,937,866
1575004338,593,522
1575004338,466,395
1575004338,114,43
1575004338,1074,1003
1575004338,1381,1310
1575004338,1747,1676
1575004338,2770,2699
1575004338,3699,3628
1575004338,4455,4384
1575004338,13387,13316
1575004338,12618,12547
1575004338,650,579
1575004338,871,800
1575004338,1016,945
1575004338,1000,929
1575004338,837,766
1575004338,560,489
1575004338,531,460
1575004338,356,285
1575004338,342,271
1575004338,260,189
1575004338,145,74
1575004338,9718,9647
1575004338,1035,964
1575004338,853,782
1575004338,814,743
1575004338,643,572
1575004338,677,606
1575004338,617,546
1575004338,583,512
1575004338,630,559
1575004338,701,630
1575004338,558,487
1575004338,526,455
1575004338,603,532
1575004338,706,635
1575004338,593,522
1575004338,130,59
1575004338,5259,5188
1575004338,814,743
1575004338,1009,938
1575004338,1008,937
1575004338,990,919
1575004338,985,914
1575004338,853,782
1575004338,829,758
1575004338,743,672
1575004338,588,517
1575004338,502,431
1575004338,324,253
1575004338,106,35
1575004338,291,290
1575004338,292,291
1575004338,294,293
1575004338,288,287
1575004338,447,446
1575004338,290,289
1575004338,301,300
1575004338,284,283
1575004338,305,304
1575004338,298,297
1575004338,303,302
1575004338,305,304
1575004338,297,296
1575004338,300,299
1575004338,316,315
1575004338,312,311
1575004338,307,306
1575004338,282,281
1575004338,279,278
1575004338,277,276
1575004338,286,285
1575004338,287,286
1575004338,332,331
1575004338,325,324
1575004338,320,319
1575004338,314,313
1575004338,311,310
1575004338,295,294
1575004338,301,300
1575004338,266,265
1575004338,266,265
1575004338,272,271
1575004338,294,293
1575004338,330,329
1575004338,291,290
1575004338,315,314
1575004338,308,307
1575004338,285,284
1575004338,285,284
1575004338,282,281
1575004338,522,521
1575004338,269,268
1575004338,313,312
1575004338,313,312
1575004338,301,300
1575004338,287,286
1575004338,275,274
1575004338,378,377
1575004338,280,279
1575004338,279,278
1575004338,275,274
1575004338,279,278
1575004338,273,272
1575004338,342,341
1575004338,274,273
1575004338,288,287
1575004338,287,286
1575004338,293,292
1575004338,298,297
1575004338,299,298
1575004338,349,348
1575004338,298,297
1575004338,294,293
1575004338,293,292
1575004338,292,291
1575004338,297,296
1575004338,396,395
1575004338,312,311
1575004338,281,280
1575004338,311,310
1575004338,281,280
1575004338,281,280
1575004338,270,269
1575004338,265,264
1575004338,276,275
1575004338,273,272
1575004338,273,272
1575004338,279,278
1575004338,294,293
1575004338,287,286
1575004338,282,281
1575004338,287,286
1575004338,278,277
1575004338,293,292
1575004338,290,289
1575004338,282,281
1575004338,321,320
1575004338,286,285
1575004338,281,280
1575004338,286,285
1575004338,284,283
1575004338,277,276
1575004338,382,381
1575004338,276,275
1575004338,284,283
1575004338,285,284
1575004338,290,289
1575004338,271,270
1575004338,277,276
1575004338,357,356
1575004338,278,277
1575004338,261,260
1575004338,302,301
1575004338,298,297
1575004338,325,324
1575004338,327,326
1575004338,265,264
1575004338,292,291
1575004338,304,303
1575004338,292,291
1575004338,364,363
1575004338,499,498
1575004338,262,261
1575004338,272,271
1575004338,282,281
1575004338,277,276
1575004338,279,278
1575004338,287,286
1575004338,270,269
1575004338,284,283
1575004338,280,279
1575004338,288,287
1575004338,294,293
1575004338,287,286
1575004338,286,285
1575004338,290,289
1575004338,321,320
1575004338,321,320
1575004338,308,307
1575004338,301,300
1575004338,289,288
1575004338,314,313
1575004338,288,287
1575004338,289,288
1575004338,288,287
1575004338,289,288
1575004338,293,292
1575004338,298,297
1575004338,292,291
1575004338,282,281
1575004338,298,297
1575004338,292,291
1575004338,289,288
1575004338,286,285
1575004338,288,287
1575004338,287,286
1575004338,287,286
1575004338,279,278
1575004338,287,286
1575004338,323,322
1575004338,310,309
1575004338,293,292
1575004338,285,284
1575004338,331,330
1575004338,279,278
1575004338,278,277
1575004338,286,285
1575004338,280,279
1575004338,276,275
1575004338,280,279
1575004338,278,277
1575004338,272,271
1575004338,317,316
1575004338,325,324
1575004338,307,306
1575004338,304,303
1575004338,290,289
1575004338,293,292
1575004338,307,306
1575004338,315,314
1575004338,343,342
1575004338,347,346
1575004338,335,334
1575004338,317,316
1575004338,308,307
1575004338,296,295
1575004338,469,468
1575004338,275,274
1575004338,380,379
1575004338,328,327
1575004338,291,290
1575004338,302,301
1575004338,302,301
1575004338,317,316
1575004338,308,307
1575004338,316,315
1575004338,306,305
1575004338,310,309
1575004338,305,304
1575004338,292,291
1575004338,299,298
1575004338,293,292
1575004338,292,291
1575004338,292,291
1575004338,303,302
1575004338,298,297
1575004338,306,305
1575004338,265,264
1575004338,258,257
1575004338,261,260
1575004338,264,263
1575004338,288,287
1575004338,271,270
1575004338,292,291
1575004338,299,298
1575004338,288,287
1575004338,289,288
1575004338,423,422
1575004338,285,284
1575004338,278,277
1575004338,270,269
1575004338,289,288
1575004338,299,298
1575004338,293,292
1575004338,290,289
1575004338,12923,12852
1575004338,5267,5196
1575004338,1013,942
1575004338,970,899
1575004338,803,732
1575004338,785,714
1575004338,464,393
1575004338,592,521
1575004338,660,589
1575004338,578,507
1575004338,531,460
1575004338,505,434
1575004338,455,384
1575004338,284,213
1575004338,116,45
1575004338,6168,6097
1575004338,518,447
1575004338,537,466
1575004338,501,430
1575004338,500,429
1575004338,577,506
1575004338,834,763
1575004338,999,928
1575004338,959,888
1575004338,844,773
1575004338,634,563
1575004338,705,634
1575004338,364,293
1575004338,117,46
1575004338,4396,4325
1575004338,661,590
1575004338,681,610
1575004338,754,683
1575004338,686,615
1575004338,624,553
1575004338,796,725
1575004338,673,602
1575004338,562,491
1575004338,399,328
1575004338,115,44
1575004338,593,522
1575004338,887,816
1575004338,1018,947
1575004338,979,908
1575004338,807,736
1575004338,795,724
1575004338,30837,30766
1575004339,11588,11517
1575004339,287,216
1575004339,372,301
1575004339,316,245
1575004339,421,350
1575004339,194,123
1575004339,188,117
1575004339,186,115
1575004339,165,94
1575004339,396,325
1575004339,104,33
1575004339,995,924
1575004339,1433,1362
1575004339,1554,1483
1575004339,1676,1605
1575004339,1801,1730
1575004339,1172,1101
1575004339,1092,1021
1575004339,2859,2788
1575004339,2873,2802
1575004339,11612,0
1575004339,30736,0
1575004339,2955,0
1575004339,2995,0
1575004339,3000,0
1575004339,2059,0
1575004339,1702,0
1575004339,946,0
1575004339,981,0
1575004339,687,0
1575004339,872,0
1575004339,435,0
1575004339,38,0
1575004339,14031,0
1575004339,379,0
1575004339,384,0
1575004339,671,0
1575004339,475,0
1575004339,523,0
1575004339,480,0
1575004339,629,0
1575004339,406,0
1575004339,394,0
1575004339,359,0
1575004339,386,0
1575004339,291,0
1575004339,247,0
1575004339,183,0
1575004339,37,0
1575004339,12029,0
1575004339,339,0
1575004339,371,0
1575004339,359,0
1575004339,240,0
1575004339,305,0
1575004339,278,0
1575004339,164,0
1575004339,119,0
1575004339,63,0
1575004339,38,0
1575004339,7836,0
1575004339,251,0
1575004339,306,0
1575004339,259,0
1575004339,286,0
1575004339,215,0
1575004339,232,0
1575004339,152,0
1575004339,114,0
1575004339,53,0
1575004339,37,0
1575004339,18027,0
1575004339,6088,0
1575004339,171,0
1575004339,188,0
1575004339,190,0
1575004339,183,0
1575004339,251,0
1575004339,163,0
1575004339,109,0
1575004339,88,0
1575004339,73,0
1575004339,54,0
1575004339,72,0
1575004339,114,0
1575004339,149,0
1575004339,155,0
1575004339,185,0
1575004339,196,0
1575004339,20204,0
1575004339,3602,0
1575004339,85,0
1575004339,100,0
1575004339,115,0
1575004339,81,0
1575004339,109,0
1575004339,98,0
1575004339,89,0
1575004339,68,0
1575004339,53,0
1575004339,29,0
1575004339,57,0
1575004339,74,0
1575004339,70,0
1575004339,103,0
1575004339,117,0
1575004339,119,0
1575004339,136,0
1575004339,23351,0
1575004339,1997,0
1575004339,105,0
1575004339,101,0
1575004339,86,0
1575004339,91,0
1575004339,110,0
1575004339,96,0
1575004339,109,0
1575004339,67,0
1575004339,69,0
1575004339,39,0
1575004339,69,0
1575004339,60,0
1575004339,85,0
1575004339,72,0
1575004339,81,0
1575004339,94,0
1575004339,101,0
1575004339,23488,0
1575004339,982,0
1575004339,56,0
1575004339,55,0
1575004339,60,0
1575004339,63,0
1575004339,54,0
1575004339,53,0
1575004339,58,0
1575004339,46,0
1575004339,47,0
1575004339,44,0
1575004339,53,0
1575004339,60,0
1575004339,57,0
1575004339,55,0
1575004339,51,0
1575004339,57,0
1575004339,547,546
1575004339,274,273
1575004339,301,300
1575004339,296,295
1575004339,289,288
1575004339,426,425
1575004339,274,273
1575004339,283,282
1575004339,281,280
1575004339,341,340
1575004339,552,551
1575004339,400,399
1575004339,358,357
1575004339,399,398
1575004339,328,327
1575004339,286,285
1575004339,285,284
1575004339,272,271
1575004339,267,266
1575004339,271,270
1575004339,402,401
1575004339,280,279
1575004339,278,277
1575004339,285,284
1575004339,283,282
1575004339,283,282
1575004339,274,273
1575004339,282,281
1575004339,279,278
1575004339,280,279
1575004339,270,269
1575004339,267,266
1575004339,265,264
1575004339,286,285
1575004339,274,273
1575004339,276,275
1575004339,275,274
1575004339,274,273
1575004339,267,266
1575004339,288,287
1575004339,283,282
1575004339,291,290
1575004339,312,311
1575004339,310,309
1575004339,307,306
1575004339,296,295
1575004339,324,323
1575004339,278,277
1575004339,280,279
1575004339,273,272
1575004339,288,287
1575004339,285,284
1575004339,289,288
1575004339,295,294
1575004339,284,283
1575004339,288,287
1575004339,281,280
1575004339,293,292
1575004339,351,350
1575004339,389,388
1575004339,285,284
1575004339,283,282
1575004339,295,294
1575004339,282,281
1575004339,295,294
1575004339,283,282
1575004339,288,287
1575004339,298,297
1575004339,299,298
1575004339,317,316
1575004339,331,330
1575004339,376,375
1575004339,344,343
1575004339,330,329
1575004339,320,319
1575004339,312,311
1575004339,299,298
1575004339,291,290
1575004339,286,285
1575004339,274,273
1575004339,282,281
1575004339,280,279
1575004339,283,282
1575004339,284,283
1575004339,282,281
1575004339,287,286
1575004339,283,282
1575004339,286,285
1575004339,288,287
1575004339,286,285
1575004339,289,288
1575004339,293,292
1575004339,301,300
1575004339,286,285
1575004339,342,341
1575004339,376,375
1575004339,289,288
1575004339,301,300
1575004339,257,256
1575004339,237,236
1575004339,263,262
1575004339,280,279
1575004339,279,278
1575004339,290,289
1575004339,513,512
1575004339,289,288
1575004339,291,290
1575004339,352,351
1575004339,285,284
1575004339,288,287
1575004339,286,285
1575004339,388,387
1575004339,282,281
1575004339,280,279
1575004339,290,289
1575004339,292,291
1575004339,295,294
1575004339,304,303
1575004339,257,256
1575004339,277,276
1575004339,293,292
1575004339,299,298
1575004339,335,334
1575004339,316,315
1575004339,306,305
1575004339,536,535
1575004339,586,585
1575004339,277,276
1575004339,276,275
1575004339,273,272
1575004339,281,280
1575004339,288,287
1575004339,386,385
1575004339,350,349
1575004339,277,276
1575004339,314,313
1575004339,312,311
1575004339,396,395
1575004339,280,279
1575004339,282,281
1575004339,284,283
1575004339,276,275
1575004339,288,287
1575004339,329,328
1575004339,284,283
1575004339,273,272
1575004339,291,290
1575004339,290,289
1575004339,548,547
1575004339,286,285
1575004339,287,286
1575004339,280,279
1575004339,286,285
1575004339,297,296
1575004339,287,286
1575004339,294,293
1575004339,310,309
1575004339,248,247
1575004339,234,233
1575004339,262,261
1575004339,346,345
1575004339,274,273
1575004339,294,293
1575004339,289,288
1575004339,297,296
1575004339,290,289
1575004339,294,293
1575004339,448,447
1575004339,297,296
1575004339,270,269
1575004339,261,260
1575004339,296,295
1575004339,245,244
1575004339,227,226
1575004339,266,265
1575004339,268,267
1575004339,471,470
1575004339,281,280
1575004339,287,286
1575004339,270,269
1575004339,275,274
1575004339,289,288
1575004339,280,279
1575004339,284,283
1575004339,281,280
1575004339,275,274
1575004339,287,286
1575004339,291,290
1575004339,299,298
1575004339,441,440
1575004339,292,291
1575004339,294,293
1575004339,289,288
1575004339,286,285
1575004339,280,279
1575004339,450,449
1575004339,268,267
1575004339,274,273
1575004339,289,288
1575004339,288,287
1575004339,280,279
1575004339,290,289
1575004339,348,347
1575004339,285,284
1575004339,284,283
1575004339,286,285
1575004339,290,289
1575004339,280,279
1575004339,431,430
1575004339,281,280
1575004339,288,287
1575004339,285,284
1575004339,294,293
1575004339,292,291
1575004339,299,298
1575004339,358,357
1575004339,274,273
1575004339,287,286
1575004339,284,283
1575004339,286,285
1575004339,288,287
1575004339,293,292
1575004339,301,300
1575004339,306,305
1575004339,304,303
1575004339,317,316
1575004339,319,318
1575004339,299,298
1575004339,304,303
1575004339,325,324
1575004339,328,327
1575004339,309,308
1575004339,300,299
1575004339,397,396
1575004339,389,388
1575004339,231,230
1575004339,235,234
1575004339,241,240
1575004339,234,233
1575004339,238,237
1575004339,241,240
1575004339,237,236
1575004339,239,238
1575004339,241,240
1575004339,241,240
1575004339,248,247
1575004339,231,230
1575004339,232,231
1575004339,241,240
1575004339,236,235
1575004339,242,241
1575004339,247,246
1575004339,441,440
1575004339,583,582
1575004339,287,286
1575004339,288,287
1575004339,288,287
1575004339,288,287
1575004339,287,286
1575004339,287,286
1575004339,288,287
1575004339,301,300
1575004339,317,316
1575004339,316,315
1575004339,316,315
1575004339,313,312
1575004339,311,310
1575004339,311,310
1575004339,304,303
1575004339,306,305
1575004339,308,307
1575004339,305,304
1575004339,305,304
1575004339,306,305
1575004339,304,303
1575004339,307,306
1575004339,306,305
1575004339,308,307
1575004339,302,301
1575004339,302,301
1575004339,303,302
1575004339,300,299
1575004339,299,298
1575004339,302,301
1575004339,302,301
1575004339,305,304
1575004339,295,294
1575004339,297,296
1575004339,303,302
1575004339,299,298
1575004339,298,297
1575004339,293,292
1575004339,301,300
1575004339,306,305
1575004339,291,290
1575004339,290,289
1575004339,292,291
1575004339,305,304
1575004339,296,295
1575004339,303,302
1575004339,310,309
1575004339,307,306
1575004339,293,292
1575004339,297,296
1575004339,318,317
1575004339,294,293
1575004339,292,291
1575004339,271,270
1575004339,255,254
1575004339,357,357
1575004339,18850,0
1575004339,1415,0
1575004339,81,0
1575004339,65,0
1575004339,72,0
1575004339,88,0
1575004339,84,0
1575004339,96,0
1575004339,102,0
1575004339,90,0
1575004339,79,0
1575004339,74,0
1575004339,62,0
1575004339,61,0
1575004339,60,0
1575004339,492,0
1575004339,55,0
1575004339,63,0
1575004339,77,0
1575004339,77,0
1575004339,78,0
1575004339,76,0
1575004339,71,0
1575004339,72,0
1575004339,67,0
1575004339,60,0
1575004339,37,0
1575004339,7067,0
1575004339,1103,0
1575004339,80,0
1575004339,81,0
1575004339,83,0
1575004339,88,0
1575004339,83,0
1575004339,98,0
1575004339,79,0
1575004339,77,0
1575004339,73,0
1575004339,61,0
1575004339,56,0
1575004339,41,0
1575004339,31,0
1575004339,832,0
1575004339,71,0
1575004339,76,0
1575004339,93,0
1575004339,65,0
1575004339,63,0
1575004339,62,0
1575004339,62,0
1575004339,55,0
1575004339,51,0
1575004339,47,0
1575004339,41,0
1575004339,31,0
1575004362,51000,51000
1575004362,13150,13150
1575004362,307,307
1575004362,101,101
1575004362,396,396
1575004362,420,420
1575004362,142,142
1575004362,506,506
1575004362,131,131
1575004362,518,518
1575004362,415,415
1575004362,170,170
1575004362,404,404
1575004362,110,110
1575004362,33,33
1575004362,10048,10048
1575004362,152,152
1575004362,457,457
1575004362,477,477
1575004362,142,142
1575004362,379,379
1575004362,161,161
1575004362,492,492
1575004362,459,459
1575004362,117,117
1575004362,303,303
1575004362,54,54
1575004362,242,242
1575004362,36,36
1575004362,9324,9324
1575004362,446,446
1575004362,87,87
1575004362,615,544
1575004362,415,415
1575004362,71,71
1575004362,437,437
1575004362,58,58
1575004362,388,388
1575004362,360,360
1575004362,53,53
1575004362,323,323
1575004362,58,58
1575004362,108,37
1575004362,622,622
1575004362,288,288
1575004362,294,294
1575004362,292,292
1575004362,292,292
1575004362,287,287
1575004362,288,288
1575004362,292,292
1575004362,290,290
1575004362,286,286
1575004362,289,288
1575004362,290,290
1575004362,288,288
1575004362,296,296
1575004362,293,293
1575004362,293,293
1575004362,441,441
1575004362,283,283
1575004362,294,294
1575004362,304,304
1575004362,307,307
1575004362,296,296
1575004362,398,398
1575004362,285,285
1575004362,289,289
1575004362,275,275
1575004362,292,292
1575004362,364,364
1575004362,345,345
1575004362,316,316
1575004362,328,328
1575004362,397,397
1575004362,346,346
1575004362,334,334
1575004362,310,310
1575004362,332,332
1575004362,337,337
1575004362,330,330
1575004362,313,313
1575004362,319,319
1575004362,318,318
1575004362,322,322
1575004362,326,325
1575004362,323,323
1575004362,347,347
1575004362,428,428
1575004362,281,281
1575004362,280,280
1575004362,324,324
1575004362,359,359
1575004362,373,373
1575004362,445,445
1575004362,295,295
1575004362,451,451
1575004362,285,285
1575004362,286,286
1575004362,402,402
1575004362,282,282
1575004362,295,295
1575004362,286,286
1575004362,307,307
1575004362,304,304
1575004362,360,360
1575004362,308,308
1575004362,294,294
1575004362,286,286
1575004362,288,288
1575004362,290,290
1575004362,409,409
1575004362,404,404
1575004362,327,327
1575004362,333,333
1575004362,353,353
1575004362,332,332
1575004362,317,317
1575004362,316,316
1575004362,305,305
1575004362,304,304
1575004362,306,306
1575004362,300,300
1575004362,439,439
1575004362,283,283
1575004362,286,286
1575004362,287,287
1575004362,292,292
1575004362,291,291
1575004362,289,289
1575004362,289,289
1575004362,290,290
1575004362,299,299
1575004362,315,315
1575004362,330,330
1575004362,436,436
1575004362,282,282
1575004362,288,288
1575004362,292,292
1575004362,291,291
1575004362,294,294
1575004362,287,287
1575004362,427,427
1575004362,290,290
1575004362,301,301
1575004362,296,296
1575004362,293,293
1575004362,294,294
1575004362,432,432
1575004362,286,286
1575004362,291,291
1575004362,431,431
1575004362,317,317
1575004362,294,294
1575004362,295,295
1575004362,287,287
1575004362,287,287
1575004362,505,505
1575004362,291,291
1575004362,404,404
1575004362,258,258
1575004362,274,274
1575004362,270,270
1575004362,278,278
1575004362,283,283
1575004362,317,317
1575004362,308,308
1575004362,305,305
1575004362,298,298
1575004362,293,293
1575004362,444,444
1575004362,313,313
1575004362,309,309
1575004362,310,310
1575004362,301,301
1575004362,297,297
1575004362,289,289
1575004362,287,287
1575004362,286,286
1575004362,291,291
1575004362,291,291
1575004362,306,305
1575004362,433,433
1575004362,354,354
1575004362,346,346
1575004362,349,349
1575004362,336,336
1575004362,320,320
1575004362,299,299
1575004362,360,360
1575004362,365,365
1575004362,488,488
1575004362,287,287
1575004362,293,293
1575004362,286,286
1575004362,285,285
1575004362,290,290
1575004362,306,306
1575004362,302,302
1575004362,284,284
1575004362,273,273
1575004362,286,286
1575004362,286,286
1575004362,290,290
1575004362,286,286
1575004362,270,270
1575004362,289,289
1575004362,288,288
1575004362,270,270
1575004362,261,261
1575004362,261,261
1575004362,302,302
1575004362,303,303
1575004362,286,286
1575004362,296,296
1575004362,328,328
1575004362,322,322
1575004362,442,442
1575004362,294,294
1575004362,290,290
1575004362,292,292
1575004362,478,478
1575004362,312,312
1575004362,295,295
1575004362,426,426
1575004362,289,289
1575004362,293,293
1575004362,291,291
1575004362,288,288
1575004362,377,377
1575004362,282,282
1575004362,285,285
1575004362,287,287
1575004362,287,287
1575004362,288,288
1575004362,285,285
1575004362,287,287
1575004362,291,291
1575004362,285,285
1575004362,286,286
1575004362,286,286
1575004362,288,288
1575004362,297,297
1575004362,294,294
1575004362,294,294
