1574999940,62,62
1574999940,2396,2396
1574999940,653,653
1574999940,735,735
1574999940,183,183
1574999940,136,136
1574999940,29,29
1574999940,24,24
1574999940,24,24
1574999940,22,22
1574999940,22,22
1574999940,22,22
1574999940,22,22
1574999940,22,22
1574999940,22,22
1574999940,22,22
1574999940,22,22
1574999940,24,24
1574999940,22,22
1574999940,22,22
1574999940,22,22
1574999940,25,25
1574999940,25,25
1574999940,22,22
1574999940,26,26
1574999940,22,22
1574999940,24,24
1574999940,17208,17208
1574999940,8400,8400
1574999940,335,335
1574999940,308,308
1574999940,305,305
1574999940,331,331
1574999940,265,265
1574999940,312,312
1574999940,414,343
1574999940,282,282
1574999940,307,307
1574999940,255,255
1574999940,218,218
1574999940,152,152
1574999940,46,46
1574999940,6079,6079
1574999940,238,238
1574999940,253,253
1574999940,268,268
1574999940,285,285
1574999940,293,293
1574999940,303,303
1574999940,287,287
1574999940,273,273
1574999940,249,249
1574999940,239,239
1574999940,208,208
1574999940,146,146
1574999940,46,46
1574999940,7511,7511
1574999940,200,200
1574999940,217,217
1574999940,280,280
1574999940,253,253
1574999940,224,224
1574999940,277,277
1574999940,219,219
1574999940,267,267
1574999940,244,244
1574999940,243,243
1574999940,293,293
1574999940,466,466
1574999940,59,59
1574999940,12780,12780
1574999940,1640,1640
1574999940,1736,1736
1574999940,2192,2192
1574999940,2377,2377
1574999940,2313,2313
1574999940,2161,2161
1574999940,2133,2133
1574999940,2225,2154
1574999940,2039,2039
1574999940,1733,1733
1574999940,79,79
1574999940,11038,11038
1574999940,1858,1858
1574999940,1798,1798
1574999940,642,642
1574999940,329,329
1574999940,336,336
1574999940,350,350
1574999940,642,642
1574999940,369,369
1574999940,377,377
1574999940,411,411
1574999940,608,608
1574999940,367,367
1574999940,378,378
1574999940,407,407
1574999940,592,592
1574999940,394,394
1574999940,368,368
1574999940,387,387
1574999940,371,371
1574999940,648,648
1574999940,396,396
1574999940,388,388
1574999940,535,535
1574999940,514,514
1574999940,393,393
1574999940,503,503
1574999940,381,381
1574999940,515,515
1574999940,389,389
1574999940,372,372
1574999940,382,382
1574999940,365,365
1574999940,380,380
1574999940,366,366
1574999940,376,376
1574999940,399,399
1574999940,382,382
1574999940,400,400
1574999940,367,367
1574999940,392,392
1574999940,385,385
1574999940,416,416
1574999940,394,394
1574999940,384,384
1574999940,371,371
1574999940,398,398
1574999940,399,399
1574999940,411,411
1574999940,406,406
1574999940,386,386
1574999940,393,393
1574999940,408,407
1574999940,541,541
1574999940,395,395
1574999940,381,381
1574999940,371,371
1574999940,403,403
1574999940,401,401
1574999940,400,400
1574999940,413,413
1574999940,374,374
1574999940,405,405
1574999940,310,310
1574999940,295,295
1574999940,290,290
1574999940,291,291
1574999940,288,288
1574999940,287,287
1574999940,288,288
1574999940,287,287
1574999940,288,288
1574999940,292,292
1574999940,292,292
1574999940,292,292
1574999940,295,295
1574999940,291,291
1574999940,292,292
1574999940,287,287
1574999940,286,286
1574999940,287,287
1574999940,291,291
1574999940,292,292
1574999940,288,288
1574999940,291,291
1574999940,289,289
1574999940,288,288
1574999940,286,286
1574999940,290,290
1574999940,294,294
1574999940,290,290
1574999940,301,301
1574999940,288,288
1574999940,287,287
1574999940,290,290
1574999940,288,288
1574999940,287,287
1574999940,280,280
1574999940,291,291
1574999940,361,361
1574999940,291,291
1574999940,302,302
1574999940,303,303
1574999940,298,298
1574999940,305,305
1574999940,298,298
1574999940,295,295
1574999940,300,300
1574999940,315,315
1574999940,319,319
1574999940,323,323
1574999940,311,311
1574999940,305,305
1574999940,299,299
1574999940,301,301
1574999940,309,309
1574999940,299,299
1574999940,320,319
1574999940,311,310
1574999940,297,296
1574999940,303,302
1574999940,300,299
1574999940,297,296
1574999940,305,304
1574999940,299,298
1574999940,423,422
1574999940,368,367
1574999940,299,298
1574999940,295,294
1574999940,303,302
1574999940,326,325
1574999940,332,331
1574999940,359,358
1574999940,358,357
1574999940,340,339
1574999940,335,334
1574999940,337,336
1574999940,343,342
1574999940,332,331
1574999940,332,331
1574999940,313,312
1574999940,320,319
1574999940,311,310
1574999940,310,309
1574999940,300,299
1574999940,323,322
1574999940,268,267
1574999940,274,273
1574999940,277,276
1574999940,290,289
1574999940,292,291
1574999940,293,292
1574999940,270,269
1574999940,270,269
1574999940,271,270
1574999940,272,271
1574999940,277,276
1574999940,288,287
1574999940,271,270
1574999940,269,268
1574999940,270,269
1574999940,271,270
1574999940,277,276
1574999940,274,273
1574999940,272,271
1574999940,602,601
1574999940,579,578
1574999940,328,327
1574999940,364,363
1574999940,284,283
1574999940,281,280
1574999940,286,285
1574999940,287,286
1574999940,286,285
1574999940,349,348
1574999940,281,280
1574999940,267,266
1574999940,389,388
1574999940,260,259
1574999940,258,257
1574999940,269,268
1574999940,277,276
1574999940,277,276
1574999940,282,281
1574999940,278,277
1574999940,291,290
1574999940,294,293
1574999940,282,281
1574999940,288,287
1574999940,543,542
1574999940,343,342
1574999941,310,309
1574999941,296,295
1574999941,294,293
1574999941,295,294
1574999941,291,290
1574999941,291,290
1574999941,305,304
1574999941,283,282
1574999941,293,292
1574999941,310,309
1574999941,315,314
1574999941,298,297
1574999941,430,429
1574999941,414,413
1574999941,278,277
1574999941,287,286
1574999941,275,274
1574999941,277,276
1574999941,274,273
1574999941,283,282
1574999941,295,294
1574999941,289,288
1574999941,370,369
1574999941,273,272
1574999941,318,317
1574999941,266,265
1574999941,271,270
1574999941,261,260
1574999941,280,279
1574999941,296,295
1574999941,274,273
1574999941,283,282
1574999941,281,280
1574999941,292,291
1574999941,285,284
1574999941,318,317
1574999941,316,315
1574999941,317,316
1574999941,308,307
1574999941,301,300
1574999941,296,295
1574999941,301,300
1574999941,294,293
1574999941,289,288
1574999941,275,274
1574999941,280,279
1574999941,288,287
1574999941,273,272
1574999941,282,281
1574999941,294,293
1574999941,276,275
1574999941,287,286
1574999941,295,294
1574999941,305,304
1574999941,301,300
1574999941,298,297
1574999941,280,279
1574999941,288,287
1574999941,278,277
1574999941,278,277
1574999941,274,273
1574999941,276,275
1574999941,279,278
1574999941,278,277
1574999941,285,284
1574999941,282,281
1574999941,279,278
1574999941,277,276
1574999941,284,283
1574999941,276,275
1574999941,272,271
1574999941,288,287
1574999941,407,406
1574999941,285,284
1574999941,287,286
1574999941,286,285
1574999941,285,284
1574999941,294,293
1574999941,289,288
1574999941,289,288
1574999941,289,288
1574999941,290,289
1574999941,295,294
1574999941,287,286
1574999941,301,300
1574999941,299,298
1574999941,305,304
1574999941,299,298
1574999941,287,286
1574999941,315,314
1574999941,288,287
1574999941,298,297
1574999941,300,299
1574999941,306,305
1574999941,305,304
1574999941,311,310
1574999941,303,302
1574999941,310,309
1574999941,305,304
1574999941,316,315
1574999941,431,430
1574999941,309,308
1574999941,310,309
1574999941,305,304
1574999941,300,299
1574999941,293,292
1574999941,292,291
1574999941,291,290
1574999941,276,275
1574999941,292,291
1574999941,281,280
1574999941,293,292
1574999941,277,276
1574999941,281,280
1574999941,301,300
1574999941,293,292
1574999941,294,293
1574999941,297,296
1574999941,293,292
1574999941,291,290
1574999941,294,293
1574999941,291,290
1574999941,292,291
1574999941,290,289
1574999941,298,297
1574999941,520,519
1574999941,283,282
1574999941,288,287
1574999941,287,286
1574999941,311,310
1574999941,339,338
1574999941,335,334
1574999941,392,391
1574999941,284,283
1574999941,290,289
1574999941,278,277
1574999941,291,290
1574999941,279,278
1574999941,290,289
1574999941,298,297
1574999941,290,289
1574999941,290,289
1574999941,288,287
1574999941,287,286
1574999941,286,285
1574999941,301,300
1574999941,293,292
1574999941,288,287
1574999941,534,533
1574999941,277,276
1574999941,269,268
1574999941,256,255
1574999941,281,280
1574999941,275,274
1574999941,286,285
1574999941,271,270
1574999941,281,280
1574999941,285,284
1574999941,289,288
1574999941,268,267
1574999941,264,263
1574999941,387,386
1574999941,412,411
1574999941,336,335
1574999941,271,270
1574999941,272,271
1574999941,309,308
1574999941,467,466
1574999941,317,316
1574999941,323,322
1574999941,327,326
1574999941,329,328
1574999941,332,331
1574999941,332,331
1574999941,316,315
1574999941,314,313
1574999941,311,310
1574999941,302,301
1574999941,300,299
1574999941,304,303
1574999941,299,298
1574999941,305,304
1574999941,295,294
1574999941,286,285
1574999941,294,293
1574999941,288,287
1574999941,284,283
1574999941,279,278
1574999941,296,295
1574999941,282,281
1574999941,300,299
1574999941,294,293
1574999941,270,269
1574999941,288,287
1574999941,274,273
1574999941,283,282
1574999941,319,318
1574999941,308,307
1574999941,320,319
1574999941,320,319
1574999941,311,310
1574999941,317,316
1574999941,305,304
1574999941,328,327
1574999941,318,317
1574999941,322,321
1574999941,304,303
1574999941,305,304
1574999941,371,370
1574999941,304,303
1574999941,297,296
1574999941,275,274
1574999941,285,284
1574999941,285,284
1574999941,289,288
1574999941,286,285
1574999941,284,283
1574999941,284,283
1574999941,475,474
1574999941,326,325
1574999941,1935,1935
1574999941,1812,1741
1574999941,1637,1566
1574999941,1659,1588
1574999941,1578,1507
1574999941,1559,1488
1574999941,1607,1536
1574999941,1219,1148
1574999941,134,63
1574999941,11045,10974
1574999941,1771,1700
1574999941,1877,1806
1574999941,1901,1830
1574999941,2123,2052
1574999941,2255,2184
1574999941,2119,2048
1574999941,1961,1890
1574999941,1845,1774
1574999941,1558,1487
1574999941,111,40
1574999941,11215,11144
1574999941,2333,2262
1574999941,2424,2353
1574999941,2543,2472
1574999941,2732,2661
1574999941,2622,2551
1574999941,2670,2599
1574999941,2796,2725
1574999941,2851,2780
1574999941,2867,2796
1574999941,2792,2721
1574999941,2094,2023
1574999941,109,38
1574999941,14421,14350
1574999941,15653,15582
1574999941,2665,2594
1574999941,2479,2408
1574999941,2032,1961
1574999941,2023,1952
1574999941,1820,1749
1574999941,1766,1695
1574999941,1537,1466
1574999941,1321,1250
1574999941,1202,1131
1574999941,898,827
1574999941,124,53
1574999941,12751,12680
1574999941,1517,1446
1574999941,1493,1422
1574999942,437,436
1574999942,275,274
1574999942,286,285
1574999942,293,292
1574999942,297,296
1574999942,292,291
1574999942,287,286
1574999942,287,286
1574999942,287,286
1574999942,281,280
1574999942,289,288
1574999942,283,282
1574999942,449,448
1574999942,268,267
1574999942,283,282
1574999942,286,285
1574999942,286,285
1574999942,293,292
1574999942,287,286
1574999942,285,284
1574999942,286,285
1574999942,291,290
1574999942,291,290
1574999942,290,289
1574999942,290,289
1574999942,295,294
1574999942,309,308
1574999942,301,300
1574999942,295,294
1574999942,290,289
1574999942,291,290
1574999942,292,291
1574999942,286,285
1574999942,290,289
1574999942,289,288
1574999942,294,293
1574999942,284,283
1574999942,292,291
1574999942,304,303
1574999942,299,298
1574999942,609,608
1574999942,352,351
1574999942,294,293
1574999942,305,304
1574999942,635,634
1574999942,308,307
1574999942,312,311
1574999942,305,304
1574999942,379,378
1574999942,362,361
1574999942,290,289
1574999942,298,297
1574999942,290,289
1574999942,507,506
1574999942,295,294
1574999942,293,292
1574999942,292,291
1574999942,401,400
1574999942,302,301
1574999942,294,293
1574999942,297,296
1574999942,540,539
1574999942,289,288
1574999942,292,291
1574999942,289,288
1574999942,577,576
1574999942,285,284
1574999942,290,289
1574999942,288,287
1574999942,280,279
1574999942,287,286
1574999942,281,280
1574999942,288,287
1574999942,580,579
1574999942,476,475
1574999942,270,269
1574999942,282,281
1574999942,264,263
1574999942,380,379
1574999942,270,269
1574999942,279,278
1574999942,272,271
1574999942,291,290
1574999942,282,281
1574999942,288,287
1574999942,276,275
1574999942,301,300
1574999942,488,487
1574999942,288,287
1574999942,302,301
1574999942,428,427
1574999942,295,294
1574999942,1479,1408
1574999942,1457,1386
1574999942,1550,1479
1574999942,1457,1386
1574999942,1650,1579
1574999942,1449,1378
1574999942,1333,1262
1574999942,1154,1083
1574999942,117,46
1574999942,14552,14481
1574999942,1733,1662
1574999942,1796,1725
1574999942,1768,1697
1574999942,1804,1733
1574999942,1740,1669
1574999942,1656,1585
1574999942,1765,1694
1574999942,1687,1616
1574999942,1564,1493
1574999942,1215,1144
1574999942,118,47
1574999942,12390,12319
1574999942,1719,1648
1574999942,1703,1632
1574999942,1749,1678
1574999942,1850,1779
1574999942,1778,1707
1574999942,1617,1546
1574999942,1628,1557
1574999942,1510,1439
1574999942,1149,1078
1574999942,779,708
1574999942,115,44
1574999942,10925,10854
1574999942,1333,1262
1574999942,1357,1286
1574999942,1430,1359
1574999942,1477,1406
1574999942,1672,1601
1574999942,1694,1623
1574999942,1826,1755
1574999942,1753,1682
1574999942,1670,1599
1574999942,1295,1224
1574999942,113,42
1574999942,9689,9618
1574999942,1666,1595
1574999942,1506,1435
1574999942,1503,1432
1574999942,1441,1370
1574999942,1380,1309
1574999942,1464,1393
1574999942,1338,1267
1574999942,1287,1216
1574999942,1134,1063
1574999942,981,910
1574999942,113,42
1574999942,9946,9875
1574999942,1448,1377
1574999942,1452,1381
1574999942,1424,1353
1574999942,1404,1333
1574999942,1519,1448
1574999942,1739,1668
1574999942,1627,1556
1574999942,1550,1479
1574999942,1329,1258
1574999942,1040,969
1574999942,117,46
1574999942,7698,7627
1574999942,1239,1168
1574999942,1198,1127
1574999942,1111,1040
1574999942,998,927
1574999942,926,855
1574999942,908,837
1574999942,986,915
1574999942,966,895
1574999942,822,751
1574999942,665,594
1574999942,112,41
1574999942,7345,7274
1574999942,1107,1036
1574999942,1026,955
1574999942,1041,970
1574999942,1008,937
1574999942,1112,1041
1574999942,960,889
1574999942,944,873
1574999942,867,796
1574999942,902,831
1574999942,624,553
1574999942,112,41
1574999942,6031,5960
1574999942,1475,1404
1574999942,1736,1665
1574999942,1671,1600
1574999942,1829,1758
1574999942,1837,1766
1574999942,1572,1501
1574999942,1414,1343
1574999942,1606,1535
1574999942,1283,1212
1574999942,1158,1087
1574999942,1033,962
1574999942,119,48
1574999942,622,621
1574999942,480,479
1574999942,501,500
1574999942,279,278
1574999942,280,279
1574999942,297,296
1574999942,285,284
1574999942,287,286
1574999942,281,280
1574999942,285,284
1574999942,355,354
1574999942,324,323
1574999942,427,426
1574999942,403,402
1574999942,486,485
1574999942,274,273
1574999942,280,279
1574999942,287,286
1574999942,282,281
1574999942,282,281
1574999942,281,280
1574999942,266,265
1574999942,286,285
1574999942,287,286
1574999942,293,292
1574999942,294,293
1574999942,302,301
1574999942,313,312
1574999942,307,306
1574999942,301,300
1574999942,306,305
1574999942,303,302
1574999942,295,294
1574999942,294,293
1574999942,446,445
1574999942,467,466
1574999942,336,335
1574999942,632,631
1574999942,497,496
1574999942,606,605
1574999942,415,414
1574999942,537,536
1574999942,528,527
1574999942,553,552
1574999942,479,478
1574999942,500,499
1574999942,359,358
1574999942,437,436
1574999942,303,302
1574999942,293,292
1574999942,414,413
1574999942,268,267
1574999942,272,271
1574999942,277,276
1574999942,274,273
1574999942,280,279
1574999942,288,287
1574999942,280,279
1574999942,278,277
1574999942,287,286
1574999942,295,294
1574999942,298,297
1574999942,335,334
1574999942,332,331
1574999942,320,319
1574999942,314,313
1574999942,321,320
1574999942,320,319
1574999942,320,319
1574999942,316,315
1574999942,309,308
1574999942,293,292
1574999942,307,306
1574999942,312,311
1574999942,307,306
1574999942,301,300
1574999942,313,312
1574999942,295,294
1574999942,297,296
1574999942,308,307
1574999942,308,307
1574999942,301,300
1574999942,304,303
1574999942,300,299
1574999942,283,282
1574999942,261,260
1574999942,276,275
1574999942,282,281
1574999942,288,287
1574999942,278,277
1574999942,278,277
1574999942,284,283
1574999942,293,292
1574999942,289,288
1574999942,288,287
1574999942,288,287
1574999942,282,281
1574999942,281,280
1574999942,284,283
1574999942,283,282
1574999942,274,273
1574999942,277,276
1574999942,278,277
1574999942,268,267
1574999942,255,254
1574999942,266,265
1574999942,261,260
1574999942,242,241
1574999942,255,254
1574999942,248,247
1574999942,260,259
1574999942,404,403
1574999942,404,403
1574999942,285,284
1574999942,267,266
1574999942,353,352
1574999942,273,272
1574999942,265,264
1574999942,302,301
1574999942,248,247
1574999942,266,265
1574999942,251,250
1574999942,246,245
1574999942,247,246
1574999942,271,270
1574999942,247,246
1574999942,240,239
1574999942,263,262
1574999942,265,264
1574999942,260,259
1574999942,267,266
1574999942,263,262
1574999942,264,263
1574999942,352,351
1574999942,270,269
1574999942,274,273
1574999942,284,283
1574999942,269,268
1574999942,252,251
1574999942,277,276
1574999942,297,296
1574999942,289,288
1574999942,286,285
1574999942,287,286
1574999942,285,284
1574999942,286,285
1574999942,292,291
1574999942,292,291
1574999942,298,297
1574999942,301,300
1574999942,290,289
1574999942,303,302
1574999942,301,300
1574999942,295,294
1574999942,289,288
1574999942,288,287
1574999942,289,288
1574999942,288,287
1574999942,291,290
1574999942,287,286
1574999942,286,285
1574999942,288,287
1574999942,289,288
1574999942,291,290
1574999942,286,285
1574999942,287,286
1574999942,284,283
1574999942,289,288
1574999942,288,287
1574999942,288,287
1574999942,288,287
1574999942,286,285
1574999942,279,278
1574999942,355,354
1574999942,290,289
1574999942,283,282
1574999942,361,360
1574999942,362,361
1574999942,324,323
1574999942,279,278
1574999942,310,309
1574999942,296,295
1574999942,299,298
1574999942,293,292
1574999942,292,291
1574999942,291,290
1574999942,294,293
1574999942,298,297
1574999942,296,295
1574999942,299,298
1574999942,300,299
1574999942,303,302
1574999942,303,302
1574999942,310,309
1574999942,295,294
1574999942,301,300
1574999942,296,295
1574999942,300,299
1574999942,304,303
1574999942,301,300
1574999942,309,308
1574999942,312,311
1574999942,308,307
1574999942,310,309
1574999942,311,310
1574999942,305,304
1574999942,317,316
1574999942,331,330
1574999942,321,320
1574999942,324,323
1574999942,329,328
1574999942,325,324
1574999942,341,340
1574999942,326,325
1574999942,314,313
1574999942,311,310
1574999942,313,312
1574999942,316,315
1574999942,315,314
1574999942,317,316
1574999942,312,311
1574999942,307,306
1574999942,314,313
1574999942,303,302
1574999942,307,306
1574999942,298,297
1574999942,362,361
1574999942,291,290
1574999942,302,301
1574999942,310,309
1574999942,292,291
1574999942,289,288
1574999942,308,307
1574999942,289,288
1574999942,292,291
1574999942,288,287
1574999942,292,291
1574999942,285,284
1574999942,277,276
1574999942,271,270
1574999942,283,282
1574999942,283,282
1574999942,272,271
1574999942,287,286
1574999942,306,305
1574999942,307,306
1574999942,285,284
1574999942,301,300
1574999942,302,301
1574999942,315,314
1574999942,308,307
1574999942,315,314
1574999942,311,310
1574999942,318,317
1574999942,313,312
1574999942,314,313
1574999942,316,315
1574999942,330,329
1574999942,307,306
1574999942,310,309
1574999942,434,433
1574999942,308,307
1574999942,296,295
1574999942,287,286
1574999942,294,293
1574999942,280,279
1574999942,283,282
1574999942,285,284
1574999942,442,441
1574999942,282,281
1574999942,287,286
1574999942,298,297
1574999942,291,290
1574999942,290,289
1574999942,297,296
1574999942,285,284
1574999942,296,295
1574999942,292,291
1574999942,272,271
1574999942,284,283
1574999942,286,285
1574999942,285,284
1574999942,301,300
1574999942,306,305
1574999942,310,309
1574999942,313,312
1574999942,310,309
1574999942,323,322
1574999942,420,419
1574999942,301,300
1574999942,321,320
1574999942,326,325
1574999942,316,315
1574999942,318,317
1574999942,314,313
1574999942,328,327
1574999942,311,310
1574999942,317,316
1574999942,332,331
1574999942,314,313
1574999942,311,310
1574999942,313,312
1574999942,318,317
1574999942,308,307
1574999942,434,433
1574999942,287,286
1574999942,287,286
1574999942,284,283
1574999942,291,290
1574999942,297,296
1574999942,286,285
1574999942,305,304
1574999942,303,302
1574999942,300,299
1574999942,298,297
1574999942,294,293
1574999942,310,309
1574999942,304,303
1574999942,300,299
1574999942,298,297
1574999942,297,296
1574999942,310,309
1574999942,288,287
1574999942,293,292
1574999943,14664,14664
1574999943,1305,1305
1574999943,1476,1476
1574999943,1233,1233
1574999943,1255,1255
1574999943,1193,1193
1574999943,1963,1963
1574999943,1439,1439
1574999943,1173,1173
1574999943,4437,4437
1574999943,13550,13550
1574999943,1754,1754
1574999943,1466,1466
1574999943,2144,2144
1574999943,2100,2100
1574999943,1720,1720
1574999943,1595,1595
1574999943,1313,1313
1574999943,990,990
1574999943,962,962
1574999943,690,690
1574999943,37,37
1574999943,12295,12295
1574999943,1474,1474
1574999943,1533,1533
1574999943,1399,1399
1574999943,1264,1264
1574999943,1384,1384
1574999943,1182,1182
1574999943,1176,1176
1574999943,1187,1187
1574999943,1009,1009
1574999943,717,717
1574999943,39,39
1574999943,12002,12002
1574999943,1396,1396
1574999943,1260,1260
1574999943,1153,1153
1574999943,1182,1182
1574999943,1043,1043
1574999943,1049,1049
1574999943,1055,1055
1574999943,909,909
1574999943,785,785
1574999943,471,471
1574999943,44,44
1574999943,11739,11739
1574999943,1085,1085
1574999943,1180,1180
1574999943,1234,1234
1574999943,1423,1423
1574999943,1635,1635
1574999943,1488,1488
1574999943,1669,1669
1574999943,1511,1511
1574999943,1643,1643
1574999943,1408,1408
1574999943,44,44
1574999943,8755,8755
1574999943,1861,1861
1574999943,1711,1711
1574999943,1564,1564
1574999943,1347,1347
1574999943,1084,1084
1574999943,883,883
1574999943,703,703
1574999943,554,554
1574999943,375,375
1574999943,45,45
1574999943,459,459
1574999943,639,639
1574999943,606,606
1574999943,640,640
1574999943,584,584
1574999944,17019,17019
1574999944,10762,10762
1574999944,926,926
1574999944,1004,1004
1574999944,1060,1060
1574999944,1065,1065
1574999944,1067,1067
1574999944,1012,1012
1574999944,1023,1023
1574999944,1006,1006
1574999944,909,909
1574999944,577,577
1574999944,46,46
1574999944,10141,10141
1574999944,855,855
1574999944,998,998
1574999944,962,962
1574999944,929,929
1574999944,863,863
1574999944,864,864
1574999944,860,860
1574999944,1064,1064
1574999944,944,944
1574999944,719,719
1574999944,39,39
1574999944,10823,10823
1574999944,936,936
1574999944,1245,1245
1574999944,1151,1151
1574999944,1110,1110
1574999944,1116,1116
1574999944,968,968
1574999944,1007,1007
1574999944,1206,1206
1574999944,1326,1326
1574999944,1262,1262
1574999944,38,38
1574999944,11992,11992
1574999944,2362,2362
1574999944,2616,2616
1574999944,2662,2662
1574999944,2661,2661
1574999944,2264,2264
1574999944,2075,2075
1574999944,1889,1889
1574999944,1671,1671
1574999944,1346,1346
1574999944,46,46
1574999944,1128,1128
1574999944,1094,1094
1574999944,1059,1059
1574999944,905,905
1574999944,819,819
1574999944,909,909
1574999944,8918,8918
1574999944,1614,1614
1574999944,1687,1687
1574999944,1596,1596
1574999944,1708,1708
1574999944,1761,1761
1574999944,1712,1712
1574999944,1895,1895
1574999944,1794,1794
1574999944,6608,6608
1574999944,7434,7434
1574999944,496,496
1574999944,505,505
1574999944,568,568
1574999944,604,604
1574999944,571,571
1574999944,608,608
1574999944,636,636
1574999944,752,752
1574999944,701,701
1574999944,607,607
1574999944,47,47
1574999944,9073,9073
1574999944,947,947
1574999944,1044,1044
1574999944,1177,1177
1574999944,1290,1290
1574999944,1326,1326
1574999944,1386,1386
1574999944,1513,1513
1574999944,1408,1408
1574999944,1577,1577
1574999944,1356,1356
1574999944,42,42
1574999944,11005,11005
1574999944,1420,1420
1574999944,1359,1359
1574999944,1226,1226
1574999944,1230,1230
1574999944,1081,1081
1574999944,976,976
1574999944,956,956
1574999944,1437,1437
1574999944,1517,1517
1574999944,1482,1482
1574999944,43,43
1574999944,16893,16893
1574999944,2344,2344
1574999944,2600,2600
1574999944,2449,2449
1574999944,2580,2580
1574999944,2561,2561
1574999944,2508,2508
1574999944,2434,2434
1574999944,2331,2331
1574999944,2198,2198
1574999944,1864,1864
1574999944,37,37
1574999944,17413,17342
1574999944,2186,2115
1574999944,1945,1874
1574999944,762,691
1574999944,834,763
1574999944,814,743
1574999944,991,920
1574999944,1028,957
1574999944,1080,1009
1574999944,1025,954
1574999944,785,714
1574999944,115,44
1574999944,9654,9583
1574999944,1054,983
1574999944,910,839
1574999944,953,882
1574999944,902,831
1574999944,949,878
1574999944,969,898
1574999944,909,838
1574999944,951,880
1574999944,845,774
1574999944,676,605
1574999944,116,45
1574999944,7897,7826
1574999944,1003,932
1574999944,1058,987
1574999944,289,288
1574999944,312,311
1574999944,469,468
1574999944,326,325
1574999944,319,318
1574999944,329,328
1574999944,327,326
1574999944,328,327
1574999944,328,327
1574999944,328,327
1574999944,322,321
1574999944,317,316
1574999944,312,311
1574999944,303,302
1574999944,342,341
1574999944,303,302
1574999944,292,291
1574999944,293,292
1574999944,294,293
1574999944,283,282
1574999944,301,300
1574999944,299,298
1574999944,276,275
1574999944,279,278
1574999944,283,282
1574999944,304,303
1574999944,310,309
1574999944,318,317
1574999944,316,315
1574999944,308,307
1574999944,299,298
1574999944,287,286
1574999944,287,286
1574999944,274,273
1574999944,266,265
1574999944,281,280
1574999944,267,266
1574999944,330,329
1574999944,257,256
1574999944,337,336
1574999944,263,262
1574999944,284,283
1574999944,295,294
1574999944,336,335
1574999944,296,295
1574999944,292,291
1574999944,283,282
1574999944,414,413
1574999944,269,268
1574999944,266,265
1574999944,282,281
1574999944,296,295
1574999944,277,276
1574999944,290,289
1574999944,295,294
1574999944,285,284
1574999944,393,392
1574999944,307,306
1574999944,383,382
1574999944,302,301
1574999944,305,304
1574999944,298,297
1574999944,284,283
1574999944,286,285
1574999944,292,291
1574999944,298,297
1574999944,367,366
1574999944,288,287
1574999944,292,291
1574999944,297,296
1574999944,288,287
1574999944,292,291
1574999944,300,299
1574999944,297,296
1574999944,303,302
1574999944,308,307
1574999944,300,299
1574999944,298,297
1574999944,281,280
1574999944,293,292
1574999944,304,303
1574999944,301,300
1574999944,288,287
1574999944,290,289
1574999944,292,291
1574999944,286,285
1574999944,301,300
1574999944,301,300
1574999944,299,298
1574999944,304,303
1574999944,303,302
1574999944,300,299
1574999944,303,302
1574999944,307,306
1574999944,303,302
1574999944,291,290
1574999944,289,288
1574999944,297,296
1574999944,292,291
1574999944,291,290
1574999944,291,290
1574999944,290,289
1574999944,296,295
1574999944,297,296
1574999944,351,350
1574999944,287,286
1574999944,285,284
1574999944,288,287
1574999944,281,280
1574999944,290,289
1574999944,302,301
1574999944,299,298
1574999944,301,300
1574999944,288,287
1574999944,303,302
1574999944,295,294
1574999944,291,290
1574999944,299,298
1574999944,319,318
1574999944,329,328
1574999944,342,341
1574999944,338,337
1574999944,330,329
1574999944,323,322
1574999944,325,324
1574999944,327,326
1574999944,319,318
1574999944,321,320
1574999944,328,327
1574999944,322,321
1574999944,327,326
1574999944,324,323
1574999944,323,322
1574999944,331,330
1574999944,330,329
1574999944,319,318
1574999944,326,325
1574999944,337,336
1574999944,310,309
1574999944,314,313
1574999944,303,302
1574999944,301,300
1574999944,280,279
1574999944,281,280
1574999944,304,303
1574999944,297,296
1574999944,285,284
1574999944,288,287
1574999944,302,301
1574999944,321,320
1574999944,326,325
1574999944,341,340
1574999944,338,337
1574999944,335,334
1574999944,311,310
1574999944,305,304
1574999944,312,311
1574999944,312,311
1574999944,315,314
1574999944,322,321
1574999944,322,321
1574999944,320,319
1574999944,314,313
1574999944,312,311
1574999944,318,317
1574999944,301,300
1574999944,301,300
1574999944,310,309
1574999944,313,312
1574999944,312,311
1574999944,307,306
1574999944,309,308
1574999944,311,310
1574999944,310,309
1574999944,317,316
1574999944,314,313
1574999944,336,335
1574999944,308,307
1574999944,310,309
1574999944,308,307
1574999944,317,316
1574999944,314,313
1574999944,312,311
1574999944,445,444
1574999944,286,285
1574999944,306,305
1574999944,314,313
1574999944,302,301
1574999944,301,300
1574999944,313,312
1574999944,313,312
1574999944,321,320
1574999944,321,320
1574999944,322,321
1574999944,319,318
1574999944,314,313
1574999944,322,321
1574999944,321,320
1574999944,311,310
1574999944,307,306
1574999944,304,303
1574999944,300,299
1574999944,297,296
1574999944,305,304
1574999944,300,299
1574999944,301,300
1574999944,310,309
1574999944,316,315
1574999944,308,307
1574999944,308,307
1574999944,309,308
1574999944,308,307
1574999944,313,312
1574999944,305,304
1574999944,309,308
1574999944,304,303
1574999944,311,310
1574999944,304,303
1574999944,307,306
1574999944,300,299
1574999944,297,296
1574999944,287,286
1574999944,288,287
1574999944,289,288
1574999944,510,509
1574999944,441,440
1574999944,279,278
1574999944,288,287
1574999944,285,284
1574999944,286,285
1574999944,288,287
1574999944,297,296
1574999944,305,304
1574999944,300,299
1574999944,309,308
1574999944,315,314
1574999944,318,317
1574999944,324,323
1574999944,311,310
1574999944,305,304
1574999944,295,294
1574999944,295,294
1574999944,294,293
1574999944,289,288
1574999944,291,290
1574999944,289,288
1574999944,294,293
1574999944,291,290
1574999944,289,288
1574999944,297,296
1574999944,292,291
1574999944,299,298
1574999944,300,299
1574999944,303,302
1574999944,304,303
1574999944,307,306
1574999944,415,414
1574999944,375,374
1574999944,307,306
1574999944,304,303
1574999944,303,302
1574999944,296,295
1574999944,293,292
1574999944,295,294
1574999944,309,308
1574999944,285,284
1574999944,289,288
1574999944,291,290
1574999944,285,284
1574999944,281,280
1574999944,281,280
1574999944,282,281
1574999944,284,283
1574999944,440,439
1574999944,285,284
1574999944,278,277
1574999944,282,281
1574999944,276,275
1574999944,286,285
1574999944,287,286
1574999944,286,285
1574999944,288,287
1574999944,287,286
1574999944,275,274
1574999944,291,290
1574999944,285,284
1574999944,264,263
1574999944,263,262
1574999944,273,272
1574999944,264,263
1574999944,278,277
1574999944,273,272
1574999944,265,264
1574999944,266,265
1574999944,271,270
1574999944,269,268
1574999944,280,279
1574999944,283,282
1574999944,287,286
1574999944,283,282
1574999944,300,299
1574999944,287,286
1574999944,283,282
1574999944,280,279
1574999944,274,273
1574999944,279,278
1574999944,290,289
1574999944,287,286
1574999944,470,469
1574999944,264,263
1574999944,269,268
1574999944,290,289
1574999944,277,276
1574999944,269,268
1574999944,279,278
1574999944,285,284
1574999944,287,286
1574999944,288,287
1574999944,287,286
1574999944,289,288
1574999944,290,289
1574999944,289,288
1574999944,290,289
1574999944,291,290
1574999944,290,289
1574999944,286,285
1574999944,278,277
1574999944,276,275
1574999944,277,276
1574999944,274,273
1574999944,280,279
1574999944,283,282
1574999944,285,284
1574999944,275,274
1574999944,285,284
1574999944,258,257
1574999944,275,274
1574999944,281,280
1574999944,283,282
1574999944,374,373
1574999944,276,275
1574999944,286,285
1574999944,280,279
1574999944,284,283
1574999944,276,275
1574999944,278,277
1574999944,272,271
1574999944,276,275
1574999944,275,274
1574999944,276,275
1574999944,280,279
1574999944,282,281
1574999944,393,392
1574999944,288,287
1574999944,297,296
1574999944,289,288
1574999944,289,288
1574999944,293,292
1574999944,290,289
1574999944,293,292
1574999944,290,289
1574999944,286,285
1574999944,281,280
1574999944,296,295
1574999944,292,291
1574999944,297,296
1574999944,294,293
1574999944,297,296
1574999944,298,297
1574999944,305,304
1574999944,305,304
1574999944,297,296
1574999944,299,298
1574999944,295,294
1574999944,326,325
1574999944,324,323
1574999944,316,315
1574999944,303,302
1574999944,313,312
1574999944,319,318
1574999944,313,312
1574999944,307,306
1574999944,300,299
1574999944,291,290
1574999944,282,281
1574999944,288,287
1574999944,275,274
1574999944,284,283
1574999944,292,291
1574999944,285,284
1574999944,275,274
1574999944,284,283
1574999944,288,287
1574999944,292,291
1574999944,286,285
1574999944,286,285
1574999944,276,275
1574999944,281,280
1574999944,290,289
1574999944,297,296
1574999944,313,312
1574999944,319,318
1574999944,322,321
1574999944,309,308
1574999944,307,306
1574999944,303,302
1574999944,297,296
1574999944,291,290
1574999944,295,294
1574999944,296,295
1574999944,294,293
1574999944,288,287
1574999944,287,286
1574999944,281,280
1574999944,286,285
1574999944,291,290
1574999944,284,283
1574999944,280,279
1574999944,285,284
1574999944,288,287
1574999944,283,282
1574999944,280,279
1574999944,274,273
1574999944,273,272
1574999944,287,286
1574999944,284,283
1574999944,274,273
1574999944,278,277
1574999944,271,270
1574999944,269,268
1574999944,254,253
1574999944,267,266
1574999944,271,270
1574999944,259,258
1574999944,269,268
1574999944,271,270
1574999944,257,256
1574999944,266,265
1574999944,255,254
1574999944,262,261
1574999944,273,272
1574999944,276,275
1574999944,276,275
1574999944,302,301
1574999944,290,289
1574999944,286,285
1574999944,292,291
1574999944,293,292
1574999944,286,285
1574999944,287,286
1574999944,300,299
1574999944,299,298
1574999944,285,284
1574999944,297,296
1574999944,283,282
1574999944,307,306
1574999944,280,279
1574999944,298,297
1574999944,307,306
1574999944,302,301
1574999944,309,308
1574999944,304,303
1574999944,320,319
1574999944,317,316
1574999944,323,322
1574999944,311,310
1574999944,331,330
1574999944,330,329
1574999944,327,326
1574999944,320,319
1574999944,304,303
1574999944,286,285
1574999944,308,307
1574999944,294,293
1574999944,295,294
1574999944,297,296
1574999944,281,280
1574999944,290,289
1574999944,279,278
1574999944,280,279
1574999944,281,280
1574999944,280,279
1574999944,285,284
1574999944,286,285
1574999944,301,300
1574999944,302,301
1574999944,289,288
1574999944,297,296
1574999944,307,306
1574999944,310,309
1574999944,306,305
1574999944,305,304
1574999944,414,413
1574999944,291,290
1574999944,281,280
1574999944,277,276
1574999944,287,286
1574999944,293,292
1574999944,312,311
1574999944,455,454
1574999944,336,335
1574999944,323,322
1574999944,317,316
1574999944,326,325
1574999944,333,332
1574999944,337,336
1574999944,338,337
1574999944,317,316
1574999944,311,310
1574999944,311,310
1574999944,338,337
1574999944,280,279
1574999944,365,364
1574999944,335,334
1574999944,265,264
1574999944,301,300
1574999944,287,286
1574999944,271,270
1574999944,282,281
1574999944,290,289
1574999944,289,288
1574999944,273,272
1574999944,280,279
1574999944,272,271
1574999944,255,254
1574999944,263,262
1574999944,266,265
1574999944,260,259
1574999944,279,278
1574999944,286,285
1574999944,276,275
1574999944,280,279
1574999944,269,268
1574999944,333,332
1574999944,289,288
1574999944,292,291
1574999944,285,284
1574999944,424,423
1574999944,391,390
1574999944,453,452
1574999944,483,482
1574999944,613,612
1574999944,360,359
1574999944,328,327
1574999944,328,327
1574999944,288,287
1574999944,296,295
1574999944,456,455
1574999944,316,315
1574999944,297,296
1574999944,448,447
1574999944,343,342
1574999944,300,299
1574999944,299,298
1574999944,634,633
1574999944,476,475
1574999944,457,456
1574999944,493,492
1574999944,570,569
1574999944,340,339
1574999944,373,372
1574999944,313,312
1574999944,632,631
1574999944,302,301
1574999944,590,589
1574999944,467,466
1574999944,315,314
1574999944,314,313
1574999944,314,313
1574999944,324,323
1574999944,325,324
1574999944,317,316
1574999944,326,325
1574999944,523,522
1574999944,316,315
1574999944,591,590
1574999944,522,521
1574999944,399,398
1574999944,527,526
1574999944,449,448
1574999944,281,280
1574999944,284,283
1574999944,294,293
1574999944,280,279
1574999944,279,278
1574999944,289,288
1574999944,280,279
1574999944,277,276
1574999944,277,276
1574999944,283,282
1574999944,265,264
1574999944,287,286
1574999944,319,318
1574999944,293,292
1574999944,277,276
1574999944,508,507
1574999944,289,288
1574999944,267,266
1574999944,283,282
1574999944,295,294
1574999944,288,287
1574999944,311,310
1574999944,288,287
1574999944,278,277
1574999944,360,359
1574999944,444,443
1574999944,467,466
1574999944,389,388
1574999944,295,294
1574999944,349,348
1574999944,552,551
1574999944,448,447
1574999944,397,396
1574999944,341,340
1574999944,348,347
1574999944,553,552
1574999944,356,355
1574999944,282,281
1574999944,393,392
1574999944,244,243
1574999944,284,283
1574999944,262,261
1574999944,372,371
1574999944,336,335
1574999944,377,376
1574999944,315,314
1574999944,287,286
1574999944,285,284
1574999944,379,378
1574999944,341,340
1574999944,614,613
1574999944,274,273
1574999944,492,491
1574999944,284,283
1574999944,412,411
1574999944,304,303
1574999944,247,246
1574999944,275,274
1574999944,253,252
1574999944,250,249
1574999944,265,264
1574999944,283,282
1574999944,278,277
1574999944,268,267
1574999944,275,274
1574999944,280,279
1574999944,471,470
1574999944,408,407
1574999944,273,272
1574999944,502,501
1574999944,448,447
1574999944,464,463
1574999944,279,278
1574999944,334,333
1574999944,473,472
1574999944,415,414
1574999944,353,352
1574999944,376,375
1574999944,473,472
1574999944,397,396
1574999944,288,287
1574999944,445,444
1574999944,335,334
1574999944,292,291
1574999944,305,304
1574999944,340,339
1574999944,335,334
1574999944,416,415
1574999944,296,295
1574999944,416,415
1574999944,302,301
1574999944,299,298
1574999944,299,298
1574999944,283,282
1574999944,274,273
1574999944,252,251
1574999946,1118,1047
1574999946,1039,968
1574999946,1077,1006
1574999946,1135,1064
1574999946,1171,1100
1574999946,1290,1219
1574999946,1387,1316
1574999946,1376,1305
1574999946,122,51
1574999946,7767,7696
1574999946,2229,2158
1574999946,2669,2598
1574999946,2530,2459
1574999946,2256,2185
1574999946,3288,3217
1574999946,2256,2185
1574999946,2133,2062
1574999946,1836,1765
1574999946,1721,1650
1574999946,1485,1414
1574999946,138,67
1574999946,6783,6712
1574999946,1977,1906
1574999946,2262,2191
1574999946,2644,2573
1574999946,2593,2522
1574999946,2461,2390
1574999946,2398,2327
1574999946,2450,2379
1574999946,2226,2155
1574999946,1740,1669
1574999946,114,43
1574999946,6802,6731
1574999946,2519,2448
1574999946,2192,2121
1574999946,2019,1948
1574999946,1959,1888
1574999946,1719,1648
1574999946,1624,1553
1574999946,1550,1479
1574999946,1648,1577
1574999946,1515,1444
1574999946,122,51
1574999946,10480,0
1574999946,14762,0
1574999946,3358,0
1574999946,3174,0
1574999946,3435,0
1574999946,3220,0
1574999946,2923,0
1574999946,3674,0
1574999946,3507,0
1574999946,3892,0
1574999946,3529,0
1574999946,2672,0
1574999946,44,0
1574999946,12803,0
1574999946,2336,0
1574999946,2202,0
1574999946,2109,0
1574999946,2348,0
1574999946,2303,0
1574999946,2104,0
1574999946,2567,0
1574999946,2766,0
1574999946,2448,0
1574999946,2006,0
1574999946,40,0
1574999946,5522,0
1574999946,2727,0
1574999946,2792,0
1574999946,2808,0
1574999946,2944,0
1574999946,3044,0
1574999946,2947,0
1574999946,2758,0
1574999946,2626,0
1574999946,2282,0
1574999946,2279,0
1574999946,1727,0
1574999946,1700,0
1574999946,1588,0
1574999946,52,0
1574999946,9344,0
1574999946,8151,0
1574999946,1111,0
1574999946,1091,0
1574999946,1088,0
1574999946,1124,0
1574999946,1066,0
1574999946,1126,0
1574999946,1141,0
1574999946,1137,0
1574999946,1172,0
1574999946,884,0
1574999946,41,0
1574999946,10309,0
1574999946,1339,0
1574999946,1103,0
1574999946,1128,0
1574999946,996,0
1574999946,968,0
1574999946,977,0
1574999946,946,0
1574999946,872,0
1574999946,830,0
1574999946,604,0
1574999946,36,0
1574999946,6800,0
1574999946,906,0
1574999946,990,0
1574999946,968,0
1574999946,932,0
1574999946,955,0
1574999946,1101,0
1574999946,1185,0
1574999946,1092,0
1574999946,401,0
1574999946,97,0
1574999946,5063,0
1574999946,783,0
1574999946,555,0
1574999946,610,0
1574999946,714,0
1574999946,608,0
1574999946,569,0
1574999946,532,0
1574999946,412,0
1574999946,281,0
1574999946,46,0
1574999946,5603,0
1574999946,7415,0
1574999946,646,0
1574999946,651,0
1574999946,699,0
1574999946,620,0
1574999946,644,0
1574999946,590,0
1574999946,495,0
1574999946,468,0
1574999946,458,0
1574999946,392,0
1574999946,58,0
1574999946,6385,0
1574999946,615,0
1574999946,621,0
1574999946,606,0
1574999946,620,0
1574999946,635,0
1574999946,649,0
1574999946,603,0
1574999946,471,0
1574999946,361,0
1574999946,43,0
1574999946,3034,0
1574999946,488,0
1574999946,470,0
1574999946,479,0
1574999946,580,0
1574999946,651,0
1574999946,664,0
1574999946,697,0
1574999946,602,0
1574999946,569,0
1574999946,455,0
1574999946,392,0
1574999946,40,0
1574999946,11646,0
1574999946,8226,0
1574999946,781,0
1574999946,767,0
1574999946,768,0
1574999946,716,0
1574999946,573,0
1574999946,414,0
1574999946,306,0
1574999946,179,0
1574999946,118,0
1574999946,39,0
1574999946,152,0
1574999946,205,0
1574999946,258,0
1574999946,254,0
1574999946,209,0
1574999946,186,0
1574999946,145,0
1574999946,63,0
1574999946,9082,0
1574999946,1716,0
1574999946,282,0
1574999946,285,0
1574999946,286,0
1574999946,284,0
1574999946,292,0
1574999946,347,0
1574999946,322,0
1574999946,373,0
1574999946,312,0
1574999946,291,0
1574999946,257,0
1574999946,172,0
1574999946,30,0
1574999946,2274,0
1574999946,205,0
1574999946,229,0
1574999946,250,0
1574999946,227,0
1574999946,179,0
1574999946,156,0
1574999946,180,0
1574999946,195,0
1574999946,254,0
1574999946,267,0
1574999946,314,0
1574999946,228,0
1574999946,33,0
1574999946,2185,0
1574999946,124,0
1574999946,95,0
1574999946,87,0
1574999946,76,0
1574999946,67,0
1574999946,65,0
1574999946,50,0
1574999946,64,0
1574999946,50,0
1574999946,52,0
1574999946,39,0
1574999946,36,0
1574999946,27,0
1574999946,1344,0
1574999946,46,0
1574999946,74,0
1574999946,128,0
1574999946,148,0
1574999946,139,0
1574999946,133,0
1574999946,221,0
1574999946,312,0
1574999946,160,0
1574999946,66,0
1574999946,47,0
1574999946,31,0
1574999946,27,0
1574999946,1297,0
1574999946,153,0
1574999946,216,0
1574999946,249,0
1574999946,226,0
1574999946,213,0
1574999946,165,0
1574999946,147,0
1574999946,119,0
1574999946,95,0
1574999946,33,0
1574999946,117,0
1574999946,114,0
1574999946,96,0
1574999946,99,0
1574999946,8677,0
1574999946,12529,0
1574999946,1054,0
1574999946,1593,0
1574999946,2122,0
1574999946,2384,0
1574999946,2576,0
1574999946,2250,0
1574999946,1840,0
1574999946,1209,0
1574999946,697,0
1574999946,50,0
1574999946,6042,0
1574999946,932,0
1574999946,970,0
1574999946,898,0
1574999946,999,0
1574999946,1478,0
1574999946,1718,0
1574999946,1940,0
1574999946,2085,0
1574999946,2307,0
1574999946,1915,0
1574999946,1358,0
1574999946,41,0
1574999946,21389,0
1574999946,15207,0
1574999946,1591,0
1574999946,1444,0
1574999946,1454,0
1574999946,1532,0
1574999946,1664,0
1574999946,1777,0
1574999946,1621,0
1574999946,1479,0
1574999946,1478,0
1574999946,1348,0
1574999946,52,0
1574999946,20397,0
1574999946,1765,0
1574999946,1662,0
1574999946,1589,0
1574999946,1539,0
1574999946,1601,0
1574999946,1423,0
1574999946,1387,0
1574999946,1343,0
1574999946,1322,0
1574999946,1152,0
1574999946,43,0
1574999946,10389,0
1574999946,1100,0
1574999946,1056,0
1574999946,1025,0
1574999946,963,0
1574999946,335,0
1574999946,214,0
1574999946,193,0
1574999946,209,0
1574999946,178,0
1574999946,81,0
1574999946,35,0
1574999946,2006,0
1574999946,334,0
1574999946,324,0
1574999946,361,0
1574999946,343,0
1574999946,304,0
1574999946,290,0
1574999946,289,0
1574999946,254,0
1574999946,226,0
1574999946,117,0
1574999946,39,0
1574999946,1633,0
1574999946,331,0
1574999946,343,0
1574999946,284,0
1574999946,260,0
1574999946,233,0
1574999946,225,0
1574999946,217,0
1574999946,121,0
1574999946,40,0
1574999946,14223,0
1574999946,3995,0
1574999946,2108,0
1574999946,1605,0
1574999946,1524,0
1574999946,1555,0
1574999946,1636,0
1574999946,1674,0
1574999946,1657,0
1574999946,1894,0
1574999946,1541,0
1574999946,1111,0
1574999946,765,0
1574999946,741,0
1574999946,780,0
1574999946,57,0
1574999946,9633,0
1574999946,7370,0
1574999946,1091,0
1574999946,1267,0
1574999946,1443,0
1574999946,1465,0
1574999946,1481,0
1574999946,1404,0
1574999946,1114,0
1574999946,1128,0
1574999946,1080,0
1574999946,1123,0
1574999946,47,0
1574999946,7266,0
1574999946,1181,0
1574999946,1297,0
1574999946,1228,0
1574999946,956,0
1574999946,935,0
1574999946,940,0
1574999946,882,0
1574999946,677,0
1574999946,634,0
1574999946,49,0
1574999946,1010,0
1574999946,1173,0
1574999946,1253,0
1574999946,1326,0
1574999946,1194,0
1574999946,1092,0
1574999946,972,0
1574999951,229,229
1574999951,238,238
1574999951,238,238
1574999951,238,238
1574999951,234,234
1574999951,261,261
1574999951,252,252
1574999951,253,253
1574999951,275,275
1574999951,298,298
1574999951,302,302
1574999951,301,301
1574999951,294,294
1574999951,338,338
1574999951,303,303
1574999951,293,293
1574999951,301,301
1574999951,299,299
1574999951,304,304
1574999951,315,315
1574999951,311,311
1574999951,316,316
1574999951,308,308
1574999951,301,301
1574999951,291,291
1574999951,288,288
1574999951,296,296
1574999951,285,285
1574999951,288,288
1574999951,296,296
1574999951,285,285
1574999951,288,288
1574999951,294,294
1574999951,285,285
1574999951,286,286
1574999951,284,284
1574999951,277,277
1574999951,274,274
1574999951,293,293
1574999951,284,284
1574999951,293,293
1574999951,281,281
1574999951,275,275
1574999951,285,285
1574999951,283,283
1574999951,289,289
1574999951,301,301
1574999951,298,298
1574999951,292,292
1574999951,291,291
1574999951,295,295
1574999951,286,286
1574999951,288,288
1574999951,289,289
1574999951,287,287
1574999951,279,279
1574999951,283,283
1574999951,285,285
1574999951,280,280
1574999951,285,285
1574999951,274,274
1574999951,281,281
1574999951,280,280
1574999951,271,271
1574999951,276,276
1574999951,278,278
1574999951,273,273
1574999951,280,280
1574999951,273,272
1574999951,279,279
1574999951,281,281
1574999951,281,281
1574999951,281,281
1574999951,278,278
1574999951,285,285
1574999951,276,276
1574999951,272,272
1574999951,256,256
1574999951,244,244
1574999951,244,244
1574999951,247,247
1574999951,273,273
1574999951,289,289
1574999951,278,278
1574999951,282,282
1574999951,285,285
1574999951,281,281
1574999951,296,296
1574999951,275,275
1574999951,280,280
1574999951,269,269
1574999951,275,275
1574999951,270,270
1574999951,295,295
1574999951,291,291
1574999951,293,293
1574999951,292,292
1574999951,294,294
1574999951,300,300
1574999951,285,285
1574999951,287,287
1574999951,298,298
1574999951,303,303
1574999951,295,295
1574999951,300,300
1574999951,304,304
1574999951,308,308
1574999951,313,313
1574999951,303,303
1574999951,311,311
1574999951,301,301
1574999951,296,296
1574999951,304,304
1574999951,320,320
1574999951,327,327
1574999951,309,309
1574999951,304,304
1574999951,308,308
1574999951,309,309
1574999951,298,298
1574999951,313,313
1574999951,303,303
1574999951,307,307
1574999951,300,300
1574999951,310,310
1574999951,301,301
1574999951,310,310
1574999951,306,306
1574999951,305,305
1574999951,305,305
1574999951,302,302
1574999951,303,303
1574999951,301,301
1574999951,298,298
1574999951,295,295
1574999951,288,288
1574999951,291,291
1574999951,291,291
1574999951,294,293
1574999951,292,292
1574999951,294,294
1574999951,290,290
1574999951,295,295
1574999951,292,292
1574999951,294,294
1574999951,293,293
1574999951,294,294
1574999951,302,302
1574999951,314,314
1574999951,307,307
1574999951,310,310
1574999951,302,302
1574999951,311,311
1574999951,309,309
1574999951,296,296
1574999951,302,302
1574999951,301,301
1574999951,298,298
1574999951,300,300
1574999951,297,297
1574999951,303,303
1574999951,290,290
1574999951,284,284
1574999951,291,291
1574999951,287,287
1574999951,288,288
1574999951,280,280
1574999951,267,267
1574999951,263,263
1574999951,260,260
1574999951,271,271
1574999951,264,264
1574999951,271,271
1574999951,279,279
1574999951,269,269
1574999951,278,278
1574999951,272,272
1574999951,279,279
1574999951,277,277
1574999951,263,263
1574999951,264,264
1574999951,262,262
1574999951,257,257
1574999951,269,269
1574999951,286,286
1574999951,277,277
1574999951,302,302
1574999951,301,301
1574999951,288,288
1574999951,285,285
1574999951,284,284
1574999951,283,283
1574999951,282,282
1574999951,266,266
1574999951,287,287
1574999951,291,290
1574999951,294,294
1574999951,286,286
1574999951,283,283
1574999951,293,293
1574999951,293,293
1574999951,288,288
1574999951,289,289
1574999951,277,277
1574999951,277,277
1574999951,271,271
1574999951,257,257
1574999951,260,260
1574999951,273,273
1574999951,279,279
1574999951,276,276
1574999951,275,275
1574999951,278,278
1574999951,284,284
1574999951,276,276
1574999951,284,284
1574999951,285,285
1574999951,278,278
1574999951,280,280
1574999951,292,292
1574999951,291,291
1574999951,291,291
1574999951,286,286
1574999951,288,288
1574999951,287,287
1574999951,297,297
1574999951,282,282
1574999951,294,294
1574999951,285,285
1574999951,307,307
1574999951,309,309
1574999951,300,300
1574999951,295,295
1574999951,304,304
1574999951,285,285
1574999951,279,279
1574999951,293,293
1574999951,305,305
1574999951,306,306
1574999951,301,301
1574999951,292,292
1574999951,282,281
1574999951,290,289
1574999951,302,301
1574999951,300,299
1574999951,303,302
1574999951,297,296
1574999951,285,284
1574999951,304,303
1574999951,294,293
1574999951,288,287
1574999951,293,292
1574999951,288,287
1574999951,299,298
1574999951,300,299
1574999951,315,314
1574999951,321,320
1574999951,318,317
1574999951,311,310
1574999951,307,306
1574999951,299,298
1574999951,297,296
1574999951,301,300
1574999951,313,312
1574999951,311,310
1574999951,310,309
1574999951,309,308
1574999951,313,312
1574999951,411,410
1574999951,315,314
1574999951,314,313
1574999951,303,302
1574999951,305,304
1574999951,299,298
1574999951,289,288
1574999951,279,278
1574999951,300,299
1574999951,299,298
1574999951,294,293
1574999951,278,277
1574999951,277,276
1574999951,298,297
1574999951,281,280
1574999951,285,284
1574999951,264,263
1574999951,268,267
1574999951,272,271
1574999951,302,301
1574999951,282,281
1574999951,282,281
1574999951,284,283
1574999951,279,278
1574999951,278,277
1574999951,285,284
1574999951,279,278
1574999951,285,284
1574999951,278,277
1574999951,264,263
1574999951,282,281
1574999951,274,273
1574999951,296,295
1574999951,280,279
1574999951,269,268
1574999951,265,264
1574999951,282,281
1574999951,295,294
1574999951,295,294
1574999951,304,303
1574999951,290,289
1574999951,280,279
1574999951,283,282
1574999951,278,277
1574999951,276,275
1574999951,292,291
1574999951,282,281
1574999951,274,273
1574999951,285,284
1574999951,287,286
1574999951,281,280
1574999951,274,273
1574999951,267,266
1574999951,250,249
1574999951,268,267
1574999951,263,262
1574999951,268,267
1574999951,274,273
1574999951,282,281
1574999951,268,267
1574999951,270,269
1574999951,268,267
1574999951,273,272
1574999951,272,271
1574999951,277,276
1574999951,286,285
1574999951,284,283
1574999951,264,263
1574999951,289,288
1574999951,277,276
1574999951,272,271
1574999951,273,272
1574999951,268,267
1574999951,281,280
1574999951,283,282
1574999951,276,275
1574999951,299,298
1574999951,295,294
1574999951,289,288
1574999951,291,290
1574999951,298,297
1574999951,271,270
1574999951,258,257
1574999951,279,278
1574999951,286,285
1574999951,283,282
1574999951,286,285
1574999951,286,285
1574999951,300,299
1574999951,294,293
1574999951,290,289
1574999951,282,281
1574999951,289,288
1574999951,303,302
1574999951,304,303
1574999951,300,299
1574999951,292,291
1574999951,293,292
1574999951,335,334
1574999951,273,272
1574999951,279,278
1574999951,286,285
1574999951,458,457
1574999951,328,327
1574999951,285,284
1574999951,285,284
1574999951,289,288
1574999951,287,286
1574999951,287,286
1574999951,288,287
1574999951,288,287
1574999951,293,292
1574999951,293,292
1574999951,288,287
1574999951,289,288
1574999951,294,293
1574999951,301,300
1574999951,298,297
1574999951,301,300
1574999951,296,295
1574999951,297,296
1574999951,298,297
1574999951,294,293
1574999951,293,292
1574999951,299,298
1574999951,295,294
1574999951,297,296
1574999951,289,288
1574999951,298,297
1574999951,302,301
1574999951,307,306
1574999951,304,303
1574999951,301,300
1574999951,299,298
1574999951,300,299
1574999951,300,299
1574999951,296,295
1574999951,292,291
1574999951,291,290
1574999951,289,288
1574999951,292,291
1574999951,292,291
1574999951,292,291
1574999951,290,289
1574999951,290,289
1574999951,289,288
1574999951,289,288
1574999951,287,286
1574999951,287,286
1574999951,288,287
1574999951,293,292
1574999951,289,288
1574999951,288,287
1574999951,289,288
1574999951,294,293
1574999951,294,293
1574999951,292,291
1574999951,291,290
1574999951,304,303
1574999951,298,297
1574999951,295,294
1574999951,298,297
1574999951,303,302
1574999951,304,303
1574999951,301,300
1574999951,304,303
1574999951,294,293
1574999951,298,297
1574999951,297,296
1574999951,309,308
1574999951,304,303
1574999951,296,295
1574999951,294,293
1574999951,276,275
1574999951,292,291
1574999951,283,282
1574999951,287,286
1574999951,293,292
1574999951,287,286
1574999951,282,281
1574999951,292,291
1574999951,300,299
1574999951,293,292
1574999951,298,297
1574999951,301,300
1574999951,301,300
1574999951,300,299
1574999951,299,298
1574999951,301,300
1574999951,302,301
1574999951,301,300
1574999951,294,293
1574999951,297,296
1574999951,407,406
1574999951,286,285
1574999951,377,376
1574999951,265,264
1574999951,273,272
1574999951,255,254
1574999951,274,273
1574999951,265,264
1574999951,266,265
1574999951,281,280
1574999951,281,280
1574999951,278,277
1574999951,278,277
1574999951,282,281
1574999951,279,278
1574999951,275,274
1574999951,285,284
1574999951,277,276
1574999951,267,266
1574999951,280,279
1574999951,260,259
1574999951,273,272
1574999951,273,272
1574999951,270,269
1574999951,255,254
1574999951,276,275
1574999951,287,286
1574999951,280,279
1574999951,287,286
1574999951,288,287
1574999951,285,284
1574999951,286,285
1574999951,279,278
1574999951,288,287
1574999951,275,274
1574999951,285,284
1574999951,281,280
1574999951,290,289
1574999951,300,299
1574999951,304,303
1574999951,287,286
1574999951,295,294
1574999951,300,299
1574999951,304,303
1574999951,311,310
1574999951,302,301
1574999951,291,290
1574999951,289,288
1574999951,304,303
1574999951,301,300
1574999951,314,313
1574999951,319,318
1574999951,308,307
1574999951,312,311
1574999951,307,306
1574999951,290,289
1574999951,293,292
1574999951,300,299
1574999951,301,300
1574999951,294,293
1574999951,297,296
1574999951,287,286
1574999951,288,287
1574999951,285,284
1574999951,283,282
1574999951,282,281
1574999951,289,288
1574999951,291,290
1574999951,305,304
1574999951,305,304
1574999951,302,301
1574999951,291,290
1574999951,296,295
1574999951,302,301
1574999951,312,311
1574999951,335,334
1574999951,341,340
1574999951,342,341
1574999951,351,350
1574999951,356,355
1574999951,358,357
1574999951,346,345
1574999951,347,346
1574999951,340,339
1574999951,330,329
1574999951,348,347
1574999951,326,325
1574999951,331,330
1574999951,341,340
1574999951,338,337
1574999951,322,321
1574999951,314,313
1574999951,313,312
1574999951,301,300
1574999951,310,309
1574999951,317,316
1574999951,303,302
1574999951,304,303
1574999951,300,299
1574999951,309,308
1574999951,305,304
1574999951,329,328
1574999951,334,333
1574999951,321,320
1574999951,320,319
1574999951,330,329
1574999951,342,341
1574999951,335,334
1574999951,332,331
1574999951,318,317
1574999951,317,316
1574999951,321,320
1574999951,328,327
1574999951,338,337
1574999951,332,331
1574999951,338,337
1574999951,345,344
1574999951,339,338
1574999951,338,337
1574999951,334,333
1574999951,333,332
1574999951,313,312
1574999951,306,305
1574999951,310,309
1574999951,316,315
1574999951,325,324
1574999951,316,315
1574999951,309,308
1574999951,304,303
1574999951,296,295
1574999951,474,473
1574999951,268,267
1574999951,288,287
1574999951,264,263
1574999951,278,277
1574999951,278,277
1574999951,282,281
1574999951,288,287
1574999951,299,298
1574999951,292,291
1574999951,292,291
1574999951,288,287
1574999951,301,300
1574999951,309,308
1574999951,314,313
1574999951,314,313
1574999951,306,305
1574999951,328,327
1574999951,314,313
1574999951,319,318
1574999951,319,318
1574999951,535,534
1574999951,311,310
1574999951,289,288
1574999951,278,277
1574999951,285,284
1574999951,291,290
1574999951,287,286
1574999951,309,308
1574999951,307,306
1574999951,296,295
1574999951,289,288
1574999951,284,283
1574999951,294,293
1574999951,292,291
1574999951,301,300
1574999951,298,297
1574999951,294,293
1574999951,294,293
1574999951,302,301
1574999951,313,312
1574999951,294,293
1574999951,293,292
1574999951,290,289
1574999951,298,297
1574999951,305,304
1574999951,299,298
1574999951,343,342
1574999951,289,288
1574999951,312,311
1574999951,325,324
1574999951,320,319
1574999951,311,310
1574999951,327,326
1574999951,324,323
1574999951,313,312
1574999951,312,311
1574999951,310,309
1574999951,319,318
1574999951,331,330
1574999951,610,609
1574999951,305,304
1574999951,311,310
1574999951,297,296
1574999951,300,299
1574999951,296,295
1574999951,314,313
1574999951,317,316
1574999951,315,314
1574999951,309,308
1574999951,310,309
1574999951,304,303
1574999951,315,314
1574999951,311,310
1574999951,304,303
1574999951,305,304
1574999951,299,298
1574999951,290,289
1574999951,293,292
1574999951,291,290
1574999951,286,285
1574999951,284,283
1574999951,296,295
1574999951,295,294
1574999951,301,300
1574999951,298,297
1574999951,307,306
1574999951,309,308
1574999951,305,304
1574999951,302,301
1574999951,304,303
1574999951,296,295
1574999951,304,303
1574999951,298,297
1574999951,293,292
1574999951,297,296
1574999951,295,294
1574999951,309,308
1574999951,311,310
1574999951,295,294
1574999951,304,303
1574999951,302,301
1574999951,283,282
1574999951,276,275
1574999951,262,261
1574999951,277,276
1574999951,270,269
1574999951,270,269
1574999951,265,264
1574999951,263,262
1574999951,310,309
1574999951,547,546
1574999951,433,432
1574999951,264,263
1574999951,280,279
1574999951,276,275
1574999951,283,282
1574999951,286,285
1574999951,298,297
1574999951,291,290
1574999951,316,315
1574999951,304,303
1574999951,318,317
1574999951,319,318
1574999951,310,309
1574999951,307,306
1574999951,306,305
1574999951,303,302
1574999951,296,295
1574999951,304,303
1574999951,298,297
1574999951,297,296
1574999951,295,294
1574999951,296,295
1574999951,305,304
1574999951,311,310
1574999951,299,298
1574999951,297,296
1574999951,304,303
1574999951,294,293
1574999951,293,292
1574999951,289,288
1574999951,288,287
1574999951,274,273
1574999951,359,358
1574999951,388,387
1574999951,313,312
1574999951,309,308
1574999951,212,211
1574999951,218,217
1574999951,222,221
1574999951,242,241
1574999951,268,267
1574999951,279,278
1574999951,290,289
1574999951,280,279
1574999951,281,280
1574999951,291,290
1574999951,322,321
1574999951,308,307
1574999951,298,297
1574999951,304,303
1574999951,306,305
1574999951,306,305
1574999951,296,295
1574999951,295,294
1574999951,297,296
1574999951,301,300
1574999951,294,293
1574999951,289,288
1574999951,288,287
1574999951,287,286
1574999951,296,295
1574999951,301,300
1574999951,294,293
1574999951,295,294
1574999951,289,288
1574999951,294,293
1574999951,281,280
1574999951,306,305
1574999951,286,285
1574999951,277,276
1574999951,278,277
1574999951,277,276
1574999951,291,290
1574999951,288,287
1574999951,309,308
1574999951,602,601
1574999951,405,404
1574999951,270,269
1574999951,273,272
1574999951,286,285
1574999951,285,284
1574999951,287,286
1574999951,288,287
1574999951,291,290
1574999951,303,302
1574999951,302,301
1574999951,310,309
1574999951,317,316
1574999951,310,309
1574999951,303,302
1574999951,298,297
1574999951,314,313
1574999951,308,307
1574999951,299,298
1574999951,317,316
1574999951,313,312
1574999951,322,321
1574999951,333,332
1574999951,326,325
1574999951,327,326
1574999951,342,341
1574999951,325,324
1574999951,323,322
1574999951,323,322
1574999951,333,332
1574999951,332,331
1574999951,324,323
1574999951,325,324
1574999951,320,319
1574999951,328,327
1574999951,339,338
1574999951,331,330
1574999951,347,346
1574999951,335,334
1574999951,329,328
1574999951,327,326
1574999951,335,334
1574999951,338,337
1574999951,336,335
1574999951,350,349
1574999951,356,355
1574999951,352,351
1574999951,339,338
1574999951,340,339
1574999951,355,354
1574999951,343,342
1574999951,356,355
1574999951,356,355
1574999951,350,349
1574999951,347,346
1574999951,344,343
1574999951,348,347
1574999951,353,352
1574999951,353,352
1574999951,330,329
1574999951,344,343
1574999951,349,348
1574999951,342,341
1574999951,347,346
1574999951,350,349
1574999951,366,365
1574999951,353,352
1574999951,362,361
1574999951,361,360
1574999951,356,355
1574999951,346,345
1574999951,353,352
1574999951,365,364
1574999951,360,359
1574999951,356,355
1574999951,347,346
1574999951,348,347
1574999951,358,357
1574999951,500,499
1574999951,507,506
1574999951,362,361
1574999951,383,382
1574999951,381,380
1574999951,378,377
1574999951,387,386
1574999951,379,378
1574999951,395,394
1574999951,376,375
1574999951,374,373
1574999951,378,377
1574999951,379,378
1574999951,365,364
1574999951,370,369
1574999951,365,364
1574999951,373,372
1574999951,363,362
1574999951,371,370
1574999951,355,354
1574999951,346,345
1574999951,347,346
1574999951,340,339
1574999951,342,341
1574999951,346,345
1574999951,337,336
1574999951,344,343
1574999951,353,352
1574999951,365,364
1574999951,360,359
1574999951,368,367
1574999951,374,373
1574999951,363,362
1574999951,365,364
1574999951,359,358
1574999951,369,368
1574999951,516,515
1574999951,380,379
1574999951,368,367
1574999951,362,361
1574999951,373,372
1574999951,371,370
1574999951,364,363
1574999951,362,361
1574999951,357,356
1574999951,355,354
1574999951,352,351
1574999951,351,350
1574999951,340,339
1574999951,356,355
1574999951,360,359
1574999951,345,344
1574999951,344,343
1574999951,483,482
1574999951,336,335
1574999951,351,350
1574999951,364,363
1574999951,353,352
1574999951,505,504
1574999951,502,501
1574999951,348,347
1574999951,358,357
1574999951,338,337
1574999951,334,333
1574999951,338,337
1574999951,338,337
1574999951,335,334
1574999951,341,340
1574999951,357,356
1574999951,356,355
1574999951,368,367
1574999951,362,361
1574999951,356,355
1574999951,373,372
1574999951,372,371
1574999951,370,369
1574999951,375,374
1574999951,362,361
1574999951,351,350
1574999951,362,361
1574999951,360,359
1574999951,365,364
1574999951,378,377
1574999951,380,379
1574999951,510,509
1574999951,529,528
1574999951,537,536
1574999951,405,404
1574999951,535,534
1574999951,382,381
1574999951,381,380
1574999951,514,513
1574999951,358,357
1574999951,344,343
1574999951,357,356
1574999951,355,354
1574999951,342,341
1574999951,353,352
1574999951,356,355
1574999951,341,340
1574999951,491,490
1574999951,343,342
1574999951,336,335
1574999951,356,355
1574999951,364,363
1574999951,355,354
1574999951,502,501
1574999951,373,372
1574999951,366,365
1574999951,503,502
1574999951,348,347
1574999951,348,347
1574999951,357,356
1574999951,357,356
1574999951,360,359
1574999951,347,346
1574999951,357,356
1574999951,351,350
1574999951,350,349
1574999951,335,334
1574999951,345,344
1574999951,344,343
1574999951,349,348
1574999951,351,350
1574999951,353,352
1574999951,351,350
1574999951,353,352
1574999951,346,345
1574999951,351,350
1574999951,350,349
1574999951,337,336
1574999951,334,333
1574999951,335,334
1574999951,341,340
1574999951,344,343
1574999951,329,328
1574999951,325,324
1574999951,323,322
1574999951,353,352
1574999951,347,346
1574999951,343,342
1574999951,335,334
1574999951,318,317
1574999951,308,307
1574999951,303,302
1574999951,324,323
1574999951,335,334
1574999951,326,325
1574999951,319,318
1574999951,287,286
1574999951,320,319
1574999951,313,312
1574999951,325,324
1574999951,319,318
1574999951,320,319
1574999951,310,309
1574999951,333,332
1574999951,338,337
1574999951,326,325
1574999951,300,299
1574999951,308,307
1574999951,542,542
1574999954,16824,16824
1574999954,10444,10444
1574999954,673,673
1574999954,471,471
1574999954,438,438
1574999954,442,442
1574999954,476,476
1574999954,443,443
1574999954,455,455
1574999954,303,303
1574999954,360,360
1574999954,492,492
1574999954,486,486
1574999954,429,429
1574999954,46,46
1574999954,8756,8756
1574999954,600,600
1574999954,596,596
1574999954,628,628
1574999954,572,501
1574999954,574,574
1574999954,530,530
1574999954,449,449
1574999954,410,410
1574999954,401,401
1574999954,384,384
1574999954,366,366
1574999954,223,223
1574999954,55,55
1574999954,7180,7180
1574999954,723,652
1574999954,666,666
1574999954,729,729
1574999954,801,801
1574999954,736,736
1574999954,767,767
1574999954,964,964
1574999954,945,945
1574999954,1076,1076
1574999954,1201,1201
1574999954,1100,1100
1574999954,1211,1211
1574999954,129,129
1574999954,2253,2253
1574999954,1362,1362
1574999954,1390,1390
1574999954,1407,1407
1574999954,707,707
1574999954,349,349
1574999954,311,311
1574999954,416,416
1574999954,327,327
1574999954,332,332
1574999954,301,301
1574999954,151,151
1574999954,86,86
1574999954,96,96
1574999954,12809,12809
1574999954,860,860
1574999954,1041,1041
1574999954,1257,1257
1574999954,1596,1596
1574999954,1304,1304
1574999954,1199,1199
1574999954,1093,1093
1574999954,1061,1061
1574999954,973,973
1574999954,691,691
1574999954,37,37
1574999954,15943,15943
1574999954,1650,1650
1574999954,1770,1770
1574999954,1831,1831
1574999954,1909,1909
1574999954,1887,1887
1574999954,2063,1992
1574999954,1895,1895
1574999954,1653,1653
1574999954,1243,1243
1574999954,41,41
1574999954,11213,11213
1574999954,1568,1568
1574999954,1483,1483
1574999954,1563,1563
1574999954,1609,1609
1574999954,1599,1599
1574999954,1521,1521
1574999954,1552,1552
1574999954,1538,1538
1574999954,1148,1148
1574999954,42,42
1574999954,11900,11900
1574999954,17168,17168
1574999954,2901,2901
1574999954,3249,3249
1574999954,3580,3580
1574999954,3724,3724
1574999954,3774,3774
1574999954,3946,3946
1574999954,3829,3829
1574999954,3534,3534
1574999954,3074,3074
1574999954,46,46
1574999954,3026,3026
1574999954,2560,2560
1574999954,2202,2202
1574999954,1360,1360
1574999954,721,721
1574999954,928,928
1574999954,1524,1524
1574999954,1047,1047
1574999955,18433,18433
1574999955,15628,15628
1574999955,1489,1489
1574999955,1462,1462
1574999955,1664,1664
1574999955,1635,1635
1574999955,1845,1845
1574999955,1692,1692
1574999955,1848,1848
1574999955,1809,1809
1574999955,1493,1493
1574999955,1038,1038
1574999955,45,45
1574999955,14172,14172
1574999955,1661,1661
1574999955,1566,1566
1574999955,1440,1440
1574999955,1367,1367
1574999955,1227,1227
1574999955,1200,1200
1574999955,1123,1123
1574999955,1077,1077
1574999955,948,948
1574999955,618,618
1574999955,42,42
1574999955,12142,12142
1574999955,954,954
1574999955,897,897
1574999955,848,848
1574999955,812,812
1574999955,770,770
1574999955,752,752
1574999955,677,677
1574999955,579,579
1574999955,416,416
1574999955,39,39
1574999955,604,604
1574999955,762,762
1574999955,744,744
1574999955,771,771
1574999955,681,681
1574999955,731,731
1574999955,714,714
1574999955,9342,9342
1574999955,7884,7884
1574999955,1028,1028
1574999955,1037,1037
1574999955,1031,1031
1574999955,1026,1026
1574999955,881,881
1574999955,806,806
1574999955,710,710
1574999955,670,670
1574999955,621,621
1574999955,414,414
1574999955,60,60
1574999955,9029,9029
1574999955,1162,1162
1574999955,953,953
1574999955,1076,1076
1574999955,838,838
1574999955,784,784
1574999955,661,661
1574999955,654,654
1574999955,659,659
1574999955,618,618
1574999955,559,559
1574999955,613,613
1574999955,1128,1128
1574999955,952,952
1574999955,567,567
1574999955,50,50
1574999955,10028,10028
1574999955,749,749
1574999955,691,691
1574999955,935,935
1574999955,1185,1185
1574999955,1420,1420
1574999955,1325,1325
1574999955,871,871
1574999955,949,949
1574999955,999,999
1574999955,858,858
1574999955,768,768
1574999955,794,794
1574999955,643,643
1574999955,431,431
1574999955,42,42
1574999955,8627,8627
1574999955,746,746
1574999955,784,784
1574999955,771,771
1574999955,739,739
1574999955,787,787
1574999955,766,766
1574999955,678,678
1574999955,674,674
1574999955,678,678
1574999955,599,599
1574999955,398,398
1574999955,206,206
1574999955,38,38
1574999955,5243,5243
1574999955,388,388
1574999955,390,390
1574999955,375,375
1574999955,338,338
1574999955,334,334
1574999955,319,319
1574999955,279,279
1574999955,226,226
1574999955,147,147
1574999955,40,40
1574999955,176,176
1574999955,382,382
1574999955,1038,1038
1574999955,2014,2014
1574999955,1164,1164
1574999955,1154,1154
1574999957,11049,11049
1574999957,7638,7638
1574999957,1248,1248
1574999957,1226,1226
1574999957,1139,1068
1574999957,938,938
1574999957,919,919
1574999957,817,817
1574999957,663,663
1574999957,505,505
1574999957,380,380
1574999957,246,246
1574999957,115,44
1574999957,17189,17189
1574999957,377,377
1574999957,280,280
1574999957,257,257
1574999957,232,232
1574999957,299,299
1574999957,260,260
1574999957,252,252
1574999957,606,606
1574999957,350,350
1574999957,390,390
1574999957,347,347
1574999957,268,268
1574999957,32,32
1574999957,6617,6617
1574999957,330,330
1574999957,321,321
1574999957,295,295
1574999957,315,315
1574999957,327,327
1574999957,277,277
1574999957,329,329
1574999957,326,326
1574999957,323,323
1574999957,297,297
1574999957,214,214
1574999957,184,184
1574999957,38,38
1574999957,6151,6151
1574999957,310,310
1574999957,283,283
1574999957,283,283
1574999957,323,252
1574999957,274,274
1574999957,268,268
1574999957,232,232
1574999957,201,201
1574999957,230,230
1574999957,188,188
1574999957,178,178
1574999957,154,154
1574999957,41,41
1574999957,4190,4190
1574999957,214,214
1574999957,204,204
1574999957,188,188
1574999957,203,203
1574999957,195,195
1574999957,163,163
1574999957,145,145
1574999957,147,147
1574999957,130,130
1574999957,134,134
1574999957,109,109
1574999957,104,104
1574999957,35,35
1574999957,3024,2953
1574999957,135,135
1574999957,138,138
1574999957,141,141
1574999957,143,143
1574999957,141,141
1574999957,132,132
1574999957,112,112
1574999957,119,119
1574999957,135,135
1574999957,96,96
1574999957,93,93
1574999957,71,71
1574999957,37,37
1574999957,1782,1782
1574999957,115,115
1574999957,119,119
1574999957,88,88
1574999957,99,99
1574999957,79,79
1574999957,108,108
1574999957,102,102
1574999957,93,93
1574999957,101,101
1574999957,92,92
1574999957,82,82
1574999957,64,64
1574999957,32,32
1574999957,1265,1265
1574999957,81,81
1574999957,84,84
1574999957,108,108
1574999957,85,85
1574999957,69,69
1574999957,92,92
1574999957,85,85
1574999957,57,57
1574999957,92,92
1574999957,76,76
1574999957,138,67
1574999957,52,52
1574999957,34,34
1574999957,844,844
1574999957,66,66
1574999957,67,67
1574999957,81,81
1574999957,94,94
1574999957,81,81
1574999957,80,80
1574999957,67,67
1574999957,75,75
1574999957,57,57
1574999957,37,37
1574999957,86,86
1574999957,67,67
1574999957,68,68
1574999957,66,66
1574999957,89,89
1574999957,11996,11996
1574999957,56,56
1574999957,34,34
1574999957,54,54
1574999957,60,60
1574999957,54,54
1574999957,63,63
1575000000,5350,5350
1575000000,77,77
1575000000,311,311
1575000000,1232,1232
1575000000,4880,4809
1575000000,17259,17259
1575000000,451,451
1575000000,382,382
1575000000,237,237
1575000000,118,118
1575000000,125,125
1575000000,142,142
1575000000,141,141
1575000000,97,97
1575000000,96,96
1575000000,70,70
1575000000,34,34
1575000000,8963,8963
1575000000,976,976
1575000000,159,159
1575000000,151,151
1575000000,163,163
1575000000,157,157
1575000000,283,283
1575000000,139,139
1575000000,137,137
1575000000,2541,2541
1575000000,570,570
1575000000,37,37
1575000000,12093,12093
1575000000,736,736
1575000000,1303,1303
1575000000,1564,1564
1575000000,1248,1248
1575000000,1397,1397
1575000000,1212,1212
1575000000,1261,1261
1575000000,2636,2636
1575000000,3225,3225
1575000000,2100,2100
1575000000,38,38
1575000000,13066,13066
1575000000,3,3
1575000000,3,3
1575000000,4,3
1575000000,4,3
1575000000,4,3
1575000000,4,3
1575000000,612,611
1575000000,469,468
1575000000,397,396
1575000000,306,305
1575000000,302,301
1575000000,302,301
1575000000,303,302
1575000000,302,301
1575000000,304,303
1575000000,307,306
1575000000,310,309
1575000000,309,308
1575000000,307,306
1575000000,315,314
1575000000,313,312
1575000000,369,368
1575000000,318,317
1575000000,321,320
1575000000,322,321
1575000000,326,325
1575000000,521,520
1575000000,318,317
1575000000,321,320
1575000000,320,319
1575000000,311,310
1575000000,306,305
1575000000,305,304
1575000000,315,314
1575000000,313,312
1575000000,314,313
1575000000,308,307
1575000000,308,307
1575000000,305,304
1575000000,310,309
1575000000,312,311
1575000000,311,310
1575000000,309,308
1575000000,308,307
1575000000,304,303
1575000000,307,306
1575000000,308,307
1575000000,307,306
1575000000,305,304
1575000000,301,300
1575000000,308,307
1575000000,314,313
1575000000,312,311
1575000000,309,308
1575000000,318,317
1575000000,320,319
1575000000,318,317
1575000000,325,324
1575000000,338,337
1575000000,338,337
1575000000,349,348
1575000000,356,355
1575000000,348,347
1575000000,342,341
1575000000,332,331
1575000000,562,561
1575000000,322,321
1575000000,316,315
1575000000,311,310
1575000000,312,311
1575000000,311,310
1575000000,306,305
1575000000,302,301
1575000000,301,300
1575000000,306,305
1575000000,314,313
1575000000,322,321
1575000000,323,322
1575000000,335,334
1575000000,327,326
1575000000,325,324
1575000000,328,327
1575000000,324,323
1575000000,319,318
1575000000,313,312
1575000000,308,307
1575000000,345,344
1575000000,296,295
1575000000,299,298
1575000000,424,423
1575000000,295,294
1575000000,588,587
1575000000,517,516
1575000000,393,392
1575000000,262,261
1575000000,505,504
1575000000,413,412
1575000000,354,353
1575000000,367,366
1575000000,286,285
1575000000,287,286
1575000000,301,300
1575000000,275,274
1575000000,291,290
1575000000,258,257
1575000000,291,290
1575000000,287,286
1575000000,287,286
1575000000,288,287
1575000000,362,361
1575000000,294,293
1575000000,285,284
1575000000,323,322
1575000000,304,303
1575000000,282,281
1575000000,333,332
1575000000,316,315
1575000000,309,308
1575000000,606,605
1575000000,307,306
1575000000,396,395
1575000000,310,309
1575000000,344,343
1575000000,289,288
1575000000,288,287
1575000000,317,316
1575000000,310,309
1575000000,434,433
1575000000,305,304
1575000000,383,382
1575000000,431,430
1575000000,282,281
1575000000,291,290
1575000000,294,293
1575000000,464,463
1575000000,290,289
1575000000,328,327
1575000000,292,291
1575000000,274,273
1575000000,381,380
1575000000,282,281
1575000000,364,363
1575000000,287,286
1575000000,302,301
1575000000,267,266
1575000000,266,265
1575000000,249,248
1575000000,303,302
1575000000,346,345
1575000000,461,460
1575000000,311,310
1575000000,299,298
1575000000,351,350
1575000000,424,423
1575000000,445,444
1575000000,520,519
1575000000,294,293
1575000000,295,294
1575000000,294,293
1575000000,296,295
1575000000,294,293
1575000000,425,424
1575000000,297,296
1575000000,306,305
1575000000,312,311
1575000000,299,298
1575000000,329,328
1575000000,339,338
1575000000,318,317
1575000000,397,396
1575000000,413,412
1575000000,356,355
1575000000,287,286
1575000000,300,299
1575000000,328,327
1575000000,285,284
1575000000,327,326
1575000000,304,303
1575000000,352,351
1575000000,351,350
1575000000,260,259
1575000000,269,268
1575000000,326,325
1575000000,281,280
1575000000,301,300
1575000000,295,294
1575000000,285,284
1575000000,282,281
1575000000,310,309
1575000000,310,309
1575000000,305,304
1575000000,298,297
1575000000,322,321
1575000000,333,332
1575000000,319,318
1575000000,319,318
1575000000,361,360
1575000000,326,325
1575000000,433,432
1575000000,289,288
1575000001,2210,2210
1575000001,4238,4167
1575000001,3369,3298
1575000001,2349,2278
1575000001,1347,1276
1575000001,1177,1106
1575000001,937,866
1575000001,593,522
1575000001,466,395
1575000001,114,43
1575000001,1074,1003
1575000001,1381,1310
1575000001,1747,1676
1575000001,2770,2699
1575000001,3699,3628
1575000001,4455,4384
1575000001,13387,13316
1575000001,12618,12547
1575000001,650,579
1575000001,871,800
1575000001,1016,945
1575000001,1000,929
1575000001,837,766
1575000001,560,489
1575000001,531,460
1575000001,356,285
1575000001,342,271
1575000001,260,189
1575000001,145,74
1575000001,9718,9647
1575000001,1035,964
1575000001,853,782
1575000001,814,743
1575000001,643,572
1575000001,677,606
1575000001,617,546
1575000001,583,512
1575000001,630,559
1575000001,701,630
1575000001,558,487
1575000001,526,455
1575000001,603,532
1575000001,706,635
1575000001,593,522
1575000001,130,59
1575000001,5259,5188
1575000001,814,743
1575000001,1009,938
1575000001,1008,937
1575000001,990,919
1575000001,985,914
1575000001,853,782
1575000001,829,758
1575000001,743,672
1575000001,588,517
1575000001,502,431
1575000001,324,253
1575000001,106,35
1575000001,12923,12852
1575000001,5267,5196
1575000001,1013,942
1575000001,970,899
1575000001,803,732
1575000001,785,714
1575000001,464,393
1575000001,592,521
1575000001,660,589
1575000001,578,507
1575000001,531,460
1575000001,505,434
1575000001,455,384
1575000001,284,213
1575000001,116,45
1575000001,6168,6097
1575000001,518,447
1575000001,537,466
1575000001,501,430
1575000001,500,429
1575000001,577,506
1575000001,834,763
1575000001,999,928
1575000001,959,888
1575000001,844,773
1575000001,634,563
1575000001,705,634
1575000001,364,293
1575000001,117,46
1575000001,4396,4325
1575000001,661,590
1575000001,681,610
1575000001,754,683
1575000001,686,615
1575000001,624,553
1575000001,796,725
1575000001,673,602
1575000001,562,491
1575000001,399,328
1575000001,115,44
1575000001,593,522
1575000001,887,816
1575000001,1018,947
1575000001,979,908
1575000001,807,736
1575000001,795,724
1575000001,30837,30766
1575000001,11588,11517
1575000001,287,216
1575000001,372,301
1575000001,316,245
1575000001,421,350
1575000001,194,123
1575000001,188,117
1575000001,186,115
1575000001,165,94
1575000001,396,325
1575000001,104,33
1575000001,995,924
1575000001,1433,1362
1575000001,1554,1483
1575000001,1676,1605
1575000001,1801,1730
1575000001,1172,1101
1575000001,1092,1021
1575000001,2859,2788
1575000001,2873,2802
1575000001,291,290
1575000001,292,291
1575000001,294,293
1575000001,288,287
1575000001,447,446
1575000001,290,289
1575000001,301,300
1575000001,284,283
1575000001,305,304
1575000001,298,297
1575000001,303,302
1575000001,305,304
1575000001,297,296
1575000001,300,299
1575000001,316,315
1575000001,312,311
1575000001,307,306
1575000001,282,281
1575000001,279,278
1575000001,277,276
1575000001,286,285
1575000001,287,286
1575000001,332,331
1575000001,325,324
1575000001,320,319
1575000001,314,313
1575000001,311,310
1575000001,295,294
1575000001,301,300
1575000001,266,265
1575000001,266,265
1575000001,272,271
1575000001,294,293
1575000001,330,329
1575000001,291,290
1575000001,315,314
1575000001,308,307
1575000001,285,284
1575000001,285,284
1575000001,282,281
1575000001,522,521
1575000001,269,268
1575000001,313,312
1575000001,313,312
1575000001,301,300
1575000001,287,286
1575000001,275,274
1575000001,378,377
1575000001,280,279
1575000001,279,278
1575000001,275,274
1575000001,279,278
1575000001,273,272
1575000001,342,341
1575000001,274,273
1575000001,288,287
1575000001,287,286
1575000001,293,292
1575000001,298,297
1575000001,299,298
1575000001,349,348
1575000001,298,297
1575000001,294,293
1575000001,293,292
1575000001,292,291
1575000001,297,296
1575000001,396,395
1575000001,312,311
1575000001,281,280
1575000001,311,310
1575000001,281,280
1575000001,281,280
1575000001,270,269
1575000001,265,264
1575000001,276,275
1575000001,273,272
1575000001,273,272
1575000001,279,278
1575000001,294,293
1575000001,287,286
1575000001,282,281
1575000001,287,286
1575000001,278,277
1575000001,293,292
1575000001,290,289
1575000001,282,281
1575000001,321,320
1575000001,286,285
1575000001,281,280
1575000001,286,285
1575000001,284,283
1575000001,277,276
1575000001,382,381
1575000001,276,275
1575000001,284,283
1575000001,285,284
1575000001,290,289
1575000001,271,270
1575000001,277,276
1575000001,357,356
1575000001,278,277
1575000001,261,260
1575000001,302,301
1575000001,298,297
1575000001,325,324
1575000001,327,326
1575000001,265,264
1575000001,292,291
1575000001,304,303
1575000001,292,291
1575000001,364,363
1575000001,499,498
1575000001,262,261
1575000001,272,271
1575000001,282,281
1575000001,277,276
1575000001,279,278
1575000001,287,286
1575000001,270,269
1575000001,284,283
1575000001,280,279
1575000001,288,287
1575000001,294,293
1575000001,287,286
1575000001,286,285
1575000001,290,289
1575000001,321,320
1575000001,321,320
1575000001,308,307
1575000001,301,300
1575000001,289,288
1575000001,314,313
1575000001,288,287
1575000001,289,288
1575000001,288,287
1575000001,289,288
1575000001,293,292
1575000001,298,297
1575000001,292,291
1575000001,282,281
1575000001,298,297
1575000001,292,291
1575000001,289,288
1575000001,286,285
1575000001,288,287
1575000001,287,286
1575000001,287,286
1575000001,279,278
1575000001,287,286
1575000001,323,322
1575000001,310,309
1575000001,293,292
1575000001,285,284
1575000001,331,330
1575000001,279,278
1575000001,278,277
1575000001,286,285
1575000001,280,279
1575000001,276,275
1575000001,280,279
1575000001,278,277
1575000001,272,271
1575000001,317,316
1575000001,325,324
1575000001,307,306
1575000001,304,303
1575000001,290,289
1575000001,293,292
1575000001,307,306
1575000001,315,314
1575000001,343,342
1575000001,347,346
1575000001,335,334
1575000001,317,316
1575000001,308,307
1575000001,296,295
1575000001,469,468
1575000001,275,274
1575000001,380,379
1575000001,328,327
1575000001,291,290
1575000001,302,301
1575000001,302,301
1575000001,317,316
1575000001,308,307
1575000001,316,315
1575000001,306,305
1575000001,310,309
1575000001,305,304
1575000001,292,291
1575000001,299,298
1575000001,293,292
1575000001,292,291
1575000001,292,291
1575000001,303,302
1575000001,298,297
1575000001,306,305
1575000001,265,264
1575000001,258,257
1575000001,261,260
1575000001,264,263
1575000001,288,287
1575000001,271,270
1575000001,292,291
1575000001,299,298
1575000001,288,287
1575000001,289,288
1575000001,423,422
1575000001,285,284
1575000001,278,277
1575000001,270,269
1575000001,289,288
1575000001,299,298
1575000001,293,292
1575000001,290,289
1575000002,11612,0
1575000002,30736,0
1575000002,2955,0
1575000002,2995,0
1575000002,3000,0
1575000002,2059,0
1575000002,1702,0
1575000002,946,0
1575000002,981,0
1575000002,687,0
1575000002,872,0
1575000002,435,0
1575000002,38,0
1575000002,14031,0
1575000002,379,0
1575000002,384,0
1575000002,671,0
1575000002,475,0
1575000002,523,0
1575000002,480,0
1575000002,629,0
1575000002,406,0
1575000002,394,0
1575000002,359,0
1575000002,386,0
1575000002,291,0
1575000002,247,0
1575000002,183,0
1575000002,37,0
1575000002,12029,0
1575000002,339,0
1575000002,371,0
1575000002,359,0
1575000002,240,0
1575000002,305,0
1575000002,278,0
1575000002,164,0
1575000002,119,0
1575000002,63,0
1575000002,38,0
1575000002,7836,0
1575000002,251,0
1575000002,306,0
1575000002,259,0
1575000002,286,0
1575000002,215,0
1575000002,232,0
1575000002,152,0
1575000002,114,0
1575000002,53,0
1575000002,37,0
1575000002,18027,0
1575000002,6088,0
1575000002,171,0
1575000002,188,0
1575000002,190,0
1575000002,183,0
1575000002,251,0
1575000002,163,0
1575000002,109,0
1575000002,88,0
1575000002,73,0
1575000002,54,0
1575000002,72,0
1575000002,114,0
1575000002,149,0
1575000002,155,0
1575000002,185,0
1575000002,196,0
1575000002,20204,0
1575000002,3602,0
1575000002,85,0
1575000002,100,0
1575000002,115,0
1575000002,81,0
1575000002,109,0
1575000002,98,0
1575000002,89,0
1575000002,68,0
1575000002,53,0
1575000002,29,0
1575000002,57,0
1575000002,74,0
1575000002,70,0
1575000002,103,0
1575000002,117,0
1575000002,119,0
1575000002,136,0
1575000002,23351,0
1575000002,1997,0
1575000002,105,0
1575000002,101,0
1575000002,86,0
1575000002,91,0
1575000002,110,0
1575000002,96,0
1575000002,109,0
1575000002,67,0
1575000002,69,0
1575000002,39,0
1575000002,69,0
1575000002,60,0
1575000002,85,0
1575000002,72,0
1575000002,81,0
1575000002,94,0
1575000002,101,0
1575000002,23488,0
1575000002,982,0
1575000002,56,0
1575000002,55,0
1575000002,60,0
1575000002,63,0
1575000002,54,0
1575000002,53,0
1575000002,58,0
1575000002,46,0
1575000002,47,0
1575000002,44,0
1575000002,53,0
1575000002,60,0
1575000002,57,0
1575000002,55,0
1575000002,51,0
1575000002,57,0
1575000002,18850,0
1575000002,1415,0
1575000002,81,0
1575000002,65,0
1575000002,72,0
1575000002,88,0
1575000002,84,0
1575000002,96,0
1575000002,102,0
1575000002,90,0
1575000002,79,0
1575000002,74,0
1575000002,62,0
1575000002,61,0
1575000002,60,0
1575000002,492,0
1575000002,55,0
1575000002,63,0
1575000002,77,0
1575000002,77,0
1575000002,78,0
1575000002,76,0
1575000002,71,0
1575000002,72,0
1575000002,67,0
1575000002,60,0
1575000002,37,0
1575000002,7067,0
1575000002,1103,0
1575000002,80,0
1575000002,81,0
1575000002,83,0
1575000002,88,0
1575000002,83,0
1575000002,98,0
1575000002,79,0
1575000002,77,0
1575000002,73,0
1575000002,61,0
1575000002,56,0
1575000002,41,0
1575000002,31,0
1575000002,832,0
1575000002,71,0
1575000002,76,0
1575000002,93,0
1575000002,65,0
1575000002,63,0
1575000002,62,0
1575000002,62,0
1575000002,55,0
1575000002,51,0
1575000002,47,0
1575000002,41,0
1575000002,31,0
1575000002,547,546
1575000002,274,273
1575000002,301,300
1575000002,296,295
1575000002,289,288
1575000002,426,425
1575000002,274,273
1575000002,283,282
1575000002,281,280
1575000002,341,340
1575000002,552,551
1575000002,400,399
1575000002,358,357
1575000002,399,398
1575000002,328,327
1575000002,286,285
1575000002,285,284
1575000002,272,271
1575000002,267,266
1575000002,271,270
1575000002,402,401
1575000002,280,279
1575000002,278,277
1575000002,285,284
1575000002,283,282
1575000002,283,282
1575000002,274,273
1575000002,282,281
1575000002,279,278
1575000002,280,279
1575000002,270,269
1575000002,267,266
1575000002,265,264
1575000002,286,285
1575000002,274,273
1575000002,276,275
1575000002,275,274
1575000002,274,273
1575000002,267,266
1575000002,288,287
1575000002,283,282
1575000002,291,290
1575000002,312,311
1575000002,310,309
1575000002,307,306
1575000002,296,295
1575000002,324,323
1575000002,278,277
1575000002,280,279
1575000002,273,272
1575000002,288,287
1575000002,285,284
1575000002,289,288
1575000002,295,294
1575000002,284,283
1575000002,288,287
1575000002,281,280
1575000002,293,292
1575000002,351,350
1575000002,389,388
1575000002,285,284
1575000002,283,282
1575000002,295,294
1575000002,282,281
1575000002,295,294
1575000002,283,282
1575000002,288,287
1575000002,298,297
1575000002,299,298
1575000002,317,316
1575000002,331,330
1575000002,376,375
1575000002,344,343
1575000002,330,329
1575000002,320,319
1575000002,312,311
1575000002,299,298
1575000002,291,290
1575000002,286,285
1575000002,274,273
1575000002,282,281
1575000002,280,279
1575000002,283,282
1575000002,284,283
1575000002,282,281
1575000002,287,286
1575000002,283,282
1575000002,286,285
1575000002,288,287
1575000002,286,285
1575000002,289,288
1575000002,293,292
1575000002,301,300
1575000002,286,285
1575000002,342,341
1575000002,376,375
1575000002,289,288
1575000002,301,300
1575000002,257,256
1575000002,237,236
1575000002,263,262
1575000002,280,279
1575000002,279,278
1575000002,290,289
1575000002,513,512
1575000002,289,288
1575000002,291,290
1575000002,352,351
1575000002,285,284
1575000002,288,287
1575000002,286,285
1575000002,388,387
1575000002,282,281
1575000002,280,279
1575000002,290,289
1575000002,292,291
1575000002,295,294
1575000002,304,303
1575000002,257,256
1575000002,277,276
1575000002,293,292
1575000002,299,298
1575000002,335,334
1575000002,316,315
1575000002,306,305
1575000002,536,535
1575000002,586,585
1575000002,277,276
1575000002,276,275
1575000002,273,272
1575000002,281,280
1575000002,288,287
1575000002,386,385
1575000002,350,349
1575000002,277,276
1575000002,314,313
1575000002,312,311
1575000002,396,395
1575000002,280,279
1575000002,282,281
1575000002,284,283
1575000002,276,275
1575000002,288,287
1575000002,329,328
1575000002,284,283
1575000002,273,272
1575000002,291,290
1575000002,290,289
1575000002,548,547
1575000002,286,285
1575000002,287,286
1575000002,280,279
1575000002,286,285
1575000002,297,296
1575000002,287,286
1575000002,294,293
1575000002,310,309
1575000002,248,247
1575000002,234,233
1575000002,262,261
1575000002,346,345
1575000002,274,273
1575000002,294,293
1575000002,289,288
1575000002,297,296
1575000002,290,289
1575000002,294,293
1575000002,448,447
1575000002,297,296
1575000002,270,269
1575000002,261,260
1575000002,296,295
1575000002,245,244
1575000002,227,226
1575000002,266,265
1575000002,268,267
1575000002,471,470
1575000002,281,280
1575000002,287,286
1575000002,270,269
1575000002,275,274
1575000002,289,288
1575000002,280,279
1575000002,284,283
1575000002,281,280
1575000002,275,274
1575000002,287,286
1575000002,291,290
1575000002,299,298
1575000002,441,440
1575000002,292,291
1575000002,294,293
1575000002,289,288
1575000002,286,285
1575000002,280,279
1575000002,450,449
1575000002,268,267
1575000002,274,273
1575000002,289,288
1575000002,288,287
1575000002,280,279
1575000002,290,289
1575000002,348,347
1575000002,285,284
1575000002,284,283
1575000002,286,285
1575000002,290,289
1575000002,280,279
1575000002,431,430
1575000002,281,280
1575000002,288,287
1575000002,285,284
1575000002,294,293
1575000002,292,291
1575000002,299,298
1575000002,358,357
1575000002,274,273
1575000002,287,286
1575000002,284,283
1575000002,286,285
1575000002,288,287
1575000002,293,292
1575000002,301,300
1575000002,306,305
1575000002,304,303
1575000002,317,316
1575000002,319,318
1575000002,299,298
1575000002,304,303
1575000002,325,324
1575000002,328,327
1575000002,309,308
1575000002,300,299
1575000002,397,396
1575000002,389,388
1575000002,231,230
1575000002,235,234
1575000002,241,240
1575000002,234,233
1575000002,238,237
1575000002,241,240
1575000002,237,236
1575000002,239,238
1575000002,241,240
1575000002,241,240
1575000002,248,247
1575000002,231,230
1575000002,232,231
1575000002,241,240
1575000002,236,235
1575000002,242,241
1575000002,247,246
1575000002,441,440
1575000002,583,582
1575000002,287,286
1575000002,288,287
1575000002,288,287
1575000002,288,287
1575000002,287,286
1575000002,287,286
1575000002,288,287
1575000002,301,300
1575000002,317,316
1575000002,316,315
1575000002,316,315
1575000002,313,312
1575000002,311,310
1575000002,311,310
1575000002,304,303
1575000002,306,305
1575000002,308,307
1575000002,305,304
1575000002,305,304
1575000002,306,305
1575000002,304,303
1575000002,307,306
1575000002,306,305
1575000002,308,307
1575000002,302,301
1575000002,302,301
1575000002,303,302
1575000002,300,299
1575000002,299,298
1575000002,302,301
1575000002,302,301
1575000002,305,304
1575000002,295,294
1575000002,297,296
1575000002,303,302
1575000002,299,298
1575000002,298,297
1575000002,293,292
1575000002,301,300
1575000002,306,305
1575000002,291,290
1575000002,290,289
1575000002,292,291
1575000002,305,304
1575000002,296,295
1575000002,303,302
1575000002,310,309
1575000002,307,306
1575000002,293,292
1575000002,297,296
1575000002,318,317
1575000002,294,293
1575000002,292,291
1575000002,271,270
1575000002,255,254
1575000002,357,357
1575000025,1443,1443
1575000025,910,910
1575000025,89,89
1575000025,106,106
1575000025,86,86
1575000025,79,79
1575000025,79,79
1575000025,69,69
1575000025,67,67
1575000025,67,67
1575000025,61,61
1575000025,57,57
1575000025,52,52
1575000025,632,632
1575000025,61,61
1575000025,74,74
1575000025,50,50
1575000025,68,68
1575000025,68,68
1575000025,70,70
1575000025,73,73
1575000025,66,66
1575000025,60,60
1575000025,51,51
1575000025,59,59
1575000025,99,99
1575000025,47,47
1575000025,2798,2727
1575000025,236,236
1575000025,291,291
1575000025,300,300
1575000025,323,323
1575000025,476,476
1575000025,565,565
1575000025,345,345
1575000025,333,333
1575000025,366,366
1575000025,299,299
1575000025,55,55
1575000025,1140,1140
1575000025,198,198
1575000025,214,214
1575000025,239,239
1575000025,225,225
1575000025,234,234
1575000025,234,234
1575000025,162,162
1575000025,158,87
1575000025,79,79
1575000025,106,106
1575000025,47,47
1575000025,1996,1996
1575000025,125,125
1575000025,142,142
1575000025,147,147
1575000025,184,184
1575000025,147,147
1575000025,151,151
1575000025,154,154
1575000025,229,158
1575000025,139,139
1575000025,184,184
1575000025,46,46
1575000025,5269,5269
1575000025,274,274
1575000025,296,296
1575000025,300,300
1575000025,307,307
1575000025,321,321
1575000025,323,323
1575000025,320,320
1575000025,305,305
1575000025,328,328
1575000025,362,362
1575000025,432,432
1575000025,347,347
1575000025,51,51
1575000025,3413,3413
1575000025,695,695
1575000025,441,441
1575000025,416,416
1575000025,380,380
1575000025,382,382
1575000025,376,376
1575000025,430,430
1575000025,339,339
1575000025,90,90
1575000025,201,201
1575000025,44,44
1575000025,2969,2969
1575000025,363,363
1575000025,309,309
1575000025,560,560
1575000025,687,687
1575000025,391,391
1575000025,409,409
1575000025,445,445
1575000025,369,369
1575000025,320,320
1575000025,203,203
1575000025,55,55
1575000025,3688,3688
1575000025,378,378
1575000025,535,535
1575000025,947,947
1575000025,964,964
1575000025,822,822
1575000025,853,853
1575000025,905,905
1575000025,1139,1139
1575000025,860,860
1575000025,1048,1048
1575000025,47,47
1575000025,4053,4053
1575000025,859,859
1575000025,904,904
1575000025,1183,1183
1575000025,1464,1464
1575000025,2432,2432
1575000025,2657,2657
1575000025,2185,2185
1575000025,1693,1693
1575000025,1353,1353
1575000025,657,657
1575000025,56,56
1575000025,5819,5819
1575000025,419,419
1575000025,1006,1006
1575000025,1398,1398
1575000025,1233,1233
1575000025,1053,1053
1575000025,834,834
1575000025,739,739
1575000025,663,663
1575000025,414,414
1575000025,299,299
1575000025,55,55
1575000025,4986,4986
1575000025,335,335
1575000025,373,373
1575000025,320,320
1575000025,330,330
1575000025,309,309
1575000025,297,297
1575000025,251,251
1575000025,204,204
1575000025,141,141
1575000025,51,51
1575000025,592,592
1575000025,292,221
1575000025,220,220
1575000025,148,148
1575000025,139,139
1575000025,155,155
1575000025,118,118
1575000025,100,100
1575000025,98,98
1575000025,103,103
1575000025,102,102
1575000025,50,50
1575000025,3,3
1575000025,3,3
1575000025,3,3
1575000025,3,3
1575000025,3,3
1575000025,3,3
1575000025,3,3
1575000025,3,3
1575000025,3,3
1575000025,3,3
1575000025,3,3
1575000025,607,607
1575000025,311,311
1575000025,313,313
1575000025,315,315
1575000025,310,310
1575000025,313,313
1575000025,306,306
1575000025,310,310
1575000025,313,313
1575000025,305,305
1575000025,301,301
1575000025,297,297
1575000025,298,298
1575000025,286,286
1575000025,285,285
1575000025,275,275
1575000025,277,277
1575000025,271,271
1575000025,255,255
1575000025,246,246
1575000025,240,240
1575000025,237,237
1575000025,238,238
1575000025,242,242
1575000025,240,240
1575000025,235,235
1575000025,236,236
1575000025,229,229
1575000025,238,238
1575000025,244,244
1575000025,235,235
1575000025,241,241
1575000025,234,234
1575000025,235,235
1575000025,238,238
1575000025,232,232
1575000025,231,231
1575000025,237,237
1575000025,237,237
1575000025,232,232
1575000025,234,234
1575000025,225,225
1575000025,226,226
1575000025,226,226
1575000025,220,220
1575000025,220,220
1575000025,228,228
1575000025,225,225
1575000025,237,237
1575000025,240,240
1575000025,240,240
1575000025,244,244
1575000025,246,246
1575000025,243,243
1575000025,240,240
1575000025,236,236
1575000025,235,235
1575000025,239,239
1575000025,243,243
1575000025,240,240
1575000025,234,234
1575000025,236,236
1575000025,249,249
1575000025,241,241
1575000025,243,243
1575000025,253,253
1575000025,262,262
1575000025,267,267
1575000025,265,265
1575000025,267,267
1575000025,262,262
1575000025,254,254
1575000025,244,244
1575000025,259,259
1575000025,255,255
1575000025,260,260
1575000025,258,258
1575000025,255,255
1575000025,260,260
1575000025,262,262
1575000025,266,266
1575000025,276,276
1575000025,278,278
1575000025,283,283
1575000025,277,277
1575000025,285,285
1575000025,287,287
1575000025,289,289
1575000025,278,278
1575000025,276,276
1575000025,241,241
1575000025,239,239
1575000025,240,240
1575000025,234,234
1575000025,290,290
1575000025,231,231
1575000025,240,240
1575000025,242,242
1575000025,241,241
1575000025,248,248
1575000025,238,238
1575000025,377,377
1575000025,267,267
1575000025,248,248
1575000025,246,246
1575000025,232,232
1575000025,242,242
1575000025,245,245
1575000025,375,375
1575000025,252,252
1575000025,256,256
1575000025,252,252
1575000025,250,250
1575000025,378,378
1575000025,264,264
1575000025,260,260
1575000025,248,248
1575000025,243,243
1575000025,238,238
1575000025,235,235
1575000025,224,224
1575000025,224,224
1575000025,218,218
1575000025,370,370
1575000025,264,264
1575000025,251,251
1575000025,242,242
1575000025,277,277
1575000025,240,240
1575000025,239,239
1575000025,238,238
1575000025,264,264
1575000025,268,268
1575000025,392,392
1575000025,258,258
1575000025,245,245
1575000025,292,292
1575000025,342,342
1575000025,291,291
1575000025,221,221
1575000025,389,389
1575000025,324,324
1575000025,251,251
1575000025,240,240
1575000025,222,222
1575000025,225,225
1575000025,256,256
1575000025,266,266
1575000025,269,269
1575000025,307,307
1575000025,285,285
1575000025,474,474
1575000025,224,224
1575000025,238,238
1575000025,242,242
1575000025,262,262
1575000025,257,257
1575000025,266,266
1575000025,265,265
1575000025,263,263
1575000025,263,263
1575000025,265,265
1575000025,333,333
1575000025,294,294
1575000025,221,221
1575000025,225,225
1575000025,233,233
1575000025,260,260
1575000025,228,228
1575000025,233,233
1575000025,244,244
1575000025,243,243
1575000025,255,255
1575000025,283,283
1575000025,262,262
1575000025,295,295
1575000025,239,239
1575000025,230,230
1575000025,243,243
1575000025,246,246
1575000025,239,239
1575000025,251,251
1575000025,252,251
1575000025,252,251
1575000025,254,253
1575000025,257,256
1575000025,306,305
1575000025,427,426
1575000025,238,237
1575000025,234,233
1575000025,249,248
1575000025,261,260
1575000025,281,280
1575000025,267,266
1575000025,266,265
1575000025,275,274
1575000025,288,287
1575000025,271,270
1575000025,464,463
1575000025,232,231
1575000025,240,239
1575000025,243,242
1575000025,266,265
1575000025,254,253
1575000025,242,241
1575000025,251,250
1575000025,248,247
1575000025,263,262
1575000025,260,259
1575000025,251,250
1575000025,245,244
1575000025,237,236
1575000025,226,225
1575000025,228,227
1575000025,237,236
1575000025,232,231
1575000025,239,238
1575000025,233,232
1575000025,241,240
1575000025,246,245
1575000025,242,241
1575000025,263,262
1575000025,284,283
1575000025,283,282
1575000025,276,275
1575000025,269,268
1575000025,277,276
1575000025,279,278
1575000025,279,278
1575000025,271,270
1575000025,267,266
1575000025,269,268
1575000025,270,269
1575000025,288,287
1575000025,249,248
1575000025,251,250
1575000025,249,248
1575000025,234,233
1575000025,232,231
1575000025,233,232
1575000025,242,241
1575000025,239,238
1575000025,236,235
